{"contracts/BLEBridgeV8.sol":{"l":{"86":1,"90":27,"91":27,"92":27,"93":27,"95":27,"96":27,"97":27,"99":27,"100":27,"102":27,"103":27,"104":27,"105":27,"108":27,"109":27,"117":0,"118":0,"119":0,"120":0,"124":0,"125":0,"129":0,"130":0,"143":4,"144":4,"145":4,"147":4,"148":4,"149":4,"150":4,"159":1,"165":1,"176":6,"177":5,"179":3,"180":3,"182":3,"191":1,"192":1,"194":1,"196":1,"207":23,"208":22,"209":21,"210":21,"213":21,"215":20,"216":18,"219":17,"220":3,"223":15,"225":2,"229":16,"240":16,"243":16,"244":16,"245":48,"246":48,"247":48,"248":48,"253":16,"254":16,"255":16,"258":16,"259":14,"261":2,"264":14,"274":3,"282":3,"283":2,"285":2,"286":2,"287":2,"290":2,"293":2,"294":2,"295":0,"297":2,"300":2,"308":15,"311":15,"312":15,"314":14,"318":2,"319":2,"324":17,"325":0,"326":0,"327":0,"328":0,"337":0,"338":0,"340":0,"344":0,"345":0,"347":0,"348":0,"353":0,"354":0,"357":0,"364":0,"365":0,"368":0,"369":0,"370":0,"371":0,"373":0,"375":0,"376":0,"378":0,"381":0},"path":"/Users/luiscuello/Minted-mUSD-Canton/contracts/BLEBridgeV8.sol","s":{"1":1,"2":27,"3":27,"4":27,"5":27,"6":27,"7":27,"8":27,"9":27,"10":27,"11":0,"12":0,"13":0,"14":0,"15":0,"16":4,"17":4,"18":4,"19":4,"20":1,"21":1,"22":6,"23":5,"24":3,"25":3,"26":1,"27":1,"28":1,"29":23,"30":22,"31":21,"32":21,"33":21,"34":20,"35":18,"36":17,"37":3,"38":15,"39":2,"40":16,"41":16,"42":16,"43":16,"44":48,"45":48,"46":48,"47":16,"48":14,"49":2,"50":14,"51":3,"52":3,"53":2,"54":2,"55":2,"56":2,"57":2,"58":2,"59":2,"60":2,"61":15,"62":15,"63":15,"64":2,"65":17,"66":0,"67":0,"68":0,"69":0,"70":0,"71":0,"72":0,"73":0,"74":0,"75":0,"76":0,"77":0,"78":0,"79":0,"80":0,"81":0,"82":0,"83":0,"84":0},"b":{"1":[27,0],"2":[27,0],"3":[27,0],"4":[27,0],"5":[0,0],"6":[0,0],"7":[0,0],"8":[0,0],"9":[0,0],"10":[0,0],"11":[4,0],"12":[4,0],"13":[4,0],"14":[4,0],"15":[1,1],"16":[1,0],"17":[6,1],"18":[5,1],"19":[3,2],"20":[1,0],"21":[1,0],"22":[1,0],"23":[24,0],"24":[23,1],"25":[22,1],"26":[21,1],"27":[21,0],"28":[21,0],"29":[20,1],"30":[18,2],"31":[17,1],"32":[3,14],"33":[48,0],"34":[48,0],"35":[14,2],"36":[2,1],"37":[2,0],"38":[2,0],"39":[0,2],"40":[1,1],"41":[2,13],"42":[14,1],"43":[0,17],"44":[0,0],"45":[0,0],"46":[0,0],"47":[0,0],"48":[0,0],"49":[0,0],"50":[0,0],"51":[0,0],"52":[0,0],"53":[0,0],"54":[0,0]},"f":{"1":1,"2":27,"3":0,"4":0,"5":0,"6":4,"7":1,"8":1,"9":6,"10":1,"11":23,"12":3,"13":15,"14":2,"15":17,"16":0,"17":0,"18":0,"19":0},"fnMap":{"1":{"name":"constructor","line":85,"loc":{"start":{"line":85,"column":4},"end":{"line":87,"column":4}}},"2":{"name":"initialize","line":89,"loc":{"start":{"line":89,"column":4},"end":{"line":110,"column":4}}},"3":{"name":"setMUSDToken","line":116,"loc":{"start":{"line":116,"column":4},"end":{"line":121,"column":4}}},"4":{"name":"setMinSignatures","line":123,"loc":{"start":{"line":123,"column":4},"end":{"line":126,"column":4}}},"5":{"name":"setDailyMintLimit","line":128,"loc":{"start":{"line":128,"column":4},"end":{"line":131,"column":4}}},"6":{"name":"setNavOracle","line":141,"loc":{"start":{"line":137,"column":4},"end":{"line":151,"column":4}}},"7":{"name":"pause","line":158,"loc":{"start":{"line":158,"column":4},"end":{"line":160,"column":4}}},"8":{"name":"unpause","line":164,"loc":{"start":{"line":164,"column":4},"end":{"line":166,"column":4}}},"9":{"name":"forceUpdateNonce","line":175,"loc":{"start":{"line":172,"column":4},"end":{"line":183,"column":4}}},"10":{"name":"invalidateAttestationId","line":190,"loc":{"start":{"line":187,"column":4},"end":{"line":197,"column":4}}},"11":{"name":"executeAttestation","line":206,"loc":{"start":{"line":203,"column":4},"end":{"line":265,"column":4}}},"12":{"name":"_verifyNavOracle","line":273,"loc":{"start":{"line":273,"column":4},"end":{"line":301,"column":4}}},"13":{"name":"_handleRateLimitMint","line":307,"loc":{"start":{"line":307,"column":4},"end":{"line":315,"column":4}}},"14":{"name":"_handleRateLimitBurn","line":317,"loc":{"start":{"line":317,"column":4},"end":{"line":320,"column":4}}},"15":{"name":"_resetDailyLimitsIfNeeded","line":323,"loc":{"start":{"line":323,"column":4},"end":{"line":330,"column":4}}},"16":{"name":"getNetDailyMinted","line":336,"loc":{"start":{"line":336,"column":4},"end":{"line":341,"column":4}}},"17":{"name":"getRemainingDailyLimit","line":343,"loc":{"start":{"line":343,"column":4},"end":{"line":349,"column":4}}},"18":{"name":"checkNavDeviation","line":352,"loc":{"start":{"line":352,"column":4},"end":{"line":382,"column":4}}},"19":{"name":"_authorizeUpgrade","line":388,"loc":{"start":{"line":388,"column":4},"end":{"line":388,"column":88}}}},"statementMap":{"1":{"start":{"line":86,"column":8},"end":{"line":86,"column":29}},"2":{"start":{"line":90,"column":8},"end":{"line":90,"column":29}},"3":{"start":{"line":91,"column":8},"end":{"line":91,"column":31}},"4":{"start":{"line":92,"column":8},"end":{"line":92,"column":31}},"5":{"start":{"line":93,"column":8},"end":{"line":93,"column":24}},"6":{"start":{"line":95,"column":8},"end":{"line":95,"column":48}},"7":{"start":{"line":96,"column":8},"end":{"line":96,"column":43}},"8":{"start":{"line":97,"column":8},"end":{"line":97,"column":64}},"9":{"start":{"line":99,"column":8},"end":{"line":99,"column":49}},"10":{"start":{"line":100,"column":8},"end":{"line":100,"column":45}},"11":{"start":{"line":117,"column":8},"end":{"line":117,"column":59}},"12":{"start":{"line":118,"column":8},"end":{"line":118,"column":45}},"13":{"start":{"line":120,"column":8},"end":{"line":120,"column":51}},"14":{"start":{"line":124,"column":8},"end":{"line":124,"column":48}},"15":{"start":{"line":129,"column":8},"end":{"line":129,"column":43}},"16":{"start":{"line":143,"column":8},"end":{"line":143,"column":62}},"17":{"start":{"line":144,"column":8},"end":{"line":144,"column":5298}},"18":{"start":{"line":145,"column":12},"end":{"line":145,"column":59}},"19":{"start":{"line":150,"column":8},"end":{"line":150,"column":66}},"20":{"start":{"line":159,"column":8},"end":{"line":159,"column":15}},"21":{"start":{"line":165,"column":8},"end":{"line":165,"column":17}},"22":{"start":{"line":176,"column":8},"end":{"line":176,"column":60}},"23":{"start":{"line":177,"column":8},"end":{"line":177,"column":63}},"24":{"start":{"line":179,"column":8},"end":{"line":179,"column":39}},"25":{"start":{"line":182,"column":8},"end":{"line":182,"column":60}},"26":{"start":{"line":191,"column":8},"end":{"line":191,"column":60}},"27":{"start":{"line":192,"column":8},"end":{"line":192,"column":67}},"28":{"start":{"line":196,"column":8},"end":{"line":196,"column":60}},"29":{"start":{"line":207,"column":8},"end":{"line":207,"column":62}},"30":{"start":{"line":208,"column":8},"end":{"line":208,"column":58}},"31":{"start":{"line":209,"column":8},"end":{"line":209,"column":58}},"32":{"start":{"line":210,"column":8},"end":{"line":210,"column":48}},"33":{"start":{"line":213,"column":8},"end":{"line":213,"column":68}},"34":{"start":{"line":215,"column":8},"end":{"line":215,"column":8015}},"35":{"start":{"line":216,"column":12},"end":{"line":216,"column":87}},"36":{"start":{"line":219,"column":12},"end":{"line":219,"column":8185}},"37":{"start":{"line":220,"column":16},"end":{"line":220,"column":55}},"38":{"start":{"line":223,"column":12},"end":{"line":223,"column":43}},"39":{"start":{"line":225,"column":12},"end":{"line":225,"column":43}},"40":{"start":{"line":229,"column":8},"end":{"line":229,"column":8479}},"41":{"start":{"line":240,"column":8},"end":{"line":240,"column":62}},"42":{"start":{"line":243,"column":8},"end":{"line":243,"column":39}},"43":{"start":{"line":244,"column":8},"end":{"line":244,"column":8940}},"44":{"start":{"line":245,"column":12},"end":{"line":245,"column":59}},"45":{"start":{"line":246,"column":12},"end":{"line":246,"column":62}},"46":{"start":{"line":247,"column":12},"end":{"line":247,"column":51}},"47":{"start":{"line":258,"column":8},"end":{"line":258,"column":9572}},"48":{"start":{"line":259,"column":12},"end":{"line":259,"column":49}},"49":{"start":{"line":261,"column":12},"end":{"line":261,"column":49}},"50":{"start":{"line":264,"column":8},"end":{"line":264,"column":87}},"51":{"start":{"line":274,"column":8},"end":{"line":274,"column":10253}},"52":{"start":{"line":282,"column":8},"end":{"line":282,"column":72}},"53":{"start":{"line":283,"column":8},"end":{"line":283,"column":47}},"54":{"start":{"line":285,"column":8},"end":{"line":285,"column":45}},"55":{"start":{"line":286,"column":8},"end":{"line":286,"column":51}},"56":{"start":{"line":287,"column":8},"end":{"line":287,"column":67}},"57":{"start":{"line":290,"column":8},"end":{"line":290,"column":83}},"58":{"start":{"line":293,"column":8},"end":{"line":293,"column":25}},"59":{"start":{"line":294,"column":8},"end":{"line":294,"column":10892}},"60":{"start":{"line":300,"column":8},"end":{"line":300,"column":73}},"61":{"start":{"line":308,"column":8},"end":{"line":308,"column":34}},"62":{"start":{"line":311,"column":8},"end":{"line":311,"column":85}},"63":{"start":{"line":312,"column":8},"end":{"line":312,"column":66}},"64":{"start":{"line":318,"column":8},"end":{"line":318,"column":34}},"65":{"start":{"line":324,"column":8},"end":{"line":324,"column":12049}},"66":{"start":{"line":328,"column":12},"end":{"line":328,"column":48}},"67":{"start":{"line":337,"column":8},"end":{"line":337,"column":12515}},"68":{"start":{"line":338,"column":12},"end":{"line":338,"column":20}},"69":{"start":{"line":340,"column":8},"end":{"line":340,"column":72}},"70":{"start":{"line":344,"column":8},"end":{"line":344,"column":12752}},"71":{"start":{"line":345,"column":12},"end":{"line":345,"column":33}},"72":{"start":{"line":347,"column":8},"end":{"line":347,"column":85}},"73":{"start":{"line":348,"column":8},"end":{"line":348,"column":75}},"74":{"start":{"line":353,"column":8},"end":{"line":353,"column":13212}},"75":{"start":{"line":354,"column":12},"end":{"line":354,"column":28}},"76":{"start":{"line":357,"column":8},"end":{"line":357,"column":13317}},"77":{"start":{"line":364,"column":8},"end":{"line":364,"column":13424}},"78":{"start":{"line":365,"column":12},"end":{"line":365,"column":45}},"79":{"start":{"line":368,"column":8},"end":{"line":368,"column":45}},"80":{"start":{"line":369,"column":8},"end":{"line":369,"column":51}},"81":{"start":{"line":370,"column":8},"end":{"line":370,"column":13650}},"82":{"start":{"line":371,"column":12},"end":{"line":371,"column":45}},"83":{"start":{"line":373,"column":8},"end":{"line":373,"column":83}},"84":{"start":{"line":375,"column":8},"end":{"line":375,"column":13828}}},"branchMap":{"1":{"line":89,"type":"if","locations":[{"start":{"line":89,"column":85},"end":{"line":89,"column":85}},{"start":{"line":89,"column":85},"end":{"line":89,"column":85}}]},"2":{"line":95,"type":"if","locations":[{"start":{"line":95,"column":8},"end":{"line":95,"column":8}},{"start":{"line":95,"column":8},"end":{"line":95,"column":8}}]},"3":{"line":96,"type":"if","locations":[{"start":{"line":96,"column":8},"end":{"line":96,"column":8}},{"start":{"line":96,"column":8},"end":{"line":96,"column":8}}]},"4":{"line":97,"type":"if","locations":[{"start":{"line":97,"column":8},"end":{"line":97,"column":8}},{"start":{"line":97,"column":8},"end":{"line":97,"column":8}}]},"5":{"line":116,"type":"if","locations":[{"start":{"line":116,"column":55},"end":{"line":116,"column":55}},{"start":{"line":116,"column":55},"end":{"line":116,"column":55}}]},"6":{"line":117,"type":"if","locations":[{"start":{"line":117,"column":8},"end":{"line":117,"column":8}},{"start":{"line":117,"column":8},"end":{"line":117,"column":8}}]},"7":{"line":123,"type":"if","locations":[{"start":{"line":123,"column":57},"end":{"line":123,"column":57}},{"start":{"line":123,"column":57},"end":{"line":123,"column":57}}]},"8":{"line":124,"type":"if","locations":[{"start":{"line":124,"column":8},"end":{"line":124,"column":8}},{"start":{"line":124,"column":8},"end":{"line":124,"column":8}}]},"9":{"line":128,"type":"if","locations":[{"start":{"line":128,"column":56},"end":{"line":128,"column":56}},{"start":{"line":128,"column":56},"end":{"line":128,"column":56}}]},"10":{"line":129,"type":"if","locations":[{"start":{"line":129,"column":8},"end":{"line":129,"column":8}},{"start":{"line":129,"column":8},"end":{"line":129,"column":8}}]},"11":{"line":141,"type":"if","locations":[{"start":{"line":141,"column":15},"end":{"line":141,"column":15}},{"start":{"line":141,"column":15},"end":{"line":141,"column":15}}]},"12":{"line":143,"type":"if","locations":[{"start":{"line":143,"column":8},"end":{"line":143,"column":8}},{"start":{"line":143,"column":8},"end":{"line":143,"column":8}}]},"13":{"line":144,"type":"if","locations":[{"start":{"line":144,"column":8},"end":{"line":144,"column":8}},{"start":{"line":144,"column":8},"end":{"line":144,"column":8}}]},"14":{"line":145,"type":"if","locations":[{"start":{"line":145,"column":12},"end":{"line":145,"column":12}},{"start":{"line":145,"column":12},"end":{"line":145,"column":12}}]},"15":{"line":158,"type":"if","locations":[{"start":{"line":158,"column":30},"end":{"line":158,"column":30}},{"start":{"line":158,"column":30},"end":{"line":158,"column":30}}]},"16":{"line":164,"type":"if","locations":[{"start":{"line":164,"column":32},"end":{"line":164,"column":32}},{"start":{"line":164,"column":32},"end":{"line":164,"column":32}}]},"17":{"line":175,"type":"if","locations":[{"start":{"line":175,"column":15},"end":{"line":175,"column":15}},{"start":{"line":175,"column":15},"end":{"line":175,"column":15}}]},"18":{"line":176,"type":"if","locations":[{"start":{"line":176,"column":8},"end":{"line":176,"column":8}},{"start":{"line":176,"column":8},"end":{"line":176,"column":8}}]},"19":{"line":177,"type":"if","locations":[{"start":{"line":177,"column":8},"end":{"line":177,"column":8}},{"start":{"line":177,"column":8},"end":{"line":177,"column":8}}]},"20":{"line":190,"type":"if","locations":[{"start":{"line":190,"column":15},"end":{"line":190,"column":15}},{"start":{"line":190,"column":15},"end":{"line":190,"column":15}}]},"21":{"line":191,"type":"if","locations":[{"start":{"line":191,"column":8},"end":{"line":191,"column":8}},{"start":{"line":191,"column":8},"end":{"line":191,"column":8}}]},"22":{"line":192,"type":"if","locations":[{"start":{"line":192,"column":8},"end":{"line":192,"column":8}},{"start":{"line":192,"column":8},"end":{"line":192,"column":8}}]},"23":{"line":206,"type":"if","locations":[{"start":{"line":206,"column":15},"end":{"line":206,"column":15}},{"start":{"line":206,"column":15},"end":{"line":206,"column":15}}]},"24":{"line":206,"type":"if","locations":[{"start":{"line":206,"column":28},"end":{"line":206,"column":28}},{"start":{"line":206,"column":28},"end":{"line":206,"column":28}}]},"25":{"line":207,"type":"if","locations":[{"start":{"line":207,"column":8},"end":{"line":207,"column":8}},{"start":{"line":207,"column":8},"end":{"line":207,"column":8}}]},"26":{"line":208,"type":"if","locations":[{"start":{"line":208,"column":8},"end":{"line":208,"column":8}},{"start":{"line":208,"column":8},"end":{"line":208,"column":8}}]},"27":{"line":209,"type":"if","locations":[{"start":{"line":209,"column":8},"end":{"line":209,"column":8}},{"start":{"line":209,"column":8},"end":{"line":209,"column":8}}]},"28":{"line":210,"type":"if","locations":[{"start":{"line":210,"column":8},"end":{"line":210,"column":8}},{"start":{"line":210,"column":8},"end":{"line":210,"column":8}}]},"29":{"line":213,"type":"if","locations":[{"start":{"line":213,"column":8},"end":{"line":213,"column":8}},{"start":{"line":213,"column":8},"end":{"line":213,"column":8}}]},"30":{"line":215,"type":"if","locations":[{"start":{"line":215,"column":8},"end":{"line":215,"column":8}},{"start":{"line":215,"column":8},"end":{"line":215,"column":8}}]},"31":{"line":216,"type":"if","locations":[{"start":{"line":216,"column":12},"end":{"line":216,"column":12}},{"start":{"line":216,"column":12},"end":{"line":216,"column":12}}]},"32":{"line":219,"type":"if","locations":[{"start":{"line":219,"column":12},"end":{"line":219,"column":12}},{"start":{"line":219,"column":12},"end":{"line":219,"column":12}}]},"33":{"line":246,"type":"if","locations":[{"start":{"line":246,"column":12},"end":{"line":246,"column":12}},{"start":{"line":246,"column":12},"end":{"line":246,"column":12}}]},"34":{"line":247,"type":"if","locations":[{"start":{"line":247,"column":12},"end":{"line":247,"column":12}},{"start":{"line":247,"column":12},"end":{"line":247,"column":12}}]},"35":{"line":258,"type":"if","locations":[{"start":{"line":258,"column":8},"end":{"line":258,"column":8}},{"start":{"line":258,"column":8},"end":{"line":258,"column":8}}]},"36":{"line":282,"type":"if","locations":[{"start":{"line":282,"column":8},"end":{"line":282,"column":8}},{"start":{"line":282,"column":8},"end":{"line":282,"column":8}}]},"37":{"line":283,"type":"if","locations":[{"start":{"line":283,"column":8},"end":{"line":283,"column":8}},{"start":{"line":283,"column":8},"end":{"line":283,"column":8}}]},"38":{"line":287,"type":"if","locations":[{"start":{"line":287,"column":8},"end":{"line":287,"column":8}},{"start":{"line":287,"column":8},"end":{"line":287,"column":8}}]},"39":{"line":294,"type":"if","locations":[{"start":{"line":294,"column":8},"end":{"line":294,"column":8}},{"start":{"line":294,"column":8},"end":{"line":294,"column":8}}]},"40":{"line":300,"type":"if","locations":[{"start":{"line":300,"column":8},"end":{"line":300,"column":8}},{"start":{"line":300,"column":8},"end":{"line":300,"column":8}}]},"41":{"line":311,"type":"if","locations":[{"start":{"line":311,"column":56},"end":{"line":311,"column":80}},{"start":{"line":311,"column":84},"end":{"line":311,"column":84}}]},"42":{"line":312,"type":"if","locations":[{"start":{"line":312,"column":8},"end":{"line":312,"column":8}},{"start":{"line":312,"column":8},"end":{"line":312,"column":8}}]},"43":{"line":324,"type":"if","locations":[{"start":{"line":324,"column":8},"end":{"line":324,"column":8}},{"start":{"line":324,"column":8},"end":{"line":324,"column":8}}]},"44":{"line":337,"type":"if","locations":[{"start":{"line":337,"column":8},"end":{"line":337,"column":8}},{"start":{"line":337,"column":8},"end":{"line":337,"column":8}}]},"45":{"line":340,"type":"if","locations":[{"start":{"line":340,"column":43},"end":{"line":340,"column":67}},{"start":{"line":340,"column":71},"end":{"line":340,"column":71}}]},"46":{"line":344,"type":"if","locations":[{"start":{"line":344,"column":8},"end":{"line":344,"column":8}},{"start":{"line":344,"column":8},"end":{"line":344,"column":8}}]},"47":{"line":347,"type":"if","locations":[{"start":{"line":347,"column":56},"end":{"line":347,"column":80}},{"start":{"line":347,"column":84},"end":{"line":347,"column":84}}]},"48":{"line":348,"type":"if","locations":[{"start":{"line":348,"column":45},"end":{"line":348,"column":45}},{"start":{"line":348,"column":49},"end":{"line":348,"column":74}}]},"49":{"line":353,"type":"if","locations":[{"start":{"line":353,"column":8},"end":{"line":353,"column":8}},{"start":{"line":353,"column":8},"end":{"line":353,"column":8}}]},"50":{"line":364,"type":"if","locations":[{"start":{"line":364,"column":8},"end":{"line":364,"column":8}},{"start":{"line":364,"column":8},"end":{"line":364,"column":8}}]},"51":{"line":364,"type":"cond-expr","locations":[{"start":{"line":364,"column":12},"end":{"line":364,"column":48}},{"start":{"line":364,"column":53},"end":{"line":364,"column":63}}]},"52":{"line":370,"type":"if","locations":[{"start":{"line":370,"column":8},"end":{"line":370,"column":8}},{"start":{"line":370,"column":8},"end":{"line":370,"column":8}}]},"53":{"line":375,"type":"if","locations":[{"start":{"line":375,"column":8},"end":{"line":375,"column":8}},{"start":{"line":375,"column":8},"end":{"line":375,"column":8}}]},"54":{"line":388,"type":"if","locations":[{"start":{"line":388,"column":58},"end":{"line":388,"column":58}},{"start":{"line":388,"column":58},"end":{"line":388,"column":58}}]}}},"contracts/BLEBridgeV9.sol":{"l":{"98":1,"107":28,"108":28,"109":28,"110":28,"113":28,"114":26,"115":25,"116":24,"118":24,"119":24,"121":24,"122":24,"123":24,"124":24,"125":24,"133":0,"134":0,"135":0,"141":1,"142":1,"143":1,"147":1,"148":1,"149":1,"156":4,"157":3,"159":3,"160":3,"161":3,"163":2,"164":2,"167":2,"168":0,"171":2,"179":3,"184":1,"189":2,"190":2,"191":2,"192":1,"194":1,"195":1,"200":0,"201":0,"202":0,"203":0,"209":1,"210":1,"211":1,"212":1,"226":16,"227":15,"228":14,"229":12,"230":12,"231":11,"233":10,"236":10,"245":10,"247":10,"248":10,"249":29,"250":29,"251":29,"252":28,"256":9,"257":9,"258":9,"259":9,"262":9,"264":9,"277":9,"279":9,"282":9,"283":9,"285":2,"286":2,"289":7,"295":9,"296":9,"308":2,"311":2,"315":2,"317":2,"318":2,"320":2,"322":2,"323":2,"330":7,"331":7,"337":9,"338":1,"339":1,"340":1,"341":1,"351":0,"356":0,"357":0,"358":0,"363":0,"368":0,"369":0,"371":0,"378":0,"379":0,"381":0,"384":0,"389":0,"390":0,"391":0},"path":"/Users/luiscuello/Minted-mUSD-Canton/contracts/BLEBridgeV9.sol","s":{"1":1,"2":28,"3":28,"4":28,"5":28,"6":28,"7":26,"8":25,"9":24,"10":24,"11":24,"12":0,"13":0,"14":1,"15":1,"16":1,"17":1,"18":4,"19":3,"20":3,"21":3,"22":3,"23":2,"24":2,"25":0,"26":3,"27":1,"28":2,"29":2,"30":2,"31":1,"32":1,"33":1,"34":0,"35":0,"36":0,"37":1,"38":1,"39":1,"40":16,"41":15,"42":14,"43":12,"44":12,"45":11,"46":10,"47":10,"48":10,"49":10,"50":10,"51":29,"52":29,"53":29,"54":9,"55":9,"56":9,"57":9,"58":9,"59":2,"60":7,"61":9,"62":9,"63":2,"64":2,"65":2,"66":2,"67":2,"68":2,"69":7,"70":9,"71":1,"72":0,"73":0,"74":0,"75":0,"76":0,"77":0,"78":0,"79":0,"80":0,"81":0,"82":0,"83":0,"84":0,"85":0,"86":0,"87":0},"b":{"1":[28,0],"2":[26,2],"3":[25,1],"4":[24,1],"5":[24,0],"6":[0,0],"7":[0,0],"8":[1,0],"9":[1,0],"10":[1,0],"11":[1,0],"12":[4,0],"13":[3,1],"14":[3,0],"15":[3,0],"16":[2,1],"17":[0,2],"18":[3,0],"19":[1,1],"20":[2,0],"21":[2,0],"22":[1,1],"23":[1,0],"24":[0,0],"25":[0,0],"26":[0,0],"27":[1,0],"28":[1,0],"29":[1,0],"30":[17,0],"31":[16,1],"32":[15,1],"33":[14,1],"34":[12,2],"35":[12,0],"36":[11,1],"37":[10,1],"38":[10,0],"39":[29,0],"40":[28,1],"41":[9,0],"42":[2,7],"43":[0,2],"44":[2,0],"45":[2,0],"46":[2,0],"47":[1,8],"48":[0,0],"49":[0,0],"50":[0,0],"51":[0,0],"52":[0,0],"53":[0,0],"54":[0,0],"55":[0,0]},"f":{"1":1,"2":28,"3":0,"4":1,"5":1,"6":4,"7":3,"8":1,"9":2,"10":0,"11":1,"12":16,"13":9,"14":2,"15":7,"16":9,"17":0,"18":0,"19":0,"20":0,"21":0,"22":0,"23":0},"fnMap":{"1":{"name":"constructor","line":97,"loc":{"start":{"line":97,"column":4},"end":{"line":99,"column":4}}},"2":{"name":"initialize","line":106,"loc":{"start":{"line":101,"column":4},"end":{"line":126,"column":4}}},"3":{"name":"setMUSDToken","line":132,"loc":{"start":{"line":132,"column":4},"end":{"line":136,"column":4}}},"4":{"name":"setMinSignatures","line":140,"loc":{"start":{"line":140,"column":4},"end":{"line":144,"column":4}}},"5":{"name":"setDailyCapIncreaseLimit","line":146,"loc":{"start":{"line":146,"column":4},"end":{"line":150,"column":4}}},"6":{"name":"setCollateralRatio","line":154,"loc":{"start":{"line":154,"column":4},"end":{"line":172,"column":4}}},"7":{"name":"pause","line":178,"loc":{"start":{"line":178,"column":4},"end":{"line":180,"column":4}}},"8":{"name":"unpause","line":183,"loc":{"start":{"line":183,"column":4},"end":{"line":185,"column":4}}},"9":{"name":"emergencyReduceCap","line":188,"loc":{"start":{"line":188,"column":4},"end":{"line":196,"column":4}}},"10":{"name":"forceUpdateNonce","line":199,"loc":{"start":{"line":199,"column":4},"end":{"line":204,"column":4}}},"11":{"name":"invalidateAttestationId","line":208,"loc":{"start":{"line":208,"column":4},"end":{"line":213,"column":4}}},"12":{"name":"processAttestation","line":225,"loc":{"start":{"line":222,"column":4},"end":{"line":265,"column":4}}},"13":{"name":"_updateSupplyCap","line":274,"loc":{"start":{"line":274,"column":4},"end":{"line":298,"column":4}}},"14":{"name":"_handleRateLimitCapIncrease","line":307,"loc":{"start":{"line":307,"column":4},"end":{"line":325,"column":4}}},"15":{"name":"_handleRateLimitCapDecrease","line":329,"loc":{"start":{"line":329,"column":4},"end":{"line":332,"column":4}}},"16":{"name":"_resetDailyLimitsIfNeeded","line":336,"loc":{"start":{"line":336,"column":4},"end":{"line":343,"column":4}}},"17":{"name":"getCurrentSupplyCap","line":350,"loc":{"start":{"line":350,"column":4},"end":{"line":352,"column":4}}},"18":{"name":"getRemainingMintable","line":355,"loc":{"start":{"line":355,"column":4},"end":{"line":359,"column":4}}},"19":{"name":"calculateSupplyCap","line":362,"loc":{"start":{"line":362,"column":4},"end":{"line":364,"column":4}}},"20":{"name":"getNetDailyCapIncrease","line":367,"loc":{"start":{"line":367,"column":4},"end":{"line":374,"column":4}}},"21":{"name":"getRemainingDailyCapLimit","line":377,"loc":{"start":{"line":377,"column":4},"end":{"line":385,"column":4}}},"22":{"name":"getHealthRatio","line":388,"loc":{"start":{"line":388,"column":4},"end":{"line":392,"column":4}}},"23":{"name":"_authorizeUpgrade","line":398,"loc":{"start":{"line":398,"column":4},"end":{"line":398,"column":88}}}},"statementMap":{"1":{"start":{"line":98,"column":8},"end":{"line":98,"column":29}},"2":{"start":{"line":107,"column":8},"end":{"line":107,"column":29}},"3":{"start":{"line":108,"column":8},"end":{"line":108,"column":31}},"4":{"start":{"line":109,"column":8},"end":{"line":109,"column":31}},"5":{"start":{"line":110,"column":8},"end":{"line":110,"column":24}},"6":{"start":{"line":113,"column":8},"end":{"line":113,"column":49}},"7":{"start":{"line":114,"column":8},"end":{"line":114,"column":64}},"8":{"start":{"line":115,"column":8},"end":{"line":115,"column":71}},"9":{"start":{"line":116,"column":8},"end":{"line":116,"column":65}},"10":{"start":{"line":118,"column":8},"end":{"line":118,"column":49}},"11":{"start":{"line":119,"column":8},"end":{"line":119,"column":45}},"12":{"start":{"line":133,"column":8},"end":{"line":133,"column":59}},"13":{"start":{"line":134,"column":8},"end":{"line":134,"column":61}},"14":{"start":{"line":141,"column":8},"end":{"line":141,"column":49}},"15":{"start":{"line":142,"column":8},"end":{"line":142,"column":58}},"16":{"start":{"line":147,"column":8},"end":{"line":147,"column":43}},"17":{"start":{"line":148,"column":8},"end":{"line":148,"column":72}},"18":{"start":{"line":156,"column":8},"end":{"line":156,"column":88}},"19":{"start":{"line":157,"column":8},"end":{"line":157,"column":61}},"20":{"start":{"line":159,"column":8},"end":{"line":159,"column":45}},"21":{"start":{"line":160,"column":8},"end":{"line":160,"column":89}},"22":{"start":{"line":161,"column":8},"end":{"line":161,"column":54}},"23":{"start":{"line":164,"column":8},"end":{"line":164,"column":56}},"24":{"start":{"line":167,"column":8},"end":{"line":167,"column":8037}},"25":{"start":{"line":168,"column":12},"end":{"line":168,"column":49}},"26":{"start":{"line":179,"column":8},"end":{"line":179,"column":15}},"27":{"start":{"line":184,"column":8},"end":{"line":184,"column":17}},"28":{"start":{"line":189,"column":8},"end":{"line":189,"column":60}},"29":{"start":{"line":190,"column":8},"end":{"line":190,"column":46}},"30":{"start":{"line":191,"column":8},"end":{"line":191,"column":51}},"31":{"start":{"line":192,"column":8},"end":{"line":192,"column":70}},"32":{"start":{"line":194,"column":8},"end":{"line":194,"column":38}},"33":{"start":{"line":195,"column":8},"end":{"line":195,"column":60}},"34":{"start":{"line":200,"column":8},"end":{"line":200,"column":60}},"35":{"start":{"line":201,"column":8},"end":{"line":201,"column":63}},"36":{"start":{"line":202,"column":8},"end":{"line":202,"column":64}},"37":{"start":{"line":209,"column":8},"end":{"line":209,"column":67}},"38":{"start":{"line":210,"column":8},"end":{"line":210,"column":60}},"39":{"start":{"line":212,"column":8},"end":{"line":212,"column":60}},"40":{"start":{"line":226,"column":8},"end":{"line":226,"column":77}},"41":{"start":{"line":227,"column":8},"end":{"line":227,"column":62}},"42":{"start":{"line":228,"column":8},"end":{"line":228,"column":65}},"43":{"start":{"line":229,"column":8},"end":{"line":229,"column":51}},"44":{"start":{"line":230,"column":8},"end":{"line":230,"column":68}},"45":{"start":{"line":231,"column":8},"end":{"line":231,"column":72}},"46":{"start":{"line":233,"column":8},"end":{"line":233,"column":93}},"47":{"start":{"line":236,"column":8},"end":{"line":236,"column":11158}},"48":{"start":{"line":245,"column":8},"end":{"line":245,"column":62}},"49":{"start":{"line":247,"column":8},"end":{"line":247,"column":39}},"50":{"start":{"line":248,"column":8},"end":{"line":248,"column":11486}},"51":{"start":{"line":249,"column":12},"end":{"line":249,"column":59}},"52":{"start":{"line":250,"column":12},"end":{"line":250,"column":72}},"53":{"start":{"line":251,"column":12},"end":{"line":251,"column":62}},"54":{"start":{"line":262,"column":8},"end":{"line":262,"column":59}},"55":{"start":{"line":264,"column":8},"end":{"line":264,"column":92}},"56":{"start":{"line":279,"column":8},"end":{"line":279,"column":46}},"57":{"start":{"line":282,"column":8},"end":{"line":282,"column":12958}},"58":{"start":{"line":283,"column":12},"end":{"line":283,"column":12998}},"59":{"start":{"line":285,"column":16},"end":{"line":285,"column":50}},"60":{"start":{"line":289,"column":16},"end":{"line":289,"column":59}},"61":{"start":{"line":295,"column":12},"end":{"line":295,"column":41}},"62":{"start":{"line":296,"column":12},"end":{"line":296,"column":66}},"63":{"start":{"line":308,"column":8},"end":{"line":308,"column":34}},"64":{"start":{"line":311,"column":8},"end":{"line":311,"column":14386}},"65":{"start":{"line":315,"column":8},"end":{"line":315,"column":80}},"66":{"start":{"line":317,"column":8},"end":{"line":317,"column":64}},"67":{"start":{"line":322,"column":8},"end":{"line":322,"column":14771}},"68":{"start":{"line":323,"column":12},"end":{"line":323,"column":61}},"69":{"start":{"line":330,"column":8},"end":{"line":330,"column":34}},"70":{"start":{"line":337,"column":8},"end":{"line":337,"column":15359}},"71":{"start":{"line":341,"column":12},"end":{"line":341,"column":48}},"72":{"start":{"line":351,"column":8},"end":{"line":351,"column":36}},"73":{"start":{"line":356,"column":8},"end":{"line":356,"column":43}},"74":{"start":{"line":357,"column":8},"end":{"line":357,"column":48}},"75":{"start":{"line":358,"column":8},"end":{"line":358,"column":46}},"76":{"start":{"line":363,"column":8},"end":{"line":363,"column":53}},"77":{"start":{"line":368,"column":8},"end":{"line":368,"column":16590}},"78":{"start":{"line":369,"column":12},"end":{"line":369,"column":20}},"79":{"start":{"line":371,"column":8},"end":{"line":371,"column":16691}},"80":{"start":{"line":378,"column":8},"end":{"line":378,"column":16947}},"81":{"start":{"line":379,"column":12},"end":{"line":379,"column":40}},"82":{"start":{"line":381,"column":8},"end":{"line":381,"column":17068}},"83":{"start":{"line":384,"column":8},"end":{"line":384,"column":95}},"84":{"start":{"line":389,"column":8},"end":{"line":389,"column":48}},"85":{"start":{"line":390,"column":8},"end":{"line":390,"column":49}},"86":{"start":{"line":390,"column":25},"end":{"line":390,"column":49}},"87":{"start":{"line":391,"column":8},"end":{"line":391,"column":54}}},"branchMap":{"1":{"line":106,"type":"if","locations":[{"start":{"line":106,"column":13},"end":{"line":106,"column":13}},{"start":{"line":106,"column":13},"end":{"line":106,"column":13}}]},"2":{"line":113,"type":"if","locations":[{"start":{"line":113,"column":8},"end":{"line":113,"column":8}},{"start":{"line":113,"column":8},"end":{"line":113,"column":8}}]},"3":{"line":114,"type":"if","locations":[{"start":{"line":114,"column":8},"end":{"line":114,"column":8}},{"start":{"line":114,"column":8},"end":{"line":114,"column":8}}]},"4":{"line":115,"type":"if","locations":[{"start":{"line":115,"column":8},"end":{"line":115,"column":8}},{"start":{"line":115,"column":8},"end":{"line":115,"column":8}}]},"5":{"line":116,"type":"if","locations":[{"start":{"line":116,"column":8},"end":{"line":116,"column":8}},{"start":{"line":116,"column":8},"end":{"line":116,"column":8}}]},"6":{"line":132,"type":"if","locations":[{"start":{"line":132,"column":55},"end":{"line":132,"column":55}},{"start":{"line":132,"column":55},"end":{"line":132,"column":55}}]},"7":{"line":133,"type":"if","locations":[{"start":{"line":133,"column":8},"end":{"line":133,"column":8}},{"start":{"line":133,"column":8},"end":{"line":133,"column":8}}]},"8":{"line":140,"type":"if","locations":[{"start":{"line":140,"column":57},"end":{"line":140,"column":57}},{"start":{"line":140,"column":57},"end":{"line":140,"column":57}}]},"9":{"line":141,"type":"if","locations":[{"start":{"line":141,"column":8},"end":{"line":141,"column":8}},{"start":{"line":141,"column":8},"end":{"line":141,"column":8}}]},"10":{"line":146,"type":"if","locations":[{"start":{"line":146,"column":63},"end":{"line":146,"column":63}},{"start":{"line":146,"column":63},"end":{"line":146,"column":63}}]},"11":{"line":147,"type":"if","locations":[{"start":{"line":147,"column":8},"end":{"line":147,"column":8}},{"start":{"line":147,"column":8},"end":{"line":147,"column":8}}]},"12":{"line":154,"type":"if","locations":[{"start":{"line":154,"column":60},"end":{"line":154,"column":60}},{"start":{"line":154,"column":60},"end":{"line":154,"column":60}}]},"13":{"line":156,"type":"if","locations":[{"start":{"line":156,"column":8},"end":{"line":156,"column":8}},{"start":{"line":156,"column":8},"end":{"line":156,"column":8}}]},"14":{"line":157,"type":"if","locations":[{"start":{"line":157,"column":8},"end":{"line":157,"column":8}},{"start":{"line":157,"column":8},"end":{"line":157,"column":8}}]},"15":{"line":160,"type":"if","locations":[{"start":{"line":160,"column":46},"end":{"line":160,"column":65}},{"start":{"line":160,"column":69},"end":{"line":160,"column":88}}]},"16":{"line":161,"type":"if","locations":[{"start":{"line":161,"column":8},"end":{"line":161,"column":8}},{"start":{"line":161,"column":8},"end":{"line":161,"column":8}}]},"17":{"line":167,"type":"if","locations":[{"start":{"line":167,"column":8},"end":{"line":167,"column":8}},{"start":{"line":167,"column":8},"end":{"line":167,"column":8}}]},"18":{"line":178,"type":"if","locations":[{"start":{"line":178,"column":30},"end":{"line":178,"column":30}},{"start":{"line":178,"column":30},"end":{"line":178,"column":30}}]},"19":{"line":183,"type":"if","locations":[{"start":{"line":183,"column":32},"end":{"line":183,"column":32}},{"start":{"line":183,"column":32},"end":{"line":183,"column":32}}]},"20":{"line":188,"type":"if","locations":[{"start":{"line":188,"column":83},"end":{"line":188,"column":83}},{"start":{"line":188,"column":83},"end":{"line":188,"column":83}}]},"21":{"line":189,"type":"if","locations":[{"start":{"line":189,"column":8},"end":{"line":189,"column":8}},{"start":{"line":189,"column":8},"end":{"line":189,"column":8}}]},"22":{"line":191,"type":"if","locations":[{"start":{"line":191,"column":8},"end":{"line":191,"column":8}},{"start":{"line":191,"column":8},"end":{"line":191,"column":8}}]},"23":{"line":192,"type":"if","locations":[{"start":{"line":192,"column":8},"end":{"line":192,"column":8}},{"start":{"line":192,"column":8},"end":{"line":192,"column":8}}]},"24":{"line":199,"type":"if","locations":[{"start":{"line":199,"column":83},"end":{"line":199,"column":83}},{"start":{"line":199,"column":83},"end":{"line":199,"column":83}}]},"25":{"line":200,"type":"if","locations":[{"start":{"line":200,"column":8},"end":{"line":200,"column":8}},{"start":{"line":200,"column":8},"end":{"line":200,"column":8}}]},"26":{"line":201,"type":"if","locations":[{"start":{"line":201,"column":8},"end":{"line":201,"column":8}},{"start":{"line":201,"column":8},"end":{"line":201,"column":8}}]},"27":{"line":208,"type":"if","locations":[{"start":{"line":208,"column":95},"end":{"line":208,"column":95}},{"start":{"line":208,"column":95},"end":{"line":208,"column":95}}]},"28":{"line":209,"type":"if","locations":[{"start":{"line":209,"column":8},"end":{"line":209,"column":8}},{"start":{"line":209,"column":8},"end":{"line":209,"column":8}}]},"29":{"line":210,"type":"if","locations":[{"start":{"line":210,"column":8},"end":{"line":210,"column":8}},{"start":{"line":210,"column":8},"end":{"line":210,"column":8}}]},"30":{"line":225,"type":"if","locations":[{"start":{"line":225,"column":15},"end":{"line":225,"column":15}},{"start":{"line":225,"column":15},"end":{"line":225,"column":15}}]},"31":{"line":225,"type":"if","locations":[{"start":{"line":225,"column":28},"end":{"line":225,"column":28}},{"start":{"line":225,"column":28},"end":{"line":225,"column":28}}]},"32":{"line":226,"type":"if","locations":[{"start":{"line":226,"column":8},"end":{"line":226,"column":8}},{"start":{"line":226,"column":8},"end":{"line":226,"column":8}}]},"33":{"line":227,"type":"if","locations":[{"start":{"line":227,"column":8},"end":{"line":227,"column":8}},{"start":{"line":227,"column":8},"end":{"line":227,"column":8}}]},"34":{"line":228,"type":"if","locations":[{"start":{"line":228,"column":8},"end":{"line":228,"column":8}},{"start":{"line":228,"column":8},"end":{"line":228,"column":8}}]},"35":{"line":229,"type":"if","locations":[{"start":{"line":229,"column":8},"end":{"line":229,"column":8}},{"start":{"line":229,"column":8},"end":{"line":229,"column":8}}]},"36":{"line":230,"type":"if","locations":[{"start":{"line":230,"column":8},"end":{"line":230,"column":8}},{"start":{"line":230,"column":8},"end":{"line":230,"column":8}}]},"37":{"line":231,"type":"if","locations":[{"start":{"line":231,"column":8},"end":{"line":231,"column":8}},{"start":{"line":231,"column":8},"end":{"line":231,"column":8}}]},"38":{"line":233,"type":"if","locations":[{"start":{"line":233,"column":8},"end":{"line":233,"column":8}},{"start":{"line":233,"column":8},"end":{"line":233,"column":8}}]},"39":{"line":250,"type":"if","locations":[{"start":{"line":250,"column":12},"end":{"line":250,"column":12}},{"start":{"line":250,"column":12},"end":{"line":250,"column":12}}]},"40":{"line":251,"type":"if","locations":[{"start":{"line":251,"column":12},"end":{"line":251,"column":12}},{"start":{"line":251,"column":12},"end":{"line":251,"column":12}}]},"41":{"line":282,"type":"if","locations":[{"start":{"line":282,"column":8},"end":{"line":282,"column":8}},{"start":{"line":282,"column":8},"end":{"line":282,"column":8}}]},"42":{"line":283,"type":"if","locations":[{"start":{"line":283,"column":12},"end":{"line":283,"column":12}},{"start":{"line":283,"column":12},"end":{"line":283,"column":12}}]},"43":{"line":312,"type":"if","locations":[{"start":{"line":312,"column":14},"end":{"line":312,"column":50}},{"start":{"line":313,"column":14},"end":{"line":313,"column":14}}]},"44":{"line":315,"type":"if","locations":[{"start":{"line":315,"column":8},"end":{"line":315,"column":8}},{"start":{"line":315,"column":8},"end":{"line":315,"column":8}}]},"45":{"line":318,"type":"if","locations":[{"start":{"line":318,"column":41},"end":{"line":318,"column":49}},{"start":{"line":318,"column":53},"end":{"line":318,"column":60}}]},"46":{"line":322,"type":"if","locations":[{"start":{"line":322,"column":8},"end":{"line":322,"column":8}},{"start":{"line":322,"column":8},"end":{"line":322,"column":8}}]},"47":{"line":337,"type":"if","locations":[{"start":{"line":337,"column":8},"end":{"line":337,"column":8}},{"start":{"line":337,"column":8},"end":{"line":337,"column":8}}]},"48":{"line":358,"type":"if","locations":[{"start":{"line":358,"column":30},"end":{"line":358,"column":41}},{"start":{"line":358,"column":45},"end":{"line":358,"column":45}}]},"49":{"line":368,"type":"if","locations":[{"start":{"line":368,"column":8},"end":{"line":368,"column":8}},{"start":{"line":368,"column":8},"end":{"line":368,"column":8}}]},"50":{"line":372,"type":"if","locations":[{"start":{"line":372,"column":14},"end":{"line":372,"column":50}},{"start":{"line":373,"column":14},"end":{"line":373,"column":14}}]},"51":{"line":378,"type":"if","locations":[{"start":{"line":378,"column":8},"end":{"line":378,"column":8}},{"start":{"line":378,"column":8},"end":{"line":378,"column":8}}]},"52":{"line":382,"type":"if","locations":[{"start":{"line":382,"column":14},"end":{"line":382,"column":50}},{"start":{"line":383,"column":14},"end":{"line":383,"column":14}}]},"53":{"line":384,"type":"if","locations":[{"start":{"line":384,"column":55},"end":{"line":384,"column":55}},{"start":{"line":384,"column":59},"end":{"line":384,"column":94}}]},"54":{"line":390,"type":"if","locations":[{"start":{"line":390,"column":8},"end":{"line":390,"column":8}},{"start":{"line":390,"column":8},"end":{"line":390,"column":8}}]},"55":{"line":398,"type":"if","locations":[{"start":{"line":398,"column":58},"end":{"line":398,"column":58}},{"start":{"line":398,"column":58},"end":{"line":398,"column":58}}]}}},"contracts/BorrowModule.sol":{"l":{"80":17,"81":17,"82":17,"84":17,"85":17,"86":17,"87":17,"88":17,"90":17,"91":17,"101":20,"104":20,"106":20,"107":20,"108":20,"110":19,"114":19,"115":19,"116":19,"119":18,"121":18,"128":3,"129":3,"132":3,"134":3,"135":3,"136":3,"138":3,"140":3,"141":3,"142":3,"145":3,"147":3,"153":2,"155":2,"157":2,"158":2,"159":2,"162":2,"165":2,"166":2,"167":0,"171":2,"172":0,"175":2,"176":2,"177":2,"181":2,"183":2,"191":2,"193":2,"197":2,"199":2,"200":2,"203":2,"204":2,"205":2,"206":2,"208":2,"209":2,"213":2,"214":2,"215":2,"219":1,"221":1,"235":31,"236":31,"237":23,"238":23,"241":8,"243":8,"246":8,"248":8,"249":8,"251":8,"252":8,"264":0,"266":0,"268":0,"269":0,"271":0,"276":11,"277":11,"279":11,"280":11,"281":11,"283":11,"284":11,"286":11,"287":11,"290":11,"295":29,"296":29,"298":29,"299":29,"300":29,"302":29,"303":29,"305":29,"306":29,"309":29,"318":4,"320":4,"321":4,"322":4,"324":4,"325":0,"327":4,"328":4,"329":4,"332":4,"341":86,"342":86,"343":86,"344":86,"350":10,"352":10,"354":9,"355":9,"357":9,"362":7,"363":7,"364":7,"369":0,"381":2,"382":1,"383":1,"384":1,"388":1,"389":1,"390":1,"399":0,"405":0},"path":"/Users/luiscuello/Minted-mUSD-Canton/contracts/BorrowModule.sol","s":{"1":17,"2":17,"3":17,"4":17,"5":17,"6":20,"7":20,"8":20,"9":20,"10":20,"11":19,"12":19,"13":19,"14":18,"15":18,"16":3,"17":3,"18":3,"19":3,"20":3,"21":3,"22":3,"23":3,"24":3,"25":3,"26":3,"27":2,"28":2,"29":2,"30":2,"31":2,"32":2,"33":2,"34":2,"35":0,"36":2,"37":2,"38":2,"39":2,"40":2,"41":2,"42":2,"43":2,"44":2,"45":2,"46":2,"47":2,"48":2,"49":2,"50":2,"51":2,"52":2,"53":2,"54":1,"55":1,"56":31,"57":31,"58":23,"59":8,"60":8,"61":0,"62":8,"63":8,"64":8,"65":0,"66":0,"67":0,"68":0,"69":0,"70":0,"71":0,"72":11,"73":11,"74":11,"75":11,"76":11,"77":11,"78":11,"79":11,"80":11,"81":29,"82":29,"83":29,"84":29,"85":29,"86":29,"87":29,"88":29,"89":29,"90":4,"91":4,"92":4,"93":4,"94":4,"95":4,"96":4,"97":86,"98":86,"99":86,"100":86,"101":10,"102":10,"103":1,"104":9,"105":9,"106":0,"107":9,"108":7,"109":7,"110":7,"111":0,"112":2,"113":1,"114":1,"115":1,"116":1,"117":0,"118":0},"b":{"1":[17,0],"2":[17,0],"3":[17,0],"4":[20,0],"5":[20,0],"6":[20,0],"7":[19,1],"8":[18,1],"9":[3,0],"10":[3,0],"11":[3,0],"12":[3,0],"13":[3,0],"14":[3,0],"15":[3,0],"16":[2,0],"17":[2,0],"18":[2,0],"19":[2,0],"20":[2,0],"21":[0,2],"22":[0,0],"23":[0,2],"24":[2,0],"25":[2,0],"26":[2,0],"27":[2,0],"28":[2,0],"29":[2,0],"30":[2,0],"31":[2,0],"32":[1,1],"33":[23,8],"34":[0,8],"35":[8,0],"36":[0,0],"37":[0,0],"38":[0,11],"39":[0,11],"40":[0,29],"41":[0,29],"42":[4,0],"43":[0,4],"44":[0,4],"45":[1,9],"46":[0,9],"47":[7,0],"48":[2,1],"49":[1,1],"50":[1,0],"51":[1,0],"52":[0,0],"53":[0,0]},"f":{"1":17,"2":20,"3":3,"4":2,"5":2,"6":31,"7":0,"8":11,"9":29,"10":4,"11":86,"12":10,"13":7,"14":0,"15":2,"16":1,"17":0,"18":0},"fnMap":{"1":{"name":"constructor","line":73,"loc":{"start":{"line":73,"column":4},"end":{"line":92,"column":4}}},"2":{"name":"borrow","line":100,"loc":{"start":{"line":100,"column":4},"end":{"line":122,"column":4}}},"3":{"name":"borrowFor","line":127,"loc":{"start":{"line":127,"column":4},"end":{"line":148,"column":4}}},"4":{"name":"repay","line":152,"loc":{"start":{"line":152,"column":4},"end":{"line":184,"column":4}}},"5":{"name":"withdrawCollateral","line":190,"loc":{"start":{"line":190,"column":4},"end":{"line":222,"column":4}}},"6":{"name":"_accrueInterest","line":234,"loc":{"start":{"line":234,"column":4},"end":{"line":254,"column":4}}},"7":{"name":"_healthFactor","line":263,"loc":{"start":{"line":263,"column":4},"end":{"line":272,"column":4}}},"8":{"name":"_weightedCollateralValue","line":275,"loc":{"start":{"line":275,"column":4},"end":{"line":291,"column":4}}},"9":{"name":"_borrowCapacity","line":294,"loc":{"start":{"line":294,"column":4},"end":{"line":310,"column":4}}},"10":{"name":"reduceDebt","line":317,"loc":{"start":{"line":317,"column":4},"end":{"line":333,"column":4}}},"11":{"name":"totalDebt","line":340,"loc":{"start":{"line":340,"column":4},"end":{"line":345,"column":4}}},"12":{"name":"healthFactor","line":349,"loc":{"start":{"line":349,"column":4},"end":{"line":358,"column":4}}},"13":{"name":"maxBorrow","line":361,"loc":{"start":{"line":361,"column":4},"end":{"line":365,"column":4}}},"14":{"name":"borrowCapacity","line":368,"loc":{"start":{"line":368,"column":4},"end":{"line":370,"column":4}}},"15":{"name":"setInterestRate","line":380,"loc":{"start":{"line":380,"column":4},"end":{"line":385,"column":4}}},"16":{"name":"setMinDebt","line":387,"loc":{"start":{"line":387,"column":4},"end":{"line":391,"column":4}}},"17":{"name":"pause","line":398,"loc":{"start":{"line":398,"column":4},"end":{"line":400,"column":4}}},"18":{"name":"unpause","line":404,"loc":{"start":{"line":404,"column":4},"end":{"line":406,"column":4}}}},"statementMap":{"1":{"start":{"line":80,"column":8},"end":{"line":80,"column":53}},"2":{"start":{"line":81,"column":8},"end":{"line":81,"column":55}},"3":{"start":{"line":82,"column":8},"end":{"line":82,"column":51}},"4":{"start":{"line":90,"column":8},"end":{"line":90,"column":49}},"5":{"start":{"line":91,"column":8},"end":{"line":91,"column":48}},"6":{"start":{"line":101,"column":8},"end":{"line":101,"column":44}},"7":{"start":{"line":104,"column":8},"end":{"line":104,"column":34}},"8":{"start":{"line":106,"column":8},"end":{"line":106,"column":56}},"9":{"start":{"line":107,"column":8},"end":{"line":107,"column":70}},"10":{"start":{"line":108,"column":8},"end":{"line":108,"column":52}},"11":{"start":{"line":114,"column":8},"end":{"line":114,"column":54}},"12":{"start":{"line":115,"column":8},"end":{"line":115,"column":52}},"13":{"start":{"line":116,"column":8},"end":{"line":116,"column":67}},"14":{"start":{"line":119,"column":8},"end":{"line":119,"column":36}},"15":{"start":{"line":121,"column":8},"end":{"line":121,"column":64}},"16":{"start":{"line":128,"column":8},"end":{"line":128,"column":44}},"17":{"start":{"line":129,"column":8},"end":{"line":129,"column":50}},"18":{"start":{"line":132,"column":8},"end":{"line":132,"column":28}},"19":{"start":{"line":134,"column":8},"end":{"line":134,"column":50}},"20":{"start":{"line":135,"column":8},"end":{"line":135,"column":70}},"21":{"start":{"line":136,"column":8},"end":{"line":136,"column":52}},"22":{"start":{"line":140,"column":8},"end":{"line":140,"column":48}},"23":{"start":{"line":141,"column":8},"end":{"line":141,"column":46}},"24":{"start":{"line":142,"column":8},"end":{"line":142,"column":67}},"25":{"start":{"line":145,"column":8},"end":{"line":145,"column":36}},"26":{"start":{"line":147,"column":8},"end":{"line":147,"column":52}},"27":{"start":{"line":153,"column":8},"end":{"line":153,"column":44}},"28":{"start":{"line":155,"column":8},"end":{"line":155,"column":34}},"29":{"start":{"line":157,"column":8},"end":{"line":157,"column":56}},"30":{"start":{"line":158,"column":8},"end":{"line":158,"column":59}},"31":{"start":{"line":159,"column":8},"end":{"line":159,"column":36}},"32":{"start":{"line":162,"column":8},"end":{"line":162,"column":61}},"33":{"start":{"line":165,"column":8},"end":{"line":165,"column":47}},"34":{"start":{"line":166,"column":8},"end":{"line":166,"column":6626}},"35":{"start":{"line":167,"column":12},"end":{"line":167,"column":68}},"36":{"start":{"line":171,"column":8},"end":{"line":171,"column":6783}},"37":{"start":{"line":175,"column":12},"end":{"line":175,"column":72}},"38":{"start":{"line":181,"column":8},"end":{"line":181,"column":41}},"39":{"start":{"line":183,"column":8},"end":{"line":183,"column":67}},"40":{"start":{"line":191,"column":8},"end":{"line":191,"column":44}},"41":{"start":{"line":193,"column":8},"end":{"line":193,"column":34}},"42":{"start":{"line":197,"column":8},"end":{"line":197,"column":7880}},"43":{"start":{"line":199,"column":12},"end":{"line":199,"column":70}},"44":{"start":{"line":200,"column":12},"end":{"line":200,"column":68}},"45":{"start":{"line":203,"column":12},"end":{"line":203,"column":77}},"46":{"start":{"line":204,"column":12},"end":{"line":204,"column":50}},"47":{"start":{"line":205,"column":12},"end":{"line":205,"column":70}},"48":{"start":{"line":206,"column":12},"end":{"line":206,"column":79}},"49":{"start":{"line":208,"column":12},"end":{"line":208,"column":74}},"50":{"start":{"line":209,"column":12},"end":{"line":209,"column":8582}},"51":{"start":{"line":213,"column":12},"end":{"line":213,"column":48}},"52":{"start":{"line":214,"column":12},"end":{"line":214,"column":89}},"53":{"start":{"line":215,"column":12},"end":{"line":215,"column":65}},"54":{"start":{"line":219,"column":8},"end":{"line":219,"column":48}},"55":{"start":{"line":221,"column":8},"end":{"line":221,"column":59}},"56":{"start":{"line":235,"column":8},"end":{"line":235,"column":50}},"57":{"start":{"line":236,"column":8},"end":{"line":236,"column":9775}},"58":{"start":{"line":238,"column":12},"end":{"line":238,"column":18}},"59":{"start":{"line":241,"column":8},"end":{"line":241,"column":63}},"60":{"start":{"line":243,"column":8},"end":{"line":243,"column":32}},"61":{"start":{"line":243,"column":26},"end":{"line":243,"column":32}},"62":{"start":{"line":246,"column":8},"end":{"line":246,"column":99}},"63":{"start":{"line":251,"column":8},"end":{"line":251,"column":10344}},"64":{"start":{"line":252,"column":12},"end":{"line":252,"column":85}},"65":{"start":{"line":264,"column":8},"end":{"line":264,"column":38}},"66":{"start":{"line":266,"column":8},"end":{"line":266,"column":47}},"67":{"start":{"line":266,"column":23},"end":{"line":266,"column":47}},"68":{"start":{"line":268,"column":8},"end":{"line":268,"column":67}},"69":{"start":{"line":269,"column":8},"end":{"line":269,"column":45}},"70":{"start":{"line":269,"column":37},"end":{"line":269,"column":45}},"71":{"start":{"line":271,"column":8},"end":{"line":271,"column":50}},"72":{"start":{"line":276,"column":8},"end":{"line":276,"column":60}},"73":{"start":{"line":277,"column":8},"end":{"line":277,"column":33}},"74":{"start":{"line":279,"column":8},"end":{"line":279,"column":11514}},"75":{"start":{"line":280,"column":12},"end":{"line":280,"column":63}},"76":{"start":{"line":281,"column":12},"end":{"line":281,"column":40}},"77":{"start":{"line":283,"column":12},"end":{"line":283,"column":81}},"78":{"start":{"line":284,"column":12},"end":{"line":284,"column":34}},"79":{"start":{"line":286,"column":12},"end":{"line":286,"column":71}},"80":{"start":{"line":290,"column":8},"end":{"line":290,"column":28}},"81":{"start":{"line":295,"column":8},"end":{"line":295,"column":60}},"82":{"start":{"line":296,"column":8},"end":{"line":296,"column":33}},"83":{"start":{"line":298,"column":8},"end":{"line":298,"column":12265}},"84":{"start":{"line":299,"column":12},"end":{"line":299,"column":63}},"85":{"start":{"line":300,"column":12},"end":{"line":300,"column":40}},"86":{"start":{"line":302,"column":12},"end":{"line":302,"column":78}},"87":{"start":{"line":303,"column":12},"end":{"line":303,"column":34}},"88":{"start":{"line":305,"column":12},"end":{"line":305,"column":71}},"89":{"start":{"line":309,"column":8},"end":{"line":309,"column":28}},"90":{"start":{"line":318,"column":8},"end":{"line":318,"column":28}},"91":{"start":{"line":320,"column":8},"end":{"line":320,"column":50}},"92":{"start":{"line":321,"column":8},"end":{"line":321,"column":59}},"93":{"start":{"line":322,"column":8},"end":{"line":322,"column":59}},"94":{"start":{"line":324,"column":8},"end":{"line":324,"column":13290}},"95":{"start":{"line":327,"column":12},"end":{"line":327,"column":63}},"96":{"start":{"line":332,"column":8},"end":{"line":332,"column":63}},"97":{"start":{"line":341,"column":8},"end":{"line":341,"column":50}},"98":{"start":{"line":342,"column":8},"end":{"line":342,"column":63}},"99":{"start":{"line":343,"column":8},"end":{"line":343,"column":106}},"100":{"start":{"line":344,"column":8},"end":{"line":344,"column":68}},"101":{"start":{"line":350,"column":8},"end":{"line":350,"column":38}},"102":{"start":{"line":352,"column":8},"end":{"line":352,"column":47}},"103":{"start":{"line":352,"column":23},"end":{"line":352,"column":47}},"104":{"start":{"line":354,"column":8},"end":{"line":354,"column":67}},"105":{"start":{"line":355,"column":8},"end":{"line":355,"column":45}},"106":{"start":{"line":355,"column":37},"end":{"line":355,"column":45}},"107":{"start":{"line":357,"column":8},"end":{"line":357,"column":50}},"108":{"start":{"line":362,"column":8},"end":{"line":362,"column":48}},"109":{"start":{"line":363,"column":8},"end":{"line":363,"column":38}},"110":{"start":{"line":364,"column":8},"end":{"line":364,"column":52}},"111":{"start":{"line":369,"column":8},"end":{"line":369,"column":36}},"112":{"start":{"line":381,"column":8},"end":{"line":381,"column":49}},"113":{"start":{"line":382,"column":8},"end":{"line":382,"column":37}},"114":{"start":{"line":384,"column":8},"end":{"line":384,"column":47}},"115":{"start":{"line":388,"column":8},"end":{"line":388,"column":53}},"116":{"start":{"line":389,"column":8},"end":{"line":389,"column":46}},"117":{"start":{"line":399,"column":8},"end":{"line":399,"column":15}},"118":{"start":{"line":405,"column":8},"end":{"line":405,"column":17}}},"branchMap":{"1":{"line":80,"type":"if","locations":[{"start":{"line":80,"column":8},"end":{"line":80,"column":8}},{"start":{"line":80,"column":8},"end":{"line":80,"column":8}}]},"2":{"line":81,"type":"if","locations":[{"start":{"line":81,"column":8},"end":{"line":81,"column":8}},{"start":{"line":81,"column":8},"end":{"line":81,"column":8}}]},"3":{"line":82,"type":"if","locations":[{"start":{"line":82,"column":8},"end":{"line":82,"column":8}},{"start":{"line":82,"column":8},"end":{"line":82,"column":8}}]},"4":{"line":100,"type":"if","locations":[{"start":{"line":100,"column":45},"end":{"line":100,"column":45}},{"start":{"line":100,"column":45},"end":{"line":100,"column":45}}]},"5":{"line":100,"type":"if","locations":[{"start":{"line":100,"column":58},"end":{"line":100,"column":58}},{"start":{"line":100,"column":58},"end":{"line":100,"column":58}}]},"6":{"line":101,"type":"if","locations":[{"start":{"line":101,"column":8},"end":{"line":101,"column":8}},{"start":{"line":101,"column":8},"end":{"line":101,"column":8}}]},"7":{"line":108,"type":"if","locations":[{"start":{"line":108,"column":8},"end":{"line":108,"column":8}},{"start":{"line":108,"column":8},"end":{"line":108,"column":8}}]},"8":{"line":116,"type":"if","locations":[{"start":{"line":116,"column":8},"end":{"line":116,"column":8}},{"start":{"line":116,"column":8},"end":{"line":116,"column":8}}]},"9":{"line":127,"type":"if","locations":[{"start":{"line":127,"column":62},"end":{"line":127,"column":62}},{"start":{"line":127,"column":62},"end":{"line":127,"column":62}}]},"10":{"line":127,"type":"if","locations":[{"start":{"line":127,"column":92},"end":{"line":127,"column":92}},{"start":{"line":127,"column":92},"end":{"line":127,"column":92}}]},"11":{"line":127,"type":"if","locations":[{"start":{"line":127,"column":105},"end":{"line":127,"column":105}},{"start":{"line":127,"column":105},"end":{"line":127,"column":105}}]},"12":{"line":128,"type":"if","locations":[{"start":{"line":128,"column":8},"end":{"line":128,"column":8}},{"start":{"line":128,"column":8},"end":{"line":128,"column":8}}]},"13":{"line":129,"type":"if","locations":[{"start":{"line":129,"column":8},"end":{"line":129,"column":8}},{"start":{"line":129,"column":8},"end":{"line":129,"column":8}}]},"14":{"line":136,"type":"if","locations":[{"start":{"line":136,"column":8},"end":{"line":136,"column":8}},{"start":{"line":136,"column":8},"end":{"line":136,"column":8}}]},"15":{"line":142,"type":"if","locations":[{"start":{"line":142,"column":8},"end":{"line":142,"column":8}},{"start":{"line":142,"column":8},"end":{"line":142,"column":8}}]},"16":{"line":152,"type":"if","locations":[{"start":{"line":152,"column":44},"end":{"line":152,"column":44}},{"start":{"line":152,"column":44},"end":{"line":152,"column":44}}]},"17":{"line":152,"type":"if","locations":[{"start":{"line":152,"column":57},"end":{"line":152,"column":57}},{"start":{"line":152,"column":57},"end":{"line":152,"column":57}}]},"18":{"line":153,"type":"if","locations":[{"start":{"line":153,"column":8},"end":{"line":153,"column":8}},{"start":{"line":153,"column":8},"end":{"line":153,"column":8}}]},"19":{"line":159,"type":"if","locations":[{"start":{"line":159,"column":8},"end":{"line":159,"column":8}},{"start":{"line":159,"column":8},"end":{"line":159,"column":8}}]},"20":{"line":162,"type":"if","locations":[{"start":{"line":162,"column":47},"end":{"line":162,"column":51}},{"start":{"line":162,"column":55},"end":{"line":162,"column":60}}]},"21":{"line":166,"type":"if","locations":[{"start":{"line":166,"column":8},"end":{"line":166,"column":8}},{"start":{"line":166,"column":8},"end":{"line":166,"column":8}}]},"22":{"line":167,"type":"if","locations":[{"start":{"line":167,"column":12},"end":{"line":167,"column":12}},{"start":{"line":167,"column":12},"end":{"line":167,"column":12}}]},"23":{"line":171,"type":"if","locations":[{"start":{"line":171,"column":8},"end":{"line":171,"column":8}},{"start":{"line":171,"column":8},"end":{"line":171,"column":8}}]},"24":{"line":190,"type":"if","locations":[{"start":{"line":190,"column":72},"end":{"line":190,"column":72}},{"start":{"line":190,"column":72},"end":{"line":190,"column":72}}]},"25":{"line":190,"type":"if","locations":[{"start":{"line":190,"column":85},"end":{"line":190,"column":85}},{"start":{"line":190,"column":85},"end":{"line":190,"column":85}}]},"26":{"line":191,"type":"if","locations":[{"start":{"line":191,"column":8},"end":{"line":191,"column":8}},{"start":{"line":191,"column":8},"end":{"line":191,"column":8}}]},"27":{"line":197,"type":"if","locations":[{"start":{"line":197,"column":8},"end":{"line":197,"column":8}},{"start":{"line":197,"column":8},"end":{"line":197,"column":8}}]},"28":{"line":200,"type":"if","locations":[{"start":{"line":200,"column":12},"end":{"line":200,"column":12}},{"start":{"line":200,"column":12},"end":{"line":200,"column":12}}]},"29":{"line":204,"type":"if","locations":[{"start":{"line":204,"column":12},"end":{"line":204,"column":12}},{"start":{"line":204,"column":12},"end":{"line":204,"column":12}}]},"30":{"line":210,"type":"if","locations":[{"start":{"line":210,"column":18},"end":{"line":210,"column":52}},{"start":{"line":211,"column":18},"end":{"line":211,"column":18}}]},"31":{"line":214,"type":"if","locations":[{"start":{"line":214,"column":40},"end":{"line":214,"column":68}},{"start":{"line":214,"column":72},"end":{"line":214,"column":88}}]},"32":{"line":215,"type":"if","locations":[{"start":{"line":215,"column":12},"end":{"line":215,"column":12}},{"start":{"line":215,"column":12},"end":{"line":215,"column":12}}]},"33":{"line":236,"type":"if","locations":[{"start":{"line":236,"column":8},"end":{"line":236,"column":8}},{"start":{"line":236,"column":8},"end":{"line":236,"column":8}}]},"34":{"line":243,"type":"if","locations":[{"start":{"line":243,"column":8},"end":{"line":243,"column":8}},{"start":{"line":243,"column":8},"end":{"line":243,"column":8}}]},"35":{"line":251,"type":"if","locations":[{"start":{"line":251,"column":8},"end":{"line":251,"column":8}},{"start":{"line":251,"column":8},"end":{"line":251,"column":8}}]},"36":{"line":266,"type":"if","locations":[{"start":{"line":266,"column":8},"end":{"line":266,"column":8}},{"start":{"line":266,"column":8},"end":{"line":266,"column":8}}]},"37":{"line":269,"type":"if","locations":[{"start":{"line":269,"column":8},"end":{"line":269,"column":8}},{"start":{"line":269,"column":8},"end":{"line":269,"column":8}}]},"38":{"line":281,"type":"if","locations":[{"start":{"line":281,"column":12},"end":{"line":281,"column":12}},{"start":{"line":281,"column":12},"end":{"line":281,"column":12}}]},"39":{"line":284,"type":"if","locations":[{"start":{"line":284,"column":12},"end":{"line":284,"column":12}},{"start":{"line":284,"column":12},"end":{"line":284,"column":12}}]},"40":{"line":300,"type":"if","locations":[{"start":{"line":300,"column":12},"end":{"line":300,"column":12}},{"start":{"line":300,"column":12},"end":{"line":300,"column":12}}]},"41":{"line":303,"type":"if","locations":[{"start":{"line":303,"column":12},"end":{"line":303,"column":12}},{"start":{"line":303,"column":12},"end":{"line":303,"column":12}}]},"42":{"line":317,"type":"if","locations":[{"start":{"line":317,"column":63},"end":{"line":317,"column":63}},{"start":{"line":317,"column":63},"end":{"line":317,"column":63}}]},"43":{"line":322,"type":"if","locations":[{"start":{"line":322,"column":45},"end":{"line":322,"column":49}},{"start":{"line":322,"column":53},"end":{"line":322,"column":58}}]},"44":{"line":324,"type":"if","locations":[{"start":{"line":324,"column":8},"end":{"line":324,"column":8}},{"start":{"line":324,"column":8},"end":{"line":324,"column":8}}]},"45":{"line":352,"type":"if","locations":[{"start":{"line":352,"column":8},"end":{"line":352,"column":8}},{"start":{"line":352,"column":8},"end":{"line":352,"column":8}}]},"46":{"line":355,"type":"if","locations":[{"start":{"line":355,"column":8},"end":{"line":355,"column":8}},{"start":{"line":355,"column":8},"end":{"line":355,"column":8}}]},"47":{"line":364,"type":"if","locations":[{"start":{"line":364,"column":33},"end":{"line":364,"column":47}},{"start":{"line":364,"column":51},"end":{"line":364,"column":51}}]},"48":{"line":380,"type":"if","locations":[{"start":{"line":380,"column":56},"end":{"line":380,"column":56}},{"start":{"line":380,"column":56},"end":{"line":380,"column":56}}]},"49":{"line":381,"type":"if","locations":[{"start":{"line":381,"column":8},"end":{"line":381,"column":8}},{"start":{"line":381,"column":8},"end":{"line":381,"column":8}}]},"50":{"line":387,"type":"if","locations":[{"start":{"line":387,"column":51},"end":{"line":387,"column":51}},{"start":{"line":387,"column":51},"end":{"line":387,"column":51}}]},"51":{"line":388,"type":"if","locations":[{"start":{"line":388,"column":8},"end":{"line":388,"column":8}},{"start":{"line":388,"column":8},"end":{"line":388,"column":8}}]},"52":{"line":398,"type":"if","locations":[{"start":{"line":398,"column":30},"end":{"line":398,"column":30}},{"start":{"line":398,"column":30},"end":{"line":398,"column":30}}]},"53":{"line":404,"type":"if","locations":[{"start":{"line":404,"column":32},"end":{"line":404,"column":32}},{"start":{"line":404,"column":32},"end":{"line":404,"column":32}}]}}},"contracts/CollateralVault.sol":{"l":{"49":43,"50":43,"64":98,"65":97,"67":96,"68":95,"69":94,"70":93,"72":92,"79":92,"80":92,"90":0,"91":0,"92":0,"93":0,"95":0,"96":0,"97":0,"99":0,"104":2,"105":2,"107":2,"112":1,"113":1,"114":1,"116":1,"127":37,"128":35,"130":34,"131":34,"133":34,"141":7,"142":7,"143":7,"145":7,"146":7,"148":7,"160":3,"162":2,"163":2,"165":2,"179":6,"181":5,"182":5,"184":5,"199":2,"200":2,"202":1,"203":1,"205":1,"214":1,"219":41,"229":56,"230":56,"239":0,"245":0},"path":"/Users/luiscuello/Minted-mUSD-Canton/contracts/CollateralVault.sol","s":{"1":43,"2":43,"3":98,"4":97,"5":96,"6":95,"7":94,"8":93,"9":92,"10":92,"11":0,"12":0,"13":0,"14":0,"15":0,"16":2,"17":2,"18":1,"19":1,"20":1,"21":37,"22":35,"23":34,"24":34,"25":7,"26":7,"27":7,"28":7,"29":7,"30":3,"31":2,"32":2,"33":6,"34":5,"35":5,"36":2,"37":2,"38":1,"39":1,"40":1,"41":41,"42":56,"43":56,"44":0,"45":0},"b":{"1":[98,1],"2":[97,1],"3":[96,1],"4":[95,1],"5":[94,1],"6":[93,1],"7":[92,1],"8":[0,0],"9":[0,0],"10":[0,0],"11":[0,0],"12":[0,0],"13":[2,0],"14":[2,0],"15":[1,0],"16":[1,0],"17":[1,0],"18":[37,0],"19":[37,0],"20":[35,2],"21":[34,1],"22":[7,1],"23":[7,0],"24":[7,0],"25":[7,0],"26":[7,0],"27":[7,0],"28":[3,1],"29":[3,0],"30":[2,1],"31":[6,1],"32":[6,0],"33":[5,1],"34":[2,0],"35":[2,0],"36":[2,0],"37":[1,1],"38":[0,0],"39":[0,0]},"f":{"1":43,"2":98,"3":0,"4":2,"5":1,"6":37,"7":7,"8":3,"9":6,"10":2,"11":1,"12":41,"13":56,"14":0,"15":0},"fnMap":{"1":{"name":"constructor","line":48,"loc":{"start":{"line":48,"column":4},"end":{"line":51,"column":4}}},"2":{"name":"addCollateral","line":63,"loc":{"start":{"line":58,"column":4},"end":{"line":81,"column":4}}},"3":{"name":"updateCollateral","line":89,"loc":{"start":{"line":84,"column":4},"end":{"line":100,"column":4}}},"4":{"name":"disableCollateral","line":103,"loc":{"start":{"line":103,"column":4},"end":{"line":108,"column":4}}},"5":{"name":"enableCollateral","line":111,"loc":{"start":{"line":111,"column":4},"end":{"line":117,"column":4}}},"6":{"name":"deposit","line":126,"loc":{"start":{"line":126,"column":4},"end":{"line":134,"column":4}}},"7":{"name":"depositFor","line":140,"loc":{"start":{"line":140,"column":4},"end":{"line":149,"column":4}}},"8":{"name":"withdraw","line":159,"loc":{"start":{"line":155,"column":4},"end":{"line":166,"column":4}}},"9":{"name":"seize","line":178,"loc":{"start":{"line":173,"column":4},"end":{"line":185,"column":4}}},"10":{"name":"withdrawFor","line":198,"loc":{"start":{"line":193,"column":4},"end":{"line":206,"column":4}}},"11":{"name":"getDeposit","line":213,"loc":{"start":{"line":213,"column":4},"end":{"line":215,"column":4}}},"12":{"name":"getSupportedTokens","line":218,"loc":{"start":{"line":218,"column":4},"end":{"line":220,"column":4}}},"13":{"name":"getConfig","line":223,"loc":{"start":{"line":223,"column":4},"end":{"line":231,"column":4}}},"14":{"name":"pause","line":238,"loc":{"start":{"line":238,"column":4},"end":{"line":240,"column":4}}},"15":{"name":"unpause","line":244,"loc":{"start":{"line":244,"column":4},"end":{"line":246,"column":4}}}},"statementMap":{"1":{"start":{"line":49,"column":8},"end":{"line":49,"column":49}},"2":{"start":{"line":50,"column":8},"end":{"line":50,"column":47}},"3":{"start":{"line":64,"column":8},"end":{"line":64,"column":52}},"4":{"start":{"line":65,"column":8},"end":{"line":65,"column":66}},"5":{"start":{"line":67,"column":8},"end":{"line":67,"column":62}},"6":{"start":{"line":68,"column":8},"end":{"line":68,"column":106}},"7":{"start":{"line":69,"column":8},"end":{"line":69,"column":69}},"8":{"start":{"line":70,"column":8},"end":{"line":70,"column":65}},"9":{"start":{"line":79,"column":8},"end":{"line":79,"column":34}},"10":{"start":{"line":80,"column":8},"end":{"line":80,"column":81}},"11":{"start":{"line":90,"column":8},"end":{"line":90,"column":65}},"12":{"start":{"line":91,"column":8},"end":{"line":91,"column":106}},"13":{"start":{"line":92,"column":8},"end":{"line":92,"column":69}},"14":{"start":{"line":93,"column":8},"end":{"line":93,"column":65}},"15":{"start":{"line":99,"column":8},"end":{"line":99,"column":83}},"16":{"start":{"line":104,"column":8},"end":{"line":104,"column":65}},"17":{"start":{"line":107,"column":8},"end":{"line":107,"column":38}},"18":{"start":{"line":112,"column":8},"end":{"line":112,"column":88}},"19":{"start":{"line":113,"column":8},"end":{"line":113,"column":68}},"20":{"start":{"line":116,"column":8},"end":{"line":116,"column":37}},"21":{"start":{"line":127,"column":8},"end":{"line":127,"column":71}},"22":{"start":{"line":128,"column":8},"end":{"line":128,"column":44}},"23":{"start":{"line":131,"column":8},"end":{"line":131,"column":72}},"24":{"start":{"line":133,"column":8},"end":{"line":133,"column":49}},"25":{"start":{"line":141,"column":8},"end":{"line":141,"column":71}},"26":{"start":{"line":142,"column":8},"end":{"line":142,"column":44}},"27":{"start":{"line":143,"column":8},"end":{"line":143,"column":50}},"28":{"start":{"line":146,"column":8},"end":{"line":146,"column":72}},"29":{"start":{"line":148,"column":8},"end":{"line":148,"column":43}},"30":{"start":{"line":160,"column":8},"end":{"line":160,"column":71}},"31":{"start":{"line":163,"column":8},"end":{"line":163,"column":47}},"32":{"start":{"line":165,"column":8},"end":{"line":165,"column":43}},"33":{"start":{"line":179,"column":8},"end":{"line":179,"column":74}},"34":{"start":{"line":182,"column":8},"end":{"line":182,"column":53}},"35":{"start":{"line":184,"column":8},"end":{"line":184,"column":52}},"36":{"start":{"line":199,"column":8},"end":{"line":199,"column":71}},"37":{"start":{"line":200,"column":8},"end":{"line":200,"column":60}},"38":{"start":{"line":203,"column":8},"end":{"line":203,"column":52}},"39":{"start":{"line":205,"column":8},"end":{"line":205,"column":43}},"40":{"start":{"line":214,"column":8},"end":{"line":214,"column":36}},"41":{"start":{"line":219,"column":8},"end":{"line":219,"column":30}},"42":{"start":{"line":229,"column":8},"end":{"line":229,"column":61}},"43":{"start":{"line":230,"column":8},"end":{"line":230,"column":101}},"44":{"start":{"line":239,"column":8},"end":{"line":239,"column":15}},"45":{"start":{"line":245,"column":8},"end":{"line":245,"column":17}}},"branchMap":{"1":{"line":63,"type":"if","locations":[{"start":{"line":63,"column":15},"end":{"line":63,"column":15}},{"start":{"line":63,"column":15},"end":{"line":63,"column":15}}]},"2":{"line":64,"type":"if","locations":[{"start":{"line":64,"column":8},"end":{"line":64,"column":8}},{"start":{"line":64,"column":8},"end":{"line":64,"column":8}}]},"3":{"line":65,"type":"if","locations":[{"start":{"line":65,"column":8},"end":{"line":65,"column":8}},{"start":{"line":65,"column":8},"end":{"line":65,"column":8}}]},"4":{"line":67,"type":"if","locations":[{"start":{"line":67,"column":8},"end":{"line":67,"column":8}},{"start":{"line":67,"column":8},"end":{"line":67,"column":8}}]},"5":{"line":68,"type":"if","locations":[{"start":{"line":68,"column":8},"end":{"line":68,"column":8}},{"start":{"line":68,"column":8},"end":{"line":68,"column":8}}]},"6":{"line":69,"type":"if","locations":[{"start":{"line":69,"column":8},"end":{"line":69,"column":8}},{"start":{"line":69,"column":8},"end":{"line":69,"column":8}}]},"7":{"line":70,"type":"if","locations":[{"start":{"line":70,"column":8},"end":{"line":70,"column":8}},{"start":{"line":70,"column":8},"end":{"line":70,"column":8}}]},"8":{"line":89,"type":"if","locations":[{"start":{"line":89,"column":15},"end":{"line":89,"column":15}},{"start":{"line":89,"column":15},"end":{"line":89,"column":15}}]},"9":{"line":90,"type":"if","locations":[{"start":{"line":90,"column":8},"end":{"line":90,"column":8}},{"start":{"line":90,"column":8},"end":{"line":90,"column":8}}]},"10":{"line":91,"type":"if","locations":[{"start":{"line":91,"column":8},"end":{"line":91,"column":8}},{"start":{"line":91,"column":8},"end":{"line":91,"column":8}}]},"11":{"line":92,"type":"if","locations":[{"start":{"line":92,"column":8},"end":{"line":92,"column":8}},{"start":{"line":92,"column":8},"end":{"line":92,"column":8}}]},"12":{"line":93,"type":"if","locations":[{"start":{"line":93,"column":8},"end":{"line":93,"column":8}},{"start":{"line":93,"column":8},"end":{"line":93,"column":8}}]},"13":{"line":103,"type":"if","locations":[{"start":{"line":103,"column":55},"end":{"line":103,"column":55}},{"start":{"line":103,"column":55},"end":{"line":103,"column":55}}]},"14":{"line":104,"type":"if","locations":[{"start":{"line":104,"column":8},"end":{"line":104,"column":8}},{"start":{"line":104,"column":8},"end":{"line":104,"column":8}}]},"15":{"line":111,"type":"if","locations":[{"start":{"line":111,"column":54},"end":{"line":111,"column":54}},{"start":{"line":111,"column":54},"end":{"line":111,"column":54}}]},"16":{"line":112,"type":"if","locations":[{"start":{"line":112,"column":8},"end":{"line":112,"column":8}},{"start":{"line":112,"column":8},"end":{"line":112,"column":8}}]},"17":{"line":113,"type":"if","locations":[{"start":{"line":113,"column":8},"end":{"line":113,"column":8}},{"start":{"line":113,"column":8},"end":{"line":113,"column":8}}]},"18":{"line":126,"type":"if","locations":[{"start":{"line":126,"column":61},"end":{"line":126,"column":61}},{"start":{"line":126,"column":61},"end":{"line":126,"column":61}}]},"19":{"line":126,"type":"if","locations":[{"start":{"line":126,"column":74},"end":{"line":126,"column":74}},{"start":{"line":126,"column":74},"end":{"line":126,"column":74}}]},"20":{"line":127,"type":"if","locations":[{"start":{"line":127,"column":8},"end":{"line":127,"column":8}},{"start":{"line":127,"column":8},"end":{"line":127,"column":8}}]},"21":{"line":128,"type":"if","locations":[{"start":{"line":128,"column":8},"end":{"line":128,"column":8}},{"start":{"line":128,"column":8},"end":{"line":128,"column":8}}]},"22":{"line":140,"type":"if","locations":[{"start":{"line":140,"column":78},"end":{"line":140,"column":78}},{"start":{"line":140,"column":78},"end":{"line":140,"column":78}}]},"23":{"line":140,"type":"if","locations":[{"start":{"line":140,"column":108},"end":{"line":140,"column":108}},{"start":{"line":140,"column":108},"end":{"line":140,"column":108}}]},"24":{"line":140,"type":"if","locations":[{"start":{"line":140,"column":121},"end":{"line":140,"column":121}},{"start":{"line":140,"column":121},"end":{"line":140,"column":121}}]},"25":{"line":141,"type":"if","locations":[{"start":{"line":141,"column":8},"end":{"line":141,"column":8}},{"start":{"line":141,"column":8},"end":{"line":141,"column":8}}]},"26":{"line":142,"type":"if","locations":[{"start":{"line":142,"column":8},"end":{"line":142,"column":8}},{"start":{"line":142,"column":8},"end":{"line":142,"column":8}}]},"27":{"line":143,"type":"if","locations":[{"start":{"line":143,"column":8},"end":{"line":143,"column":8}},{"start":{"line":143,"column":8},"end":{"line":143,"column":8}}]},"28":{"line":159,"type":"if","locations":[{"start":{"line":159,"column":15},"end":{"line":159,"column":15}},{"start":{"line":159,"column":15},"end":{"line":159,"column":15}}]},"29":{"line":159,"type":"if","locations":[{"start":{"line":159,"column":44},"end":{"line":159,"column":44}},{"start":{"line":159,"column":44},"end":{"line":159,"column":44}}]},"30":{"line":160,"type":"if","locations":[{"start":{"line":160,"column":8},"end":{"line":160,"column":8}},{"start":{"line":160,"column":8},"end":{"line":160,"column":8}}]},"31":{"line":178,"type":"if","locations":[{"start":{"line":178,"column":15},"end":{"line":178,"column":15}},{"start":{"line":178,"column":15},"end":{"line":178,"column":15}}]},"32":{"line":178,"type":"if","locations":[{"start":{"line":178,"column":42},"end":{"line":178,"column":42}},{"start":{"line":178,"column":42},"end":{"line":178,"column":42}}]},"33":{"line":179,"type":"if","locations":[{"start":{"line":179,"column":8},"end":{"line":179,"column":8}},{"start":{"line":179,"column":8},"end":{"line":179,"column":8}}]},"34":{"line":198,"type":"if","locations":[{"start":{"line":198,"column":15},"end":{"line":198,"column":15}},{"start":{"line":198,"column":15},"end":{"line":198,"column":15}}]},"35":{"line":198,"type":"if","locations":[{"start":{"line":198,"column":45},"end":{"line":198,"column":45}},{"start":{"line":198,"column":45},"end":{"line":198,"column":45}}]},"36":{"line":199,"type":"if","locations":[{"start":{"line":199,"column":8},"end":{"line":199,"column":8}},{"start":{"line":199,"column":8},"end":{"line":199,"column":8}}]},"37":{"line":200,"type":"if","locations":[{"start":{"line":200,"column":8},"end":{"line":200,"column":8}},{"start":{"line":200,"column":8},"end":{"line":200,"column":8}}]},"38":{"line":238,"type":"if","locations":[{"start":{"line":238,"column":30},"end":{"line":238,"column":30}},{"start":{"line":238,"column":30},"end":{"line":238,"column":30}}]},"39":{"line":244,"type":"if","locations":[{"start":{"line":244,"column":32},"end":{"line":244,"column":32}},{"start":{"line":244,"column":32},"end":{"line":244,"column":32}}]}}},"contracts/DepositRouter.sol":{"l":{"152":0,"153":0,"154":0,"155":0,"156":0,"157":0,"158":0,"160":0,"161":0,"162":0,"163":0,"164":0,"165":0,"168":0,"169":0,"170":0,"181":0,"191":0,"192":0,"202":0,"203":0,"211":0,"224":0,"233":0,"243":0,"244":0,"245":0,"246":0,"254":0,"255":0,"256":0,"257":0,"265":0,"266":0,"267":0,"268":0,"276":0,"277":0,"278":0,"279":0,"280":0,"287":0,"294":0,"304":0,"305":0,"306":0,"307":0,"309":0,"317":0,"318":0,"319":0,"322":0,"323":0,"326":0,"327":0,"330":0,"333":0,"336":0,"339":0,"342":0,"346":0,"356":0,"364":0,"367":0,"368":0,"369":0},"path":"/Users/luiscuello/Minted-mUSD-Canton/contracts/DepositRouter.sol","s":{"1":0,"2":0,"3":0,"4":0,"5":0,"6":0,"7":0,"8":0,"9":0,"10":0,"11":0,"12":0,"13":0,"14":0,"15":0,"16":0,"17":0,"18":0,"19":0,"20":0,"21":0,"22":0,"23":0,"24":0,"25":0,"26":0,"27":0,"28":0,"29":0,"30":0,"31":0,"32":0,"33":0,"34":0,"35":0,"36":0,"37":0,"38":0,"39":0,"40":0,"41":0,"42":0,"43":0,"44":0,"45":0,"46":0,"47":0,"48":0,"49":0},"b":{"1":[0,0],"2":[0,0],"3":[0,0],"4":[0,0],"5":[0,0],"6":[0,0],"7":[0,0],"8":[0,0],"9":[0,0],"10":[0,0],"11":[0,0],"12":[0,0],"13":[0,0],"14":[0,0],"15":[0,0],"16":[0,0],"17":[0,0],"18":[0,0],"19":[0,0],"20":[0,0],"21":[0,0],"22":[0,0],"23":[0,0],"24":[0,0],"25":[0,0],"26":[0,0],"27":[0,0],"28":[0,0],"29":[0,0],"30":[0,0],"31":[0,0],"32":[0,0]},"f":{"1":0,"2":0,"3":0,"4":0,"5":0,"6":0,"7":0,"8":0,"9":0,"10":0,"11":0,"12":0,"13":0,"14":0,"15":0},"fnMap":{"1":{"name":"constructor","line":143,"loc":{"start":{"line":143,"column":4},"end":{"line":171,"column":4}}},"2":{"name":"deposit","line":180,"loc":{"start":{"line":180,"column":4},"end":{"line":182,"column":4}}},"3":{"name":"depositFor","line":190,"loc":{"start":{"line":190,"column":4},"end":{"line":193,"column":4}}},"4":{"name":"previewDeposit","line":201,"loc":{"start":{"line":201,"column":4},"end":{"line":204,"column":4}}},"5":{"name":"quoteBridgeCost","line":210,"loc":{"start":{"line":210,"column":4},"end":{"line":216,"column":4}}},"6":{"name":"isDepositComplete","line":223,"loc":{"start":{"line":223,"column":4},"end":{"line":225,"column":4}}},"7":{"name":"getDeposit","line":232,"loc":{"start":{"line":232,"column":4},"end":{"line":234,"column":4}}},"8":{"name":"setTreasury","line":242,"loc":{"start":{"line":242,"column":4},"end":{"line":247,"column":4}}},"9":{"name":"setDirectMint","line":253,"loc":{"start":{"line":253,"column":4},"end":{"line":258,"column":4}}},"10":{"name":"setFee","line":264,"loc":{"start":{"line":264,"column":4},"end":{"line":269,"column":4}}},"11":{"name":"withdrawFees","line":275,"loc":{"start":{"line":275,"column":4},"end":{"line":281,"column":4}}},"12":{"name":"pause","line":286,"loc":{"start":{"line":286,"column":4},"end":{"line":288,"column":4}}},"13":{"name":"unpause","line":293,"loc":{"start":{"line":293,"column":4},"end":{"line":295,"column":4}}},"14":{"name":"emergencyWithdraw","line":303,"loc":{"start":{"line":303,"column":4},"end":{"line":311,"column":4}}},"15":{"name":"_deposit","line":315,"loc":{"start":{"line":315,"column":4},"end":{"line":371,"column":4}}}},"statementMap":{"1":{"start":{"line":152,"column":8},"end":{"line":152,"column":56}},"2":{"start":{"line":153,"column":8},"end":{"line":153,"column":67}},"3":{"start":{"line":154,"column":8},"end":{"line":154,"column":63}},"4":{"start":{"line":155,"column":8},"end":{"line":155,"column":67}},"5":{"start":{"line":156,"column":8},"end":{"line":156,"column":69}},"6":{"start":{"line":157,"column":8},"end":{"line":157,"column":57}},"7":{"start":{"line":158,"column":8},"end":{"line":158,"column":46}},"8":{"start":{"line":168,"column":8},"end":{"line":168,"column":45}},"9":{"start":{"line":169,"column":8},"end":{"line":169,"column":44}},"10":{"start":{"line":170,"column":8},"end":{"line":170,"column":38}},"11":{"start":{"line":181,"column":8},"end":{"line":181,"column":43}},"12":{"start":{"line":191,"column":8},"end":{"line":191,"column":60}},"13":{"start":{"line":192,"column":8},"end":{"line":192,"column":42}},"14":{"start":{"line":224,"column":8},"end":{"line":224,"column":50}},"15":{"start":{"line":233,"colum
[...]
ne":758,"column":8},"end":{"line":758,"column":62}},"161":{"start":{"line":765,"column":8},"end":{"line":765,"column":49}},"162":{"start":{"line":776,"column":8},"end":{"line":776,"column":20}},"163":{"start":{"line":778,"column":8},"end":{"line":778,"column":36}},"164":{"start":{"line":780,"column":8},"end":{"line":780,"column":30}},"165":{"start":{"line":780,"column":24},"end":{"line":780,"column":30}},"166":{"start":{"line":783,"column":8},"end":{"line":783,"column":27228}},"167":{"start":{"line":784,"column":12},"end":{"line":784,"column":47}},"168":{"start":{"line":786,"column":12},"end":{"line":786,"column":50}},"169":{"start":{"line":788,"column":12},"end":{"line":788,"column":64}},"170":{"start":{"line":789,"column":12},"end":{"line":789,"column":73}},"171":{"start":{"line":791,"column":12},"end":{"line":791,"column":27590}},"172":{"start":{"line":792,"column":16},"end":{"line":792,"column":59}},"173":{"start":{"line":794,"column":16},"end":{"line":794,"column":64}},"174":{"start":{"line":799,"column":8},"end":{"line":799,"column":42}},"175":{"start":{"line":800,"column":8},"end":{"line":800,"column":61}},"176":{"start":{"line":801,"column":8},"end":{"line":801,"column":87}},"177":{"start":{"line":803,"column":8},"end":{"line":803,"column":28095}},"178":{"start":{"line":804,"column":12},"end":{"line":804,"column":47}},"179":{"start":{"line":806,"column":12},"end":{"line":806,"column":50}},"180":{"start":{"line":808,"column":12},"end":{"line":808,"column":64}},"181":{"start":{"line":809,"column":12},"end":{"line":809,"column":73}},"182":{"start":{"line":811,"column":12},"end":{"line":811,"column":28474}},"183":{"start":{"line":812,"column":16},"end":{"line":812,"column":60}},"184":{"start":{"line":813,"column":16},"end":{"line":813,"column":77}},"185":{"start":{"line":815,"column":16},"end":{"line":815,"column":51}},"186":{"start":{"line":817,"column":16},"end":{"line":817,"column":28789}},"187":{"start":{"line":824,"column":8},"end":{"line":824,"column":42}},"188":{"start":{"line":837,"column":8},"end":{"line":837,"column":29513}},"189":{"start":{"line":838,"column":12},"end":{"line":838,"column":29579}},"190":{"start":{"line":839,"column":16},"end":{"line":839,"column":61}},"191":{"start":{"line":841,"column":16},"end":{"line":841,"column":29746}},"192":{"start":{"line":844,"column":20},"end":{"line":844,"column":72}},"193":{"start":{"line":849,"column":8},"end":{"line":849,"column":48}},"194":{"start":{"line":853,"column":8},"end":{"line":853,"column":15}},"195":{"start":{"line":857,"column":8},"end":{"line":857,"column":17}},"196":{"start":{"line":871,"column":8},"end":{"line":871,"column":58}},"197":{"start":{"line":872,"column":8},"end":{"line":872,"column":64}},"198":{"start":{"line":874,"column":8},"end":{"line":874,"column":20}},"199":{"start":{"line":884,"column":8},"end":{"line":884,"column":55}},"200":{"start":{"line":899,"column":8},"end":{"line":899,"column":54}},"201":{"start":{"line":901,"column":8},"end":{"line":901,"column":37}},"202":{"start":{"line":903,"column":8},"end":{"line":903,"column":37}},"203":{"start":{"line":910,"column":8},"end":{"line":910,"column":63}},"204":{"start":{"line":911,"column":8},"end":{"line":911,"column":53}}},"branchMap":{"1":{"line":165,"type":"if","locations":[{"start":{"line":165,"column":15},"end":{"line":165,"column":15}},{"start":{"line":165,"column":15},"end":{"line":165,"column":15}}]},"2":{"line":166,"type":"if","locations":[{"start":{"line":166,"column":8},"end":{"line":166,"column":8}},{"start":{"line":166,"column":8},"end":{"line":166,"column":8}}]},"3":{"line":166,"type":"cond-expr","locations":[{"start":{"line":166,"column":12},"end":{"line":166,"column":31}},{"start":{"line":166,"column":36},"end":{"line":166,"column":55}}]},"4":{"line":166,"type":"cond-expr","locations":[{"start":{"line":166,"column":12},"end":{"line":166,"column":55}},{"start":{"line":166,"column":60},"end":{"line":166,"column":79}}]},"5":{"line":213,"type":"if","locations":[{"start":{"line":213,"column":12},"end":{"line":213,"column":12}},{"start":{"line":213,"column":12},"end":{"line":213,"column":12}}]},"6":{"line":228,"type":"if","locations":[{"start":{"line":228,"column":33},"end":{"line":228,"column":47}},{"start":{"line":228,"column":51},"end":{"line":228,"column":51}}]},"7":{"line":278,"type":"if","locations":[{"start":{"line":278,"column":12},"end":{"line":278,"column":12}},{"start":{"line":278,"column":12},"end":{"line":278,"column":12}}]},"8":{"line":291,"type":"if","locations":[{"start":{"line":291,"column":8},"end":{"line":291,"column":8}},{"start":{"line":291,"column":8},"end":{"line":291,"column":8}}]},"9":{"line":317,"type":"if","locations":[{"start":{"line":317,"column":8},"end":{"line":317,"column":8}},{"start":{"line":317,"column":8},"end":{"line":317,"column":8}}]},"10":{"line":318,"type":"if","locations":[{"start":{"line":318,"column":8},"end":{"line":318,"column":8}},{"start":{"line":318,"column":8},"end":{"line":318,"column":8}}]},"11":{"line":319,"type":"if","locations":[{"start":{"line":319,"column":8},"end":{"line":319,"column":8}},{"start":{"line":319,"column":8},"end":{"line":319,"column":8}}]},"12":{"line":322,"type":"if","locations":[{"start":{"line":322,"column":8},"end":{"line":322,"column":8}},{"start":{"line":322,"column":8},"end":{"line":322,"column":8}}]},"13":{"line":331,"type":"if","locations":[{"start":{"line":331,"column":8},"end":{"line":331,"column":8}},{"start":{"line":331,"column":8},"end":{"line":331,"column":8}}]},"14":{"line":352,"type":"if","locations":[{"start":{"line":352,"column":8},"end":{"line":352,"column":8}},{"start":{"line":352,"column":8},"end":{"line":352,"column":8}}]},"15":{"line":353,"type":"if","locations":[{"start":{"line":353,"column":8},"end":{"line":353,"column":8}},{"start":{"line":353,"column":8},"end":{"line":353,"column":8}}]},"16":{"line":354,"type":"if","locations":[{"start":{"line":354,"column":8},"end":{"line":354,"column":8}},{"start":{"line":354,"column":8},"end":{"line":354,"column":8}}]},"17":{"line":357,"type":"if","locations":[{"start":{"line":357,"column":8},"end":{"line":357,"column":8}},{"start":{"line":357,"column":8},"end":{"line":357,"column":8}}]},"18":{"line":365,"type":"if","locations":[{"start":{"line":365,"column":8},"end":{"line":365,"column":8}},{"start":{"line":365,"column":8},"end":{"line":365,"column":8}}]},"19":{"line":375,"type":"if","locations":[{"start":{"line":375,"column":12},"end":{"line":375,"column":12}},{"start":{"line":375,"column":12},"end":{"line":375,"column":12}}]},"20":{"line":379,"type":"if","locations":[{"start":{"line":379,"column":12},"end":{"line":379,"column":12}},{"start":{"line":379,"column":12},"end":{"line":379,"column":12}}]},"21":{"line":415,"type":"if","locations":[{"start":{"line":415,"column":60},"end":{"line":415,"column":60}},{"start":{"line":415,"column":60},"end":{"line":415,"column":60}}]},"22":{"line":415,"type":"if","locations":[{"start":{"line":415,"column":73},"end":{"line":415,"column":73}},{"start":{"line":415,"column":73},"end":{"line":415,"column":73}}]},"23":{"line":415,"type":"if","locations":[{"start":{"line":415,"column":87},"end":{"line":415,"column":87}},{"start":{"line":415,"column":87},"end":{"line":415,"column":87}}]},"24":{"line":416,"type":"if","locations":[{"start":{"line":416,"column":8},"end":{"line":416,"column":8}},{"start":{"line":416,"column":8},"end":{"line":416,"column":8}}]},"25":{"line":423,"type":"if","locations":[{"start":{"line":423,"column":8},"end":{"line":423,"column":8}},{"start":{"line":423,"column":8},"end":{"line":423,"column":8}}]},"26":{"line":440,"type":"if","locations":[{"start":{"line":440,"column":59},"end":{"line":440,"column":59}},{"start":{"line":440,"column":59},"end":{"line":440,"column":59}}]},"27":{"line":440,"type":"if","locations":[{"start":{"line":440,"column":72},"end":{"line":440,"column":72}},{"start":{"line":440,"column":72},"end":{"line":440,"column":72}}]},"28":{"line":440,"type":"if","locations":[{"start":{"line":440,"column":86},"end":{"line":440,"column":86}},{"start":{"line":440,"column":86},"end":{"line":440,"column":86}}]},"29":{"line":441,"type":"if","locations":[{"start":{"line":441,"column":8},"end":{"line":441,"column":8}},{"start":{"line":441,"column":8},"end":{"line":441,"column":8}}]},"30":{"line":446,"type":"if","locations":[{"start":{"line":446,"column":8},"end":{"line":446,"column":8}},{"start":{"line":446,"column":8},"end":{"line":446,"column":8}}]},"31":{"line":452,"type":"if","locations":[{"start":{"line":452,"column":8},"end":{"line":452,"column":8}},{"start":{"line":452,"column":8},"end":{"line":452,"column":8}}]},"32":{"line":478,"type":"if","locations":[{"start":{"line":478,"column":12},"end":{"line":478,"column":12}},{"start":{"line":478,"column":12},"end":{"line":478,"column":12}}]},"33":{"line":483,"type":"if","locations":[{"start":{"line":483,"column":8},"end":{"line":483,"column":8}},{"start":{"line":483,"column":8},"end":{"line":483,"column":8}}]},"34":{"line":493,"type":"if","locations":[{"start":{"line":493,"column":12},"end":{"line":493,"column":12}},{"start":{"line":493,"column":12},"end":{"line":493,"column":12}}]},"35":{"line":499,"type":"if","locations":[{"start":{"line":499,"column":12},"end":{"line":499,"column":12}},{"start":{"line":499,"column":12},"end":{"line":499,"column":12}}]},"36":{"line":499,"type":"cond-expr","locations":[{"start":{"line":499,"column":16},"end":{"line":499,"column":36}},{"start":{"line":499,"column":41},"end":{"line":499,"column":67}}]},"37":{"line":503,"type":"if","locations":[{"start":{"line":503,"column":12},"end":{"line":503,"column":12}},{"start":{"line":503,"column":12},"end":{"line":503,"column":12}}]},"38":{"line":510,"type":"if","locations":[{"start":{"line":510,"column":12},"end":{"line":510,"column":12}},{"start":{"line":510,"column":12},"end":{"line":510,"column":12}}]},"39":{"line":544,"type":"if","locations":[{"start":{"line":544,"column":12},"end":{"line":544,"column":12}},{"start":{"line":544,"column":12},"end":{"line":544,"column":12}}]},"40":{"line":551,"type":"if","locations":[{"start":{"line":551,"column":8},"end":{"line":551,"column":8}},{"start":{"line":551,"column":8},"end":{"line":551,"column":8}}]},"41":{"line":556,"type":"if","locations":[{"start":{"line":556,"column":12},"end":{"line":556,"column":12}},{"start":{"line":556,"column":12},"end":{"line":556,"column":12}}]},"42":{"line":562,"type":"if","locations":[{"start":{"line":562,"column":12},"end":{"line":562,"column":12}},{"start":{"line":562,"column":12},"end":{"line":562,"column":12}}]},"43":{"line":566,"type":"if","locations":[{"start":{"line":566,"column":12},"end":{"line":566,"column":12}},{"start":{"line":566,"column":12},"end":{"line":566,"column":12}}]},"44":{"line":571,"type":"if","locations":[{"start":{"line":571,"column":12},"end":{"line":571,"column":12}},{"start":{"line":571,"column":12},"end":{"line":571,"column":12}}]},"45":{"line":572,"type":"if","locations":[{"start":{"line":572,"column":12},"end":{"line":572,"column":12}},{"start":{"line":572,"column":12},"end":{"line":572,"column":12}}]},"46":{"line":574,"type":"if","locations":[{"start":{"line":574,"column":12},"end":{"line":574,"column":12}},{"start":{"line":574,"column":12},"end":{"line":574,"column":12}}]},"47":{"line":578,"type":"if","locations":[{"start":{"line":578,"column":56},"end":{"line":578,"column":76}},{"start":{"line":578,"column":80},"end":{"line":578,"column":80}}]},"48":{"line":600,"type":"if","locations":[{"start":{"line":600,"column":8},"end":{"line":600,"column":8}},{"start":{"line":600,"column":8},"end":{"line":600,"column":8}}]},"49":{"line":606,"type":"if","locations":[{"start":{"line":606,"column":8},"end":{"line":606,"column":8}},{"start":{"line":606,"column":8},"end":{"line":606,"column":8}}]},"50":{"line":622,"type":"if","locations":[{"start":{"line":622,"column":35},"end":{"line":622,"column":35}},{"start":{"line":622,"column":35},"end":{"line":622,"column":35}}]},"51":{"line":629,"type":"if","locations":[{"start":{"line":629,"column":34},"end":{"line":629,"column":34}},{"start":{"line":629,"column":34},"end":{"line":629,"column":34}}]},"52":{"line":629,"type":"if","locations":[{"start":{"line":629,"column":47},"end":{"line":629,"column":47}},{"start":{"line":629,"column":47},"end":{"line":629,"column":47}}]},"53":{"line":634,"type":"if","locations":[{"start":{"line":634,"column":8},"end":{"line":634,"column":8}},{"start":{"line":634,"column":8},"end":{"line":634,"column":8}}]},"54":{"line":641,"type":"if","locations":[{"start":{"line":641,"column":8},"end":{"line":641,"column":8}},{"start":{"line":641,"column":8},"end":{"line":641,"column":8}}]},"55":{"line":646,"type":"if","locations":[{"start":{"line":646,"column":47},"end":{"line":646,"column":55}},{"start":{"line":646,"column":59},"end":{"line":646,"column":65}}]},"56":{"line":672,"type":"if","locations":[{"start":{"line":672,"column":15},"end":{"line":672,"column":15}},{"start":{"line":672,"column":15},"end":{"line":672,"column":15}}]},"57":{"line":673,"type":"if","locations":[{"start":{"line":673,"column":8},"end":{"line":673,"column":8}},{"start":{"line":673,"column":8},"end":{"line":673,"column":8}}]},"58":{"line":674,"type":"if","locations":[{"start":{"line":674,"column":8},"end":{"line":674,"column":8}},{"start":{"line":674,"column":8},"end":{"line":674,"column":8}}]},"59":{"line":675,"type":"if","locations":[{"start":{"line":675,"column":8},"end":{"line":675,"column":8}},{"start":{"line":675,"column":8},"end":{"line":675,"column":8}}]},"60":{"line":676,"type":"if","locations":[{"start":{"line":676,"column":8},"end":{"line":676,"column":8}},{"start":{"line":676,"column":8},"end":{"line":676,"column":8}}]},"61":{"line":676,"type":"cond-expr","locations":[{"start":{"line":676,"column":12},"end":{"line":676,"column":29}},{"start":{"line":676,"column":34},"end":{"line":676,"column":51}}]},"62":{"line":681,"type":"if","locations":[{"start":{"line":681,"column":12},"end":{"line":681,"column":12}},{"start":{"line":681,"column":12},"end":{"line":681,"column":12}}]},"63":{"line":685,"type":"if","locations":[{"start":{"line":685,"column":8},"end":{"line":685,"column":8}},{"start":{"line":685,"column":8},"end":{"line":685,"column":8}}]},"64":{"line":709,"type":"if","locations":[{"start":{"line":709,"column":55},"end":{"line":709,"column":55}},{"start":{"line":709,"column":55},"end":{"line":709,"column":55}}]},"65":{"line":710,"type":"if","locations":[{"start":{"line":710,"column":8},"end":{"line":710,"column":8}},{"start":{"line":710,"column":8},"end":{"line":710,"column":8}}]},"66":{"line":715,"type":"if","locations":[{"start":{"line":715,"column":8},"end":{"line":715,"column":8}},{"start":{"line":715,"column":8},"end":{"line":715,"column":8}}]},"67":{"line":717,"type":"if","locations":[{"start":{"line":717,"column":12},"end":{"line":717,"column":12}},{"start":{"line":717,"column":12},"end":{"line":717,"column":12}}]},"68":{"line":719,"type":"if","locations":[{"start":{"line":719,"column":16},"end":{"line":719,"column":16}},{"start":{"line":719,"column":16},"end":{"line":719,"column":16}}]},"69":{"line":746,"type":"if","locations":[{"start":{"line":746,"column":15},"end":{"line":746,"column":15}},{"start":{"line":746,"column":15},"end":{"line":746,"column":15}}]},"70":{"line":747,"type":"if","locations":[{"start":{"line":747,"column":8},"end":{"line":747,"column":8}},{"start":{"line":747,"column":8},"end":{"line":747,"column":8}}]},"71":{"line":754,"type":"if","locations":[{"start":{"line":754,"column":12},"end":{"line":754,"column":12}},{"start":{"line":754,"column":12},"end":{"line":754,"column":12}}]},"72":{"line":758,"type":"if","locations":[{"start":{"line":758,"column":8},"end":{"line":758,"column":8}},{"start":{"line":758,"column":8},"end":{"line":758,"column":8}}]},"73":{"line":775,"type":"if","locations":[{"start":{"line":775,"column":34},"end":{"line":775,"column":34}},{"start":{"line":775,"column":34},"end":{"line":775,"column":34}}]},"74":{"line":775,"type":"if","locations":[{"start":{"line":775,"column":47},"end":{"line":775,"column":47}},{"start":{"line":775,"column":47},"end":{"line":775,"column":47}}]},"75":{"line":780,"type":"if","locations":[{"start":{"line":780,"column":8},"end":{"line":780,"column":8}},{"start":{"line":780,"column":8},"end":{"line":780,"column":8}}]},"76":{"line":784,"type":"if","locations":[{"start":{"line":784,"column":12},"end":{"line":784,"column":12}},{"start":{"line":784,"column":12},"end":{"line":784,"column":12}}]},"77":{"line":791,"type":"if","locations":[{"start":{"line":791,"column":12},"end":{"line":791,"column":12}},{"start":{"line":791,"column":12},"end":{"line":791,"column":12}}]},"78":{"line":801,"type":"if","locations":[{"start":{"line":801,"column":57},"end":{"line":801,"column":82}},{"start":{"line":801,"column":86},"end":{"line":801,"column":86}}]},"79":{"line":804,"type":"if","locations":[{"start":{"line":804,"column":12},"end":{"line":804,"column":12}},{"start":{"line":804,"column":12},"end":{"line":804,"column":12}}]},"80":{"line":811,"type":"if","locations":[{"start":{"line":811,"column":12},"end":{"line":811,"column":12}},{"start":{"line":811,"column":12},"end":{"line":811,"column":12}}]},"81":{"line":813,"type":"if","locations":[{"start":{"line":813,"column":58},"end":{"line":813,"column":64}},{"start":{"line":813,"column":68},"end":{"line":813,"column":76}}]},"82":{"line":836,"type":"if","locations":[{"start":{"line":836,"column":45},"end":{"line":836,"column":45}},{"start":{"line":836,"column":45},"end":{"line":836,"column":45}}]},"83":{"line":838,"type":"if","locations":[{"start":{"line":838,"column":12},"end":{"line":838,"column":12}},{"start":{"line":838,"column":12},"end":{"line":838,"column":12}}]},"84":{"line":852,"type":"if","locations":[{"start":{"line":852,"column":30},"end":{"line":852,"column":30}},{"start":{"line":852,"column":30},"end":{"line":852,"column":30}}]},"85":{"line":856,"type":"if","locations":[{"start":{"line":856,"column":32},"end":{"line":856,"column":32}},{"start":{"line":856,"column":32},"end":{"line":856,"column":32}}]},"86":{"line":870,"type":"if","locations":[{"start":{"line":870,"column":15},"end":{"line":870,"column":15}},{"start":{"line":870,"column":15},"end":{"line":870,"column":15}}]},"87":{"line":871,"type":"if","locations":[{"start":{"line":871,"column":8},"end":{"line":871,"column":8}},{"start":{"line":871,"column":8},"end":{"line":871,"column":8}}]},"88":{"line":872,"type":"if","locations":[{"start":{"line":872,"column":8},"end":{"line":872,"column":8}},{"start":{"line":872,"column":8},"end":{"line":872,"column":8}}]},"89":{"line":883,"type":"if","locations":[{"start":{"line":883,"column":57},"end":{"line":883,"column":57}},{"start":{"line":883,"column":57},"end":{"line":883,"column":57}}]},"90":{"line":884,"type":"if","locations":[{"start":{"line":884,"column":8},"end":{"line":884,"column":8}},{"start":{"line":884,"column":8},"end":{"line":884,"column":8}}]},"91":{"line":891,"type":"if","locations":[{"start":{"line":891,"column":61},"end":{"line":891,"column":61}},{"start":{"line":891,"column":61},"end":{"line":891,"column":61}}]},"92":{"line":898,"type":"if","locations":[{"start":{"line":898,"column":47},"end":{"line":898,"column":47}},{"start":{"line":898,"column":47},"end":{"line":898,"column":47}}]},"93":{"line":899,"type":"if","locations":[{"start":{"line":899,"column":8},"end":{"line":899,"column":8}},{"start":{"line":899,"column":8},"end":{"line":899,"column":8}}]},"94":{"line":909,"type":"if","locations":[{"start":{"line":909,"column":66},"end":{"line":909,"column":66}},{"start":{"line":909,"column":66},"end":{"line":909,"column":66}}]},"95":{"line":910,"type":"if","locations":[{"start":{"line":910,"column":8},"end":{"line":910,"column":8}},{"start":{"line":910,"column":8},"end":{"line":910,"column":8}}]},"96":{"line":917,"type":"if","locations":[{"start":{"line":917,"column":58},"end":{"line":917,"column":58}},{"start":{"line":917,"column":58},"end":{"line":917,"column":58}}]}}}}