<?xml version='1.0' ?><testsuites errors="0" failures="7" tests="286"><testsuite name="./AuditReceipts.daml" tests="0" /><testsuite name="./CantonBoostPool.daml" tests="0" /><testsuite name="./CantonBoostPoolTest.daml" tests="25"><testcase name="test_ObserverUpdate" classname="./CantonBoostPoolTest.daml" /><testcase name="test_CantonPriceSync" classname="./CantonBoostPoolTest.daml" /><testcase name="test_CapRatioUpdate" classname="./CantonBoostPoolTest.daml" /><testcase name="test_FeeUpdate" classname="./CantonBoostPoolTest.daml" /><testcase name="test_InvalidReward" classname="./CantonBoostPoolTest.daml" /><testcase name="test_NonOperatorAdmin" classname="./CantonBoostPoolTest.daml" /><testcase name="test_RewardEpochSequential" classname="./CantonBoostPoolTest.daml" /><testcase name="test_SharePriceSync" classname="./CantonBoostPoolTest.daml" /><testcase name="test_CantonCoinSplit" classname="./CantonBoostPoolTest.daml" /><testcase name="test_CantonCoinTransferReject" classname="./CantonBoostPoolTest.daml" /><testcase name="test_CantonCoinTransfer" classname="./CantonBoostPoolTest.daml" /><testcase name="test_CapScalesWithSharePrice" classname="./CantonBoostPoolTest.daml" /><testcase name="test_CooldownEnforcement" classname="./CantonBoostPoolTest.daml" /><testcase name="test_DepositCapEnforcement" classname="./CantonBoostPoolTest.daml" /><testcase name="test_FullLifecycle" classname="./CantonBoostPoolTest.daml" /><testcase name="test_MultipleDepositors" classname="./CantonBoostPoolTest.daml" /><testcase name="test_PauseUnpause" classname="./CantonBoostPoolTest.daml" /><testcase name="test_ProtocolRewardWithdraw" classname="./CantonBoostPoolTest.daml" /><testcase name="test_RewardDistribution" classname="./CantonBoostPoolTest.daml" /><testcase name="test_UnauthorizedDeposit" classname="./CantonBoostPoolTest.daml" /><testcase name="test_UnauthorizedWithdraw" classname="./CantonBoostPoolTest.daml" /><testcase name="test_WithdrawFlow" classname="./CantonBoostPoolTest.daml" /><testcase name="test_LPSplit" classname="./CantonBoostPoolTest.daml" /><testcase name="test_BasicDeposit" classname="./CantonBoostPoolTest.daml" /><testcase name="test_LPTransfer" classname="./CantonBoostPoolTest.daml"><failure>Script execution failed on commit at CantonBoostPoolTest:1202:18: Attempt to fetch or exercise a contract not visible to the reading parties. Contract:  #3:0 (Compliance:ComplianceRegistry) actAs: &#39;Alice-92bba5ca&#39; readAs: Disclosed to: &#39;Alice-92bba5ca&#39;, &#39;Bob-50de9824&#39;, &#39;Operator-b7a3b82e&#39;, &#39;Regulator-26de703c&#39;</failure></testcase></testsuite><testsuite name="./CantonCoinToken.daml" tests="0" /><testsuite name="./CantonDirectMint.daml" tests="0" /><testsuite name="./CantonDirectMintTest.daml" tests="33"><testcase name="test_CantonMUSDMerge" classname="./CantonDirectMintTest.daml" /><testcase name="test_CantonMUSDSplit" classname="./CantonDirectMintTest.daml" /><testcase name="test_CantonMUSDTransferReject" classname="./CantonDirectMintTest.daml" /><testcase name="test_CantonMUSDTransferCancel" classname="./CantonDirectMintTest.daml" /><testcase name="test_CantonMUSDTransfer" classname="./CantonDirectMintTest.daml" /><testcase name="test_BurnProposalAccept" classname="./CantonDirectMintTest.daml" /><testcase name="test_BurnProposalCancel" classname="./CantonDirectMintTest.daml" /><testcase name="test_BurnProposalReject" classname="./CantonDirectMintTest.daml" /><testcase name="test_GovernanceDailyLimit" classname="./CantonDirectMintTest.daml" /><testcase name="test_GovernanceSupplyCapUpdate" classname="./CantonDirectMintTest.daml" /><testcase name="test_WrongGovActionTypeFails" classname="./CantonDirectMintTest.daml" /><testcase name="test_BurnRateLimiter" classname="./CantonDirectMintTest.daml" /><testcase name="test_BurnRateLimiterUpdate" classname="./CantonDirectMintTest.daml" /><testcase name="test_ReserveTracker" classname="./CantonDirectMintTest.daml" /><testcase name="test_MintWithUSDCx" classname="./CantonDirectMintTest.daml" /><testcase name="test_USDCxBurn" classname="./CantonDirectMintTest.daml" /><testcase name="test_USDCxSplit" classname="./CantonDirectMintTest.daml" /><testcase name="test_USDCxTransfer" classname="./CantonDirectMintTest.daml" /><testcase name="test_BelowMinFails" classname="./CantonDirectMintTest.daml" /><testcase name="test_BlacklistedCannotMint" classname="./CantonDirectMintTest.daml" /><testcase name="test_DailyMintRateLimit" classname="./CantonDirectMintTest.daml" /><testcase name="test_GovernanceWithdrawFees" classname="./CantonDirectMintTest.daml" /><testcase name="test_PausedMintFails" classname="./CantonDirectMintTest.daml" /><testcase name="test_SupplyCapEnforced" classname="./CantonDirectMintTest.daml" /><testcase name="test_CantonUSDCReject" classname="./CantonDirectMintTest.daml" /><testcase name="test_CantonUSDCSplit" classname="./CantonDirectMintTest.daml" /><testcase name="test_CantonUSDCTransfer" classname="./CantonDirectMintTest.daml" /><testcase name="test_BasicMint" classname="./CantonDirectMintTest.daml" /><testcase name="test_BridgeOutComplete" classname="./CantonDirectMintTest.daml" /><testcase name="test_BridgeOutFailAndRefund" classname="./CantonDirectMintTest.daml" /><testcase name="test_FullLifecycle" classname="./CantonDirectMintTest.daml" /><testcase name="test_RedeemFlow" classname="./CantonDirectMintTest.daml" /><testcase name="test_RedemptionFulfill" classname="./CantonDirectMintTest.daml" /></testsuite><testsuite name="./CantonETHPool.daml" tests="0" /><testsuite name="./CantonETHPoolTest.daml" tests="20"><testcase name="test_TierMultipliers" classname="./CantonETHPoolTest.daml" /><testcase name="test_TierDurations" classname="./CantonETHPoolTest.daml" /><testcase name="test_SmUsdECreation" classname="./CantonETHPoolTest.daml" /><testcase name="test_SmUsdEMerge" classname="./CantonETHPoolTest.daml" /><testcase name="test_SmUsdEMergePreservesLatestUnlock" classname="./CantonETHPoolTest.daml" /><testcase name="test_SmUsdEMergeTierMismatchFails" classname="./CantonETHPoolTest.daml" /><testcase name="test_SmUsdESplit" classname="./CantonETHPoolTest.daml" /><testcase name="test_SmUsdETransferCancel" classname="./CantonETHPoolTest.daml" /><testcase name="test_SmUsdETransfer" classname="./CantonETHPoolTest.daml" /><testcase name="test_CantonCoinPriceChangeTooBig" classname="./CantonETHPoolTest.daml" /><testcase name="test_SyncSharePriceTooLarge" classname="./CantonETHPoolTest.daml" /><testcase name="test_SetCantonCoinPrice" classname="./CantonETHPoolTest.daml" /><testcase name="test_SetMintCap" classname="./CantonETHPoolTest.daml" /><testcase name="test_SetPaused" classname="./CantonETHPoolTest.daml" /><testcase name="test_SetPoolCap" classname="./CantonETHPoolTest.daml" /><testcase name="test_SyncSharePrice" classname="./CantonETHPoolTest.daml" /><testcase name="test_SyncSharePriceNonSequentialFails" classname="./CantonETHPoolTest.daml" /><testcase name="test_UnstakeLockedFails" classname="./CantonETHPoolTest.daml" /><testcase name="test_UnstakePausedFails" classname="./CantonETHPoolTest.daml" /><testcase name="test_UnstakeExpiredLock" classname="./CantonETHPoolTest.daml" /></testsuite><testsuite name="./CantonLending.daml" tests="0" /><testsuite name="./CantonLendingTest.daml" tests="30"><testcase name="testEscrowAddCollateral" classname="./CantonLendingTest.daml" /><testcase name="testEscrowPartialWithdraw" classname="./CantonLendingTest.daml" /><testcase name="testEscrowSeize" classname="./CantonLendingTest.daml" /><testcase name="testEscrowSeizeFull" classname="./CantonLendingTest.daml" /><testcase name="testDebtAccrual" classname="./CantonLendingTest.daml" /><testcase name="testDebtRateUpdate" classname="./CantonLendingTest.daml" /><testcase name="setupTest" classname="./CantonLendingTest.daml" /><testcase name="testBorrowExceedsLTV" classname="./CantonLendingTest.daml" /><testcase name="testDepositCTN" classname="./CantonLendingTest.daml" /><testcase name="testDepositFailsWhenPaused" classname="./CantonLendingTest.daml" /><testcase name="testPriceFeedCreate" classname="./CantonLendingTest.daml" /><testcase name="testPriceFeedEmergencyOverride" classname="./CantonLendingTest.daml"><failure>Script execution failed on commit at CantonLendingTest:169:30: Failed with status: UNHANDLED_EXCEPTION/DA.Exception.AssertionFailed:AssertionFailed: EMERGENCY_UPDATE_COOLDOWN Using Canton Error Category InvalidGivenCurrentSystemStateOther</failure></testcase><testcase name="testPriceFeedMovementCap" classname="./CantonLendingTest.daml" /><testcase name="testPriceFeedStaleness" classname="./CantonLendingTest.daml" /><testcase name="testPriceFeedUpdate" classname="./CantonLendingTest.daml" /><testcase name="testDepositSMUSD" classname="./CantonLendingTest.daml" /><testcase name="testFullLifecycle" classname="./CantonLendingTest.daml" /><testcase name="testBorrowAgainstSMUSDHighLTV" classname="./CantonLendingTest.daml" /><testcase name="testUnauthorizedDeposit" classname="./CantonLendingTest.daml" /><testcase name="testPauseUnpause" classname="./CantonLendingTest.daml" /><testcase name="testUpdateInterestRate" classname="./CantonLendingTest.daml" /><testcase name="testUpdateCollateralConfig" classname="./CantonLendingTest.daml" /><testcase name="testMultiCollateralBorrow" classname="./CantonLendingTest.daml" /><testcase name="testWithdrawCollateral" classname="./CantonLendingTest.daml" /><testcase name="testRepayDebt" classname="./CantonLendingTest.daml" /><testcase name="testBorrowBelowMinimum" classname="./CantonLendingTest.daml" /><testcase name="testBorrowAgainstCTN" classname="./CantonLendingTest.daml" /><testcase name="testLiquidationHealthyPositionFails" classname="./CantonLendingTest.daml" /><testcase name="testWithdrawReserves" classname="./CantonLendingTest.daml" /><testcase name="testLiquidation" classname="./CantonLendingTest.daml"><failure>Script execution failed on commit at CantonLendingTest:473:34: Failed with status: UNHANDLED_EXCEPTION/DA.Exception.AssertionFailed:AssertionFailed: EMERGENCY_UPDATE_COOLDOWN Using Canton Error Category InvalidGivenCurrentSystemStateOther</failure></testcase></testsuite><testsuite name="./CantonLoopStrategy.daml" tests="0" /><testsuite name="./CantonLoopStrategyTest.daml" tests="27"><testcase name="testStrategyEstimate" classname="./CantonLoopStrategyTest.daml" /><testcase name="testNetAPYCalculation" classname="./CantonLoopStrategyTest.daml" /><testcase name="testLeverageCalculation" classname="./CantonLoopStrategyTest.daml" /><testcase name="testHealthFactorCalculation" classname="./CantonLoopStrategyTest.daml" /><testcase name="setupLoopTest" classname="./CantonLoopStrategyTest.daml" /><testcase name="testConfigCreation" classname="./CantonLoopStrategyTest.daml" /><testcase name="testLoopRequestCancel" classname="./CantonLoopStrategyTest.daml" /><testcase name="testLoopRequestCtnDeposit" classname="./CantonLoopStrategyTest.daml" /><testcase name="testLoopRequestExecute" classname="./CantonLoopStrategyTest.daml" /><testcase name="testLoopRequestUsdcxDeposit" classname="./CantonLoopStrategyTest.daml" /><testcase name="testUnwindRejectDoubleUnwind" classname="./CantonLoopStrategyTest.daml" /><testcase name="testConfigSetComplianceRegistry" classname="./CantonLoopStrategyTest.daml" /><testcase name="testConfigUpdateMaxLoops" classname="./CantonLoopStrategyTest.daml" /><testcase name="testConfigUpdateMinHealthFactor" classname="./CantonLoopStrategyTest.daml" /><testcase name="testConfigUpdateTargetLtv" classname="./CantonLoopStrategyTest.daml" /><testcase name="testConfigUpdateCtnTargetLtv" classname="./CantonLoopStrategyTest.daml" /><testcase name="testLoopRequestRejectsBlacklisted" classname="./CantonLoopStrategyTest.daml" /><testcase name="testConfigRejectUnsafeValues" classname="./CantonLoopStrategyTest.daml" /><testcase name="testConfigRejectWrongActionType" classname="./CantonLoopStrategyTest.daml" /><testcase name="testUnwindMinReturnFloor" classname="./CantonLoopStrategyTest.daml" /><testcase name="testUnwindRejectsBlacklistedUser" classname="./CantonLoopStrategyTest.daml" /><testcase name="testUnwindCancel" classname="./CantonLoopStrategyTest.daml" /><testcase name="testRecordLoop" classname="./CantonLoopStrategyTest.daml" /><testcase name="testRecordLoopMaxReached" classname="./CantonLoopStrategyTest.daml" /><testcase name="testUnwindLifecycle" classname="./CantonLoopStrategyTest.daml" /><testcase name="testUnwindRequiresMusdBurnWhenDebt" classname="./CantonLoopStrategyTest.daml" /><testcase name="testUnwindSmusdCountMismatch" classname="./CantonLoopStrategyTest.daml" /></testsuite><testsuite name="./CantonSMUSD.daml" tests="0" /><testsuite name="./CantonYBStaking.daml" tests="0" /><testsuite name="./Compliance.daml" tests="0" /><testsuite name="./ComplianceExtendedTest.daml" tests="18"><testcase name="test_BulkBlacklistEmptyFails" classname="./ComplianceExtendedTest.daml" /><testcase name="test_DoubleBlacklistFails" classname="./ComplianceExtendedTest.daml" /><testcase name="test_EmptyReasonFails" classname="./ComplianceExtendedTest.daml" /><testcase name="test_UnblacklistNotBlacklistedFails" classname="./ComplianceExtendedTest.daml" /><testcase name="test_ValidateMintClean" classname="./ComplianceExtendedTest.daml" /><testcase name="test_BlacklistUser" classname="./ComplianceExtendedTest.daml" /><testcase name="test_BulkBlacklist" classname="./ComplianceExtendedTest.daml" /><testcase name="test_FreezeUser" classname="./ComplianceExtendedTest.daml" /><testcase name="test_FrozenCanReceive" classname="./ComplianceExtendedTest.daml" /><testcase name="test_IsCompliant" classname="./ComplianceExtendedTest.daml" /><testcase name="test_RemoveFromBlacklist" classname="./ComplianceExtendedTest.daml" /><testcase name="test_UnfreezeUser" classname="./ComplianceExtendedTest.daml" /><testcase name="test_ValidateMintBlacklisted" classname="./ComplianceExtendedTest.daml" /><testcase name="test_ValidateRedemptionBlacklisted" classname="./ComplianceExtendedTest.daml" /><testcase name="test_ValidateRedemptionFrozen" classname="./ComplianceExtendedTest.daml" /><testcase name="test_ValidateTransferReceiverBlacklisted" classname="./ComplianceExtendedTest.daml" /><testcase name="test_ValidateTransferSenderBlacklisted" classname="./ComplianceExtendedTest.daml" /><testcase name="test_ValidateTransferSenderFrozen" classname="./ComplianceExtendedTest.daml" /></testsuite><testsuite name="./CrossModuleIntegrationTest.daml" tests="9"><testcase name="testHealthyPositionNotLiquidatable" classname="./CrossModuleIntegrationTest.daml" /><testcase name="testLendingFullCycleIntegration" classname="./CrossModuleIntegrationTest.daml" /><testcase name="testMintStakeUnstakeFlow" classname="./CrossModuleIntegrationTest.daml" /><testcase name="testSharePriceDecreaseTooLargeRejected" classname="./CrossModuleIntegrationTest.daml" /><testcase name="testSharePriceIncreaseTooLargeRejected" classname="./CrossModuleIntegrationTest.daml" /><testcase name="testSharePriceSyncWithinBounds" classname="./CrossModuleIntegrationTest.daml" /><testcase name="testComplianceBlocksBlacklistedTransfer" classname="./CrossModuleIntegrationTest.daml" /><testcase name="testLiquidationFlow" classname="./CrossModuleIntegrationTest.daml"><failure>Script execution failed on commit at CrossModuleIntegrationTest:448:21: Failed with status: UNHANDLED_EXCEPTION/DA.Exception.AssertionFailed:AssertionFailed: EMERGENCY_UPDATE_COOLDOWN Using Canton Error Category InvalidGivenCurrentSystemStateOther</failure></testcase><testcase name="testSupplyCapCoordination" classname="./CrossModuleIntegrationTest.daml" /></testsuite><testsuite name="./Governance.daml" tests="0" /><testsuite name="./GovernanceExtendedTest.daml" tests="21"><testcase name="test_DuplicateTriggerFails" classname="./GovernanceExtendedTest.daml" /><testcase name="test_EmergencyPauseThreshold" classname="./GovernanceExtendedTest.daml" /><testcase name="test_EmergencyPauseTrigger" classname="./GovernanceExtendedTest.daml" /><testcase name="test_IsPaused" classname="./GovernanceExtendedTest.daml" /><testcase name="test_EmergencyPauseResume" classname="./GovernanceExtendedTest.daml" /><testcase name="test_ConsumeProof" classname="./GovernanceExtendedTest.daml" /><testcase name="test_AddMinter" classname="./GovernanceExtendedTest.daml" /><testcase name="test_MintQuotaExceededFails" classname="./GovernanceExtendedTest.daml" /><testcase name="test_RemoveMinter" classname="./GovernanceExtendedTest.daml" /><testcase name="test_ReplenishQuota" classname="./GovernanceExtendedTest.daml" /><testcase name="test_UseMintQuota" classname="./GovernanceExtendedTest.daml" /><testcase name="setupGov" classname="./GovernanceExtendedTest.daml" /><testcase name="test_GetThreshold" classname="./GovernanceExtendedTest.daml" /><testcase name="test_HasRole" classname="./GovernanceExtendedTest.daml" /><testcase name="test_ApproveProposal" classname="./GovernanceExtendedTest.daml" /><testcase name="test_CancelProposal" classname="./GovernanceExtendedTest.daml" /><testcase name="test_CreateProposal" classname="./GovernanceExtendedTest.daml" /><testcase name="test_ExecuteBeforeTimelockFails" classname="./GovernanceExtendedTest.daml" /><testcase name="test_ExecuteInsufficientApprovalsFails" classname="./GovernanceExtendedTest.daml" /><testcase name="test_ExecuteProposal" classname="./GovernanceExtendedTest.daml" /><testcase name="test_RejectProposal" classname="./GovernanceExtendedTest.daml" /></testsuite><testsuite name="./InterestRateService.daml" tests="0" /><testsuite name="./InterestRateServiceTest.daml" tests="16"><testcase name="test_InterestPaymentRecord" classname="./InterestRateServiceTest.daml" /><testcase name="test_AboveKinkBorrowRate" classname="./InterestRateServiceTest.daml" /><testcase name="test_AtKinkBoundary" classname="./InterestRateServiceTest.daml" /><testcase name="test_BelowKinkBorrowRate" classname="./InterestRateServiceTest.daml" /><testcase name="test_CalculateInterest" classname="./InterestRateServiceTest.daml" /><testcase name="test_EmptyAttestationRejected" classname="./InterestRateServiceTest.daml" /><testcase name="test_MaxRateCapEnforced" classname="./InterestRateServiceTest.daml" /><testcase name="test_SplitInterest" classname="./InterestRateServiceTest.daml" /><testcase name="test_StaleDataRejected" classname="./InterestRateServiceTest.daml" /><testcase name="test_SupplyRate" classname="./InterestRateServiceTest.daml" /><testcase name="test_SyncMarketState" classname="./InterestRateServiceTest.daml" /><testcase name="test_UpdateParams" classname="./InterestRateServiceTest.daml" /><testcase name="test_ZeroDurationFails" classname="./InterestRateServiceTest.daml" /><testcase name="test_ZeroPrincipalFails" classname="./InterestRateServiceTest.daml" /><testcase name="test_ZeroSupplyUtilization" classname="./InterestRateServiceTest.daml" /><testcase name="test_ZeroUtilization" classname="./InterestRateServiceTest.daml" /></testsuite><testsuite name="./NegativeTests.daml" tests="14"><testcase name="test_FrozenPartyCannotOperate" classname="./NegativeTests.daml" /><testcase name="test_SupplyCapEnforced" classname="./NegativeTests.daml" /><testcase name="test_UnauthorizedLargeMintApproval" classname="./NegativeTests.daml" /><testcase name="test_UnauthorizedMint" classname="./NegativeTests.daml" /><testcase name="test_BlacklistedCannotTransfer" classname="./NegativeTests.daml" /><testcase name="test_DoubleSpendPrevented" classname="./NegativeTests.daml"><failure>Script execution failed on commit at NegativeTests:457:18: Attempt to fetch or exercise a contract not visible to the reading parties. Contract:  #1:0 (Compliance:ComplianceRegistry) actAs: &#39;Owner-2c751bb8&#39; readAs: Disclosed to: &#39;Operator-3acd7723&#39;, &#39;Regulator-c62d012b&#39;</failure></testcase><testcase name="test_InvalidAmountRejected" classname="./NegativeTests.daml" /><testcase name="test_InvalidSplitRejected" classname="./NegativeTests.daml" /><testcase name="test_UnauthorizedTransfer" classname="./NegativeTests.daml" /><testcase name="test_InsufficientApprovalsRejected" classname="./NegativeTests.daml" /><testcase name="test_NonGovernorCannotApprove" classname="./NegativeTests.daml" /><testcase name="test_UnauthorizedUpgradeActivation" classname="./NegativeTests.daml" /><testcase name="test_UnauthorizedUpgradeApproval" classname="./NegativeTests.daml" /><testcase name="runAllNegativeTests" classname="./NegativeTests.daml"><failure>Script execution failed on commit at NegativeTests:457:18: Attempt to fetch or exercise a contract not visible to the reading parties. Contract:  #27:0 (Compliance:ComplianceRegistry) actAs: &#39;Owner-2c32b3e6&#39; readAs: Disclosed to: &#39;Operator-830bf3e7&#39;, &#39;Regulator-a5cc5123&#39;</failure></testcase></testsuite><testsuite name="./Upgrade.daml" tests="0" /><testsuite name="./UpgradeTest.daml" tests="14"><testcase name="test_ActivateBeforeDelayFails" classname="./UpgradeTest.daml" /><testcase name="test_ActivateUpgradeProposal" classname="./UpgradeTest.daml" /><testcase name="test_ApproveUpgradeProposal" classname="./UpgradeTest.daml" /><testcase name="test_CancelUpgradeProposal" classname="./UpgradeTest.daml" /><testcase name="test_CreateUpgradeProposal" classname="./UpgradeTest.daml" /><testcase name="test_InsufficientApprovalsActivationFails" classname="./UpgradeTest.daml" /><testcase name="setupUpgrade" classname="./UpgradeTest.daml" /><testcase name="test_CompleteUpgrade" classname="./UpgradeTest.daml" /><testcase name="test_EmergencyRollback" classname="./UpgradeTest.daml" /><testcase name="test_FullUpgradeLifecycle" classname="./UpgradeTest.daml" /><testcase name="test_RecordMigration" classname="./UpgradeTest.daml" /><testcase name="test_MigrationLogCreated" classname="./UpgradeTest.daml" /><testcase name="test_MigrationTicketCancel" classname="./UpgradeTest.daml" /><testcase name="test_MigrationTicketExecute" classname="./UpgradeTest.daml" /></testsuite><testsuite name="./UserPrivacySettings.daml" tests="0" /><testsuite name="./UserPrivacySettingsTest.daml" tests="24"><testcase name="testObserverOnCantonCoin" classname="./UserPrivacySettingsTest.daml" /><testcase name="testDefaultPrivacy" classname="./UserPrivacySettingsTest.daml" /><testcase name="testPrivatePositionInvisible" classname="./UserPrivacySettingsTest.daml" /><testcase name="testBulkSetMismatchFails" classname="./UserPrivacySettingsTest.daml" /><testcase name="testCannotObserveOperator" classname="./UserPrivacySettingsTest.daml" /><testcase name="testCannotObserveSelf" classname="./UserPrivacySettingsTest.daml" /><testcase name="testDuplicateObserverFails" classname="./UserPrivacySettingsTest.daml" /><testcase name="testEmptyLabelFails" classname="./UserPrivacySettingsTest.daml" /><testcase name="testGetSettings" classname="./UserPrivacySettingsTest.daml" /><testcase name="testObserverPropagationToMUSD" classname="./UserPrivacySettingsTest.daml" /><testcase name="testRemoveNonExistentFails" classname="./UserPrivacySettingsTest.daml" /><testcase name="testUnauthorizedGetSettings" classname="./UserPrivacySettingsTest.daml" /><testcase name="testAddMultipleObservers" classname="./UserPrivacySettingsTest.daml" /><testcase name="testAddObserver" classname="./UserPrivacySettingsTest.daml" /><testcase name="testBulkSetEmptyGoesPrivate" classname="./UserPrivacySettingsTest.daml" /><testcase name="testBulkSetObservers" classname="./UserPrivacySettingsTest.daml" /><testcase name="testCreatePrivateSettings" classname="./UserPrivacySettingsTest.daml" /><testcase name="testFullyPrivateEnsure" classname="./UserPrivacySettingsTest.daml" /><testcase name="testGoPrivate" classname="./UserPrivacySettingsTest.daml" /><testcase name="testRemoveLastObserverGoesPrivate" classname="./UserPrivacySettingsTest.daml" /><testcase name="testRemoveObserver" classname="./UserPrivacySettingsTest.daml" /><testcase name="testUniqueSettingsKey" classname="./UserPrivacySettingsTest.daml"><failure>Script execution failed on commit at UserPrivacySettingsTest:602:3: Aborted:  Expected submit to fail but it succeeded</failure></testcase><testcase name="testObserverOnEscrow" classname="./UserPrivacySettingsTest.daml" /><testcase name="testObserverOnDebtPosition" classname="./UserPrivacySettingsTest.daml" /></testsuite><testsuite name="./V3ProtocolExtendedTest.daml" tests="35"><testcase name="test_CooldownTicketSplit" classname="./V3ProtocolExtendedTest.daml" /><testcase name="test_CooldownTicketTransfer" classname="./V3ProtocolExtendedTest.daml" /><testcase name="test_BridgeOutRequestLifecycle" classname="./V3ProtocolExtendedTest.daml" /><testcase name="test_AttestationCancel" classname="./V3ProtocolExtendedTest.daml" /><testcase name="test_AttestationDuplicateSignFails" classname="./V3ProtocolExtendedTest.daml" /><testcase name="test_AttestationSignAndComplete" classname="./V3ProtocolExtendedTest.daml" /><testcase name="test_MUSDBlacklistedCannotTransfer" classname="./V3ProtocolExtendedTest.daml" /><testcase name="test_MUSDCreation" classname="./V3ProtocolExtendedTest.daml" /><testcase name="test_MUSDMerge" classname="./V3ProtocolExtendedTest.daml" /><testcase name="test_MUSDSetBlacklist" classname="./V3ProtocolExtendedTest.daml" /><testcase name="test_MUSDSplit" classname="./V3ProtocolExtendedTest.daml" /><testcase name="test_BridgeInComplete" classname="./V3ProtocolExtendedTest.daml" /><testcase name="test_BridgeAssignNonce" classname="./V3ProtocolExtendedTest.daml" /><testcase name="test_BridgePauseUnpause" classname="./V3ProtocolExtendedTest.daml" /><testcase name="test_BridgeUpdateValidators" classname="./V3ProtocolExtendedTest.daml" /><testcase name="test_OracleGetPrice" classname="./V3ProtocolExtendedTest.daml" /><testcase name="test_OracleMoveTooLargeFails" classname="./V3ProtocolExtendedTest.daml" /><testcase name="test_OracleUpdatePrice" classname="./V3ProtocolExtendedTest.daml" /><testcase name="test_LargeMintRequiresApproval" classname="./V3ProtocolExtendedTest.daml" /><testcase name="test_LargeMintWithApproval" classname="./V3ProtocolExtendedTest.daml" /><testcase name="test_SupplyCapExceeded" classname="./V3ProtocolExtendedTest.daml" /><testcase name="test_SupplyServiceBurn" classname="./V3ProtocolExtendedTest.daml" /><testcase name="test_LiquidationOrderClaim" classname="./V3ProtocolExtendedTest.daml" /><testcase name="test_LiquidationOrderComplete" classname="./V3ProtocolExtendedTest.daml" /><testcase name="test_OpenVault" classname="./V3ProtocolExtendedTest.daml" /><testcase name="test_ReleaseExpiredClaim" classname="./V3ProtocolExtendedTest.daml" /><testcase name="test_SupplyServiceVaultMint" classname="./V3ProtocolExtendedTest.daml" /><testcase name="test_VaultRepay" classname="./V3ProtocolExtendedTest.daml" /><testcase name="test_VaultSyncInterestRate" classname="./V3ProtocolExtendedTest.daml" /><testcase name="test_VaultUnhealthyWithdrawFails" classname="./V3ProtocolExtendedTest.daml" /><testcase name="test_VaultWithdrawCollateral" classname="./V3ProtocolExtendedTest.daml" /><testcase name="test_MUSDTransfer" classname="./V3ProtocolExtendedTest.daml" /><testcase name="test_SmUSDDeposit" classname="./V3ProtocolExtendedTest.daml" /><testcase name="test_SmUSDSyncYield" classname="./V3ProtocolExtendedTest.daml" /><testcase name="test_SmUSDYieldExceedsMaxFails" classname="./V3ProtocolExtendedTest.daml" /></testsuite><testsuite name="./Minted/Protocol/V3.daml" tests="0" /></testsuites>