{
"contracts/BLEBridgeV8.sol":{"l":{"86":1,"90":27,"91":27,"92":27,"93":27,"95":27,"96":27,"97":27,"99":27,"100":27,"102":27,"103":27,"104":27,"105":27,"108":27,"109":27,"117":0,"118":0,"119":0,"120":0,"124":0,"125":0,"129":0,"130":0,"143":4,"144":4,"145":4,"147":4,"148":4,"149":4,"150":4,"159":1,"165":1,"176":6,"177":5,"179":3,"180":3,"182":3,"191":1,"192":1,"194":1,"196":1,"207":23,"208":22,"209":21,"210":21,"213":21,"215":20,"216":18,"219":17,"220":3,"223":15,"225":2,"229":16,"240":16,"243":16,"244":16,"245":48,"246":48,"247":48,"248":48,"253":16,"254":16,"255":16,"258":16,"259":14,"261":2,"264":14,"274":3,"282":3,"283":2,"285":2,"286":2,"287":2,"290":2,"293":2,"294":2,"295":0,"297":2,"300":2,"308":15,"311":15,"312":15,"314":14,"318":2,"319":2,"324":17,"325":0,"326":0,"327":0,"328":0,"337":0,"338":0,"340":0,"344":0,"345":0,"347":0,"348":0,"353":0,"354":0,"357":0,"364":0,"365":0,"368":0,"369":0,"370":0,"371":0,"373":0,"375":0,"376":0,"378":0,"381":0},"path":"/Users/luiscuello/Minted-mUSD-Canton/contracts/BLEBridgeV8.sol","s":{"1":1,"2":27,"3":27,"4":27,"5":27,"6":27,"7":27,"8":27,"9":27,"10":27,"11":0,"12":0,"13":0,"14":0,"15":0,"16":4,"17":4,"18":4,"19":4,"20":1,"21":1,"22":6,"23":5,"24":3,"25":3,"26":1,"27":1,"28":1,"29":23,"30":22,"31":21,"32":21,"33":21,"34":20,"35":18,"36":17,"37":3,"38":15,"39":2,"40":16,"41":16,"42":16,"43":16,"44":48,"45":48,"46":48,"47":16,"48":14,"49":2,"50":14,"51":3,"52":3,"53":2,"54":2,"55":2,"56":2,"57":2,"58":2,"59":2,"60":2,"61":15,"62":15,"63":15,"64":2,"65":17,"66":0,"67":0,"68":0,"69":0,"70":0,"71":0,"72":0,"73":0,"74":0,"75":0,"76":0,"77":0,"78":0,"79":0,"80":0,"81":0,"82":0,"83":0,"84":0},"b":{"1":[27,0],"2":[27,0],"3":[27,0],"4":[27,0],"5":[0,0],"6":[0,0],"7":[0,0],"8":[0,0],"9":[0,0],"10":[0,0],"11":[4,0],"12":[4,0],"13":[4,0],"14":[4,0],"15":[1,1],"16":[1,0],"17":[6,1],"18":[5,1],"19":[3,2],"20":[1,0],"21":[1,0],"22":[1,0],"23":[24,0],"24":[23,1],"25":[22,1],"26":[21,1],"27":[21,0],"28":[21,0],"29":[20,1],"30":[18,2],"31":[17,1],"32":[3,14],"33":[48,0],"34":[48,0],"35":[14,2],"36":[2,1],"37":[2,0],"38":[2,0],"39":[0,2],"40":[1,1],"41":[2,13],"42":[14,1],"43":[0,17],"44":[0,0],"45":[0,0],"46":[0,0],"47":[0,0],"48":[0,0],"49":[0,0],"50":[0,0],"51":[0,0],"52":[0,0],"53":[0,0],"54":[0,0]},"f":{"1":1,"2":27,"3":0,"4":0,"5":0,"6":4,"7":1,"8":1,"9":6,"10":1,"11":23,"12":3,"13":15,"14":2,"15":17,"16":0,"17":0,"18":0,"19":0},"fnMap":{"1":{"name":"constructor","line":85,"loc":{"start":{"line":85,"column":4},"end":{"line":87,"column":4}}},"2":{"name":"initialize","line":89,"loc":{"start":{"line":89,"column":4},"end":{"line":110,"column":4}}},"3":{"name":"setMUSDToken","line":116,"loc":{"start":{"line":116,"column":4},"end":{"line":121,"column":4}}},"4":{"name":"setMinSignatures","line":123,"loc":{"start":{"line":123,"column":4},"end":{"line":126,"column":4}}},"5":{"name":"setDailyMintLimit","line":128,"loc":{"start":{"line":128,"column":4},"end":{"line":131,"column":4}}},"6":{"name":"setNavOracle","line":141,"loc":{"start":{"line":137,"column":4},"end":{"line":151,"column":4}}},"7":{"name":"pause","line":158,"loc":{"start":{"line":158,"column":4},"end":{"line":160,"column":4}}},"8":{"name":"unpause","line":164,"loc":{"start":{"line":164,"column":4},"end":{"line":166,"column":4}}},"9":{"name":"forceUpdateNonce","line":175,"loc":{"start":{"line":172,"column":4},"end":{"line":183,"column":4}}},"10":{"name":"invalidateAttestationId","line":190,"loc":{"start":{"line":187,"column":4},"end":{"line":197,"column":4}}},"11":{"name":"executeAttestation","line":206,"loc":{"start":{"line":203,"column":4},"end":{"line":265,"column":4}}},"12":{"name":"_verifyNavOracle","line":273,"loc":{"start":{"line":273,"column":4},"end":{"line":301,"column":4}}},"13":{"name":"_handleRateLimitMint","line":307,"loc":{"start":{"line":307,"column":4},"end":{"line":315,"column":4}}},"14":{"name":"_handleRateLimitBurn","line":317,"loc":{"start":{"line":317,"column":4},"end":{"line":320,"column":4}}},"15":{"name":"_resetDailyLimitsIfNeeded","line":323,"loc":{"start":{"line":323,"column":4},"end":{"line":330,"column":4}}},"16":{"name":"getNetDailyMinted","line":336,"loc":{"start":{"line":336,"column":4},"end":{"line":341,"column":4}}},"17":{"name":"getRemainingDailyLimit","line":343,"loc":{"start":{"line":343,"column":4},"end":{"line":349,"column":4}}},"18":{"name":"checkNavDeviation","line":352,"loc":{"start":{"line":352,"column":4},"end":{"line":382,"column":4}}},"19":{"name":"_authorizeUpgrade","line":388,"loc":{"start":{"line":388,"column":4},"end":{"line":388,"column":88}}}},"statementMap":{"1":{"start":{"line":86,"column":8},"end":{"line":86,"column":29}},"2":{"start":{"line":90,"column":8},"end":{"line":90,"column":29}},"3":{"start":{"line":91,"column":8},"end":{"line":91,"column":31}},"4":{"start":{"line":92,"column":8},"end":{"line":92,"column":31}},"5":{"start":{"line":93,"column":8},"end":{"line":93,"column":24}},"6":{"start":{"line":95,"column":8},"end":{"line":95,"column":48}},"7":{"start":{"line":96,"column":8},"end":{"line":96,"column":43}},"8":{"start":{"line":97,"column":8},"end":{"line":97,"column":64}},"9":{"start":{"line":99,"column":8},"end":{"line":99,"column":49}},"10":{"start":{"line":100,"column":8},"end":{"line":100,"column":45}},"11":{"start":{"line":117,"column":8},"end":{"line":117,"column":59}},"12":{"start":{"line":118,"column":8},"end":{"line":118,"column":45}},"13":{"start":{"line":120,"column":8},"end":{"line":120,"column":51}},"14":{"start":{"line":124,"column":8},"end":{"line":124,"column":48}},"15":{"start":{"line":129,"column":8},"end":{"line":129,"column":43}},"16":{"start":{"line":143,"column":8},"end":{"line":143,"column":62}},"17":{"start":{"line":144,"column":8},"end":{"line":144,"column":5298}},"18":{"start":{"line":145,"column":12},"end":{"line":145,"column":59}},"19":{"start":{"line":150,"column":8},"end":{"line":150,"column":66}},"20":{"start":{"line":159,"column":8},"end":{"line":159,"column":15}},"21":{"start":{"line":165,"column":8},"end":{"line":165,"column":17}},"22":{"start":{"line":176,"column":8},"end":{"line":176,"column":60}},"23":{"start":{"line":177,"column":8},"end":{"line":177,"column":63}},"24":{"start":{"line":179,"column":8},"end":{"line":179,"column":39}},"25":{"start":{"line":182,"column":8},"end":{"line":182,"column":60}},"26":{"start":{"line":191,"column":8},"end":{"line":191,"column":60}},"27":{"start":{"line":192,"column":8},"end":{"line":192,"column":67}},"28":{"start":{"line":196,"column":8},"end":{"line":196,"column":60}},"29":{"start":{"line":207,"column":8},"end":{"line":207,"column":62}},"30":{"start":{"line":208,"column":8},"end":{"line":208,"column":58}},"31":{"start":{"line":209,"column":8},"end":{"line":209,"column":58}},"32":{"start":{"line":210,"column":8},"end":{"line":210,"column":48}},"33":{"start":{"line":213,"column":8},"end":{"line":213,"column":68}},"34":{"start":{"line":215,"column":8},"end":{"line":215,"column":8015}},"35":{"start":{"line":216,"column":12},"end":{"line":216,"column":87}},"36":{"start":{"line":219,"column":12},"end":{"line":219,"column":8185}},"37":{"start":{"line":220,"column":16},"end":{"line":220,"column":55}},"38":{"start":{"line":223,"column":12},"end":{"line":223,"column":43}},"39":{"start":{"line":225,"column":12},"end":{"line":225,"column":43}},"40":{"start":{"line":229,"column":8},"end":{"line":229,"column":8479}},"41":{"start":{"line":240,"column":8},"end":{"line":240,"column":62}},"42":{"start":{"line":243,"column":8},"end":{"line":243,"column":39}},"43":{"start":{"line":244,"column":8},"end":{"line":244,"column":8940}},"44":{"start":{"line":245,"column":12},"end":{"line":245,"column":59}},"45":{"start":{"line":246,"column":12},"end":{"line":246,"column":62}},"46":{"start":{"line":247,"column":12},"end":{"line":247,"column":51}},"47":{"start":{"line":258,"column":8},"end":{"line":258,"column":9572}},"48":{"start":{"line":259,"column":12},"end":{"line":259,"column":49}},"49":{"start":{"line":261,"column":12},"end":{"line":261,"column":49}},"50":{"start":{"line":264,"column":8},"end":{"line":264,"column":87}},"51":{"start":{"line":274,"column":8},"end":{"line":274,"column":10253}},"52":{"start":{"line":282,"column":8},"end":{"line":282,"column":72}},"53":{"start":{"line":283,"column":8},"end":{"line":283,"column":47}},"54":{"start":{"line":285,"column":8},"end":{"line":285,"column":45}},"55":{"start":{"line":286,"column":8},"end":{"line":286,"column":51}},"56":{"start":{"line":287,"column":8},"end":{"line":287,"column":67}},"57":{"start":{"line":290,"column":8},"end":{"line":290,"column":83}},"58":{"start":{"line":293,"column":8},"end":{"line":293,"column":25}},"59":{"start":{"line":294,"column":8},"end":{"line":294,"column":10892}},"60":{"start":{"line":300,"column":8},"end":{"line":300,"column":73}},"61":{"start":{"line":308,"column":8},"end":{"line":308,"column":34}},"62":{"start":{"line":311,"column":8},"end":{"line":311,"column":85}},"63":{"start":{"line":312,"column":8},"end":{"line":312,"column":66}},"64":{"start":{"line":318,"column":8},"end":{"line":318,"column":34}},"65":{"start":{"line":324,"column":8},"end":{"line":324,"column":12049}},"66":{"start":{"line":328,"column":12},"end":{"line":328,"column":48}},"67":{"start":{"line":337,"column":8},"end":{"line":337,"column":12515}},"68":{"start":{"line":338,"column":12},"end":{"line":338,"column":20}},"69":{"start":{"line":340,"column":8},"end":{"line":340,"column":72}},"70":{"start":{"line":344,"column":8},"end":{"line":344,"column":12752}},"71":{"start":{"line":345,"column":12},"end":{"line":345,"column":33}},"72":{"start":{"line":347,"column":8},"end":{"line":347,"column":85}},"73":{"start":{"line":348,"column":8},"end":{"line":348,"column":75}},"74":{"start":{"line":353,"column":8},"end":{"line":353,"column":13212}},"75":{"start":{"line":354,"column":12},"end":{"line":354,"column":28}},"76":{"start":{"line":357,"column":8},"end":{"line":357,"column":13317}},"77":{"start":{"line":364,"column":8},"end":{"line":364,"column":13424}},"78":{"start":{"line":365,"column":12},"end":{"line":365,"column":45}},"79":{"start":{"line":368,"column":8},"end":{"line":368,"column":45}},"80":{"start":{"line":369,"column":8},"end":{"line":369,"column":51}},"81":{"start":{"line":370,"column":8},"end":{"line":370,"column":13650}},"82":{"start":{"line":371,"column":12},"end":{"line":371,"column":45}},"83":{"start":{"line":373,"column":8},"end":{"line":373,"column":83}},"84":{"start":{"line":375,"column":8},"end":{"line":375,"column":13828}}},"branchMap":{"1":{"line":89,"type":"if","locations":[{"start":{"line":89,"column":85},"end":{"line":89,"column":85}},{"start":{"line":89,"column":85},"end":{"line":89,"column":85}}]},"2":{"line":95,"type":"if","locations":[{"start":{"line":95,"column":8},"end":{"line":95,"column":8}},{"start":{"line":95,"column":8},"end":{"line":95,"column":8}}]},"3":{"line":96,"type":"if","locations":[{"start":{"line":96,"column":8},"end":{"line":96,"column":8}},{"start":{"line":96,"column":8},"end":{"line":96,"column":8}}]},"4":{"line":97,"type":"if","locations":[{"start":{"line":97,"column":8},"end":{"line":97,"column":8}},{"start":{"line":97,"column":8},"end":{"line":97,"column":8}}]},"5":{"line":116,"type":"if","locations":[{"start":{"line":116,"column":55},"end":{"line":116,"column":55}},{"start":{"line":116,"column":55},"end":{"line":116,"column":55}}]},"6":{"line":117,"type":"if","locations":[{"start":{"line":117,"column":8},"end":{"line":117,"column":8}},{"start":{"line":117,"column":8},"end":{"line":117,"column":8}}]},"7":{"line":123,"type":"if","locations":[{"start":{"line":123,"column":57},"end":{"line":123,"column":57}},{"start":{"line":123,"column":57},"end":{"line":123,"column":57}}]},"8":{"line":124,"type":"if","locations":[{"start":{"line":124,"column":8},"end":{"line":124,"column":8}},{"start":{"line":124,"column":8},"end":{"line":124,"column":8}}]},"9":{"line":128,"type":"if","locations":[{"start":{"line":128,"column":56},"end":{"line":128,"column":56}},{"start":{"line":128,"column":56},"end":{"line":128,"column":56}}]},"10":{"line":129,"type":"if","locations":[{"start":{"line":129,"column":8},"end":{"line":129,"column":8}},{"start":{"line":129,"column":8},"end":{"line":129,"column":8}}]},"11":{"line":141,"type":"if","locations":[{"start":{"line":141,"column":15},"end":{"line":141,"column":15}},{"start":{"line":141,"column":15},"end":{"line":141,"column":15}}]},"12":{"line":143,"type":"if","locations":[{"start":{"line":143,"column":8},"end":{"line":143,"column":8}},{"start":{"line":143,"column":8},"end":{"line":143,"column":8}}]},"13":{"line":144,"type":"if","locations":[{"start":{"line":144,"column":8},"end":{"line":144,"column":8}},{"start":{"line":144,"column":8},"end":{"line":144,"column":8}}]},"14":{"line":145,"type":"if","locations":[{"start":{"line":145,"column":12},"end":{"line":145,"column":12}},{"start":{"line":145,"column":12},"end":{"line":145,"column":12}}]},"15":{"line":158,"type":"if","locations":[{"start":{"line":158,"column":30},"end":{"line":158,"column":30}},{"start":{"line":158,"column":30},"end":{"line":158,"column":30}}]},"16":{"line":164,"type":"if","locations":[{"start":{"line":164,"column":32},"end":{"line":164,"column":32}},{"start":{"line":164,"column":32},"end":{"line":164,"column":32}}]},"17":{"line":175,"type":"if","locations":[{"start":{"line":175,"column":15},"end":{"line":175,"column":15}},{"start":{"line":175,"column":15},"end":{"line":175,"column":15}}]},"18":{"line":176,"type":"if","locations":[{"start":{"line":176,"column":8},"end":{"line":176,"column":8}},{"start":{"line":176,"column":8},"end":{"line":176,"column":8}}]},"19":{"line":177,"type":"if","locations":[{"start":{"line":177,"column":8},"end":{"line":177,"column":8}},{"start":{"line":177,"column":8},"end":{"line":177,"column":8}}]},"20":{"line":190,"type":"if","locations":[{"start":{"line":190,"column":15},"end":{"line":190,"column":15}},{"start":{"line":190,"column":15},"end":{"line":190,"column":15}}]},"21":{"line":191,"type":"if","locations":[{"start":{"line":191,"column":8},"end":{"line":191,"column":8}},{"start":{"line":191,"column":8},"end":{"line":191,"column":8}}]},"22":{"line":192,"type":"if","locations":[{"start":{"line":192,"column":8},"end":{"line":192,"column":8}},{"start":{"line":192,"column":8},"end":{"line":192,"column":8}}]},"23":{"line":206,"type":"if","locations":[{"start":{"line":206,"column":15},"end":{"line":206,"column":15}},{"start":{"line":206,"column":15},"end":{"line":206,"column":15}}]},"24":{"line":206,"type":"if","locations":[{"start":{"line":206,"column":28},"end":{"line":206,"column":28}},{"start":{"line":206,"column":28},"end":{"line":206,"column":28}}]},"25":{"line":207,"type":"if","locations":[{"start":{"line":207,"column":8},"end":{"line":207,"column":8}},{"start":{"line":207,"column":8},"end":{"line":207,"column":8}}]},"26":{"line":208,"type":"if","locations":[{"start":{"line":208,"column":8},"end":{"line":208,"column":8}},{"start":{"line":208,"column":8},"end":{"line":208,"column":8}}]},"27":{"line":209,"type":"if","locations":[{"start":{"line":209,"column":8},"end":{"line":209,"column":8}},{"start":{"line":209,"column":8},"end":{"line":209,"column":8}}]},"28":{"line":210,"type":"if","locations":[{"start":{"line":210,"column":8},"end":{"line":210,"column":8}},{"start":{"line":210,"column":8},"end":{"line":210,"column":8}}]},"29":{"line":213,"type":"if","locations":[{"start":{"line":213,"column":8},"end":{"line":213,"column":8}},{"start":{"line":213,"column":8},"end":{"line":213,"column":8}}]},"30":{"line":215,"type":"if","locations":[{"start":{"line":215,"column":8},"end":{"line":215,"column":8}},{"start":{"line":215,"column":8},"end":{"line":215,"column":8}}]},"31":{"line":216,"type":"if","locations":[{"start":{"line":216,"column":12},"end":{"line":216,"column":12}},{"start":{"line":216,"column":12},"end":{"line":216,"column":12}}]},"32":{"line":219,"type":"if","locations":[{"start":{"line":219,"column":12},"end":{"line":219,"column":12}},{"start":{"line":219,"column":12},"end":{"line":219,"column":12}}]},"33":{"line":246,"type":"if","locations":[{"start":{"line":246,"column":12},"end":{"line":246,"column":12}},{"start":{"line":246,"column":12},"end":{"line":246,"column":12}}]},"34":{"line":247,"type":"if","locations":[{"start":{"line":247,"column":12},"end":{"line":247,"column":12}},{"start":{"line":247,"column":12},"end":{"line":247,"column":12}}]},"35":{"line":258,"type":"if","locations":[{"start":{"line":258,"column":8},"end":{"line":258,"column":8}},{"start":{"line":258,"column":8},"end":{"line":258,"column":8}}]},"36":{"line":282,"type":"if","locations":[{"start":{"line":282,"column":8},"end":{"line":282,"column":8}},{"start":{"line":282,"column":8},"end":{"line":282,"column":8}}]},"37":{"line":283,"type":"if","locations":[{"start":{"line":283,"column":8},"end":{"line":283,"column":8}},{"start":{"line":283,"column":8},"end":{"line":283,"column":8}}]},"38":{"line":287,"type":"if","locations":[{"start":{"line":287,"column":8},"end":{"line":287,"column":8}},{"start":{"line":287,"column":8},"end":{"line":287,"column":8}}]},"39":{"line":294,"type":"if","locations":[{"start":{"line":294,"column":8},"end":{"line":294,"column":8}},{"start":{"line":294,"column":8},"end":{"line":294,"column":8}}]},"40":{"line":300,"type":"if","locations":[{"start":{"line":300,"column":8},"end":{"line":300,"column":8}},{"start":{"line":300,"column":8},"end":{"line":300,"column":8}}]},"41":{"line":311,"type":"if","locations":[{"start":{"line":311,"column":56},"end":{"line":311,"column":80}},{"start":{"line":311,"column":84},"end":{"line":311,"column":84}}]},"42":{"line":312,"type":"if","locations":[{"start":{"line":312,"column":8},"end":{"line":312,"column":8}},{"start":{"line":312,"column":8},"end":{"line":312,"column":8}}]},"43":{"line":324,"type":"if","locations":[{"start":{"line":324,"column":8},"end":{"line":324,"column":8}},{"start":{"line":324,"column":8},"end":{"line":324,"column":8}}]},"44":{"line":337,"type":"if","locations":[{"start":{"line":337,"column":8},"end":{"line":337,"column":8}},{"start":{"line":337,"column":8},"end":{"line":337,"column":8}}]},"45":{"line":340,"type":"if","locations":[{"start":{"line":340,"column":43},"end":{"line":340,"column":67}},{"start":{"line":340,"column":71},"end":{"line":340,"column":71}}]},"46":{"line":344,"type":"if","locations":[{"start":{"line":344,"column":8},"end":{"line":344,"column":8}},{"start":{"line":344,"column":8},"end":{"line":344,"column":8}}]},"47":{"line":347,"type":"if","locations":[{"start":{"line":347,"column":56},"end":{"line":347,"column":80}},{"start":{"line":347,"column":84},"end":{"line":347,"column":84}}]},"48":{"line":348,"type":"if","locations":[{"start":{"line":348,"column":45},"end":{"line":348,"column":45}},{"start":{"line":348,"column":49},"end":{"line":348,"column":74}}]},"49":{"line":353,"type":"if","locations":[{"start":{"line":353,"column":8},"end":{"line":353,"column":8}},{"start":{"line":353,"column":8},"end":{"line":353,"column":8}}]},"50":{"line":364,"type":"if","locations":[{"start":{"line":364,"column":8},"end":{"line":364,"column":8}},{"start":{"line":364,"column":8},"end":{"line":364,"column":8}}]},"51":{"line":364,"type":"cond-expr","locations":[{"start":{"line":364,"column":12},"end":{"line":364,"column":48}},{"start":{"line":364,"column":53},"end":{"line":364,"column":63}}]},"52":{"line":370,"type":"if","locations":[{"start":{"line":370,"column":8},"end":{"line":370,"column":8}},{"start":{"line":370,"column":8},"end":{"line":370,"column":8}}]},"53":{"line":375,"type":"if","locations":[{"start":{"line":375,"column":8},"end":{"line":375,"column":8}},{"start":{"line":375,"column":8},"end":{"line":375,"column":8}}]},"54":{"line":388,"type":"if","locations":[{"start":{"line":388,"column":58},"end":{"line":388,"column":58}},{"start":{"line":388,"column":58},"end":{"line":388,"column":58}}]}}},
"contracts/BLEBridgeV9.sol":{"l":{"95":1,"104":26,"105":26,"106":26,"107":26,"109":26,"110":25,"111":24,"112":23,"114":23,"115":23,"117":23,"118":23,"119":23,"120":23,"121":23,"129":0,"130":0,"131":0,"136":1,"137":1,"138":1,"142":1,"143":1,"144":1,"151":4,"152":3,"154":3,"155":3,"156":3,"158":2,"159":2,"162":2,"163":0,"166":2,"174":3,"179":1,"184":2,"185":2,"186":2,"187":1,"189":1,"190":1,"195":0,"196":0,"197":0,"198":0,"204":1,"205":1,"206":1,"207":1,"221":16,"222":15,"223":14,"224":12,"225":12,"226":11,"229":10,"238":10,"240":10,"241":10,"242":29,"243":29,"244":29,"245":28,"249":9,"250":9,"251":9,"252":9,"255":9,"257":9,"270":9,"272":9,"275":9,"276":9,"278":2,"279":2,"282":7,"288":9,"289":9,"301":2,"304":2,"308":2,"310":2,"311":2,"313":2,"315":2,"316":2,"323":7,"324":7,"330":9,"331":1,"332":1,"333":1,"334":1,"344":0,"349":0,"350":0,"351":0,"356":0,"361":0,"362":0,"364":0,"371":0,"372":0,"374":0,"377":0,"382":0,"383":0,"384":0},"path":"/Users/luiscuello/Minted-mUSD-Canton/contracts/BLEBridgeV9.sol","s":{"1":1,"2":26,"3":26,"4":26,"5":26,"6":26,"7":25,"8":24,"9":23,"10":23,"11":23,"12":0,"13":0,"14":1,"15":1,"16":1,"17":1,"18":4,"19":3,"20":3,"21":3,"22":3,"23":2,"24":2,"25":0,"26":3,"27":1,"28":2,"29":2,"30":2,"31":1,"32":1,"33":1,"34":0,"35":0,"36":0,"37":1,"38":1,"39":1,"40":16,"41":15,"42":14,"43":12,"44":12,"45":11,"46":10,"47":10,"48":10,"49":10,"50":29,"51":29,"52":29,"53":9,"54":9,"55":9,"56":9,"57":9,"58":2,"59":7,"60":9,"61":9,"62":2,"63":2,"64":2,"65":2,"66":2,"67":2,"68":7,"69":9,"70":1,"71":0,"72":0,"73":0,"74":0,"75":0,"76":0,"77":0,"78":0,"79":0,"80":0,"81":0,"82":0,"83":0,"84":0,"85":0,"86":0},"b":{"1":[26,0],"2":[25,1],"3":[24,1],"4":[23,1],"5":[23,0],"6":[0,0],"7":[0,0],"8":[1,0],"9":[1,0],"10":[1,0],"11":[1,0],"12":[4,0],"13":[3,1],"14":[3,0],"15":[3,0],"16":[2,1],"17":[0,2],"18":[3,0],"19":[1,1],"20":[2,0],"21":[2,0],"22":[1,1],"23":[1,0],"24":[0,0],"25":[0,0],"26":[0,0],"27":[1,0],"28":[1,0],"29":[1,0],"30":[17,0],"31":[16,1],"32":[15,1],"33":[14,1],"34":[12,2],"35":[12,0],"36":[11,1],"37":[10,1],"38":[29,0],"39":[28,1],"40":[9,0],"41":[2,7],"42":[0,2],"43":[2,0],"44":[2,0],"45":[2,0],"46":[1,8],"47":[0,0],"48":[0,0],"49":[0,0],"50":[0,0],"51":[0,0],"52":[0,0],"53":[0,0],"54":[0,0]},"f":{"1":1,"2":26,"3":0,"4":1,"5":1,"6":4,"7":3,"8":1,"9":2,"10":0,"11":1,"12":16,"13":9,"14":2,"15":7,"16":9,"17":0,"18":0,"19":0,"20":0,"21":0,"22":0,"23":0},"fnMap":{"1":{"name":"constructor","line":94,"loc":{"start":{"line":94,"column":4},"end":{"line":96,"column":4}}},"2":{"name":"initialize","line":103,"loc":{"start":{"line":98,"column":4},"end":{"line":122,"column":4}}},"3":{"name":"setMUSDToken","line":128,"loc":{"start":{"line":128,"column":4},"end":{"line":132,"column":4}}},"4":{"name":"setMinSignatures","line":135,"loc":{"start":{"line":135,"column":4},"end":{"line":139,"column":4}}},"5":{"name":"setDailyCapIncreaseLimit","line":141,"loc":{"start":{"line":141,"column":4},"end":{"line":145,"column":4}}},"6":{"name":"setCollateralRatio","line":149,"loc":{"start":{"line":149,"column":4},"end":{"line":167,"column":4}}},"7":{"name":"pause","line":173,"loc":{"start":{"line":173,"column":4},"end":{"line":175,"column":4}}},"8":{"name":"unpause","line":178,"loc":{"start":{"line":178,"column":4},"end":{"line":180,"column":4}}},"9":{"name":"emergencyReduceCap","line":183,"loc":{"start":{"line":183,"column":4},"end":{"line":191,"column":4}}},"10":{"name":"forceUpdateNonce","line":194,"loc":{"start":{"line":194,"column":4},"end":{"line":199,"column":4}}},"11":{"name":"invalidateAttestationId","line":203,"loc":{"start":{"line":203,"column":4},"end":{"line":208,"column":4}}},"12":{"name":"processAttestation","line":220,"loc":{"start":{"line":217,"column":4},"end":{"line":258,"column":4}}},"13":{"name":"_updateSupplyCap","line":267,"loc":{"start":{"line":267,"column":4},"end":{"line":291,"column":4}}},"14":{"name":"_handleRateLimitCapIncrease","line":300,"loc":{"start":{"line":300,"column":4},"end":{"line":318,"column":4}}},"15":{"name":"_handleRateLimitCapDecrease","line":322,"loc":{"start":{"line":322,"column":4},"end":{"line":325,"column":4}}},"16":{"name":"_resetDailyLimitsIfNeeded","line":329,"loc":{"start":{"line":329,"column":4},"end":{"line":336,"column":4}}},"17":{"name":"getCurrentSupplyCap","line":343,"loc":{"start":{"line":343,"column":4},"end":{"line":345,"column":4}}},"18":{"name":"getRemainingMintable","line":348,"loc":{"start":{"line":348,"column":4},"end":{"line":352,"column":4}}},"19":{"name":"calculateSupplyCap","line":355,"loc":{"start":{"line":355,"column":4},"end":{"line":357,"column":4}}},"20":{"name":"getNetDailyCapIncrease","line":360,"loc":{"start":{"line":360,"column":4},"end":{"line":367,"column":4}}},"21":{"name":"getRemainingDailyCapLimit","line":370,"loc":{"start":{"line":370,"column":4},"end":{"line":378,"column":4}}},"22":{"name":"getHealthRatio","line":381,"loc":{"start":{"line":381,"column":4},"end":{"line":385,"column":4}}},"23":{"name":"_authorizeUpgrade","line":391,"loc":{"start":{"line":391,"column":4},"end":{"line":391,"column":88}}}},"statementMap":{"1":{"start":{"line":95,"column":8},"end":{"line":95,"column":29}},"2":{"start":{"line":104,"column":8},"end":{"line":104,"column":29}},"3":{"start":{"line":105,"column":8},"end":{"line":105,"column":31}},"4":{"start":{"line":106,"column":8},"end":{"line":106,"column":31}},"5":{"start":{"line":107,"column":8},"end":{"line":107,"column":24}},"6":{"start":{"line":109,"column":8},"end":{"line":109,"column":48}},"7":{"start":{"line":110,"column":8},"end":{"line":110,"column":64}},"8":{"start":{"line":111,"column":8},"end":{"line":111,"column":71}},"9":{"start":{"line":112,"column":8},"end":{"line":112,"column":65}},"10":{"start":{"line":114,"column":8},"end":{"line":114,"column":49}},"11":{"start":{"line":115,"column":8},"end":{"line":115,"column":45}},"12":{"start":{"line":129,"column":8},"end":{"line":129,"column":59}},"13":{"start":{"line":130,"column":8},"end":{"line":130,"column":61}},"14":{"start":{"line":136,"column":8},"end":{"line":136,"column":48}},"15":{"start":{"line":137,"column":8},"end":{"line":137,"column":58}},"16":{"start":{"line":142,"column":8},"end":{"line":142,"column":43}},"17":{"start":{"line":143,"column":8},"end":{"line":143,"column":72}},"18":{"start":{"line":151,"column":8},"end":{"line":151,"column":88}},"19":{"start":{"line":152,"column":8},"end":{"line":152,"column":61}},"20":{"start":{"line":154,"column":8},"end":{"line":154,"column":45}},"21":{"start":{"line":155,"column":8},"end":{"line":155,"column":89}},"22":{"start":{"line":156,"column":8},"end":{"line":156,"column":54}},"23":{"start":{"line":159,"column":8},"end":{"line":159,"column":56}},"24":{"start":{"line":162,"column":8},"end":{"line":162,"column":7689}},"25":{"start":{"line":163,"column":12},"end":{"line":163,"column":49}},"26":{"start":{"line":174,"column":8},"end":{"line":174,"column":15}},"27":{"start":{"line":179,"column":8},"end":{"line":179,"column":17}},"28":{"start":{"line":184,"column":8},"end":{"line":184,"column":60}},"29":{"start":{"line":185,"column":8},"end":{"line":185,"column":46}},"30":{"start":{"line":186,"column":8},"end":{"line":186,"column":51}},"31":{"start":{"line":187,"column":8},"end":{"line":187,"column":70}},"32":{"start":{"line":189,"column":8},"end":{"line":189,"column":38}},"33":{"start":{"line":190,"column":8},"end":{"line":190,"column":60}},"34":{"start":{"line":195,"column":8},"end":{"line":195,"column":60}},"35":{"start":{"line":196,"column":8},"end":{"line":196,"column":63}},"36":{"start":{"line":197,"column":8},"end":{"line":197,"column":64}},"37":{"start":{"line":204,"column":8},"end":{"line":204,"column":67}},"38":{"start":{"line":205,"column":8},"end":{"line":205,"column":60}},"39":{"start":{"line":207,"column":8},"end":{"line":207,"column":60}},"40":{"start":{"line":221,"column":8},"end":{"line":221,"column":77}},"41":{"start":{"line":222,"column":8},"end":{"line":222,"column":62}},"42":{"start":{"line":223,"column":8},"end":{"line":223,"column":65}},"43":{"start":{"line":224,"column":8},"end":{"line":224,"column":51}},"44":{"start":{"line":225,"column":8},"end":{"line":225,"column":68}},"45":{"start":{"line":226,"column":8},"end":{"line":226,"column":72}},"46":{"start":{"line":229,"column":8},"end":{"line":229,"column":10642}},"47":{"start":{"line":238,"column":8},"end":{"line":238,"column":62}},"48":{"start":{"line":240,"column":8},"end":{"line":240,"column":39}},"49":{"start":{"line":241,"column":8},"end":{"line":241,"column":10970}},"50":{"start":{"line":242,"column":12},"end":{"line":242,"column":59}},"51":{"start":{"line":243,"column":12},"end":{"line":243,"column":72}},"52":{"start":{"line":244,"column":12},"end":{"line":244,"column":62}},"53":{"start":{"line":255,"column":8},"end":{"line":255,"column":59}},"54":{"start":{"line":257,"column":8},"end":{"line":257,"column":92}},"55":{"start":{"line":272,"column":8},"end":{"line":272,"column":46}},"56":{"start":{"line":275,"column":8},"end":{"line":275,"column":12442}},"57":{"start":{"line":276,"column":12},"end":{"line":276,"column":12482}},"58":{"start":{"line":278,"column":16},"end":{"line":278,"column":50}},"59":{"start":{"line":282,"column":16},"end":{"line":282,"column":59}},"60":{"start":{"line":288,"column":12},"end":{"line":288,"column":41}},"61":{"start":{"line":289,"column":12},"end":{"line":289,"column":66}},"62":{"start":{"line":301,"column":8},"end":{"line":301,"column":34}},"63":{"start":{"line":304,"column":8},"end":{"line":304,"column":13870}},"64":{"start":{"line":308,"column":8},"end":{"line":308,"column":80}},"65":{"start":{"line":310,"column":8},"end":{"line":310,"column":64}},"66":{"start":{"line":315,"column":8},"end":{"line":315,"column":14255}},"67":{"start":{"line":316,"column":12},"end":{"line":316,"column":61}},"68":{"start":{"line":323,"column":8},"end":{"line":323,"column":34}},"69":{"start":{"line":330,"column":8},"end":{"line":330,"column":14843}},"70":{"start":{"line":334,"column":12},"end":{"line":334,"column":48}},"71":{"start":{"line":344,"column":8},"end":{"line":344,"column":36}},"72":{"start":{"line":349,"column":8},"end":{"line":349,"column":43}},"73":{"start":{"line":350,"column":8},"end":{"line":350,"column":48}},"74":{"start":{"line":351,"column":8},"end":{"line":351,"column":46}},"75":{"start":{"line":356,"column":8},"end":{"line":356,"column":53}},"76":{"start":{"line":361,"column":8},"end":{"line":361,"column":16074}},"77":{"start":{"line":362,"column":12},"end":{"line":362,"column":20}},"78":{"start":{"line":364,"column":8},"end":{"line":364,"column":16175}},"79":{"start":{"line":371,"column":8},"end":{"line":371,"column":16431}},"80":{"start":{"line":372,"column":12},"end":{"line":372,"column":40}},"81":{"start":{"line":374,"column":8},"end":{"line":374,"column":16552}},"82":{"start":{"line":377,"column":8},"end":{"line":377,"column":95}},"83":{"start":{"line":382,"column":8},"end":{"line":382,"column":48}},"84":{"start":{"line":383,"column":8},"end":{"line":383,"column":49}},"85":{"start":{"line":383,"column":25},"end":{"line":383,"column":49}},"86":{"start":{"line":384,"column":8},"end":{"line":384,"column":54}}},"branchMap":{"1":{"line":103,"type":"if","locations":[{"start":{"line":103,"column":13},"end":{"line":103,"column":13}},{"start":{"line":103,"column":13},"end":{"line":103,"column":13}}]},"2":{"line":109,"type":"if","locations":[{"start":{"line":109,"column":8},"end":{"line":109,"column":8}},{"start":{"line":109,"column":8},"end":{"line":109,"column":8}}]},"3":{"line":110,"type":"if","locations":[{"start":{"line":110,"column":8},"end":{"line":110,"column":8}},{"start":{"line":110,"column":8},"end":{"line":110,"column":8}}]},"4":{"line":111,"type":"if","locations":[{"start":{"line":111,"column":8},"end":{"line":111,"column":8}},{"start":{"line":111,"column":8},"end":{"line":111,"column":8}}]},"5":{"line":112,"type":"if","locations":[{"start":{"line":112,"column":8},"end":{"line":112,"column":8}},{"start":{"line":112,"column":8},"end":{"line":112,"column":8}}]},"6":{"line":128,"type":"if","locations":[{"start":{"line":128,"column":55},"end":{"line":128,"column":55}},{"start":{"line":128,"column":55},"end":{"line":128,"column":55}}]},"7":{"line":129,"type":"if","locations":[{"start":{"line":129,"column":8},"end":{"line":129,"column":8}},{"start":{"line":129,"column":8},"end":{"line":129,"column":8}}]},"8":{"line":135,"type":"if","locations":[{"start":{"line":135,"column":57},"end":{"line":135,"column":57}},{"start":{"line":135,"column":57},"end":{"line":135,"column":57}}]},"9":{"line":136,"type":"if","locations":[{"start":{"line":136,"column":8},"end":{"line":136,"column":8}},{"start":{"line":136,"column":8},"end":{"line":136,"column":8}}]},"10":{"line":141,"type":"if","locations":[{"start":{"line":141,"column":63},"end":{"line":141,"column":63}},{"start":{"line":141,"column":63},"end":{"line":141,"column":63}}]},"11":{"line":142,"type":"if","locations":[{"start":{"line":142,"column":8},"end":{"line":142,"column":8}},{"start":{"line":142,"column":8},"end":{"line":142,"column":8}}]},"12":{"line":149,"type":"if","locations":[{"start":{"line":149,"column":60},"end":{"line":149,"column":60}},{"start":{"line":149,"column":60},"end":{"line":149,"column":60}}]},"13":{"line":151,"type":"if","locations":[{"start":{"line":151,"column":8},"end":{"line":151,"column":8}},{"start":{"line":151,"column":8},"end":{"line":151,"column":8}}]},"14":{"line":152,"type":"if","locations":[{"start":{"line":152,"column":8},"end":{"line":152,"column":8}},{"start":{"line":152,"column":8},"end":{"line":152,"column":8}}]},"15":{"line":155,"type":"if","locations":[{"start":{"line":155,"column":46},"end":{"line":155,"column":65}},{"start":{"line":155,"column":69},"end":{"line":155,"column":88}}]},"16":{"line":156,"type":"if","locations":[{"start":{"line":156,"column":8},"end":{"line":156,"column":8}},{"start":{"line":156,"column":8},"end":{"line":156,"column":8}}]},"17":{"line":162,"type":"if","locations":[{"start":{"line":162,"column":8},"end":{"line":162,"column":8}},{"start":{"line":162,"column":8},"end":{"line":162,"column":8}}]},"18":{"line":173,"type":"if","locations":[{"start":{"line":173,"column":30},"end":{"line":173,"column":30}},{"start":{"line":173,"column":30},"end":{"line":173,"column":30}}]},"19":{"line":178,"type":"if","locations":[{"start":{"line":178,"column":32},"end":{"line":178,"column":32}},{"start":{"line":178,"column":32},"end":{"line":178,"column":32}}]},"20":{"line":183,"type":"if","locations":[{"start":{"line":183,"column":83},"end":{"line":183,"column":83}},{"start":{"line":183,"column":83},"end":{"line":183,"column":83}}]},"21":{"line":184,"type":"if","locations":[{"start":{"line":184,"column":8},"end":{"line":184,"column":8}},{"start":{"line":184,"column":8},"end":{"line":184,"column":8}}]},"22":{"line":186,"type":"if","locations":[{"start":{"line":186,"column":8},"end":{"line":186,"column":8}},{"start":{"line":186,"column":8},"end":{"line":186,"column":8}}]},"23":{"line":187,"type":"if","locations":[{"start":{"line":187,"column":8},"end":{"line":187,"column":8}},{"start":{"line":187,"column":8},"end":{"line":187,"column":8}}]},"24":{"line":194,"type":"if","locations":[{"start":{"line":194,"column":83},"end":{"line":194,"column":83}},{"start":{"line":194,"column":83},"end":{"line":194,"column":83}}]},"25":{"line":195,"type":"if","locations":[{"start":{"line":195,"column":8},"end":{"line":195,"column":8}},{"start":{"line":195,"column":8},"end":{"line":195,"column":8}}]},"26":{"line":196,"type":"if","locations":[{"start":{"line":196,"column":8},"end":{"line":196,"column":8}},{"start":{"line":196,"column":8},"end":{"line":196,"column":8}}]},"27":{"line":203,"type":"if","locations":[{"start":{"line":203,"column":95},"end":{"line":203,"column":95}},{"start":{"line":203,"column":95},"end":{"line":203,"column":95}}]},"28":{"line":204,"type":"if","locations":[{"start":{"line":204,"column":8},"end":{"line":204,"column":8}},{"start":{"line":204,"column":8},"end":{"line":204,"column":8}}]},"29":{"line":205,"type":"if","locations":[{"start":{"line":205,"column":8},"end":{"line":205,"column":8}},{"start":{"line":205,"column":8},"end":{"line":205,"column":8}}]},"30":{"line":220,"type":"if","locations":[{"start":{"line":220,"column":15},"end":{"line":220,"column":15}},{"start":{"line":220,"column":15},"end":{"line":220,"column":15}}]},"31":{"line":220,"type":"if","locations":[{"start":{"line":220,"column":28},"end":{"line":220,"column":28}},{"start":{"line":220,"column":28},"end":{"line":220,"column":28}}]},"32":{"line":221,"type":"if","locations":[{"start":{"line":221,"column":8},"end":{"line":221,"column":8}},{"start":{"line":221,"column":8},"end":{"line":221,"column":8}}]},"33":{"line":222,"type":"if","locations":[{"start":{"line":222,"column":8},"end":{"line":222,"column":8}},{"start":{"line":222,"column":8},"end":{"line":222,"column":8}}]},"34":{"line":223,"type":"if","locations":[{"start":{"line":223,"column":8},"end":{"line":223,"column":8}},{"start":{"line":223,"column":8},"end":{"line":223,"column":8}}]},"35":{"line":224,"type":"if","locations":[{"start":{"line":224,"column":8},"end":{"line":224,"column":8}},{"start":{"line":224,"column":8},"end":{"line":224,"column":8}}]},"36":{"line":225,"type":"if","locations":[{"start":{"line":225,"column":8},"end":{"line":225,"column":8}},{"start":{"line":225,"column":8},"end":{"line":225,"column":8}}]},"37":{"line":226,"type":"if","locations":[{"start":{"line":226,"column":8},"end":{"line":226,"column":8}},{"start":{"line":226,"column":8},"end":{"line":226,"column":8}}]},"38":{"line":243,"type":"if","locations":[{"start":{"line":243,"column":12},"end":{"line":243,"column":12}},{"start":{"line":243,"column":12},"end":{"line":243,"column":12}}]},"39":{"line":244,"type":"if","locations":[{"start":{"line":244,"column":12},"end":{"line":244,"column":12}},{"start":{"line":244,"column":12},"end":{"line":244,"column":12}}]},"40":{"line":275,"type":"if","locations":[{"start":{"line":275,"column":8},"end":{"line":275,"column":8}},{"start":{"line":275,"column":8},"end":{"line":275,"column":8}}]},"41":{"line":276,"type":"if","locations":[{"start":{"line":276,"column":12},"end":{"line":276,"column":12}},{"start":{"line":276,"column":12},"end":{"line":276,"column":12}}]},"42":{"line":305,"type":"if","locations":[{"start":{"line":305,"column":14},"end":{"line":305,"column":50}},{"start":{"line":306,"column":14},"end":{"line":306,"column":14}}]},"43":{"line":308,"type":"if","locations":[{"start":{"line":308,"column":8},"end":{"line":308,"column":8}},{"start":{"line":308,"column":8},"end":{"line":308,"column":8}}]},"44":{"line":311,"type":"if","locations":[{"start":{"line":311,"column":41},"end":{"line":311,"column":49}},{"start":{"line":311,"column":53},"end":{"line":311,"column":60}}]},"45":{"line":315,"type":"if","locations":[{"start":{"line":315,"column":8},"end":{"line":315,"column":8}},{"start":{"line":315,"column":8},"end":{"line":315,"column":8}}]},"46":{"line":330,"type":"if","locations":[{"start":{"line":330,"column":8},"end":{"line":330,"column":8}},{"start":{"line":330,"column":8},"end":{"line":330,"column":8}}]},"47":{"line":351,"type":"if","locations":[{"start":{"line":351,"column":30},"end":{"line":351,"column":41}},{"start":{"line":351,"column":45},"end":{"line":351,"column":45}}]},"48":{"line":361,"type":"if","locations":[{"start":{"line":361,"column":8},"end":{"line":361,"column":8}},{"start":{"line":361,"column":8},"end":{"line":361,"column":8}}]},"49":{"line":365,"type":"if","locations":[{"start":{"line":365,"column":14},"end":{"line":365,"column":50}},{"start":{"line":366,"column":14},"end":{"line":366,"column":14}}]},"50":{"line":371,"type":"if","locations":[{"start":{"line":371,"column":8},"end":{"line":371,"column":8}},{"start":{"line":371,"column":8},"end":{"line":371,"column":8}}]},"51":{"line":375,"type":"if","locations":[{"start":{"line":375,"column":14},"end":{"line":375,"column":50}},{"start":{"line":376,"column":14},"end":{"line":376,"column":14}}]},"52":{"line":377,"type":"if","locations":[{"start":{"line":377,"column":55},"end":{"line":377,"column":55}},{"start":{"line":377,"column":59},"end":{"line":377,"column":94}}]},"53":{"line":383,"type":"if","locations":[{"start":{"line":383,"column":8},"end":{"line":383,"column":8}},{"start":{"line":383,"column":8},"end":{"line":383,"column":8}}]},"54":{"line":391,"type":"if","locations":[{"start":{"line":391,"column":58},"end":{"line":391,"column":58}},{"start":{"line":391,"column":58},"end":{"line":391,"column":58}}]}}},
"contracts/BorrowModule.sol":{"l":{"80":17,"81":17,"82":17,"84":17,"85":17,"86":17,"87":17,"88":17,"90":17,"91":17,"101":20,"104":20,"106":20,"107":20,"108":20,"110":19,"114":19,"115":19,"116":19,"119":18,"121":18,"128":3,"129":3,"132":3,"134":3,"135":3,"136":3,"138":3,"140":3,"141":3,"142":3,"145":3,"147":3,"153":2,"155":2,"157":2,"158":2,"159":2,"162":2,"165":2,"166":2,"167":0,"171":2,"172":0,"175":2,"176":2,"177":2,"181":2,"183":2,"191":2,"193":2,"197":2,"199":2,"200":2,"203":2,"204":2,"205":2,"206":2,"208":2,"209":2,"213":2,"214":2,"215":2,"219":1,"221":1,"235":31,"236":31,"237":23,"238":23,"241":8,"242":8,"245":8,"247":8,"248":8,"250":8,"251":8,"263":0,"264":0,"266":0,"267":0,"269":0,"274":11,"275":11,"277":11,"278":11,"279":11,"281":11,"282":11,"284":11,"285":11,"288":11,"293":29,"294":29,"296":29,"297":29,"298":29,"300":29,"301":29,"303":29,"304":29,"307":29,"316":4,"318":4,"319":4,"320":4,"322":4,"323":0,"325":4,"326":4,"327":4,"330":4,"339":86,"340":86,"341":86,"342":86,"348":10,"349":10,"351":9,"352":9,"354":9,"359":7,"360":7,"361":7,"366":0,"378":2,"379":1,"380":1,"381":1,"385":1,"386":1,"387":1,"396":0,"401":0},"path":"/Users/luiscuello/Minted-mUSD-Canton/contracts/BorrowModule.sol","s":{"1":17,"2":17,"3":17,"4":17,"5":17,"6":20,"7":20,"8":20,"9":20,"10":20,"11":19,"12":19,"13":19,"14":18,"15":18,"16":3,"17":3,"18":3,"19":3,"20":3,"21":3,"22":3,"23":3,"24":3,"25":3,"26":3,"27":2,"28":2,"29":2,"30":2,"31":2,"32":2,"33":2,"34":2,"35":0,"36":2,"37":2,"38":2,"39":2,"40":2,"41":2,"42":2,"43":2,"44":2,"45":2,"46":2,"47":2,"48":2,"49":2,"50":2,"51":2,"52":2,"53":2,"54":1,"55":1,"56":31,"57":31,"58":23,"59":8,"60":8,"61":0,"62":8,"63":8,"64":8,"65":0,"66":0,"67":0,"68":0,"69":0,"70":0,"71":0,"72":11,"73":11,"74":11,"75":11,"76":11,"77":11,"78":11,"79":11,"80":11,"81":29,"82":29,"83":29,"84":29,"85":29,"86":29,"87":29,"88":29,"89":29,"90":4,"91":4,"92":4,"93":4,"94":4,"95":4,"96":4,"97":86,"98":86,"99":86,"100":86,"101":10,"102":10,"103":1,"104":9,"105":9,"106":0,"107":9,"108":7,"109":7,"110":7,"111":0,"112":2,"113":1,"114":1,"115":1,"116":1,"117":0,"118":0},"b":{"1":[17,0],"2":[17,0],"3":[17,0],"4":[20,0],"5":[20,0],"6":[20,0],"7":[19,1],"8":[18,1],"9":[3,0],"10":[3,0],"11":[3,0],"12":[3,0],"13":[3,0],"14":[3,0],"15":[3,0],"16":[2,0],"17":[2,0],"18":[2,0],"19":[2,0],"20":[2,0],"21":[0,2],"22":[0,0],"23":[0,2],"24":[2,0],"25":[2,0],"26":[2,0],"27":[2,0],"28":[2,0],"29":[2,0],"30":[2,0],"31":[2,0],"32":[1,1],"33":[23,8],"34":[0,8],"35":[8,0],"36":[0,0],"37":[0,0],"38":[0,11],"39":[0,11],"40":[0,29],"41":[0,29],"42":[4,0],"43":[0,4],"44":[0,4],"45":[1,9],"46":[0,9],"47":[7,0],"48":[2,1],"49":[1,1],"50":[1,0],"51":[1,0],"52":[0,0],"53":[0,0]},"f":{"1":17,"2":20,"3":3,"4":2,"5":2,"6":31,"7":0,"8":11,"9":29,"10":4,"11":86,"12":10,"13":7,"14":0,"15":2,"16":1,"17":0,"18":0},"fnMap":{"1":{"name":"constructor","line":73,"loc":{"start":{"line":73,"column":4},"end":{"line":92,"column":4}}},"2":{"name":"borrow","line":100,"loc":{"start":{"line":100,"column":4},"end":{"line":122,"column":4}}},"3":{"name":"borrowFor","line":127,"loc":{"start":{"line":127,"column":4},"end":{"line":148,"column":4}}},"4":{"name":"repay","line":152,"loc":{"start":{"line":152,"column":4},"end":{"line":184,"column":4}}},"5":{"name":"withdrawCollateral","line":190,"loc":{"start":{"line":190,"column":4},"end":{"line":222,"column":4}}},"6":{"name":"_accrueInterest","line":234,"loc":{"start":{"line":234,"column":4},"end":{"line":253,"column":4}}},"7":{"name":"_healthFactor","line":262,"loc":{"start":{"line":262,"column":4},"end":{"line":270,"column":4}}},"8":{"name":"_weightedCollateralValue","line":273,"loc":{"start":{"line":273,"column":4},"end":{"line":289,"column":4}}},"9":{"name":"_borrowCapacity","line":292,"loc":{"start":{"line":292,"column":4},"end":{"line":308,"column":4}}},"10":{"name":"reduceDebt","line":315,"loc":{"start":{"line":315,"column":4},"end":{"line":331,"column":4}}},"11":{"name":"totalDebt","line":338,"loc":{"start":{"line":338,"column":4},"end":{"line":343,"column":4}}},"12":{"name":"healthFactor","line":347,"loc":{"start":{"line":347,"column":4},"end":{"line":355,"column":4}}},"13":{"name":"maxBorrow","line":358,"loc":{"start":{"line":358,"column":4},"end":{"line":362,"column":4}}},"14":{"name":"borrowCapacity","line":365,"loc":{"start":{"line":365,"column":4},"end":{"line":367,"column":4}}},"15":{"name":"setInterestRate","line":377,"loc":{"start":{"line":377,"column":4},"end":{"line":382,"column":4}}},"16":{"name":"setMinDebt","line":384,"loc":{"start":{"line":384,"column":4},"end":{"line":388,"column":4}}},"17":{"name":"pause","line":395,"loc":{"start":{"line":395,"column":4},"end":{"line":397,"column":4}}},"18":{"name":"unpause","line":400,"loc":{"start":{"line":400,"column":4},"end":{"line":402,"column":4}}}},"statementMap":{"1":{"start":{"line":80,"column":8},"end":{"line":80,"column":53}},"2":{"start":{"line":81,"column":8},"end":{"line":81,"column":55}},"3":{"start":{"line":82,"column":8},"end":{"line":82,"column":51}},"4":{"start":{"line":90,"column":8},"end":{"line":90,"column":49}},"5":{"start":{"line":91,"column":8},"end":{"line":91,"column":48}},"6":{"start":{"line":101,"column":8},"end":{"line":101,"column":44}},"7":{"start":{"line":104,"column":8},"end":{"line":104,"column":34}},"8":{"start":{"line":106,"column":8},"end":{"line":106,"column":56}},"9":{"start":{"line":107,"column":8},"end":{"line":107,"column":70}},"10":{"start":{"line":108,"column":8},"end":{"line":108,"column":52}},"11":{"start":{"line":114,"column":8},"end":{"line":114,"column":54}},"12":{"start":{"line":115,"column":8},"end":{"line":115,"column":52}},"13":{"start":{"line":116,"column":8},"end":{"line":116,"column":67}},"14":{"start":{"line":119,"column":8},"end":{"line":119,"column":36}},"15":{"start":{"line":121,"column":8},"end":{"line":121,"column":64}},"16":{"start":{"line":128,"column":8},"end":{"line":128,"column":44}},"17":{"start":{"line":129,"column":8},"end":{"line":129,"column":50}},"18":{"start":{"line":132,"column":8},"end":{"line":132,"column":28}},"19":{"start":{"line":134,"column":8},"end":{"line":134,"column":50}},"20":{"start":{"line":135,"column":8},"end":{"line":135,"column":70}},"21":{"start":{"line":136,"column":8},"end":{"line":136,"column":52}},"22":{"start":{"line":140,"column":8},"end":{"line":140,"column":48}},"23":{"start":{"line":141,"column":8},"end":{"line":141,"column":46}},"24":{"start":{"line":142,"column":8},"end":{"line":142,"column":67}},"25":{"start":{"line":145,"column":8},"end":{"line":145,"column":36}},"26":{"start":{"line":147,"column":8},"end":{"line":147,"column":52}},"27":{"start":{"line":153,"column":8},"end":{"line":153,"column":44}},"28":{"start":{"line":155,"column":8},"end":{"line":155,"column":34}},"29":{"start":{"line":157,"column":8},"end":{"line":157,"column":56}},"30":{"start":{"line":158,"column":8},"end":{"line":158,"column":59}},"31":{"start":{"line":159,"column":8},"end":{"line":159,"column":36}},"32":{"start":{"line":162,"column":8},"end":{"line":162,"column":61}},"33":{"start":{"line":165,"column":8},"end":{"line":165,"column":47}},"34":{"start":{"line":166,"column":8},"end":{"line":166,"column":6626}},"35":{"start":{"line":167,"column":12},"end":{"line":167,"column":68}},"36":{"start":{"line":171,"column":8},"end":{"line":171,"column":6783}},"37":{"start":{"line":175,"column":12},"end":{"line":175,"column":72}},"38":{"start":{"line":181,"column":8},"end":{"line":181,"column":41}},"39":{"start":{"line":183,"column":8},"end":{"line":183,"column":67}},"40":{"start":{"line":191,"column":8},"end":{"line":191,"column":44}},"41":{"start":{"line":193,"column":8},"end":{"line":193,"column":34}},"42":{"start":{"line":197,"column":8},"end":{"line":197,"column":7880}},"43":{"start":{"line":199,"column":12},"end":{"line":199,"column":70}},"44":{"start":{"line":200,"column":12},"end":{"line":200,"column":68}},"45":{"start":{"line":203,"column":12},"end":{"line":203,"column":77}},"46":{"start":{"line":204,"column":12},"end":{"line":204,"column":50}},"47":{"start":{"line":205,"column":12},"end":{"line":205,"column":70}},"48":{"start":{"line":206,"column":12},"end":{"line":206,"column":79}},"49":{"start":{"line":208,"column":12},"end":{"line":208,"column":74}},"50":{"start":{"line":209,"column":12},"end":{"line":209,"column":8582}},"51":{"start":{"line":213,"column":12},"end":{"line":213,"column":48}},"52":{"start":{"line":214,"column":12},"end":{"line":214,"column":89}},"53":{"start":{"line":215,"column":12},"end":{"line":215,"column":65}},"54":{"start":{"line":219,"column":8},"end":{"line":219,"column":48}},"55":{"start":{"line":221,"column":8},"end":{"line":221,"column":59}},"56":{"start":{"line":235,"column":8},"end":{"line":235,"column":50}},"57":{"start":{"line":236,"column":8},"end":{"line":236,"column":9775}},"58":{"start":{"line":238,"column":12},"end":{"line":238,"column":18}},"59":{"start":{"line":241,"column":8},"end":{"line":241,"column":63}},"60":{"start":{"line":242,"column":8},"end":{"line":242,"column":32}},"61":{"start":{"line":242,"column":26},"end":{"line":242,"column":32}},"62":{"start":{"line":245,"column":8},"end":{"line":245,"column":99}},"63":{"start":{"line":250,"column":8},"end":{"line":250,"column":10288}},"64":{"start":{"line":251,"column":12},"end":{"line":251,"column":85}},"65":{"start":{"line":263,"column":8},"end":{"line":263,"column":38}},"66":{"start":{"line":264,"column":8},"end":{"line":264,"column":47}},"67":{"start":{"line":264,"column":23},"end":{"line":264,"column":47}},"68":{"start":{"line":266,"column":8},"end":{"line":266,"column":67}},"69":{"start":{"line":267,"column":8},"end":{"line":267,"column":45}},"70":{"start":{"line":267,"column":37},"end":{"line":267,"column":45}},"71":{"start":{"line":269,"column":8},"end":{"line":269,"column":50}},"72":{"start":{"line":274,"column":8},"end":{"line":274,"column":60}},"73":{"start":{"line":275,"column":8},"end":{"line":275,"column":33}},"74":{"start":{"line":277,"column":8},"end":{"line":277,"column":11402}},"75":{"start":{"line":278,"column":12},"end":{"line":278,"column":63}},"76":{"start":{"line":279,"column":12},"end":{"line":279,"column":40}},"77":{"start":{"line":281,"column":12},"end":{"line":281,"column":81}},"78":{"start":{"line":282,"column":12},"end":{"line":282,"column":34}},"79":{"start":{"line":284,"column":12},"end":{"line":284,"column":71}},"80":{"start":{"line":288,"column":8},"end":{"line":288,"column":28}},"81":{"start":{"line":293,"column":8},"end":{"line":293,"column":60}},"82":{"start":{"line":294,"column":8},"end":{"line":294,"column":33}},"83":{"start":{"line":296,"column":8},"end":{"line":296,"column":12153}},"84":{"start":{"line":297,"column":12},"end":{"line":297,"column":63}},"85":{"start":{"line":298,"column":12},"end":{"line":298,"column":40}},"86":{"start":{"line":300,"column":12},"end":{"line":300,"column":78}},"87":{"start":{"line":301,"column":12},"end":{"line":301,"column":34}},"88":{"start":{"line":303,"column":12},"end":{"line":303,"column":71}},"89":{"start":{"line":307,"column":8},"end":{"line":307,"column":28}},"90":{"start":{"line":316,"column":8},"end":{"line":316,"column":28}},"91":{"start":{"line":318,"column":8},"end":{"line":318,"column":50}},"92":{"start":{"line":319,"column":8},"end":{"line":319,"column":59}},"93":{"start":{"line":320,"column":8},"end":{"line":320,"column":59}},"94":{"start":{"line":322,"column":8},"end":{"line":322,"column":13178}},"95":{"start":{"line":325,"column":12},"end":{"line":325,"column":63}},"96":{"start":{"line":330,"column":8},"end":{"line":330,"column":63}},"97":{"start":{"line":339,"column":8},"end":{"line":339,"column":50}},"98":{"start":{"line":340,"column":8},"end":{"line":340,"column":63}},"99":{"start":{"line":341,"column":8},"end":{"line":341,"column":106}},"100":{"start":{"line":342,"column":8},"end":{"line":342,"column":68}},"101":{"start":{"line":348,"column":8},"end":{"line":348,"column":38}},"102":{"start":{"line":349,"column":8},"end":{"line":349,"column":47}},"103":{"start":{"line":349,"column":23},"end":{"line":349,"column":47}},"104":{"start":{"line":351,"column":8},"end":{"line":351,"column":67}},"105":{"start":{"line":352,"column":8},"end":{"line":352,"column":45}},"106":{"start":{"line":352,"column":37},"end":{"line":352,"column":45}},"107":{"start":{"line":354,"column":8},"end":{"line":354,"column":50}},"108":{"start":{"line":359,"column":8},"end":{"line":359,"column":48}},"109":{"start":{"line":360,"column":8},"end":{"line":360,"column":38}},"110":{"start":{"line":361,"column":8},"end":{"line":361,"column":52}},"111":{"start":{"line":366,"column":8},"end":{"line":366,"column":36}},"112":{"start":{"line":378,"column":8},"end":{"line":378,"column":49}},"113":{"start":{"line":379,"column":8},"end":{"line":379,"column":37}},"114":{"start":{"line":381,"column":8},"end":{"line":381,"column":47}},"115":{"start":{"line":385,"column":8},"end":{"line":385,"column":53}},"116":{"start":{"line":386,"column":8},"end":{"line":386,"column":46}},"117":{"start":{"line":396,"column":8},"end":{"line":396,"column":15}},"118":{"start":{"line":401,"column":8},"end":{"line":401,"column":17}}},"branchMap":{"1":{"line":80,"type":"if","locations":[{"start":{"line":80,"column":8},"end":{"line":80,"column":8}},{"start":{"line":80,"column":8},"end":{"line":80,"column":8}}]},"2":{"line":81,"type":"if","locations":[{"start":{"line":81,"column":8},"end":{"line":81,"column":8}},{"start":{"line":81,"column":8},"end":{"line":81,"column":8}}]},"3":{"line":82,"type":"if","locations":[{"start":{"line":82,"column":8},"end":{"line":82,"column":8}},{"start":{"line":82,"column":8},"end":{"line":82,"column":8}}]},"4":{"line":100,"type":"if","locations":[{"start":{"line":100,"column":45},"end":{"line":100,"column":45}},{"start":{"line":100,"column":45},"end":{"line":100,"column":45}}]},"5":{"line":100,"type":"if","locations":[{"start":{"line":100,"column":58},"end":{"line":100,"column":58}},{"start":{"line":100,"column":58},"end":{"line":100,"column":58}}]},"6":{"line":101,"type":"if","locations":[{"start":{"line":101,"column":8},"end":{"line":101,"column":8}},{"start":{"line":101,"column":8},"end":{"line":101,"column":8}}]},"7":{"line":108,"type":"if","locations":[{"start":{"line":108,"column":8},"end":{"line":108,"column":8}},{"start":{"line":108,"column":8},"end":{"line":108,"column":8}}]},"8":{"line":116,"type":"if","locations":[{"start":{"line":116,"column":8},"end":{"line":116,"column":8}},{"start":{"line":116,"column":8},"end":{"line":116,"column":8}}]},"9":{"line":127,"type":"if","locations":[{"start":{"line":127,"column":62},"end":{"line":127,"column":62}},{"start":{"line":127,"column":62},"end":{"line":127,"column":62}}]},"10":{"line":127,"type":"if","locations":[{"start":{"line":127,"column":92},"end":{"line":127,"column":92}},{"start":{"line":127,"column":92},"end":{"line":127,"column":92}}]},"11":{"line":127,"type":"if","locations":[{"start":{"line":127,"column":105},"end":{"line":127,"column":105}},{"start":{"line":127,"column":105},"end":{"line":127,"column":105}}]},"12":{"line":128,"type":"if","locations":[{"start":{"line":128,"column":8},"end":{"line":128,"column":8}},{"start":{"line":128,"column":8},"end":{"line":128,"column":8}}]},"13":{"line":129,"type":"if","locations":[{"start":{"line":129,"column":8},"end":{"line":129,"column":8}},{"start":{"line":129,"column":8},"end":{"line":129,"column":8}}]},"14":{"line":136,"type":"if","locations":[{"start":{"line":136,"column":8},"end":{"line":136,"column":8}},{"start":{"line":136,"column":8},"end":{"line":136,"column":8}}]},"15":{"line":142,"type":"if","locations":[{"start":{"line":142,"column":8},"end":{"line":142,"column":8}},{"start":{"line":142,"column":8},"end":{"line":142,"column":8}}]},"16":{"line":152,"type":"if","locations":[{"start":{"line":152,"column":44},"end":{"line":152,"column":44}},{"start":{"line":152,"column":44},"end":{"line":152,"column":44}}]},"17":{"line":152,"type":"if","locations":[{"start":{"line":152,"column":57},"end":{"line":152,"column":57}},{"start":{"line":152,"column":57},"end":{"line":152,"column":57}}]},"18":{"line":153,"type":"if","locations":[{"start":{"line":153,"column":8},"end":{"line":153,"column":8}},{"start":{"line":153,"column":8},"end":{"line":153,"column":8}}]},"19":{"line":159,"type":"if","locations":[{"start":{"line":159,"column":8},"end":{"line":159,"column":8}},{"start":{"line":159,"column":8},"end":{"line":159,"column":8}}]},"20":{"line":162,"type":"if","locations":[{"start":{"line":162,"column":47},"end":{"line":162,"column":51}},{"start":{"line":162,"column":55},"end":{"line":162,"column":60}}]},"21":{"line":166,"type":"if","locations":[{"start":{"line":166,"column":8},"end":{"line":166,"column":8}},{"start":{"line":166,"column":8},"end":{"line":166,"column":8}}]},"22":{"line":167,"type":"if","locations":[{"start":{"line":167,"column":12},"end":{"line":167,"column":12}},{"start":{"line":167,"column":12},"end":{"line":167,"column":12}}]},"23":{"line":171,"type":"if","locations":[{"start":{"line":171,"column":8},"end":{"line":171,"column":8}},{"start":{"line":171,"column":8},"end":{"line":171,"column":8}}]},"24":{"line":190,"type":"if","locations":[{"start":{"line":190,"column":72},"end":{"line":190,"column":72}},{"start":{"line":190,"column":72},"end":{"line":190,"column":72}}]},"25":{"line":190,"type":"if","locations":[{"start":{"line":190,"column":85},"end":{"line":190,"column":85}},{"start":{"line":190,"column":85},"end":{"line":190,"column":85}}]},"26":{"line":191,"type":"if","locations":[{"start":{"line":191,"column":8},"end":{"line":191,"column":8}},{"start":{"line":191,"column":8},"end":{"line":191,"column":8}}]},"27":{"line":197,"type":"if","locations":[{"start":{"line":197,"column":8},"end":{"line":197,"column":8}},{"start":{"line":197,"column":8},"end":{"line":197,"column":8}}]},"28":{"line":200,"type":"if","locations":[{"start":{"line":200,"column":12},"end":{"line":200,"column":12}},{"start":{"line":200,"column":12},"end":{"line":200,"column":12}}]},"29":{"line":204,"type":"if","locations":[{"start":{"line":204,"column":12},"end":{"line":204,"column":12}},{"start":{"line":204,"column":12},"end":{"line":204,"column":12}}]},"30":{"line":210,"type":"if","locations":[{"start":{"line":210,"column":18},"end":{"line":210,"column":52}},{"start":{"line":211,"column":18},"end":{"line":211,"column":18}}]},"31":{"line":214,"type":"if","locations":[{"start":{"line":214,"column":40},"end":{"line":214,"column":68}},{"start":{"line":214,"column":72},"end":{"line":214,"column":88}}]},"32":{"line":215,"type":"if","locations":[{"start":{"line":215,"column":12},"end":{"line":215,"column":12}},{"start":{"line":215,"column":12},"end":{"line":215,"column":12}}]},"33":{"line":236,"type":"if","locations":[{"start":{"line":236,"column":8},"end":{"line":236,"column":8}},{"start":{"line":236,"column":8},"end":{"line":236,"column":8}}]},"34":{"line":242,"type":"if","locations":[{"start":{"line":242,"column":8},"end":{"line":242,"column":8}},{"start":{"line":242,"column":8},"end":{"line":242,"column":8}}]},"35":{"line":250,"type":"if","locations":[{"start":{"line":250,"column":8},"end":{"line":250,"column":8}},{"start":{"line":250,"column":8},"end":{"line":250,"column":8}}]},"36":{"line":264,"type":"if","locations":[{"start":{"line":264,"column":8},"end":{"line":264,"column":8}},{"start":{"line":264,"column":8},"end":{"line":264,"column":8}}]},"37":{"line":267,"type":"if","locations":[{"start":{"line":267,"column":8},"end":{"line":267,"column":8}},{"start":{"line":267,"column":8},"end":{"line":267,"column":8}}]},"38":{"line":279,"type":"if","locations":[{"start":{"line":279,"column":12},"end":{"line":279,"column":12}},{"start":{"line":279,"column":12},"end":{"line":279,"column":12}}]},"39":{"line":282,"type":"if","locations":[{"start":{"line":282,"column":12},"end":{"line":282,"column":12}},{"start":{"line":282,"column":12},"end":{"line":282,"column":12}}]},"40":{"line":298,"type":"if","locations":[{"start":{"line":298,"column":12},"end":{"line":298,"column":12}},{"start":{"line":298,"column":12},"end":{"line":298,"column":12}}]},"41":{"line":301,"type":"if","locations":[{"start":{"line":301,"column":12},"end":{"line":301,"column":12}},{"start":{"line":301,"column":12},"end":{"line":301,"column":12}}]},"42":{"line":315,"type":"if","locations":[{"start":{"line":315,"column":63},"end":{"line":315,"column":63}},{"start":{"line":315,"column":63},"end":{"line":315,"column":63}}]},"43":{"line":320,"type":"if","locations":[{"start":{"line":320,"column":45},"end":{"line":320,"column":49}},{"start":{"line":320,"column":53},"end":{"line":320,"column":58}}]},"44":{"line":322,"type":"if","locations":[{"start":{"line":322,"column":8},"end":{"line":322,"column":8}},{"start":{"line":322,"column":8},"end":{"line":322,"column":8}}]},"45":{"line":349,"type":"if","locations":[{"start":{"line":349,"column":8},"end":{"line":349,"column":8}},{"start":{"line":349,"column":8},"end":{"line":349,"column":8}}]},"46":{"line":352,"type":"if","locations":[{"start":{"line":352,"column":8},"end":{"line":352,"column":8}},{"start":{"line":352,"column":8},"end":{"line":352,"column":8}}]},"47":{"line":361,"type":"if","locations":[{"start":{"line":361,"column":33},"end":{"line":361,"column":47}},{"start":{"line":361,"column":51},"end":{"line":361,"column":51}}]},"48":{"line":377,"type":"if","locations":[{"start":{"line":377,"column":56},"end":{"line":377,"column":56}},{"start":{"line":377,"column":56},"end":{"line":377,"column":56}}]},"49":{"line":378,"type":"if","locations":[{"start":{"line":378,"column":8},"end":{"line":378,"column":8}},{"start":{"line":378,"column":8},"end":{"line":378,"column":8}}]},"50":{"line":384,"type":"if","locations":[{"start":{"line":384,"column":51},"end":{"line":384,"column":51}},{"start":{"line":384,"column":51},"end":{"line":384,"column":51}}]},"51":{"line":385,"type":"if","locations":[{"start":{"line":385,"column":8},"end":{"line":385,"column":8}},{"start":{"line":385,"column":8},"end":{"line":385,"column":8}}]},"52":{"line":395,"type":"if","locations":[{"start":{"line":395,"column":30},"end":{"line":395,"column":30}},{"start":{"line":395,"column":30},"end":{"line":395,"column":30}}]},"53":{"line":400,"type":"if","locations":[{"start":{"line":400,"column":32},"end":{"line":400,"column":32}},{"start":{"line":400,"column":32},"end":{"line":400,"column":32}}]}}},
"contracts/CollateralVault.sol":{"l":{"49":17,"50":17,"64":17,"65":17,"67":17,"68":17,"69":17,"70":17,"72":17,"79":17,"80":17,"90":0,"91":0,"92":0,"93":0,"95":0,"96":0,"97":0,"99":0,"104":0,"105":0,"107":0,"112":0,"113":0,"114":0,"116":0,"127":23,"128":23,"130":23,"131":23,"133":23,"141":6,"142":6,"143":6,"145":6,"146":6,"148":6,"160":1,"162":1,"163":1,"165":1,"179":4,"181":4,"182":4,"184":4,"199":0,"200":0,"202":0,"203":0,"205":0,"214":0,"219":40,"229":53,"230":53,"239":0,"244":0},"path":"/Users/luiscuello/Minted-mUSD-Canton/contracts/CollateralVault.sol","s":{"1":17,"2":17,"3":17,"4":17,"5":17,"6":17,"7":17,"8":17,"9":17,"10":17,"11":0,"12":0,"13":0,"14":0,"15":0,"16":0,"17":0,"18":0,"19":0,"20":0,"21":23,"22":23,"23":23,"24":23,"25":6,"26":6,"27":6,"28":6,"29":6,"30":1,"31":1,"32":1,"33":4,"34":4,"35":4,"36":0,"37":0,"38":0,"39":0,"40":0,"41":40,"42":53,"43":53,"44":0,"45":0},"b":{"1":[17,0],"2":[17,0],"3":[17,0],"4":[17,0],"5":[17,0],"6":[17,0],"7":[17,0],"8":[0,0],"9":[0,0],"10":[0,0],"11":[0,0],"12":[0,0],"13":[0,0],"14":[0,0],"15":[0,0],"16":[0,0],"17":[0,0],"18":[23,0],"19":[23,0],"20":[23,0],"21":[23,0],"22":[6,0],"23":[6,0],"24":[6,0],"25":[6,0],"26":[6,0],"27":[6,0],"28":[1,0],"29":[1,0],"30":[1,0],"31":[4,0],"32":[4,0],"33":[4,0],"34":[0,0],"35":[0,0],"36":[0,0],"37":[0,0],"38":[0,0],"39":[0,0]},"f":{"1":17,"2":17,"3":0,"4":0,"5":0,"6":23,"7":6,"8":1,"9":4,"10":0,"11":0,"12":40,"13":53,"14":0,"15":0},"fnMap":{"1":{"name":"constructor","line":48,"loc":{"start":{"line":48,"column":4},"end":{"line":51,"column":4}}},"2":{"name":"addCollateral","line":63,"loc":{"start":{"line":58,"column":4},"end":{"line":81,"column":4}}},"3":{"name":"updateCollateral","line":89,"loc":{"start":{"line":84,"column":4},"end":{"line":100,"column":4}}},"4":{"name":"disableCollateral","line":103,"loc":{"start":{"line":103,"column":4},"end":{"line":108,"column":4}}},"5":{"name":"enableCollateral","line":111,"loc":{"start":{"line":111,"column":4},"end":{"line":117,"column":4}}},"6":{"name":"deposit","line":126,"loc":{"start":{"line":126,"column":4},"end":{"line":134,"column":4}}},"7":{"name":"depositFor","line":140,"loc":{"start":{"line":140,"column":4},"end":{"line":149,"column":4}}},"8":{"name":"withdraw","line":159,"loc":{"start":{"line":155,"column":4},"end":{"line":166,"column":4}}},"9":{"name":"seize","line":178,"loc":{"start":{"line":173,"column":4},"end":{"line":185,"column":4}}},"10":{"name":"withdrawFor","line":198,"loc":{"start":{"line":193,"column":4},"end":{"line":206,"column":4}}},"11":{"name":"getDeposit","line":213,"loc":{"start":{"line":213,"column":4},"end":{"line":215,"column":4}}},"12":{"name":"getSupportedTokens","line":218,"loc":{"start":{"line":218,"column":4},"end":{"line":220,"column":4}}},"13":{"name":"getConfig","line":223,"loc":{"start":{"line":223,"column":4},"end":{"line":231,"column":4}}},"14":{"name":"pause","line":238,"loc":{"start":{"line":238,"column":4},"end":{"line":240,"column":4}}},"15":{"name":"unpause","line":243,"loc":{"start":{"line":243,"column":4},"end":{"line":245,"column":4}}}},"statementMap":{"1":{"start":{"line":49,"column":8},"end":{"line":49,"column":49}},"2":{"start":{"line":50,"column":8},"end":{"line":50,"column":47}},"3":{"start":{"line":64,"column":8},"end":{"line":64,"column":52}},"4":{"start":{"line":65,"column":8},"end":{"line":65,"column":66}},"5":{"start":{"line":67,"column":8},"end":{"line":67,"column":62}},"6":{"start":{"line":68,"column":8},"end":{"line":68,"column":106}},"7":{"start":{"line":69,"column":8},"end":{"line":69,"column":69}},"8":{"start":{"line":70,"column":8},"end":{"line":70,"column":65}},"9":{"start":{"line":79,"column":8},"end":{"line":79,"column":34}},"10":{"start":{"line":80,"column":8},"end":{"line":80,"column":81}},"11":{"start":{"line":90,"column":8},"end":{"line":90,"column":65}},"12":{"start":{"line":91,"column":8},"end":{"line":91,"column":106}},"13":{"start":{"line":92,"column":8},"end":{"line":92,"column":69}},"14":{"start":{"line":93,"column":8},"end":{"line":93,"column":65}},"15":{"start":{"line":99,"column":8},"end":{"line":99,"column":83}},"16":{"start":{"line":104,"column":8},"end":{"line":104,"column":65}},"17":{"start":{"line":107,"column":8},"end":{"line":107,"column":38}},"18":{"start":{"line":112,"column":8},"end":{"line":112,"column":88}},"19":{"start":{"line":113,"column":8},"end":{"line":113,"column":68}},"20":{"start":{"line":116,"column":8},"end":{"line":116,"column":37}},"21":{"start":{"line":127,"column":8},"end":{"line":127,"column":71}},"22":{"start":{"line":128,"column":8},"end":{"line":128,"column":44}},"23":{"start":{"line":131,"column":8},"end":{"line":131,"column":72}},"24":{"start":{"line":133,"column":8},"end":{"line":133,"column":49}},"25":{"start":{"line":141,"column":8},"end":{"line":141,"column":71}},"26":{"start":{"line":142,"column":8},"end":{"line":142,"column":44}},"27":{"start":{"line":143,"column":8},"end":{"line":143,"column":50}},"28":{"start":{"line":146,"column":8},"end":{"line":146,"column":72}},"29":{"start":{"line":148,"column":8},"end":{"line":148,"column":43}},"30":{"start":{"line":160,"column":8},"end":{"line":160,"column":71}},"31":{"start":{"line":163,"column":8},"end":{"line":163,"column":47}},"32":{"start":{"line":165,"column":8},"end":{"line":165,"column":43}},"33":{"start":{"line":179,"column":8},"end":{"line":179,"column":74}},"34":{"start":{"line":182,"column":8},"end":{"line":182,"column":53}},"35":{"start":{"line":184,"column":8},"end":{"line":184,"column":52}},"36":{"start":{"line":199,"column":8},"end":{"line":199,"column":71}},"37":{"start":{"line":200,"column":8},"end":{"line":200,"column":60}},"38":{"start":{"line":203,"column":8},"end":{"line":203,"column":52}},"39":{"start":{"line":205,"column":8},"end":{"line":205,"column":43}},"40":{"start":{"line":214,"column":8},"end":{"line":214,"column":36}},"41":{"start":{"line":219,"column":8},"end":{"line":219,"column":30}},"42":{"start":{"line":229,"column":8},"end":{"line":229,"column":61}},"43":{"start":{"line":230,"column":8},"end":{"line":230,"column":101}},"44":{"start":{"line":239,"column":8},"end":{"line":239,"column":15}},"45":{"start":{"line":244,"column":8},"end":{"line":244,"column":17}}},"branchMap":{"1":{"line":63,"type":"if","locations":[{"start":{"line":63,"column":15},"end":{"line":63,"column":15}},{"start":{"line":63,"column":15},"end":{"line":63,"column":15}}]},"2":{"line":64,"type":"if","locations":[{"start":{"line":64,"column":8},"end":{"line":64,"column":8}},{"start":{"line":64,"column":8},"end":{"line":64,"column":8}}]},"3":{"line":65,"type":"if","locations":[{"start":{"line":65,"column":8},"end":{"line":65,"column":8}},{"start":{"line":65,"column":8},"end":{"line":65,"column":8}}]},"4":{"line":67,"type":"if","locations":[{"start":{"line":67,"column":8},"end":{"line":67,"column":8}},{"start":{"line":67,"column":8},"end":{"line":67,"column":8}}]},"5":{"line":68,"type":"if","locations":[{"start":{"line":68,"column":8},"end":{"line":68,"column":8}},{"start":{"line":68,"column":8},"end":{"line":68,"column":8}}]},"6":{"line":69,"type":"if","locations":[{"start":{"line":69,"column":8},"end":{"line":69,"column":8}},{"start":{"line":69,"column":8},"end":{"line":69,"column":8}}]},"7":{"line":70,"type":"if","locations":[{"start":{"line":70,"column":8},"end":{"line":70,"column":8}},{"start":{"line":70,"column":8},"end":{"line":70,"column":8}}]},"8":{"line":89,"type":"if","locations":[{"start":{"line":89,"column":15},"end":{"line":89,"column":15}},{"start":{"line":89,"column":15},"end":{"line":89,"column":15}}]},"9":{"line":90,"type":"if","locations":[{"start":{"line":90,"column":8},"end":{"line":90,"column":8}},{"start":{"line":90,"column":8},"end":{"line":90,"column":8}}]},"10":{"line":91,"type":"if","locations":[{"start":{"line":91,"column":8},"end":{"line":91,"column":8}},{"start":{"line":91,"column":8},"end":{"line":91,"column":8}}]},"11":{"line":92,"type":"if","locations":[{"start":{"line":92,"column":8},"end":{"line":92,"column":8}},{"start":{"line":92,"column":8},"end":{"line":92,"column":8}}]},"12":{"line":93,"type":"if","locations":[{"start":{"line":93,"column":8},"end":{"line":93,"column":8}},{"start":{"line":93,"column":8},"end":{"line":93,"column":8}}]},"13":{"line":103,"type":"if","locations":[{"start":{"line":103,"column":55},"end":{"line":103,"column":55}},{"start":{"line":103,"column":55},"end":{"line":103,"column":55}}]},"14":{"line":104,"type":"if","locations":[{"start":{"line":104,"column":8},"end":{"line":104,"column":8}},{"start":{"line":104,"column":8},"end":{"line":104,"column":8}}]},"15":{"line":111,"type":"if","locations":[{"start":{"line":111,"column":54},"end":{"line":111,"column":54}},{"start":{"line":111,"column":54},"end":{"line":111,"column":54}}]},"16":{"line":112,"type":"if","locations":[{"start":{"line":112,"column":8},"end":{"line":112,"column":8}},{"start":{"line":112,"column":8},"end":{"line":112,"column":8}}]},"17":{"line":113,"type":"if","locations":[{"start":{"line":113,"column":8},"end":{"line":113,"column":8}},{"start":{"line":113,"column":8},"end":{"line":113,"column":8}}]},"18":{"line":126,"type":"if","locations":[{"start":{"line":126,"column":61},"end":{"line":126,"column":61}},{"start":{"line":126,"column":61},"end":{"line":126,"column":61}}]},"19":{"line":126,"type":"if","locations":[{"start":{"line":126,"column":74},"end":{"line":126,"column":74}},{"start":{"line":126,"column":74},"end":{"line":126,"column":74}}]},"20":{"line":127,"type":"if","locations":[{"start":{"line":127,"column":8},"end":{"line":127,"column":8}},{"start":{"line":127,"column":8},"end":{"line":127,"column":8}}]},"21":{"line":128,"type":"if","locations":[{"start":{"line":128,"column":8},"end":{"line":128,"column":8}},{"start":{"line":128,"column":8},"end":{"line":128,"column":8}}]},"22":{"line":140,"type":"if","locations":[{"start":{"line":140,"column":78},"end":{"line":140,"column":78}},{"start":{"line":140,"column":78},"end":{"line":140,"column":78}}]},"23":{"line":140,"type":"if","locations":[{"start":{"line":140,"column":108},"end":{"line":140,"column":108}},{"start":{"line":140,"column":108},"end":{"line":140,"column":108}}]},"24":{"line":140,"type":"if","locations":[{"start":{"line":140,"column":121},"end":{"line":140,"column":121}},{"start":{"line":140,"column":121},"end":{"line":140,"column":121}}]},"25":{"line":141,"type":"if","locations":[{"start":{"line":141,"column":8},"end":{"line":141,"column":8}},{"start":{"line":141,"column":8},"end":{"line":141,"column":8}}]},"26":{"line":142,"type":"if","locations":[{"start":{"line":142,"column":8},"end":{"line":142,"column":8}},{"start":{"line":142,"column":8},"end":{"line":142,"column":8}}]},"27":{"line":143,"type":"if","locations":[{"start":{"line":143,"column":8},"end":{"line":143,"column":8}},{"start":{"line":143,"column":8},"end":{"line":143,"column":8}}]},"28":{"line":159,"type":"if","locations":[{"start":{"line":159,"column":15},"end":{"line":159,"column":15}},{"start":{"line":159,"column":15},"end":{"line":159,"column":15}}]},"29":{"line":159,"type":"if","locations":[{"start":{"line":159,"column":44},"end":{"line":159,"column":44}},{"start":{"line":159,"column":44},"end":{"line":159,"column":44}}]},"30":{"line":160,"type":"if","locations":[{"start":{"line":160,"column":8},"end":{"line":160,"column":8}},{"start":{"line":160,"column":8},"end":{"line":160,"column":8}}]},"31":{"line":178,"type":"if","locations":[{"start":{"line":178,"column":15},"end":{"line":178,"column":15}},{"start":{"line":178,"column":15},"end":{"line":178,"column":15}}]},"32":{"line":178,"type":"if","locations":[{"start":{"line":178,"column":42},"end":{"line":178,"column":42}},{"start":{"line":178,"column":42},"end":{"line":178,"column":42}}]},"33":{"line":179,"type":"if","locations":[{"start":{"line":179,"column":8},"end":{"line":179,"column":8}},{"start":{"line":179,"column":8},"end":{"line":179,"column":8}}]},"34":{"line":198,"type":"if","locations":[{"start":{"line":198,"column":15},"end":{"line":198,"column":15}},{"start":{"line":198,"column":15},"end":{"line":198,"column":15}}]},"35":{"line":198,"type":"if","locations":[{"start":{"line":198,"column":45},"end":{"line":198,"column":45}},{"start":{"line":198,"column":45},"end":{"line":198,"column":45}}]},"36":{"line":199,"type":"if","locations":[{"start":{"line":199,"column":8},"end":{"line":199,"column":8}},{"start":{"line":199,"column":8},"end":{"line":199,"column":8}}]},"37":{"line":200,"type":"if","locations":[{"start":{"line":200,"column":8},"end":{"line":200,"column":8}},{"start":{"line":200,"column":8},"end":{"line":200,"column":8}}]},"38":{"line":238,"type":"if","locations":[{"start":{"line":238,"column":30},"end":{"line":238,"column":30}},{"start":{"line":238,"column":30},"end":{"line":238,"column":30}}]},"39":{"line":243,"type":"if","locations":[{"start":{"line":243,"column":32},"end":{"line":243,"column":32}},{"start":{"line":243,"column":32},"end":{"line":243,"column":32}}]}}},
"contracts/DepositRouter.sol":{"l":{"142":0,"143":0,"144":0,"145":0,"146":0,"147":0,"149":0,"150":0,"151":0,"152":0,"153":0,"154":0,"165":0,"175":0,"176":0,"186":0,"187":0,"195":0,"208":0,"217":0,"227":0,"228":0,"229":0,"230":0,"238":0,"239":0,"240":0,"241":0,"249":0,"250":0,"251":0,"252":0,"260":0,"261":0,"262":0,"263":0,"264":0,"271":0,"278":0,"288":0,"289":0,"290":0,"291":0,"293":0,"301":0,"302":0,"303":0,"306":0,"307":0,"310":0,"311":0,"314":0,"317":0,"320":0,"323":0,"326":0,"329":0,"339":0,"347":0,"350":0,"351":0,"352":0},"path":"/Users/luiscuello/Minted-mUSD-Canton/contracts/DepositRouter.sol","s":{"1":0,"2":0,"3":0,"4":0,"5":0,"6":0,"7":0,"8":0,"9":0,"10":0,"11":0,"12":0,"13":0,"14":0,"15":0,"16":0,"17":0,"18":0,"19":0,"20":0,"21":0,"22":0,"23":0,"24":0,"25":0,"26":0,"27":0,"28":0,"29":0,"30":0,"31":0,"32":0,"33":0,"34":0,"35":0,"36":0,"37":0,"38":0,"39":0,"40":0,"41":0,"42":0,"43":0,"44":0,"45":0},"b":{"1":[0,0],"2":[0,0],"3":[0,0],"4":[0,0],"5":[0,0],"6":[0,0],"7":[0,0],"8":[0,0],"9":[0,0],"10":[0,0],"11":[0,0],"12":[0,0],"13":[0,0],"14":[0,0],"15":[0,0],"16":[0,0],"17":[0,0],"18":[0,0],"19":[0,0],"20":[0,0],"21":[0,0],"22":[0,0],"23":[0,0],"24":[0,0],"25":[0,0],"26":[0,0],"27":[0,0],"28":[0,0],"29":[0,0],"30":[0,0],"31":[0,0]},"f":{"1":0,"2":0,"3":0,"4":0,"5":0,"6":0,"7":0,"8":0,"9":0,"10":0,"11":0,"12":0,"13":0,"14":0,"15":0},"fnMap":{"1":{"name":"constructor","line":141,"loc":{"start":{"line":134,"column":4},"end":{"line":155,"column":4}}},"2":{"name":"deposit","line":164,"loc":{"start":{"line":164,"column":4},"end":{"line":166,"column":4}}},"3":{"name":"depositFor","line":174,"loc":{"start":{"line":174,"column":4},"end":{"line":177,"column":4}}},"4":{"name":"previewDeposit","line":185,"loc":{"start":{"line":185,"column":4},"end":{"line":188,"column":4}}},"5":{"name":"quoteBridgeCost","line":194,"loc":{"start":{"line":194,"column":4},"end":{"line":200,"column":4}}},"6":{"name":"isDepositComplete","line":207,"loc":{"start":{"line":207,"column":4},"end":{"line":209,"column":4}}},"7":{"name":"getDeposit","line":216,"loc":{"start":{"line":216,"column":4},"end":{"line":218,"column":4}}},"8":{"name":"setTreasury","line":226,"loc":{"start":{"line":226,"column":4},"end":{"line":231,"column":4}}},"9":{"name":"setDirectMint","line":237,"loc":{"start":{"line":237,"column":4},"end":{"line":242,"column":4}}},"10":{"name":"setFee","line":248,"loc":{"start":{"line":248,"column":4},"end":{"line":253,"column":4}}},"11":{"name":"withdrawFees","line":259,"loc":{"start":{"line":259,"column":4},"end":{"line":265,"column":4}}},"12":{"name":"pause","line":270,"loc":{"start":{"line":270,"column":4},"end":{"line":272,"column":4}}},"13":{"name":"unpause","line":277,"loc":{"start":{"line":277,"column":4},"end":{"line":279,"column":4}}},"14":{"name":"emergencyWithdraw","line":287,"loc":{"start":{"line":287,"column":4},"end":{"line":295,"column":4}}},"15":{"name":"_deposit","line":299,"loc":{"start":{"line":299,"column":4},"end":{"line":354,"column":4}}}},"statementMap":{"1":{"start":{"line":142,"column":8},"end":{"line":142,"column":56}},"2":{"start":{"line":143,"column":8},"end":{"line":143,"column":67}},"3":{"start":{"line":144,"column":8},"end":{"line":144,"column":63}},"4":{"start":{"line":145,"column":8},"end":{"line":145,"column":67}},"5":{"start":{"line":146,"column":8},"end":{"line":146,"column":69}},"6":{"start":{"line":147,"column":8},"end":{"line":147,"column":46}},"7":{"start":{"line":165,"column":8},"end":{"line":165,"column":43}},"8":{"start":{"line":175,"column":8},"end":{"line":175,"column":60}},"9":{"start":{"line":176,"column":8},"end":{"line":176,"column":42}},"10":{"start":{"line":208,"column":8},"end":{"line":208,"column":50}},"11":{"start":{"line":217,"column":8},"end":{"line":217,"column":40}},"12":{"start":{"line":227,"column":8},"end":{"line":227,"column":62}},"13":{"start":{"line":228,"column":8},"end":{"line":228,"column":37}},"14":{"start":{"line":230,"column":8},"end":{"line":230,"column":46}},"15":{"start":{"line":238,"column":8},"end":{"line":238,"column":64}},"16":{"start":{"line":239,"column":8},"end":{"line":239,"column":39}},"17":{"start":{"line":241,"column":8},"end":{"line":241,"column":50}},"18":{"start":{"line":249,"column":8},"end":{"line":249,"column":48}},"19":{"start":{"line":250,"column":8},"end":{"line":250,"column":28}},"20":{"start":{"line
[...]
,"143":{"start":{"line":690,"column":8},"end":{"line":690,"column":23268}},"144":{"start":{"line":691,"column":12},"end":{"line":691,"column":60}},"145":{"start":{"line":702,"column":8},"end":{"line":702,"column":38}},"146":{"start":{"line":704,"column":8},"end":{"line":704,"column":38}},"147":{"start":{"line":717,"column":8},"end":{"line":717,"column":60}},"148":{"start":{"line":719,"column":8},"end":{"line":719,"column":45}},"149":{"start":{"line":722,"column":8},"end":{"line":722,"column":52}},"150":{"start":{"line":723,"column":8},"end":{"line":723,"column":24224}},"151":{"start":{"line":724,"column":12},"end":{"line":724,"column":24290}},"152":{"start":{"line":728,"column":8},"end":{"line":728,"column":62}},"153":{"start":{"line":735,"column":8},"end":{"line":735,"column":49}},"154":{"start":{"line":746,"column":8},"end":{"line":746,"column":20}},"155":{"start":{"line":748,"column":8},"end":{"line":748,"column":36}},"156":{"start":{"line":749,"column":8},"end":{"line":749,"column":30}},"157":{"start":{"line":749,"column":24},"end":{"line":749,"column":30}},"158":{"start":{"line":752,"column":8},"end":{"line":752,"column":25208}},"159":{"start":{"line":753,"column":12},"end":{"line":753,"column":47}},"160":{"start":{"line":755,"column":12},"end":{"line":755,"column":50}},"161":{"start":{"line":756,"column":12},"end":{"line":756,"column":64}},"162":{"start":{"line":757,"column":12},"end":{"line":757,"column":73}},"163":{"start":{"line":759,"column":12},"end":{"line":759,"column":25518}},"164":{"start":{"line":760,"column":16},"end":{"line":760,"column":59}},"165":{"start":{"line":761,"column":16},"end":{"line":761,"column":64}},"166":{"start":{"line":766,"column":8},"end":{"line":766,"column":42}},"167":{"start":{"line":767,"column":8},"end":{"line":767,"column":61}},"168":{"start":{"line":768,"column":8},"end":{"line":768,"column":87}},"169":{"start":{"line":770,"column":8},"end":{"line":770,"column":25967}},"170":{"start":{"line":771,"column":12},"end":{"line":771,"column":47}},"171":{"start":{"line":773,"column":12},"end":{"line":773,"column":50}},"172":{"start":{"line":774,"column":12},"end":{"line":774,"column":64}},"173":{"start":{"line":775,"column":12},"end":{"line":775,"column":73}},"174":{"start":{"line":777,"column":12},"end":{"line":777,"column":26294}},"175":{"start":{"line":778,"column":16},"end":{"line":778,"column":60}},"176":{"start":{"line":779,"column":16},"end":{"line":779,"column":77}},"177":{"start":{"line":781,"column":16},"end":{"line":781,"column":51}},"178":{"start":{"line":782,"column":16},"end":{"line":782,"column":26553}},"179":{"start":{"line":789,"column":8},"end":{"line":789,"column":42}},"180":{"start":{"line":800,"column":8},"end":{"line":800,"column":27124}},"181":{"start":{"line":801,"column":12},"end":{"line":801,"column":27190}},"182":{"start":{"line":802,"column":16},"end":{"line":802,"column":78}},"183":{"start":{"line":806,"column":8},"end":{"line":806,"column":48}},"184":{"start":{"line":810,"column":8},"end":{"line":810,"column":15}},"185":{"start":{"line":814,"column":8},"end":{"line":814,"column":17}},"186":{"start":{"line":828,"column":8},"end":{"line":828,"column":58}},"187":{"start":{"line":829,"column":8},"end":{"line":829,"column":64}},"188":{"start":{"line":831,"column":8},"end":{"line":831,"column":20}},"189":{"start":{"line":841,"column":8},"end":{"line":841,"column":55}},"190":{"start":{"line":856,"column":8},"end":{"line":856,"column":54}},"191":{"start":{"line":858,"column":8},"end":{"line":858,"column":37}},"192":{"start":{"line":860,"column":8},"end":{"line":860,"column":37}},"193":{"start":{"line":867,"column":8},"end":{"line":867,"column":63}},"194":{"start":{"line":868,"column":8},"end":{"line":868,"column":53}}},"branchMap":{"1":{"line":158,"type":"if","locations":[{"start":{"line":158,"column":15},"end":{"line":158,"column":15}},{"start":{"line":158,"column":15},"end":{"line":158,"column":15}}]},"2":{"line":159,"type":"if","locations":[{"start":{"line":159,"column":8},"end":{"line":159,"column":8}},{"start":{"line":159,"column":8},"end":{"line":159,"column":8}}]},"3":{"line":159,"type":"cond-expr","locations":[{"start":{"line":159,"column":12},"end":{"line":159,"column":31}},{"start":{"line":159,"column":36},"end":{"line":159,"column":55}}]},"4":{"line":159,"type":"cond-expr","locations":[{"start":{"line":159,"column":12},"end":{"line":159,"column":55}},{"start":{"line":159,"column":60},"end":{"line":159,"column":79}}]},"5":{"line":205,"type":"if","locations":[{"start":{"line":205,"column":12},"end":{"line":205,"column":12}},{"start":{"line":205,"column":12},"end":{"line":205,"column":12}}]},"6":{"line":219,"type":"if","locations":[{"start":{"line":219,"column":33},"end":{"line":219,"column":47}},{"start":{"line":219,"column":51},"end":{"line":219,"column":51}}]},"7":{"line":269,"type":"if","locations":[{"start":{"line":269,"column":12},"end":{"line":269,"column":12}},{"start":{"line":269,"column":12},"end":{"line":269,"column":12}}]},"8":{"line":281,"type":"if","locations":[{"start":{"line":281,"column":8},"end":{"line":281,"column":8}},{"start":{"line":281,"column":8},"end":{"line":281,"column":8}}]},"9":{"line":307,"type":"if","locations":[{"start":{"line":307,"column":8},"end":{"line":307,"column":8}},{"start":{"line":307,"column":8},"end":{"line":307,"column":8}}]},"10":{"line":308,"type":"if","locations":[{"start":{"line":308,"column":8},"end":{"line":308,"column":8}},{"start":{"line":308,"column":8},"end":{"line":308,"column":8}}]},"11":{"line":309,"type":"if","locations":[{"start":{"line":309,"column":8},"end":{"line":309,"column":8}},{"start":{"line":309,"column":8},"end":{"line":309,"column":8}}]},"12":{"line":312,"type":"if","locations":[{"start":{"line":312,"column":8},"end":{"line":312,"column":8}},{"start":{"line":312,"column":8},"end":{"line":312,"column":8}}]},"13":{"line":321,"type":"if","locations":[{"start":{"line":321,"column":8},"end":{"line":321,"column":8}},{"start":{"line":321,"column":8},"end":{"line":321,"column":8}}]},"14":{"line":342,"type":"if","locations":[{"start":{"line":342,"column":8},"end":{"line":342,"column":8}},{"start":{"line":342,"column":8},"end":{"line":342,"column":8}}]},"15":{"line":343,"type":"if","locations":[{"start":{"line":343,"column":8},"end":{"line":343,"column":8}},{"start":{"line":343,"column":8},"end":{"line":343,"column":8}}]},"16":{"line":344,"type":"if","locations":[{"start":{"line":344,"column":8},"end":{"line":344,"column":8}},{"start":{"line":344,"column":8},"end":{"line":344,"column":8}}]},"17":{"line":347,"type":"if","locations":[{"start":{"line":347,"column":8},"end":{"line":347,"column":8}},{"start":{"line":347,"column":8},"end":{"line":347,"column":8}}]},"18":{"line":355,"type":"if","locations":[{"start":{"line":355,"column":8},"end":{"line":355,"column":8}},{"start":{"line":355,"column":8},"end":{"line":355,"column":8}}]},"19":{"line":365,"type":"if","locations":[{"start":{"line":365,"column":12},"end":{"line":365,"column":12}},{"start":{"line":365,"column":12},"end":{"line":365,"column":12}}]},"20":{"line":369,"type":"if","locations":[{"start":{"line":369,"column":12},"end":{"line":369,"column":12}},{"start":{"line":369,"column":12},"end":{"line":369,"column":12}}]},"21":{"line":405,"type":"if","locations":[{"start":{"line":405,"column":60},"end":{"line":405,"column":60}},{"start":{"line":405,"column":60},"end":{"line":405,"column":60}}]},"22":{"line":405,"type":"if","locations":[{"start":{"line":405,"column":73},"end":{"line":405,"column":73}},{"start":{"line":405,"column":73},"end":{"line":405,"column":73}}]},"23":{"line":405,"type":"if","locations":[{"start":{"line":405,"column":87},"end":{"line":405,"column":87}},{"start":{"line":405,"column":87},"end":{"line":405,"column":87}}]},"24":{"line":406,"type":"if","locations":[{"start":{"line":406,"column":8},"end":{"line":406,"column":8}},{"start":{"line":406,"column":8},"end":{"line":406,"column":8}}]},"25":{"line":413,"type":"if","locations":[{"start":{"line":413,"column":8},"end":{"line":413,"column":8}},{"start":{"line":413,"column":8},"end":{"line":413,"column":8}}]},"26":{"line":430,"type":"if","locations":[{"start":{"line":430,"column":59},"end":{"line":430,"column":59}},{"start":{"line":430,"column":59},"end":{"line":430,"column":59}}]},"27":{"line":430,"type":"if","locations":[{"start":{"line":430,"column":72},"end":{"line":430,"column":72}},{"start":{"line":430,"column":72},"end":{"line":430,"column":72}}]},"28":{"line":430,"type":"if","locations":[{"start":{"line":430,"column":86},"end":{"line":430,"column":86}},{"start":{"line":430,"column":86},"end":{"line":430,"column":86}}]},"29":{"line":431,"type":"if","locations":[{"start":{"line":431,"column":8},"end":{"line":431,"column":8}},{"start":{"line":431,"column":8},"end":{"line":431,"column":8}}]},"30":{"line":436,"type":"if","locations":[{"start":{"line":436,"column":8},"end":{"line":436,"column":8}},{"start":{"line":436,"column":8},"end":{"line":436,"column":8}}]},"31":{"line":442,"type":"if","locations":[{"start":{"line":442,"column":8},"end":{"line":442,"column":8}},{"start":{"line":442,"column":8},"end":{"line":442,"column":8}}]},"32":{"line":468,"type":"if","locations":[{"start":{"line":468,"column":12},"end":{"line":468,"column":12}},{"start":{"line":468,"column":12},"end":{"line":468,"column":12}}]},"33":{"line":473,"type":"if","locations":[{"start":{"line":473,"column":8},"end":{"line":473,"column":8}},{"start":{"line":473,"column":8},"end":{"line":473,"column":8}}]},"34":{"line":483,"type":"if","locations":[{"start":{"line":483,"column":12},"end":{"line":483,"column":12}},{"start":{"line":483,"column":12},"end":{"line":483,"column":12}}]},"35":{"line":489,"type":"if","locations":[{"start":{"line":489,"column":12},"end":{"line":489,"column":12}},{"start":{"line":489,"column":12},"end":{"line":489,"column":12}}]},"36":{"line":489,"type":"cond-expr","locations":[{"start":{"line":489,"column":16},"end":{"line":489,"column":36}},{"start":{"line":489,"column":41},"end":{"line":489,"column":67}}]},"37":{"line":493,"type":"if","locations":[{"start":{"line":493,"column":12},"end":{"line":493,"column":12}},{"start":{"line":493,"column":12},"end":{"line":493,"column":12}}]},"38":{"line":500,"type":"if","locations":[{"start":{"line":500,"column":12},"end":{"line":500,"column":12}},{"start":{"line":500,"column":12},"end":{"line":500,"column":12}}]},"39":{"line":532,"type":"if","locations":[{"start":{"line":532,"column":12},"end":{"line":532,"column":12}},{"start":{"line":532,"column":12},"end":{"line":532,"column":12}}]},"40":{"line":538,"type":"if","locations":[{"start":{"line":538,"column":8},"end":{"line":538,"column":8}},{"start":{"line":538,"column":8},"end":{"line":538,"column":8}}]},"41":{"line":543,"type":"if","locations":[{"start":{"line":543,"column":12},"end":{"line":543,"column":12}},{"start":{"line":543,"column":12},"end":{"line":543,"column":12}}]},"42":{"line":548,"type":"if","locations":[{"start":{"line":548,"column":12},"end":{"line":548,"column":12}},{"start":{"line":548,"column":12},"end":{"line":548,"column":12}}]},"43":{"line":552,"type":"if","locations":[{"start":{"line":552,"column":12},"end":{"line":552,"column":12}},{"start":{"line":552,"column":12},"end":{"line":552,"column":12}}]},"44":{"line":557,"type":"if","locations":[{"start":{"line":557,"column":12},"end":{"line":557,"column":12}},{"start":{"line":557,"column":12},"end":{"line":557,"column":12}}]},"45":{"line":558,"type":"if","locations":[{"start":{"line":558,"column":12},"end":{"line":558,"column":12}},{"start":{"line":558,"column":12},"end":{"line":558,"column":12}}]},"46":{"line":560,"type":"if","locations":[{"start":{"line":560,"column":12},"end":{"line":560,"column":12}},{"start":{"line":560,"column":12},"end":{"line":560,"column":12}}]},"47":{"line":563,"type":"if","locations":[{"start":{"line":563,"column":56},"end":{"line":563,"column":76}},{"start":{"line":563,"column":80},"end":{"line":563,"column":80}}]},"48":{"line":583,"type":"if","locations":[{"start":{"line":583,"column":8},"end":{"line":583,"column":8}},{"start":{"line":583,"column":8},"end":{"line":583,"column":8}}]},"49":{"line":599,"type":"if","locations":[{"start":{"line":599,"column":35},"end":{"line":599,"column":35}},{"start":{"line":599,"column":35},"end":{"line":599,"column":35}}]},"50":{"line":606,"type":"if","locations":[{"start":{"line":606,"column":34},"end":{"line":606,"column":34}},{"start":{"line":606,"column":34},"end":{"line":606,"column":34}}]},"51":{"line":606,"type":"if","locations":[{"start":{"line":606,"column":47},"end":{"line":606,"column":47}},{"start":{"line":606,"column":47},"end":{"line":606,"column":47}}]},"52":{"line":610,"type":"if","locations":[{"start":{"line":610,"column":8},"end":{"line":610,"column":8}},{"start":{"line":610,"column":8},"end":{"line":610,"column":8}}]},"53":{"line":617,"type":"if","locations":[{"start":{"line":617,"column":8},"end":{"line":617,"column":8}},{"start":{"line":617,"column":8},"end":{"line":617,"column":8}}]},"54":{"line":622,"type":"if","locations":[{"start":{"line":622,"column":47},"end":{"line":622,"column":55}},{"start":{"line":622,"column":59},"end":{"line":622,"column":65}}]},"55":{"line":648,"type":"if","locations":[{"start":{"line":648,"column":15},"end":{"line":648,"column":15}},{"start":{"line":648,"column":15},"end":{"line":648,"column":15}}]},"56":{"line":649,"type":"if","locations":[{"start":{"line":649,"column":8},"end":{"line":649,"column":8}},{"start":{"line":649,"column":8},"end":{"line":649,"column":8}}]},"57":{"line":650,"type":"if","locations":[{"start":{"line":650,"column":8},"end":{"line":650,"column":8}},{"start":{"line":650,"column":8},"end":{"line":650,"column":8}}]},"58":{"line":651,"type":"if","locations":[{"start":{"line":651,"column":8},"end":{"line":651,"column":8}},{"start":{"line":651,"column":8},"end":{"line":651,"column":8}}]},"59":{"line":652,"type":"if","locations":[{"start":{"line":652,"column":8},"end":{"line":652,"column":8}},{"start":{"line":652,"column":8},"end":{"line":652,"column":8}}]},"60":{"line":652,"type":"cond-expr","locations":[{"start":{"line":652,"column":12},"end":{"line":652,"column":29}},{"start":{"line":652,"column":34},"end":{"line":652,"column":51}}]},"61":{"line":657,"type":"if","locations":[{"start":{"line":657,"column":12},"end":{"line":657,"column":12}},{"start":{"line":657,"column":12},"end":{"line":657,"column":12}}]},"62":{"line":661,"type":"if","locations":[{"start":{"line":661,"column":8},"end":{"line":661,"column":8}},{"start":{"line":661,"column":8},"end":{"line":661,"column":8}}]},"63":{"line":684,"type":"if","locations":[{"start":{"line":684,"column":55},"end":{"line":684,"column":55}},{"start":{"line":684,"column":55},"end":{"line":684,"column":55}}]},"64":{"line":685,"type":"if","locations":[{"start":{"line":685,"column":8},"end":{"line":685,"column":8}},{"start":{"line":685,"column":8},"end":{"line":685,"column":8}}]},"65":{"line":690,"type":"if","locations":[{"start":{"line":690,"column":8},"end":{"line":690,"column":8}},{"start":{"line":690,"column":8},"end":{"line":690,"column":8}}]},"66":{"line":716,"type":"if","locations":[{"start":{"line":716,"column":15},"end":{"line":716,"column":15}},{"start":{"line":716,"column":15},"end":{"line":716,"column":15}}]},"67":{"line":717,"type":"if","locations":[{"start":{"line":717,"column":8},"end":{"line":717,"column":8}},{"start":{"line":717,"column":8},"end":{"line":717,"column":8}}]},"68":{"line":724,"type":"if","locations":[{"start":{"line":724,"column":12},"end":{"line":724,"column":12}},{"start":{"line":724,"column":12},"end":{"line":724,"column":12}}]},"69":{"line":728,"type":"if","locations":[{"start":{"line":728,"column":8},"end":{"line":728,"column":8}},{"start":{"line":728,"column":8},"end":{"line":728,"column":8}}]},"70":{"line":745,"type":"if","locations":[{"start":{"line":745,"column":34},"end":{"line":745,"column":34}},{"start":{"line":745,"column":34},"end":{"line":745,"column":34}}]},"71":{"line":745,"type":"if","locations":[{"start":{"line":745,"column":47},"end":{"line":745,"column":47}},{"start":{"line":745,"column":47},"end":{"line":745,"column":47}}]},"72":{"line":749,"type":"if","locations":[{"start":{"line":749,"column":8},"end":{"line":749,"column":8}},{"start":{"line":749,"column":8},"end":{"line":749,"column":8}}]},"73":{"line":753,"type":"if","locations":[{"start":{"line":753,"column":12},"end":{"line":753,"column":12}},{"start":{"line":753,"column":12},"end":{"line":753,"column":12}}]},"74":{"line":759,"type":"if","locations":[{"start":{"line":759,"column":12},"end":{"line":759,"column":12}},{"start":{"line":759,"column":12},"end":{"line":759,"column":12}}]},"75":{"line":768,"type":"if","locations":[{"start":{"line":768,"column":57},"end":{"line":768,"column":82}},{"start":{"line":768,"column":86},"end":{"line":768,"column":86}}]},"76":{"line":771,"type":"if","locations":[{"start":{"line":771,"column":12},"end":{"line":771,"column":12}},{"start":{"line":771,"column":12},"end":{"line":771,"column":12}}]},"77":{"line":777,"type":"if","locations":[{"start":{"line":777,"column":12},"end":{"line":777,"column":12}},{"start":{"line":777,"column":12},"end":{"line":777,"column":12}}]},"78":{"line":779,"type":"if","locations":[{"start":{"line":779,"column":58},"end":{"line":779,"column":64}},{"start":{"line":779,"column":68},"end":{"line":779,"column":76}}]},"79":{"line":799,"type":"if","locations":[{"start":{"line":799,"column":45},"end":{"line":799,"column":45}},{"start":{"line":799,"column":45},"end":{"line":799,"column":45}}]},"80":{"line":801,"type":"if","locations":[{"start":{"line":801,"column":12},"end":{"line":801,"column":12}},{"start":{"line":801,"column":12},"end":{"line":801,"column":12}}]},"81":{"line":809,"type":"if","locations":[{"start":{"line":809,"column":30},"end":{"line":809,"column":30}},{"start":{"line":809,"column":30},"end":{"line":809,"column":30}}]},"82":{"line":813,"type":"if","locations":[{"start":{"line":813,"column":32},"end":{"line":813,"column":32}},{"start":{"line":813,"column":32},"end":{"line":813,"column":32}}]},"83":{"line":827,"type":"if","locations":[{"start":{"line":827,"column":15},"end":{"line":827,"column":15}},{"start":{"line":827,"column":15},"end":{"line":827,"column":15}}]},"84":{"line":828,"type":"if","locations":[{"start":{"line":828,"column":8},"end":{"line":828,"column":8}},{"start":{"line":828,"column":8},"end":{"line":828,"column":8}}]},"85":{"line":829,"type":"if","locations":[{"start":{"line":829,"column":8},"end":{"line":829,"column":8}},{"start":{"line":829,"column":8},"end":{"line":829,"column":8}}]},"86":{"line":840,"type":"if","locations":[{"start":{"line":840,"column":57},"end":{"line":840,"column":57}},{"start":{"line":840,"column":57},"end":{"line":840,"column":57}}]},"87":{"line":841,"type":"if","locations":[{"start":{"line":841,"column":8},"end":{"line":841,"column":8}},{"start":{"line":841,"column":8},"end":{"line":841,"column":8}}]},"88":{"line":848,"type":"if","locations":[{"start":{"line":848,"column":61},"end":{"line":848,"column":61}},{"start":{"line":848,"column":61},"end":{"line":848,"column":61}}]},"89":{"line":855,"type":"if","locations":[{"start":{"line":855,"column":47},"end":{"line":855,"column":47}},{"start":{"line":855,"column":47},"end":{"line":855,"column":47}}]},"90":{"line":856,"type":"if","locations":[{"start":{"line":856,"column":8},"end":{"line":856,"column":8}},{"start":{"line":856,"column":8},"end":{"line":856,"column":8}}]},"91":{"line":866,"type":"if","locations":[{"start":{"line":866,"column":66},"end":{"line":866,"column":66}},{"start":{"line":866,"column":66},"end":{"line":866,"column":66}}]},"92":{"line":867,"type":"if","locations":[{"start":{"line":867,"column":8},"end":{"line":867,"column":8}},{"start":{"line":867,"column":8},"end":{"line":867,"column":8}}]},"93":{"line":874,"type":"if","locations":[{"start":{"line":874,"column":58},"end":{"line":874,"column":58}},{"start":{"line":874,"column":58},"end":{"line":874,"column":58}}]}}}}
