TN:
SF:/Users/luiscuello/Minted-mUSD-Canton/contracts/BLEBridgeV8.sol
FN:85,constructor
FN:89,initialize
FN:116,setMUSDToken
FN:123,setMinSignatures
FN:128,setDailyMintLimit
FN:141,setNavOracle
FN:158,pause
FN:164,unpause
FN:175,forceUpdateNonce
FN:190,invalidateAttestationId
FN:206,executeAttestation
FN:273,_verifyNavOracle
FN:307,_handleRateLimitMint
FN:317,_handleRateLimitBurn
FN:323,_resetDailyLimitsIfNeeded
FN:336,getNetDailyMinted
FN:343,getRemainingDailyLimit
FN:352,checkNavDeviation
FN:388,_authorizeUpgrade
FNF:19
FNH:12
FNDA:1,constructor
FNDA:27,initialize
FNDA:0,setMUSDToken
FNDA:0,setMinSignatures
FNDA:0,setDailyMintLimit
FNDA:4,setNavOracle
FNDA:1,pause
FNDA:1,unpause
FNDA:6,forceUpdateNonce
FNDA:1,invalidateAttestationId
FNDA:23,executeAttestation
FNDA:3,_verifyNavOracle
FNDA:15,_handleRateLimitMint
FNDA:2,_handleRateLimitBurn
FNDA:17,_resetDailyLimitsIfNeeded
FNDA:0,getNetDailyMinted
FNDA:0,getRemainingDailyLimit
FNDA:0,checkNavDeviation
FNDA:0,_authorizeUpgrade
DA:86,1
DA:90,27
DA:91,27
DA:92,27
DA:93,27
DA:95,27
DA:96,27
DA:97,27
DA:99,27
DA:100,27
DA:102,27
DA:103,27
DA:104,27
DA:105,27
DA:108,27
DA:109,27
DA:117,0
DA:118,0
DA:119,0
DA:120,0
DA:124,0
DA:125,0
DA:129,0
DA:130,0
DA:143,4
DA:144,4
DA:145,4
DA:147,4
DA:148,4
DA:149,4
DA:150,4
DA:159,1
DA:165,1
DA:176,6
DA:177,5
DA:179,3
DA:180,3
DA:182,3
DA:191,1
DA:192,1
DA:194,1
DA:196,1
DA:207,23
DA:208,22
DA:209,21
DA:210,21
DA:213,21
DA:215,20
DA:216,18
DA:219,17
DA:220,3
DA:223,15
DA:225,2
DA:229,16
DA:240,16
DA:243,16
DA:244,16
DA:245,48
DA:246,48
DA:247,48
DA:248,48
DA:253,16
DA:254,16
DA:255,16
DA:258,16
DA:259,14
DA:261,2
DA:264,14
DA:274,3
DA:282,3
DA:283,2
DA:285,2
DA:286,2
DA:287,2
DA:290,2
DA:293,2
DA:294,2
DA:295,0
DA:297,2
DA:300,2
DA:308,15
DA:311,15
DA:312,15
DA:314,14
DA:318,2
DA:319,2
DA:324,17
DA:325,0
DA:326,0
DA:327,0
DA:328,0
DA:337,0
DA:338,0
DA:340,0
DA:344,0
DA:345,0
DA:347,0
DA:348,0
DA:353,0
DA:354,0
DA:357,0
DA:364,0
DA:365,0
DA:368,0
DA:369,0
DA:370,0
DA:371,0
DA:373,0
DA:375,0
DA:376,0
DA:378,0
DA:381,0
LF:112
LH:78
BRDA:89,1,0,27
BRDA:89,1,1,0
BRDA:95,2,0,27
BRDA:95,2,1,0
BRDA:96,3,0,27
BRDA:96,3,1,0
BRDA:97,4,0,27
BRDA:97,4,1,0
BRDA:116,5,0,0
BRDA:116,5,1,0
BRDA:117,6,0,0
BRDA:117,6,1,0
BRDA:123,7,0,0
BRDA:123,7,1,0
BRDA:124,8,0,0
BRDA:124,8,1,0
BRDA:128,9,0,0
BRDA:128,9,1,0
BRDA:129,10,0,0
BRDA:129,10,1,0
BRDA:141,11,0,4
BRDA:141,11,1,0
BRDA:143,12,0,4
BRDA:143,12,1,0
BRDA:144,13,0,4
BRDA:144,13,1,0
BRDA:145,14,0,4
BRDA:145,14,1,0
BRDA:158,15,0,1
BRDA:158,15,1,1
BRDA:164,16,0,1
BRDA:164,16,1,0
BRDA:175,17,0,6
BRDA:175,17,1,1
BRDA:176,18,0,5
BRDA:176,18,1,1
BRDA:177,19,0,3
BRDA:177,19,1,2
BRDA:190,20,0,1
BRDA:190,20,1,0
BRDA:191,21,0,1
BRDA:191,21,1,0
BRDA:192,22,0,1
BRDA:192,22,1,0
BRDA:206,23,0,24
BRDA:206,23,1,0
BRDA:206,24,0,23
BRDA:206,24,1,1
BRDA:207,25,0,22
BRDA:207,25,1,1
BRDA:208,26,0,21
BRDA:208,26,1,1
BRDA:209,27,0,21
BRDA:209,27,1,0
BRDA:210,28,0,21
BRDA:210,28,1,0
BRDA:213,29,0,20
BRDA:213,29,1,1
BRDA:215,30,0,18
BRDA:215,30,1,2
BRDA:216,31,0,17
BRDA:216,31,1,1
BRDA:219,32,0,3
BRDA:219,32,1,14
BRDA:246,33,0,48
BRDA:246,33,1,0
BRDA:247,34,0,48
BRDA:247,34,1,0
BRDA:258,35,0,14
BRDA:258,35,1,2
BRDA:282,36,0,2
BRDA:282,36,1,1
BRDA:283,37,0,2
BRDA:283,37,1,0
BRDA:287,38,0,2
BRDA:287,38,1,0
BRDA:294,39,0,0
BRDA:294,39,1,2
BRDA:300,40,0,1
BRDA:300,40,1,1
BRDA:311,41,0,2
BRDA:311,41,1,13
BRDA:312,42,0,14
BRDA:312,42,1,1
BRDA:324,43,0,0
BRDA:324,43,1,17
BRDA:337,44,0,0
BRDA:337,44,1,0
BRDA:340,45,0,0
BRDA:340,45,1,0
BRDA:344,46,0,0
BRDA:344,46,1,0
BRDA:347,47,0,0
BRDA:347,47,1,0
BRDA:348,48,0,0
BRDA:348,48,1,0
BRDA:353,49,0,0
BRDA:353,49,1,0
BRDA:364,50,0,0
BRDA:364,50,1,0
BRDA:364,51,0,0
BRDA:364,51,1,0
BRDA:370,52,0,0
BRDA:370,52,1,0
BRDA:375,53,0,0
BRDA:375,53,1,0
BRDA:388,54,0,0
BRDA:388,54,1,0
BRF:108
BRH:53
end_of_record
TN:
SF:/Users/luiscuello/Minted-mUSD-Canton/contracts/BLEBridgeV9.sol
FN:97,constructor
FN:106,initialize
FN:132,setMUSDToken
FN:140,setMinSignatures
FN:146,setDailyCapIncreaseLimit
FN:154,setCollateralRatio
FN:178,pause
FN:183,unpause
FN:188,emergencyReduceCap
FN:199,forceUpdateNonce
FN:208,invalidateAttestationId
FN:225,processAttestation
FN:274,_updateSupplyCap
FN:307,_handleRateLimitCapIncrease
FN:329,_handleRateLimitCapDecrease
FN:336,_resetDailyLimitsIfNeeded
FN:350,getCurrentSupplyCap
FN:355,getRemainingMintable
FN:362,calculateSupplyCap
FN:367,getNetDailyCapIncrease
FN:377,getRemainingDailyCapLimit
FN:388,getHealthRatio
FN:398,_authorizeUpgrade
FNF:23
FNH:14
FNDA:1,constructor
FNDA:28,initialize
FNDA:0,setMUSDToken
FNDA:1,setMinSignatures
FNDA:1,setDailyCapIncreaseLimit
FNDA:4,setCollateralRatio
FNDA:3,pause
FNDA:1,unpause
FNDA:2,emergencyReduceCap
FNDA:0,forceUpdateNonce
FNDA:1,invalidateAttestationId
FNDA:16,processAttestation
FNDA:9,_updateSupplyCap
FNDA:2,_handleRateLimitCapIncrease
FNDA:7,_handleRateLimitCapDecrease
FNDA:9,_resetDailyLimitsIfNeeded
FNDA:0,getCurrentSupplyCap
FNDA:0,getRemainingMintable
FNDA:0,calculateSupplyCap
FNDA:0,getNetDailyCapIncrease
FNDA:0,getRemainingDailyCapLimit
FNDA:0,getHealthRatio
FNDA:0,_authorizeUpgrade
DA:98,1
DA:107,28
DA:108,28
DA:109,28
DA:110,28
DA:113,28
DA:114,26
DA:115,25
DA:116,24
DA:118,24
DA:119,24
DA:121,24
DA:122,24
DA:123,24
DA:124,24
DA:125,24
DA:133,0
DA:134,0
DA:135,0
DA:141,1
DA:142,1
DA:143,1
DA:147,1
DA:148,1
DA:149,1
DA:156,4
DA:157,3
DA:159,3
DA:160,3
DA:161,3
DA:163,2
DA:164,2
DA:167,2
DA:168,0
DA:171,2
DA:179,3
DA:184,1
DA:189,2
DA:190,2
DA:191,2
DA:192,1
DA:194,1
DA:195,1
DA:200,0
DA:201,0
DA:202,0
DA:203,0
DA:209,1
DA:210,1
DA:211,1
DA:212,1
DA:226,16
DA:227,15
DA:228,14
DA:229,12
DA:230,12
DA:231,11
DA:233,10
DA:236,10
DA:245,10
DA:247,10
DA:248,10
DA:249,29
DA:250,29
DA:251,29
DA:252,28
DA:256,9
DA:257,9
DA:258,9
DA:259,9
DA:262,9
DA:264,9
DA:277,9
DA:279,9
DA:282,9
DA:283,9
DA:285,2
DA:286,2
DA:289,7
DA:295,9
DA:296,9
DA:308,2
DA:311,2
DA:315,2
DA:317,2
DA:318,2
DA:320,2
DA:322,2
DA:323,2
DA:330,7
DA:331,7
DA:337,9
DA:338,1
DA:339,1
DA:340,1
DA:341,1
DA:351,0
DA:356,0
DA:357,0
DA:358,0
DA:363,0
DA:368,0
DA:369,0
DA:371,0
DA:378,0
DA:379,0
DA:381,0
DA:384,0
DA:389,0
DA:390,0
DA:391,0
LF:111
LH:88
BRDA:106,1,0,28
BRDA:106,1,1,0
BRDA:113,2,0,26
BRDA:113,2,1,2
BRDA:114,3,0,25
BRDA:114,3,1,1
BRDA:115,4,0,24
BRDA:115,4,1,1
BRDA:116,5,0,24
BRDA:116,5,1,0
BRDA:132,6,0,0
BRDA:132,6,1,0
BRDA:133,7,0,0
BRDA:133,7,1,0
BRDA:140,8,0,1
BRDA:140,8,1,0
BRDA:141,9,0,1
BRDA:141,9,1,0
BRDA:146,10,0,1
BRDA:146,10,1,0
BRDA:147,11,0,1
BRDA:147,11,1,0
BRDA:154,12,0,4
BRDA:154,12,1,0
BRDA:156,13,0,3
BRDA:156,13,1,1
BRDA:157,14,0,3
BRDA:157,14,1,0
BRDA:160,15,0,3
BRDA:160,15,1,0
BRDA:161,16,0,2
BRDA:161,16,1,1
BRDA:167,17,0,0
BRDA:167,17,1,2
BRDA:178,18,0,3
BRDA:178,18,1,0
BRDA:183,19,0,1
BRDA:183,19,1,1
BRDA:188,20,0,2
BRDA:188,20,1,0
BRDA:189,21,0,2
BRDA:189,21,1,0
BRDA:191,22,0,1
BRDA:191,22,1,1
BRDA:192,23,0,1
BRDA:192,23,1,0
BRDA:199,24,0,0
BRDA:199,24,1,0
BRDA:200,25,0,0
BRDA:200,25,1,0
BRDA:201,26,0,0
BRDA:201,26,1,0
BRDA:208,27,0,1
BRDA:208,27,1,0
BRDA:209,28,0,1
BRDA:209,28,1,0
BRDA:210,29,0,1
BRDA:210,29,1,0
BRDA:225,30,0,17
BRDA:225,30,1,0
BRDA:225,31,0,16
BRDA:225,31,1,1
BRDA:226,32,0,15
BRDA:226,32,1,1
BRDA:227,33,0,14
BRDA:227,33,1,1
BRDA:228,34,0,12
BRDA:228,34,1,2
BRDA:229,35,0,12
BRDA:229,35,1,0
BRDA:230,36,0,11
BRDA:230,36,1,1
BRDA:231,37,0,10
BRDA:231,37,1,1
BRDA:233,38,0,10
BRDA:233,38,1,0
BRDA:250,39,0,29
BRDA:250,39,1,0
BRDA:251,40,0,28
BRDA:251,40,1,1
BRDA:282,41,0,9
BRDA:282,41,1,0
BRDA:283,42,0,2
BRDA:283,42,1,7
BRDA:312,43,0,0
BRDA:312,43,1,2
BRDA:315,44,0,2
BRDA:315,44,1,0
BRDA:318,45,0,2
BRDA:318,45,1,0
BRDA:322,46,0,2
BRDA:322,46,1,0
BRDA:337,47,0,1
BRDA:337,47,1,8
BRDA:358,48,0,0
BRDA:358,48,1,0
BRDA:368,49,0,0
BRDA:368,49,1,0
BRDA:372,50,0,0
BRDA:372,50,1,0
BRDA:378,51,0,0
BRDA:378,51,1,0
BRDA:382,52,0,0
BRDA:382,52,1,0
BRDA:384,53,0,0
BRDA:384,53,1,0
BRDA:390,54,0,0
BRDA:390,54,1,0
BRDA:398,55,0,0
BRDA:398,55,1,0
BRF:110
BRH:58
end_of_record
TN:
SF:/Users/luiscuello/Minted-mUSD-Canton/contracts/BorrowModule.sol
FN:73,constructor
FN:100,borrow
FN:127,borrowFor
FN:152,repay
FN:190,withdrawCollateral
FN:234,_accrueInterest
FN:263,_healthFactor
FN:275,_weightedCollateralValue
FN:294,_borrowCapacity
FN:317,reduceDebt
FN:340,totalDebt
FN:349,healthFactor
FN:361,maxBorrow
FN:368,borrowCapacity
FN:380,setInterestRate
FN:387,setMinDebt
FN:398,pause
FN:404,unpause
FNF:18
FNH:14
FNDA:17,constructor
FNDA:20,borrow
FNDA:3,borrowFor
FNDA:2,repay
FNDA:2,withdrawCollateral
FNDA:31,_accrueInterest
FNDA:0,_healthFactor
FNDA:11,_weightedCollateralValue
FNDA:29,_borrowCapacity
FNDA:4,reduceDebt
FNDA:86,totalDebt
FNDA:10,healthFactor
FNDA:7,maxBorrow
FNDA:0,borrowCapacity
FNDA:2,setInterestRate
FNDA:1,setMinDebt
FNDA:0,pause
FNDA:0,unpause
DA:80,17
DA:81,17
DA:82,17
DA:84,17
DA:85,17
DA:86,17
DA:87,17
DA:88,17
DA:90,17
DA:91,17
DA:101,20
DA:104,20
DA:106,20
DA:107,20
DA:108,20
DA:110,19
DA:114,19
DA:115,19
DA:116,19
DA:119,18
DA:121,18
DA:128,3
DA:129,3
DA:132,3
DA:134,3
DA:135,3
DA:136,3
DA:138,3
DA:140,3
DA:141,3
DA:142,3
DA:145,3
DA:147,3
DA:153,2
DA:155,2
DA:157,2
DA:158,2
DA:159,2
DA:162,2
DA:165,2
DA:166,2
DA:167,0
DA:171,2
DA:172,0
DA:175,2
DA:176,2
DA:177,2
DA:181,2
DA:183,2
DA:191,2
DA:193,2
DA:197,2
DA:199,2
DA:200,2
DA:203,2
DA:204,2
DA:205,2
DA:206,2
DA:208,2
DA:209,2
DA:213,2
DA:214,2
DA:215,2
DA:219,1
DA:221,1
DA:235,31
DA:236,31
DA:237,23
DA:238,23
DA:241,8
DA:243,8
DA:246,8
DA:248,8
DA:249,8
DA:251,8
DA:252,8
DA:264,0
DA:266,0
DA:268,0
DA:269,0
DA:271,0
DA:276,11
DA:277,11
DA:279,11
DA:280,11
DA:281,11
DA:283,11
DA:284,11
DA:286,11
DA:287,11
DA:290,11
DA:295,29
DA:296,29
DA:298,29
DA:299,29
DA:300,29
DA:302,29
DA:303,29
DA:305,29
DA:306,29
DA:309,29
DA:318,4
DA:320,4
DA:321,4
DA:322,4
DA:324,4
DA:325,0
DA:327,4
DA:328,4
DA:329,4
DA:332,4
DA:341,86
DA:342,86
DA:343,86
DA:344,86
DA:350,10
DA:352,10
DA:354,9
DA:355,9
DA:357,9
DA:362,7
DA:363,7
DA:364,7
DA:369,0
DA:381,2
DA:382,1
DA:383,1
DA:384,1
DA:388,1
DA:389,1
DA:390,1
DA:399,0
DA:405,0
LF:133
LH:122
BRDA:80,1,0,17
BRDA:80,1,1,0
BRDA:81,2,0,17
BRDA:81,2,1,0
BRDA:82,3,0,17
BRDA:82,3,1,0
BRDA:100,4,0,20
BRDA:100,4,1,0
BRDA:100,5,0,20
BRDA:100,5,1,0
BRDA:101,6,0,20
BRDA:101,6,1,0
BRDA:108,7,0,19
BRDA:108,7,1,1
BRDA:116,8,0,18
BRDA:116,8,1,1
BRDA:127,9,0,3
BRDA:127,9,1,0
BRDA:127,10,0,3
BRDA:127,10,1,0
BRDA:127,11,0,3
BRDA:127,11,1,0
BRDA:128,12,0,3
BRDA:128,12,1,0
BRDA:129,13,0,3
BRDA:129,13,1,0
BRDA:136,14,0,3
BRDA:136,14,1,0
BRDA:142,15,0,3
BRDA:142,15,1,0
BRDA:152,16,0,2
BRDA:152,16,1,0
BRDA:152,17,0,2
BRDA:152,17,1,0
BRDA:153,18,0,2
BRDA:153,18,1,0
BRDA:159,19,0,2
BRDA:159,19,1,0
BRDA:162,20,0,2
BRDA:162,20,1,0
BRDA:166,21,0,0
BRDA:166,21,1,2
BRDA:167,22,0,0
BRDA:167,22,1,0
BRDA:171,23,0,0
BRDA:171,23,1,2
BRDA:190,24,0,2
BRDA:190,24,1,0
BRDA:190,25,0,2
BRDA:190,25,1,0
BRDA:191,26,0,2
BRDA:191,26,1,0
BRDA:197,27,0,2
BRDA:197,27,1,0
BRDA:200,28,0,2
BRDA:200,28,1,0
BRDA:204,29,0,2
BRDA:204,29,1,0
BRDA:210,30,0,2
BRDA:210,30,1,0
BRDA:214,31,0,2
BRDA:214,31,1,0
BRDA:215,32,0,1
BRDA:215,32,1,1
BRDA:236,33,0,23
BRDA:236,33,1,8
BRDA:243,34,0,0
BRDA:243,34,1,8
BRDA:251,35,0,8
BRDA:251,35,1,0
BRDA:266,36,0,0
BRDA:266,36,1,0
BRDA:269,37,0,0
BRDA:269,37,1,0
BRDA:281,38,0,0
BRDA:281,38,1,11
BRDA:284,39,0,0
BRDA:284,39,1,11
BRDA:300,40,0,0
BRDA:300,40,1,29
BRDA:303,41,0,0
BRDA:303,41,1,29
BRDA:317,42,0,4
BRDA:317,42,1,0
BRDA:322,43,0,0
BRDA:322,43,1,4
BRDA:324,44,0,0
BRDA:324,44,1,4
BRDA:352,45,0,1
BRDA:352,45,1,9
BRDA:355,46,0,0
BRDA:355,46,1,9
BRDA:364,47,0,7
BRDA:364,47,1,0
BRDA:380,48,0,2
BRDA:380,48,1,1
BRDA:381,49,0,1
BRDA:381,49,1,1
BRDA:387,50,0,1
BRDA:387,50,1,0
BRDA:388,51,0,1
BRDA:388,51,1,0
BRDA:398,52,0,0
BRDA:398,52,1,0
BRDA:404,53,0,0
BRDA:404,53,1,0
BRF:106
BRH:55
end_of_record
TN:
SF:/Users/luiscuello/Minted-mUSD-Canton/contracts/CollateralVault.sol
FN:48,constructor
FN:63,addCollateral
FN:89,updateCollateral
FN:103,disableCollateral
FN:111,enableCollateral
FN:126,deposit
FN:140,depositFor
FN:159,withdraw
FN:178,seize
FN:198,withdrawFor
FN:213,getDeposit
FN:218,getSupportedTokens
FN:223,getConfig
FN:238,pause
FN:244,unpause
FNF:15
FNH:12
FNDA:43,constructor
FNDA:98,addCollateral
FNDA:0,updateCollateral
FNDA:2,disableCollateral
FNDA:1,enableCollateral
FNDA:37,deposit
FNDA:7,depositFor
FNDA:3,withdraw
FNDA:6,seize
FNDA:2,withdrawFor
FNDA:1,getDeposit
FNDA:41,getSupportedTokens
FNDA:56,getConfig
FNDA:0,pause
FNDA:0,unpause
DA:49,43
DA:50,43
DA:64,98
DA:65,97
DA:67,96
DA:68,95
DA:69,94
DA:70,93
DA:72,92
DA:79,92
DA:80,92
DA:90,0
DA:91,0
DA:92,0
DA:93,0
DA:95,0
DA:96,0
DA:97,0
DA:99,0
DA:104,2
DA:105,2
DA:107,2
DA:112,1
DA:113,1
DA:114,1
DA:116,1
DA:127,37
DA:128,35
DA:130,34
DA:131,34
DA:133,34
DA:141,7
DA:142,7
DA:143,7
DA:145,7
DA:146,7
DA:148,7
DA:160,3
DA:162,2
DA:163,2
DA:165,2
DA:179,6
DA:181,5
DA:182,5
DA:184,5
DA:199,2
DA:200,2
DA:202,1
DA:203,1
DA:205,1
DA:214,1
DA:219,41
DA:229,56
DA:230,56
DA:239,0
DA:245,0
LF:56
LH:46
BRDA:63,1,0,98
BRDA:63,1,1,1
BRDA:64,2,0,97
BRDA:64,2,1,1
BRDA:65,3,0,96
BRDA:65,3,1,1
BRDA:67,4,0,95
BRDA:67,4,1,1
BRDA:68,5,0,94
BRDA:68,5,1,1
BRDA:69,6,0,93
BRDA:69,6,1,1
BRDA:70,7,0,92
BRDA:70,7,1,1
BRDA:89,8,0,0
BRDA:89,8,1,0
BRDA:90,9,0,0
BRDA:90,9,1,0
BRDA:91,10,0,0
BRDA:91,10,1,0
BRDA:92,11,0,0
BRDA:92,11,1,0
BRDA:93,12,0,0
BRDA:93,12,1,0
BRDA:103,13,0,2
BRDA:103,13,1,0
BRDA:104,14,0,2
BRDA:104,14,1,0
BRDA:111,15,0,1
BRDA:111,15,1,0
BRDA:112,16,0,1
BRDA:112,16,1,0
BRDA:113,17,0,1
BRDA:113,17,1,0
BRDA:126,18,0,37
BRDA:126,18,1,0
BRDA:126,19,0,37
BRDA:126,19,1,0
BRDA:127,20,0,35
BRDA:127,20,1,2
BRDA:128,21,0,34
BRDA:128,21,1,1
BRDA:140,22,0,7
BRDA:140,22,1,1
BRDA:140,23,0,7
BRDA:140,23,1,0
BRDA:140,24,0,7
BRDA:140,24,1,0
BRDA:141,25,0,7
BRDA:141,25,1,0
BRDA:142,26,0,7
BRDA:142,26,1,0
BRDA:143,27,0,7
BRDA:143,27,1,0
BRDA:159,28,0,3
BRDA:159,28,1,1
BRDA:159,29,0,3
BRDA:159,29,1,0
BRDA:160,30,0,2
BRDA:160,30,1,1
BRDA:178,31,0,6
BRDA:178,31,1,1
BRDA:178,32,0,6
BRDA:178,32,1,0
BRDA:179,33,0,5
BRDA:179,33,1,1
BRDA:198,34,0,2
BRDA:198,34,1,0
BRDA:198,35,0,2
BRDA:198,35,1,0
BRDA:199,36,0,2
BRDA:199,36,1,0
BRDA:200,37,0,1
BRDA:200,37,1,1
BRDA:238,38,0,0
BRDA:238,38,1,0
BRDA:244,39,0,0
BRDA:244,39,1,0
BRF:78
BRH:47
end_of_record
TN:
SF:/Users/luiscuello/Minted-mUSD-Canton/contracts/DepositRouter.sol
FN:143,constructor
FN:180,deposit
FN:190,depositFor
FN:201,previewDeposit
FN:210,quoteBridgeCost
FN:223,isDepositComplete
FN:232,getDeposit
FN:242,setTreasury
FN:253,setDirectMint
FN:264,setFee
FN:275,withdrawFees
FN:286,pause
FN:293,unpause
FN:303,emergencyWithdraw
FN:315,_deposit
FNF:15
FNH:0
FNDA:0,constructor
FNDA:0,deposit
FNDA:0,depositFor
FNDA:0,previewDeposit
FNDA:0,quoteBridgeCost
FNDA:0,isDepositComplete
FNDA:0,getDeposit
FNDA:0,setTreasury
FNDA:0,setDirectMint
FNDA:0,setFee
FNDA:0,withdrawFees
FNDA:0,pause
FNDA:0,unpause
FNDA:0,emergencyWithdraw
FNDA:0,_deposit
DA:152,0
DA:153,0
DA:154,0
DA:155,0
DA:156,0
DA:157,0
DA:158,0
DA:160,0
DA:161,0
DA:162,0
DA:163,0
DA:164,0
DA:165,0
DA:168,0
DA:169,0
DA:170,0
DA:181,0
DA:191,0
DA:192,0
DA:202,0
DA:203,0
DA:211,0
DA:224,0
DA:233,0
DA:243,0
DA:244,0
DA:245,0
DA:246,0
DA:254,0
DA:255,0
DA:256,0
DA:257,0
DA:265,0
DA:266,0
DA:267,0
DA:268,0
DA:276,0
DA:277,0
DA:278,0
DA:279,0
DA:280,0
DA:287,0
DA:294,0
DA:304,0
DA:305,0
DA:306,0
DA:307,0
DA:309,0
DA:317,0
DA:318,0
DA:319,0
DA:322,0
DA:323,0
DA:326,0
DA:327,0
DA:330,0
DA:333,0
DA:336,0
DA:339,0
DA:342,0
DA:346,0
DA:356,0
DA:364,0
DA:367,0
DA:368,0
DA:369,0
LF:66
LH:0
BRDA:152,1,0,0
BRDA:152,1,1,0
BRDA:153,2,0,0
BRDA:153,2,1,0
BRDA:154,3,0,0
BRDA:154,3,1,0
BRDA:155,4,0,0
BRDA:155,4,1,0
BRDA:156,5,0,0
BRDA:156,5,1,0
BRDA:157,6,0,0
BRDA:157,6,1,0
BRDA:158,7,0,0
BRDA:158,7,1,0
BRDA:180,8,0,0
BRDA:180,8,1,0
BRDA:180,9,0,0
BRDA:180,9,1,0
BRDA:190,10,0,0
BRDA:190,10,1,0
BRDA:190,11,0,0
BRDA:190,11,1,0
BRDA:191,12,0,0
BRDA:191,12,1,0
BRDA:242,13,0,0
BRDA:242,13,1,0
BRDA:243,14,0,0
BRDA:243,14,1,0
BRDA:253,15,0,0
BRDA:253,15,1,0
BRDA:254,16,0,0
BRDA:254,16,1,0
BRDA:264,17,0,0
BRDA:264,17,1,0
BRDA:265,18,0,0
BRDA:265,18,1,0
BRDA:275,19,0,0
BRDA:275,19,1,0
BRDA:276,20,0,0
BRDA:276,20,1,0
BRDA:286,21,0,0
BRDA:286,21,1,0
BRDA:293,22,0,0
BRDA:293,22,1,0
BRDA:303,23,0,0
BRDA:303,23,1,0
BRDA:304,24,0,0
BRDA:304,24,1,0
BRDA:305,25,0,0
BRDA:305,25,1,0
BRDA:307,26,0,0
BRDA:307,26,1,0
BRDA:317,27,0,0
BRDA:317,27,1,0
BRDA:318,28,0,0
BRDA:318,28,1,0
BRDA:319,29,0,0
BRDA:319,29,1,0
BRDA:327,30,0,0
BRDA:327,30,1,0
BRDA:367,31,0,0
BRDA:367,31,1,0
BRDA:369,32,0,0
BRDA:369,32,1,0
BRF:64
BRH:0
end_of_record
TN:
SF:/Users/luiscuello/Minted-mUSD-Canton/contracts/DirectMint.sol
FN:63,constructor
FN:97,mint
FN:133,redeem
FN:170,previewMint
FN:177,previewRedeem
FN:185,remainingMintable
FN:192,availableForRedemption
FN:200,setFees
FN:213,setLimits
FN:223,setFeeRecipient
FN:230,withdrawFees
FN:240,withdrawRedeemFees
FN:249,totalAccumulatedFees
FN:253,pause
FN:259,unpause
FN:265,recoverToken
FNF:16
FNH:11
FNDA:1,constructor
FNDA:11,mint
FNDA:2,redeem
FNDA:1,previewMint
FNDA:1,previewRedeem
FNDA:0,remainingMintable
FNDA:0,availableForRedemption
FNDA:4,setFees
FNDA:1,setLimits
FNDA:2,setFeeRecipient
FNDA:1,withdrawFees
FNDA:0,withdrawRedeemFees
FNDA:0,totalAccumulatedFees
FNDA:4,pause
FNDA:1,unpause
FNDA:0,recoverToken
DA:69,1
DA:70,1
DA:71,1
DA:72,1
DA:74,1
DA:75,1
DA:76,1
DA:77,1
DA:79,1
DA:80,1
DA:81,1
DA:84,1
DA:85,1
DA:86,1
DA:87,1
DA:98,11
DA:99,10
DA:102,10
DA:103,10
DA:106,10
DA:109,10
DA:112,9
DA:116,9
DA:117,9
DA:120,9
DA:121,2
DA:125,9
DA:127,9
DA:134,2
DA:137,2
DA:138,2
DA:139,2
DA:143,2
DA:144,2
DA:146,2
DA:149,2
DA:152,2
DA:155,2
DA:158,2
DA:159,0
DA:162,2
DA:171,1
DA:172,1
DA:173,1
DA:178,1
DA:180,1
DA:181,1
DA:186,0
DA:187,0
DA:188,0
DA:193,0
DA:201,4
DA:202,3
DA:203,3
DA:204,3
DA:205,3
DA:214,1
DA:215,1
DA:216,1
DA:217,1
DA:218,1
DA:219,1
DA:220,1
DA:224,2
DA:225,1
DA:226,1
DA:227,1
DA:231,1
DA:232,1
DA:233,1
DA:234,1
DA:235,1
DA:241,0
DA:242,0
DA:243,0
DA:244,0
DA:245,0
DA:250,0
DA:254,4
DA:260,1
DA:266,0
DA:267,0
DA:268,0
LF:83
LH:69
BRDA:69,1,0,1
BRDA:69,1,1,0
BRDA:70,2,0,1
BRDA:70,2,1,0
BRDA:71,3,0,1
BRDA:71,3,1,0
BRDA:72,4,0,1
BRDA:72,4,1,0
BRDA:97,5,0,12
BRDA:97,5,1,0
BRDA:97,6,0,11
BRDA:97,6,1,1
BRDA:98,7,0,10
BRDA:98,7,1,1
BRDA:99,8,0,10
BRDA:99,8,1,0
BRDA:109,9,0,9
BRDA:109,9,1,1
BRDA:120,10,0,2
BRDA:120,10,1,7
BRDA:133,11,0,3
BRDA:133,11,1,0
BRDA:133,12,0,2
BRDA:133,12,1,1
BRDA:134,13,0,2
BRDA:134,13,1,0
BRDA:138,14,0,2
BRDA:138,14,1,0
BRDA:139,15,0,2
BRDA:139,15,1,0
BRDA:146,16,0,2
BRDA:146,16,1,0
BRDA:149,17,0,2
BRDA:149,17,1,0
BRDA:158,18,0,0
BRDA:158,18,1,2
BRDA:188,19,0,0
BRDA:188,19,1,0
BRDA:200,20,0,4
BRDA:200,20,1,0
BRDA:201,21,0,3
BRDA:201,21,1,1
BRDA:202,22,0,3
BRDA:202,22,1,0
BRDA:213,23,0,1
BRDA:213,23,1,0
BRDA:214,24,0,1
BRDA:214,24,1,0
BRDA:215,25,0,1
BRDA:215,25,1,0
BRDA:223,26,0,2
BRDA:223,26,1,0
BRDA:224,27,0,1
BRDA:224,27,1,1
BRDA:230,28,0,1
BRDA:230,28,1,0
BRDA:232,29,0,1
BRDA:232,29,1,0
BRDA:240,30,0,0
BRDA:240,30,1,0
BRDA:242,31,0,0
BRDA:242,31,1,0
BRDA:253,32,0,4
BRDA:253,32,1,1
BRDA:259,33,0,1
BRDA:259,33,1,0
BRDA:265,34,0,0
BRDA:265,34,1,0
BRDA:266,35,0,0
BRDA:266,35,1,0
BRDA:267,36,0,0
BRDA:267,36,1,0
BRF:72
BRH:38
end_of_record
TN:
SF:/Users/luiscuello/Minted-mUSD-Canton/contracts/DirectMintV2.sol
FN:65,constructor
FN:103,mint
FN:139,redeem
FN:176,mintFor
FN:215,previewMint
FN:222,previewRedeem
FN:230,remainingMintable
FN:237,totalTreasuryValue
FN:242,availableForRedemption
FN:250,setFees
FN:263,setLimits
FN:273,setFeeRecipient
FN:281,withdrawFees
FN:291,withdrawRedeemFees
FN:300,totalAccumulatedFees
FN:304,pause
FN:309,unpause
FN:314,recoverToken
FNF:18
FNH:9
FNDA:24,constructor
FNDA:10,mint
FNDA:4,redeem
FNDA:0,mintFor
FNDA:0,previewMint
FNDA:0,previewRedeem
FNDA:0,remainingMintable
FNDA:0,totalTreasuryValue
FNDA:0,availableForRedemption
FNDA:7,setFees
FNDA:2,setLimits
FNDA:1,setFeeRecipient
FNDA:1,withdrawFees
FNDA:0,withdrawRedeemFees
FNDA:0,totalAccumulatedFees
FNDA:2,pause
FNDA:1,unpause
FNDA:0,recoverToken
DA:71,24
DA:72,23
DA:73,22
DA:74,22
DA:76,22
DA:77,22
DA:78,22
DA:79,22
DA:81,22
DA:82,22
DA:83,22
DA:86,22
DA:89,22
DA:90,22
DA:91,22
DA:92,22
DA:104,10
DA:105,9
DA:108,8
DA:109,8
DA:112,8
DA:115,8
DA:118,7
DA:121,7
DA:122,7
DA:125,7
DA:126,6
DA:130,7
DA:132,7
DA:140,4
DA:143,3
DA:144,3
DA:145,2
DA:148,2
DA:149,2
DA:151,2
DA:154,2
DA:157,2
DA:160,2
DA:161,1
DA:164,2
DA:177,0
DA:178,0
DA:179,0
DA:182,0
DA:183,0
DA:186,0
DA:189,0
DA:192,0
DA:195,0
DA:196,0
DA:199,0
DA:200,0
DA:204,0
DA:206,0
DA:207,0
DA:216,0
DA:217,0
DA:218,0
DA:223,0
DA:225,0
DA:226,0
DA:231,0
DA:232,0
DA:233,0
DA:238,0
DA:243,0
DA:251,7
DA:252,6
DA:253,6
DA:254,6
DA:255,6
DA:264,2
DA:265,1
DA:266,1
DA:267,1
DA:268,1
DA:269,1
DA:270,1
DA:274,1
DA:275,1
DA:276,1
DA:277,1
DA:282,1
DA:283,1
DA:284,1
DA:285,1
DA:286,1
DA:292,0
DA:293,0
DA:294,0
DA:295,0
DA:296,0
DA:301,0
DA:305,2
DA:310,1
DA:315,0
DA:317,0
DA:318,0
LF:99
LH:64
BRDA:71,1,0,23
BRDA:71,1,1,1
BRDA:72,2,0,22
BRDA:72,2,1,1
BRDA:73,3,0,22
BRDA:73,3,1,0
BRDA:74,4,0,22
BRDA:74,4,1,0
BRDA:103,5,0,11
BRDA:103,5,1,0
BRDA:103,6,0,10
BRDA:103,6,1,1
BRDA:104,7,0,9
BRDA:104,7,1,1
BRDA:105,8,0,8
BRDA:105,8,1,1
BRDA:115,9,0,7
BRDA:115,9,1,1
BRDA:125,10,0,6
BRDA:125,10,1,1
BRDA:139,11,0,4
BRDA:139,11,1,0
BRDA:139,12,0,4
BRDA:139,12,1,0
BRDA:140,13,0,3
BRDA:140,13,1,1
BRDA:144,14,0,2
BRDA:144,14,1,1
BRDA:145,15,0,2
BRDA:145,15,1,0
BRDA:151,16,0,2
BRDA:151,16,1,0
BRDA:160,17,0,1
BRDA:160,17,1,1
BRDA:176,18,0,0
BRDA:176,18,1,0
BRDA:176,19,0,0
BRDA:176,19,1,0
BRDA:176,20,0,0
BRDA:176,20,1,0
BRDA:177,21,0,0
BRDA:177,21,1,0
BRDA:178,22,0,0
BRDA:178,22,1,0
BRDA:179,23,0,0
BRDA:179,23,1,0
BRDA:189,24,0,0
BRDA:189,24,1,0
BRDA:199,25,0,0
BRDA:199,25,1,0
BRDA:233,26,0,0
BRDA:233,26,1,0
BRDA:250,27,0,7
BRDA:250,27,1,1
BRDA:251,28,0,6
BRDA:251,28,1,1
BRDA:252,29,0,6
BRDA:252,29,1,0
BRDA:263,30,0,2
BRDA:263,30,1,0
BRDA:264,31,0,1
BRDA:264,31,1,1
BRDA:265,32,0,1
BRDA:265,32,1,0
BRDA:273,33,0,1
BRDA:273,33,1,0
BRDA:274,34,0,1
BRDA:274,34,1,0
BRDA:281,35,0,1
BRDA:281,35,1,0
BRDA:283,36,0,1
BRDA:283,36,1,0
BRDA:291,37,0,0
BRDA:291,37,1,0
BRDA:293,38,0,0
BRDA:293,38,1,0
BRDA:304,39,0,2
BRDA:304,39,1,1
BRDA:309,40,0,1
BRDA:309,40,1,0
BRDA:314,41,0,0
BRDA:314,41,1,0
BRDA:315,42,0,0
BRDA:315,42,1,0
BRDA:317,43,0,0
BRDA:317,43,1,0
BRF:86
BRH:43
end_of_record
TN:
SF:/Users/luiscuello/Minted-mUSD-Canton/contracts/interfaces/IStrategy.sol
FNF:0
FNH:0
LF:0
LH:0
BRF:0
BRH:0
end_of_record
TN:
SF:/Users/luiscuello/Minted-mUSD-Canton/contracts/LeverageVault.sol
FN:172,constructor
FN:220,openLeveragedPosition
FN:289,closeLeveragedPosition
FN:370,closeLeveragedPositionWithMusd
FN:428,_executeLeverageLoops
FN:474,_calculateTargetDebt
FN:496,_swapMusdToCollateral
FN:535,_swapCollateralToMusd
FN:572,_getCollateralForMusd
FN:589,getPosition
FN:596,getMusdNeededToClose
FN:601,getEffectiveLeverage
FN:609,estimateLoops
FN:650,setConfig
FN:664,setMaxLeverage
FN:672,enableToken
FN:683,disableToken
FN:689,emergencyWithdraw
FN:697,emergencyClosePosition
FN:739,pause
FN:744,unpause
FNF:21
FNH:13
FNDA:15,constructor
FNDA:7,openLeveragedPosition
FNDA:0,closeLeveragedPosition
FNDA:0,closeLeveragedPositionWithMusd
FNDA:3,_executeLeverageLoops
FNDA:6,_calculateTargetDebt
FNDA:3,_swapMusdToCollateral
FNDA:0,_swapCollateralToMusd
FNDA:7,_getCollateralForMusd
FNDA:1,getPosition
FNDA:0,getMusdNeededToClose
FNDA:1,getEffectiveLeverage
FNDA:1,estimateLoops
FNDA:3,setConfig
FNDA:6,setMaxLeverage
FNDA:16,enableToken
FNDA:1,disableToken
FNDA:0,emergencyWithdraw
FNDA:0,emergencyClosePosition
FNDA:0,pause
FNDA:0,unpause
DA:179,15
DA:180,15
DA:181,15
DA:182,15
DA:183,15
DA:185,15
DA:186,15
DA:187,15
DA:188,15
DA:189,15
DA:192,15
DA:193,15
DA:194,15
DA:195,15
DA:196,15
DA:198,15
DA:199,15
DA:200,15
DA:225,7
DA:226,6
DA:227,6
DA:228,6
DA:231,5
DA:232,5
DA:235,5
DA:237,5
DA:238,5
DA:241,3
DA:244,3
DA:245,3
DA:248,3
DA:249,3
DA:251,3
DA:260,3
DA:270,3
DA:272,3
DA:282,3
DA:290,0
DA:291,0
DA:293,0
DA:294,0
DA:297,0
DA:299,0
DA:301,0
DA:304,0
DA:307,0
DA:308,0
DA:312,0
DA:315,0
DA:316,0
DA:319,0
DA:320,0
DA:323,0
DA:324,0
DA:326,0
DA:331,0
DA:332,0
DA:333,0
DA:337,0
DA:338,0
DA:339,0
DA:340,0
DA:343,0
DA:345,0
DA:348,0
DA:350,0
DA:359,0
DA:361,0
DA:371,0
DA:372,0
DA:374,0
DA:375,0
DA:378,0
DA:379,0
DA:382,0
DA:385,0
DA:386,0
DA:389,0
DA:390,0
DA:391,0
DA:396,0
DA:397,0
DA:398,0
DA:402,0
DA:403,0
DA:404,0
DA:407,0
DA:409,0
DA:418,0
DA:420,0
DA:435,3
DA:436,3
DA:437,3
DA:439,3
DA:441,6
DA:442,6
DA:445,6
DA:446,6
DA:449,6
DA:450,6
DA:451,6
DA:452,6
DA:455,3
DA:456,3
DA:459,3
DA:460,3
DA:463,3
DA:464,3
DA:465,3
DA:467,3
DA:470,3
DA:481,6
DA:482,6
DA:484,6
DA:487,6
DA:488,6
DA:498,3
DA:501,3
DA:502,3
DA:505,3
DA:508,3
DA:509,3
DA:512,3
DA:524,3
DA:527,0
DA:530,3
DA:537,0
DA:540,0
DA:541,0
DA:544,0
DA:547,0
DA:548,0
DA:551,0
DA:565,0
DA:567,0
DA:576,7
DA:577,7
DA:578,7
DA:579,7
DA:581,7
DA:590,1
DA:597,0
DA:602,1
DA:604,1
DA:605,1
DA:614,1
DA:615,1
DA:617,1
DA:618,1
DA:619,1
DA:621,1
DA:622,5
DA:623,5
DA:625,4
DA:626,4
DA:627,4
DA:630,4
DA:631,4
DA:632,4
DA:633,4
DA:636,1
DA:637,1
DA:651,3
DA:652,2
DA:654,1
DA:655,1
DA:656,1
DA:657,1
DA:659,1
DA:665,6
DA:666,4
DA:667,4
DA:668,4
DA:673,16
DA:674,16
DA:676,16
DA:677,16
DA:679,16
DA:684,1
DA:685,1
DA:690,0
DA:698,0
DA:699,0
DA:701,0
DA:704,0
DA:705,0
DA:706,0
DA:710,0
DA:711,0
DA:712,0
DA:713,0
DA:714,0
DA:715,0
DA:716,0
DA:721,0
DA:722,0
DA:723,0
DA:725,0
DA:726,0
DA:727,0
DA:730,0
DA:731,0
DA:740,0
DA:745,0
LF:204
LH:116
BRDA:179,1,0,15
BRDA:179,1,1,0
BRDA:180,2,0,15
BRDA:180,2,1,0
BRDA:181,3,0,15
BRDA:181,3,1,0
BRDA:182,4,0,15
BRDA:182,4,1,0
BRDA:183,5,0,15
BRDA:183,5,1,0
BRDA:220,6,0,7
BRDA:220,6,1,0
BRDA:220,7,0,7
BRDA:220,7,1,0
BRDA:225,8,0,6
BRDA:225,8,1,1
BRDA:226,9,0,6
BRDA:226,9,1,0
BRDA:227,10,0,6
BRDA:227,10,1,0
BRDA:228,11,0,5
BRDA:228,11,1,1
BRDA:232,12,0,5
BRDA:232,12,1,0
BRDA:237,13,0,0
BRDA:237,13,1,5
BRDA:238,14,0,3
BRDA:238,14,1,2
BRDA:248,15,0,3
BRDA:248,15,1,0
BRDA:249,16,0,0
BRDA:249,16,1,3
BRDA:289,17,0,0
BRDA:289,17,1,0
BRDA:291,18,0,0
BRDA:291,18,1,0
BRDA:299,19,0,0
BRDA:299,19,1,0
BRDA:307,20,0,0
BRDA:307,20,1,0
BRDA:316,21,0,0
BRDA:316,21,1,0
BRDA:324,22,0,0
BRDA:324,22,1,0
BRDA:332,23,0,0
BRDA:332,23,1,0
BRDA:338,24,0,0
BRDA:338,24,1,0
BRDA:343,25,0,0
BRDA:343,25,1,0
BRDA:370,26,0,0
BRDA:370,26,1,0
BRDA:372,27,0,0
BRDA:372,27,1,0
BRDA:378,28,0,0
BRDA:378,28,1,0
BRDA:379,29,0,0
BRDA:379,29,1,0
BRDA:390,30,0,0
BRDA:390,30,1,0
BRDA:397,31,0,0
BRDA:397,31,1,0
BRDA:403,32,0,0
BRDA:403,32,1,0
BRDA:442,33,0,0
BRDA:442,33,1,6
BRDA:446,34,0,0
BRDA:446,34,1,6
BRDA:450,35,0,3
BRDA:450,35,1,3
BRDA:451,36,0,3
BRDA:451,36,1,3
BRDA:452,37,0,3
BRDA:452,37,1,3
BRDA:460,38,0,3
BRDA:460,38,1,0
BRDA:482,39,0,0
BRDA:482,39,1,6
BRDA:498,40,0,0
BRDA:498,40,1,3
BRDA:509,41,0,0
BRDA:509,41,1,3
BRDA:537,42,0,0
BRDA:537,42,1,0
BRDA:548,43,0,0
BRDA:548,43,1,0
BRDA:565,44,0,0
BRDA:565,44,1,0
BRDA:579,45,0,0
BRDA:579,45,1,7
BRDA:604,46,0,0
BRDA:604,46,1,1
BRDA:615,47,0,0
BRDA:615,47,1,1
BRDA:623,48,0,1
BRDA:623,48,1,4
BRDA:627,49,0,0
BRDA:627,49,1,4
BRDA:650,50,0,3
BRDA:650,50,1,0
BRDA:651,51,0,2
BRDA:651,51,1,1
BRDA:652,52,0,1
BRDA:652,52,1,1
BRDA:664,53,0,6
BRDA:664,53,1,0
BRDA:665,54,0,4
BRDA:665,54,1,2
BRDA:672,55,0,16
BRDA:672,55,1,0
BRDA:673,56,0,16
BRDA:673,56,1,0
BRDA:674,57,0,16
BRDA:674,57,1,0
BRDA:674,58,0,0
BRDA:674,58,1,1
BRDA:674,59,0,1
BRDA:674,59,1,15
BRDA:674,60,0,15
BRDA:674,60,1,0
BRDA:683,61,0,1
BRDA:683,61,1,0
BRDA:689,62,0,0
BRDA:689,62,1,0
BRDA:697,63,0,0
BRDA:697,63,1,0
BRDA:697,64,0,0
BRDA:697,64,1,0
BRDA:699,65,0,0
BRDA:699,65,1,0
BRDA:705,66,0,0
BRDA:705,66,1,0
BRDA:711,67,0,0
BRDA:711,67,1,0
BRDA:713,68,0,0
BRDA:713,68,1,0
BRDA:714,69,0,0
BRDA:714,69,1,0
BRDA:722,70,0,0
BRDA:722,70,1,0
BRDA:726,71,0,0
BRDA:726,71,1,0
BRDA:739,72,0,0
BRDA:739,72,1,0
BRDA:744,73,0,0
BRDA:744,73,1,0
BRF:146
BRH:53
end_of_record
TN:
SF:/Users/luiscuello/Minted-mUSD-Canton/contracts/LiquidationEngine.sol
FN:83,constructor
FN:115,liquidate
FN:191,isLiquidatable
FN:199,estimateSeize
FN:224,setCloseFactor
FN:231,setFullLiquidationThreshold
FN:242,pause
FN:249,unpause
FNF:8
FNH:6
FNDA:1,constructor
FNDA:6,liquidate
FNDA:4,isLiquidatable
FNDA:1,estimateSeize
FNDA:3,setCloseFactor
FNDA:1,setFullLiquidationThreshold
FNDA:0,pause
FNDA:0,unpause
DA:90,1
DA:91,1
DA:92,1
DA:93,1
DA:94,1
DA:96,1
DA:97,1
DA:98,1
DA:99,1
DA:100,1
DA:101,1
DA:103,1
DA:104,1
DA:116,6
DA:117,5
DA:119,5
DA:122,5
DA:123,5
DA:126,4
DA:127,4
DA:129,4
DA:131,0
DA:134,4
DA:137,4
DA:143,4
DA:145,4
DA:146,4
DA:155,4
DA:156,4
DA:159,4
DA:160,4
DA:161,0
DA:163,0
DA:164,0
DA:167,4
DA:175,4
DA:178,4
DA:181,4
DA:183,4
DA:192,4
DA:193,4
DA:194,3
DA:204,1
DA:206,1
DA:207,1
DA:211,1
DA:212,1
DA:214,1
DA:215,1
DA:216,0
DA:225,3
DA:226,1
DA:227,1
DA:228,1
DA:232,1
DA:233,1
DA:234,1
DA:243,0
DA:250,0
LF:59
LH:52
BRDA:90,1,0,1
BRDA:90,1,1,0
BRDA:91,2,0,1
BRDA:91,2,1,0
BRDA:92,3,0,1
BRDA:92,3,1,0
BRDA:93,4,0,1
BRDA:93,4,1,0
BRDA:94,5,0,1
BRDA:94,5,1,0
BRDA:115,6,0,6
BRDA:115,6,1,0
BRDA:115,7,0,6
BRDA:115,7,1,0
BRDA:116,8,0,5
BRDA:116,8,1,1
BRDA:117,9,0,5
BRDA:117,9,1,0
BRDA:119,10,0,5
BRDA:119,10,1,0
BRDA:123,11,0,4
BRDA:123,11,1,1
BRDA:129,12,0,0
BRDA:129,12,1,4
BRDA:137,13,0,1
BRDA:137,13,1,3
BRDA:146,14,0,4
BRDA:146,14,1,0
BRDA:160,15,0,0
BRDA:160,15,1,4
BRDA:167,16,0,4
BRDA:167,16,1,0
BRDA:193,17,0,1
BRDA:193,17,1,3
BRDA:207,18,0,0
BRDA:207,18,1,1
BRDA:215,19,0,0
BRDA:215,19,1,1
BRDA:224,20,0,3
BRDA:224,20,1,1
BRDA:225,21,0,1
BRDA:225,21,1,2
BRDA:231,22,0,1
BRDA:231,22,1,0
BRDA:232,23,0,1
BRDA:232,23,1,0
BRDA:242,24,0,0
BRDA:242,24,1,0
BRDA:249,25,0,0
BRDA:249,25,1,0
BRF:50
BRH:29
end_of_record
TN:
SF:/Users/luiscuello/Minted-mUSD-Canton/contracts/mocks/MockAggregatorV3.sol
FN:12,constructor
FN:19,decimals
FN:23,latestRoundData
FN:38,setAnswer
FN:44,setUpdatedAt
FN:48,setDecimals
FNF:6
FNH:5
FNDA:66,constructor
FNDA:75,decimals
FNDA:82,latestRoundData
FNDA:13,setAnswer
FNDA:1,setUpdatedAt
FNDA:0,setDecimals
DA:13,66
DA:14,66
DA:15,66
DA:16,66
DA:20,75
DA:34,82
DA:39,13
DA:40,13
DA:41,13
DA:45,1
DA:49,0
LF:11
LH:10
BRF:0
BRH:0
end_of_record
TN:
SF:/Users/luiscuello/Minted-mUSD-Canton/contracts/mocks/MockDirectMint.sol
FN:18,constructor
FN:23,mintFor
FN:35,setShouldFail
FNF:3
FNH:0
FNDA:0,constructor
FNDA:0,mintFor
FNDA:0,setShouldFail
DA:19,0
DA:20,0
DA:24,0
DA:27,0
DA:30,0
DA:32,0
DA:36,0
LF:7
LH:0
BRDA:24,1,0,0
BRDA:24,1,1,0
BRF:2
BRH:0
end_of_record
TN:
SF:/Users/luiscuello/Minted-mUSD-Canton/contracts/mocks/MockERC20.sol
FN:11,constructor
FN:15,decimals
FN:19,mint
FN:23,burn
FNF:4
FNH:3
FNDA:192,constructor
FNDA:12,decimals
FNDA:165,mint
FNDA:0,burn
DA:12,192
DA:16,12
DA:20,165
DA:24,0
LF:4
LH:3
BRF:0
BRH:0
end_of_record
TN:
SF:/Users/luiscuello/Minted-mUSD-Canton/contracts/mocks/MockPendleMarket.sol
FN:19,constructor
FN:37,readTokens
FN:41,isExpired
FN:45,_storage
FN:57,setExpired
FN:61,setStorage
FN:67,setExpiry
FNF:7
FNH:0
FNDA:0,constructor
FNDA:0,readTokens
FNDA:0,isExpired
FNDA:0,_storage
FNDA:0,setExpired
FNDA:0,setStorage
FNDA:0,setExpiry
DA:25,0
DA:26,0
DA:27,0
DA:28,0
DA:29,0
DA:32,0
DA:33,0
DA:34,0
DA:38,0
DA:42,0
DA:53,0
DA:58,0
DA:62,0
DA:63,0
DA:64,0
DA:68,0
LF:16
LH:0
BRDA:42,1,0,0
BRDA:42,1,1,0
BRF:2
BRH:0
end_of_record
TN:
SF:/Users/luiscuello/Minted-mUSD-Canton/contracts/mocks/MockPendleOracle.sol
FN:12,constructor
FN:16,getPtToSyRate
FN:22,getYtToSyRate
FN:27,setPtToSyRate
FN:31,setSyToAssetRate
FNF:5
FNH:0
FNDA:0,constructor
FNDA:0,getPtToSyRate
FNDA:0,getYtToSyRate
FNDA:0,setPtToSyRate
FNDA:0,setSyToAssetRate
DA:17,0
DA:19,0
DA:23,0
DA:28,0
DA:32,0
LF:5
LH:0
BRDA:19,1,0,0
BRDA:19,1,1,0
BRF:2
BRH:0
end_of_record
TN:
SF:/Users/luiscuello/Minted-mUSD-Canton/contracts/mocks/MockStrategy.sol
FN:21,constructor
FN:27,deposit
FN:34,withdraw
FN:45,withdrawAll
FN:55,totalValue
FN:59,asset
FN:63,isActive
FN:73,simulateYield
FN:80,simulateLoss
FN:85,setActive
FN:89,setDepositShouldFail
FN:93,setWithdrawShouldFail
FNF:12
FNH:6
FNDA:110,constructor
FNDA:27,deposit
FNDA:7,withdraw
FNDA:3,withdrawAll
FNDA:68,totalValue
FNDA:0,asset
FNDA:0,isActive
FNDA:0,simulateYield
FNDA:0,simulateLoss
FNDA:0,setActive
FNDA:1,setDepositShouldFail
FNDA:0,setWithdrawShouldFail
DA:22,110
DA:23,110
DA:24,110
DA:28,27
DA:29,26
DA:30,26
DA:31,26
DA:35,7
DA:36,7
DA:37,7
DA:40,7
DA:41,7
DA:42,7
DA:46,3
DA:47,3
DA:48,3
DA:49,3
DA:50,3
DA:52,3
DA:56,68
DA:60,0
DA:64,0
DA:76,0
DA:81,0
DA:86,0
DA:90,1
DA:94,0
LF:27
LH:21
BRDA:28,1,0,26
BRDA:28,1,1,1
BRDA:35,2,0,7
BRDA:35,2,1,0
BRDA:36,3,0,0
BRDA:36,3,1,7
BRDA:38,4,0,0
BRDA:38,4,1,7
BRDA:40,5,0,5
BRDA:40,5,1,2
BRDA:46,6,0,3
BRDA:46,6,1,0
BRDA:49,7,0,3
BRDA:49,7,1,0
BRDA:81,8,0,0
BRDA:81,8,1,0
BRF:16
BRH:9
end_of_record
TN:
SF:/Users/luiscuello/Minted-mUSD-Canton/contracts/mocks/MockSwapRouter.sol
FN:39,constructor
FN:46,exactInputSingle
FNF:2
FNH:2
FNDA:15,constructor
FNDA:3,exactInputSingle
DA:40,15
DA:41,15
DA:42,15
DA:47,3
DA:50,3
DA:53,3
DA:55,3
DA:56,3
DA:57,3
DA:60,0
DA:63,3
DA:66,3
DA:68,0
DA:70,3
DA:73,3
LF:15
LH:13
BRDA:47,1,0,3
BRDA:47,1,1,0
BRDA:53,2,0,3
BRDA:53,2,1,0
BRDA:63,3,0,3
BRDA:63,3,1,0
BRDA:66,4,0,0
BRDA:66,4,1,3
BRF:8
BRH:4
end_of_record
TN:
SF:/Users/luiscuello/Minted-mUSD-Canton/contracts/mocks/MockSY.sol
FN:14,constructor
FN:21,getTokensIn
FN:25,getTokensOut
FN:29,setExchangeRate
FN:33,addTokenIn
FN:37,addTokenOut
FNF:6
FNH:0
FNDA:0,constructor
FNDA:0,getTokensIn
FNDA:0,getTokensOut
FNDA:0,setExchangeRate
FNDA:0,addTokenIn
FNDA:0,addTokenOut
DA:15,0
DA:16,0
DA:17,0
DA:18,0
DA:22,0
DA:26,0
DA:30,0
DA:34,0
DA:38,0
LF:9
LH:0
BRF:0
BRH:0
end_of_record
TN:
SF:/Users/luiscuello/Minted-mUSD-Canton/contracts/mocks/MockTokenBridge.sol
FN:13,transferTokens
FN:25,wrappedAsset
FNF:2
FNH:0
FNDA:0,transferTokens
FNDA:0,wrappedAsset
DA:21,0
DA:22,0
DA:26,0
LF:3
LH:0
BRF:0
BRH:0
end_of_record
TN:
SF:/Users/luiscuello/Minted-mUSD-Canton/contracts/mocks/MockWormhole.sol
FN:28,setMockVM
FN:49,parseAndVerifyVM
FN:57,setShouldValidate
FN:61,setInvalidReason
FNF:4
FNH:0
FNDA:0,setMockVM
FNDA:0,parseAndVerifyVM
FNDA:0,setShouldValidate
FNDA:0,setInvalidReason
DA:34,0
DA:54,0
DA:58,0
DA:62,0
DA:63,0
LF:5
LH:0
BRF:0
BRH:0
end_of_record
TN:
SF:/Users/luiscuello/Minted-mUSD-Canton/contracts/mocks/MockWormholeRelayer.sol
FN:13,sendPayloadToEvm
FN:24,quoteEVMDeliveryPrice
FNF:2
FNH:0
FNDA:0,sendPayloadToEvm
FNDA:0,quoteEVMDeliveryPrice
DA:20,0
DA:21,0
DA:29,0
LF:3
LH:0
BRF:0
BRH:0
end_of_record
TN:
SF:/Users/luiscuello/Minted-mUSD-Canton/contracts/mocks/MockWormholeTokenBridge.sol
FN:18,constructor
FN:22,setTransferAmount
FN:26,setTransferRecipient
FN:30,completeTransfer
FN:37,completeTransferAndUnwrapETH
FNF:5
FNH:0
FNDA:0,constructor
FNDA:0,setTransferAmount
FNDA:0,setTransferRecipient
FNDA:0,completeTransfer
FNDA:0,completeTransferAndUnwrapETH
DA:19,0
DA:23,0
DA:27,0
DA:32,0
DA:33,0
LF:5
LH:0
BRDA:32,1,0,0
BRDA:32,1,1,0
BRF:2
BRH:0
end_of_record
TN:
SF:/Users/luiscuello/Minted-mUSD-Canton/contracts/MUSD.sol
FN:26,constructor
FN:35,setSupplyCap
FN:47,setBlacklist
FN:54,mint
FN:61,burn
FN:69,_update
FN:75,pause
FN:80,unpause
FNF:8
FNH:8
FNDA:144,constructor
FNDA:19,setSupplyCap
FNDA:9,setBlacklist
FNDA:132,mint
FNDA:16,burn
FNDA:176,_update
FNDA:5,pause
FNDA:2,unpause
DA:27,144
DA:28,144
DA:29,143
DA:30,143
DA:36,19
DA:40,18
DA:41,17
DA:42,16
DA:43,16
DA:44,16
DA:48,9
DA:49,8
DA:50,8
DA:55,132
DA:56,130
DA:57,127
DA:62,16
DA:63,15
DA:65,15
DA:66,14
DA:70,176
DA:71,171
DA:76,5
DA:81,2
LF:24
LH:24
BRDA:28,1,0,143
BRDA:28,1,1,1
BRDA:36,2,0,18
BRDA:36,2,1,1
BRDA:37,3,0,7
BRDA:37,3,1,11
BRDA:40,4,0,17
BRDA:40,4,1,1
BRDA:41,5,0,16
BRDA:41,5,1,1
BRDA:47,6,0,9
BRDA:47,6,1,1
BRDA:48,7,0,8
BRDA:48,7,1,1
BRDA:54,8,0,132
BRDA:54,8,1,1
BRDA:55,9,0,130
BRDA:55,9,1,2
BRDA:61,10,0,16
BRDA:61,10,1,0
BRDA:62,11,0,15
BRDA:62,11,1,1
BRDA:69,12,0,176
BRDA:69,12,1,2
BRDA:70,13,0,171
BRDA:70,13,1,5
BRDA:75,14,0,5
BRDA:75,14,1,1
BRDA:80,15,0,2
BRDA:80,15,1,1
BRF:30
BRH:29
end_of_record
TN:
SF:/Users/luiscuello/Minted-mUSD-Canton/contracts/PendleMarketSelector.sol
FN:65,constructor
FN:152,initialize
FN:181,selectBestMarket
FN:209,getValidMarkets
FN:266,getMarketInfo
FN:277,_isValidMarket
FN:309,_getMarketInfo
FN:364,_lnRateToAPY
FN:386,_calculateScores
FN:422,whitelistMarket
FN:442,whitelistMarkets
FN:460,removeMarket
FN:487,setParams
FN:502,getWhitelistedMarkets
FN:509,whitelistedCount
FN:518,_authorizeUpgrade
FNF:16
FNH:0
FNDA:0,constructor
FNDA:0,initialize
FNDA:0,selectBestMarket
FNDA:0,getValidMarkets
FNDA:0,getMarketInfo
FNDA:0,_isValidMarket
FNDA:0,_getMarketInfo
FNDA:0,_lnRateToAPY
FNDA:0,_calculateScores
FNDA:0,whitelistMarket
FNDA:0,whitelistMarkets
FNDA:0,removeMarket
FNDA:0,setParams
FNDA:0,getWhitelistedMarkets
FNDA:0,whitelistedCount
FNDA:0,_authorizeUpgrade
DA:66,0
DA:153,0
DA:154,0
DA:157,0
DA:158,0
DA:159,0
DA:164,0
DA:165,0
DA:166,0
DA:167,0
DA:168,0
DA:186,0
DA:188,0
DA:191,0
DA:192,0
DA:194,0
DA:195,0
DA:196,0
DA:197,0
DA:201,0
DA:216,0
DA:217,0
DA:218,0
DA:219,0
DA:221,0
DA:222,0
DA:223,0
DA:224,0
DA:226,0
DA:227,0
DA:229,0
DA:230,0
DA:233,0
DA:235,0
DA:236,0
DA:238,0
DA:239,0
DA:240,0
DA:244,0
DA:245,0
DA:246,0
DA:247,0
DA:248,0
DA:249,0
DA:254,0
DA:255,0
DA:258,0
DA:267,0
DA:279,0
DA:282,0
DA:283,0
DA:287,0
DA:288,0
DA:291,0
DA:292,0
DA:295,0
DA:298,0
DA:301,0
DA:303,0
DA:310,0
DA:313,0
DA:316,0
DA:324,0
DA:325,0
DA:330,0
DA:331,0
DA:332,0
DA:338,0
DA:340,0
DA:354,0
DA:366,0
DA:370,0
DA:379,0
DA:387,0
DA:390,0
DA:391,0
DA:393,0
DA:394,0
DA:395,0
DA:399,0
DA:400,0
DA:404,0
DA:409,0
DA:424,0
DA:425,0
DA:426,0
DA:427,0
DA:429,0
DA:431,0
DA:443,0
DA:445,0
DA:446,0
DA:447,0
DA:448,0
DA:450,0
DA:452,0
DA:461,0
DA:463,0
DA:464,0
DA:467,0
DA:468,0
DA:469,0
DA:470,0
DA:471,0
DA:475,0
DA:488,0
DA:490,0
DA:491,0
DA:492,0
DA:493,0
DA:494,0
DA:496,0
DA:503,0
DA:510,0
LF:114
LH:0
BRDA:152,1,0,0
BRDA:152,1,1,0
BRDA:188,2,0,0
BRDA:188,2,1,0
BRDA:195,3,0,0
BRDA:195,3,1,0
BRDA:223,4,0,0
BRDA:223,4,1,0
BRDA:224,5,0,0
BRDA:224,5,1,0
BRDA:227,6,0,0
BRDA:227,6,1,0
BRDA:230,7,0,0
BRDA:230,7,1,0
BRDA:235,8,0,0
BRDA:235,8,1,0
BRDA:236,9,0,0
BRDA:236,9,1,0
BRDA:247,10,0,0
BRDA:247,10,1,0
BRDA:254,11,0,0
BRDA:254,11,1,0
BRDA:279,12,0,0
BRDA:279,12,1,0
BRDA:282,13,0,0
BRDA:282,13,1,0
BRDA:288,14,0,0
BRDA:288,14,1,0
BRDA:292,15,0,0
BRDA:292,15,1,0
BRDA:298,16,0,0
BRDA:298,16,1,0
BRDA:301,17,0,0
BRDA:301,17,1,0
BRDA:325,18,0,0
BRDA:325,18,1,0
BRDA:366,19,0,0
BRDA:366,19,1,0
BRDA:387,20,0,0
BRDA:387,20,1,0
BRDA:394,21,0,0
BRDA:394,21,1,0
BRDA:395,22,0,0
BRDA:395,22,1,0
BRDA:401,23,0,0
BRDA:401,23,1,0
BRDA:405,24,0,0
BRDA:405,24,1,0
BRDA:422,25,0,0
BRDA:422,25,1,0
BRDA:424,26,0,0
BRDA:424,26,1,0
BRDA:425,27,0,0
BRDA:425,27,1,0
BRDA:442,28,0,0
BRDA:442,28,1,0
BRDA:443,29,0,0
BRDA:443,29,1,0
BRDA:446,30,0,0
BRDA:446,30,1,0
BRDA:460,31,0,0
BRDA:460,31,1,0
BRDA:461,32,0,0
BRDA:461,32,1,0
BRDA:468,33,0,0
BRDA:468,33,1,0
BRDA:487,34,0,0
BRDA:487,34,1,0
BRDA:488,35,0,0
BRDA:488,35,1,0
BRDA:518,36,0,0
BRDA:518,36,1,0
BRF:72
BRH:0
end_of_record
TN:
SF:/Users/luiscuello/Minted-mUSD-Canton/contracts/PriceOracle.sol
FN:42,constructor
FN:57,setFeed
FN:75,removeFeed
FN:84,getPrice
FN:114,getValueUsd
FN:143,isFeedHealthy
FNF:6
FNH:6
FNDA:39,constructor
FNDA:65,setFeed
FNDA:4,removeFeed
FNDA:11,getPrice
FNDA:66,getValueUsd
FNDA:4,isFeedHealthy
DA:43,39
DA:44,39
DA:58,65
DA:59,64
DA:60,63
DA:62,62
DA:64,61
DA:71,61
DA:76,4
DA:77,3
DA:78,3
DA:85,11
DA:86,11
DA:89,10
DA:97,10
DA:98,8
DA:100,7
DA:102,7
DA:103,7
DA:107,7
DA:115,66
DA:116,66
DA:119,66
DA:127,66
DA:128,66
DA:130,66
DA:132,66
DA:133,66
DA:136,66
DA:139,66
DA:144,4
DA:145,4
DA:147,3
DA:150,3
DA:152,0
LF:35
LH:34
BRDA:57,1,0,65
BRDA:57,1,1,1
BRDA:58,2,0,64
BRDA:58,2,1,1
BRDA:59,3,0,63
BRDA:59,3,1,1
BRDA:60,4,0,62
BRDA:60,4,1,1
BRDA:62,5,0,61
BRDA:62,5,1,1
BRDA:75,6,0,4
BRDA:75,6,1,0
BRDA:76,7,0,3
BRDA:76,7,1,1
BRDA:86,8,0,10
BRDA:86,8,1,1
BRDA:97,9,0,8
BRDA:97,9,1,2
BRDA:98,10,0,7
BRDA:98,10,1,1
BRDA:100,11,0,7
BRDA:100,11,1,0
BRDA:103,12,0,7
BRDA:103,12,1,0
BRDA:116,13,0,66
BRDA:116,13,1,0
BRDA:127,14,0,66
BRDA:127,14,1,0
BRDA:128,15,0,66
BRDA:128,15,1,0
BRDA:130,16,0,66
BRDA:130,16,1,0
BRDA:133,17,0,66
BRDA:133,17,1,0
BRDA:145,18,0,1
BRDA:145,18,1,3
BRF:36
BRH:28
end_of_record
TN:
SF:/Users/luiscuello/Minted-mUSD-Canton/contracts/SMUSD.sol
FN:47,constructor
FN:56,deposit
FN:65,mint
FN:72,withdraw
FN:79,redeem
FN:85,_update
FN:104,distributeYield
FN:121,_decimalsOffset
FN:126,getRemainingCooldown
FN:135,canWithdraw
FN:144,setTreasury
FN:154,syncCantonShares
FN:164,globalTotalShares
FN:170,globalTotalAssets
FN:188,globalSharePrice
FN:197,ethereumTotalShares
FN:202,convertToShares
FN:211,convertToAssets
FN:224,pause
FN:231,unpause
FNF:20
FNH:12
FNDA:44,constructor
FNDA:19,deposit
FNDA:0,mint
FNDA:5,withdraw
FNDA:3,redeem
FNDA:25,_update
FNDA:3,distributeYield
FNDA:26,_decimalsOffset
FNDA:3,getRemainingCooldown
FNDA:3,canWithdraw
FNDA:0,setTreasury
FNDA:0,syncCantonShares
FNDA:2,globalTotalShares
FNDA:2,globalTotalAssets
FNDA:0,globalSharePrice
FNDA:0,ethereumTotalShares
FNDA:0,convertToShares
FNDA:2,convertToAssets
FNDA:0,pause
FNDA:0,unpause
DA:48,44
DA:49,44
DA:57,19
DA:58,19
DA:59,19
DA:66,0
DA:67,0
DA:68,0
DA:73,5
DA:74,2
DA:80,3
DA:81,1
DA:87,25
DA:89,3
DA:90,3
DA:93,3
DA:94,2
DA:95,2
DA:99,25
DA:105,3
DA:106,2
DA:109,1
DA:110,1
DA:111,1
DA:114,1
DA:116,1
DA:122,26
DA:127,3
DA:128,3
DA:129,0
DA:131,3
DA:136,3
DA:145,0
DA:146,0
DA:147,0
DA:148,0
DA:155,0
DA:157,0
DA:158,0
DA:160,0
DA:165,2
DA:171,2
DA:172,2
DA:176,0
DA:179,0
DA:180,0
DA:182,0
DA:189,0
DA:190,0
DA:191,0
DA:193,0
DA:198,0
DA:203,0
DA:204,0
DA:205,0
DA:207,0
DA:212,2
DA:213,2
DA:214,0
DA:216,2
DA:225,0
DA:232,0
LF:62
LH:34
BRDA:56,1,0,19
BRDA:56,1,1,0
BRDA:56,2,0,19
BRDA:56,2,1,0
BRDA:65,3,0,0
BRDA:65,3,1,0
BRDA:65,4,0,0
BRDA:65,4,1,0
BRDA:72,5,0,5
BRDA:72,5,1,0
BRDA:72,6,0,5
BRDA:72,6,1,0
BRDA:73,7,0,2
BRDA:73,7,1,3
BRDA:79,8,0,3
BRDA:79,8,1,0
BRDA:79,9,0,3
BRDA:79,9,1,0
BRDA:80,10,0,1
BRDA:80,10,1,2
BRDA:87,11,0,3
BRDA:87,11,1,22
BRDA:93,12,0,2
BRDA:93,12,1,1
BRDA:104,13,0,3
BRDA:104,13,1,1
BRDA:105,14,0,2
BRDA:105,14,1,1
BRDA:106,15,0,1
BRDA:106,15,1,1
BRDA:111,16,0,1
BRDA:111,16,1,0
BRDA:128,17,0,0
BRDA:128,17,1,3
BRDA:144,18,0,0
BRDA:144,18,1,0
BRDA:145,19,0,0
BRDA:145,19,1,0
BRDA:154,20,0,0
BRDA:154,20,1,0
BRDA:155,21,0,0
BRDA:155,21,1,0
BRDA:171,22,0,2
BRDA:171,22,1,0
BRDA:179,23,0,0
BRDA:179,23,1,0
BRDA:190,24,0,0
BRDA:190,24,1,0
BRDA:204,25,0,0
BRDA:204,25,1,0
BRDA:213,26,0,0
BRDA:213,26,1,2
BRDA:224,27,0,0
BRDA:224,27,1,0
BRDA:231,28,0,0
BRDA:231,28,1,0
BRF:56
BRH:24
end_of_record
TN:
SF:/Users/luiscuello/Minted-mUSD-Canton/contracts/strategies/MorphoLoopStrategy.sol
FN:197,constructor
FN:207,initialize
FN:247,deposit
FN:274,withdraw
FN:304,withdrawAll
FN:325,totalValue
FN:357,asset
FN:364,isActive
FN:377,_loop
FN:409,_deleverage
FN:445,_fullDeleverage
FN:484,_maxWithdrawable
FN:515,getHealthFactor
FN:537,getCurrentLeverage
FN:549,getPosition
FN:580,setParameters
FN:594,setSafetyBuffer
FN:602,setActive
FN:609,emergencyDeleverage
FN:620,pause
FN:627,unpause
FN:634,recoverToken
FN:643,_authorizeUpgrade
FNF:23
FNH:0
FNDA:0,constructor
FNDA:0,initialize
FNDA:0,deposit
FNDA:0,withdraw
FNDA:0,withdrawAll
FNDA:0,totalValue
FNDA:0,asset
FNDA:0,isActive
FNDA:0,_loop
FNDA:0,_deleverage
FNDA:0,_fullDeleverage
FNDA:0,_maxWithdrawable
FNDA:0,getHealthFactor
FNDA:0,getCurrentLeverage
FNDA:0,getPosition
FNDA:0,setParameters
FNDA:0,setSafetyBuffer
FNDA:0,setActive
FNDA:0,emergencyDeleverage
FNDA:0,pause
FNDA:0,unpause
FNDA:0,recoverToken
FNDA:0,_authorizeUpgrade
DA:198,0
DA:208,0
DA:209,0
DA:210,0
DA:211,0
DA:213,0
DA:214,0
DA:215,0
DA:216,0
DA:219,0
DA:220,0
DA:221,0
DA:222,0
DA:224,0
DA:225,0
DA:226,0
DA:227,0
DA:230,0
DA:250,0
DA:251,0
DA:254,0
DA:257,0
DA:259,0
DA:260,0
DA:262,0
DA:277,0
DA:280,0
DA:281,0
DA:282,0
DA:286,0
DA:288,0
DA:291,0
DA:293,0
DA:308,0
DA:309,0
DA:312,0
DA:313,0
DA:314,0
DA:317,0
DA:318,0
DA:326,0
DA:329,0
DA:333,0
DA:334,0
DA:335,0
DA:339,0
DA:340,0
DA:341,0
DA:345,0
DA:348,0
DA:349,0
DA:351,0
DA:358,0
DA:365,0
DA:378,0
DA:379,0
DA:381,0
DA:383,0
DA:384,0
DA:387,0
DA:389,0
DA:392,0
DA:400,0
DA:410,0
DA:413,0
DA:414,0
DA:415,0
DA:416,0
DA:420,0
DA:422,0
DA:423,0
DA:425,0
DA:427,0
DA:428,0
DA:430,0
DA:433,0
DA:434,0
DA:435,0
DA:436,0
DA:437,0
DA:446,0
DA:447,0
DA:450,0
DA:451,0
DA:452,0
DA:453,0
DA:457,0
DA:458,0
DA:459,0
DA:460,0
DA:462,0
DA:466,0
DA:467,0
DA:468,0
DA:469,0
DA:473,0
DA:474,0
DA:475,0
DA:476,0
DA:485,0
DA:487,0
DA:488,0
DA:489,0
DA:490,0
DA:493,0
DA:494,0
DA:498,0
DA:499,0
DA:501,0
DA:502,0
DA:504,0
DA:516,0
DA:518,0
DA:519,0
DA:520,0
DA:521,0
DA:524,0
DA:525,0
DA:529,0
DA:530,0
DA:538,0
DA:540,0
DA:543,0
DA:555,0
DA:557,0
DA:559,0
DA:560,0
DA:561,0
DA:562,0
DA:564,0
DA:565,0
DA:582,0
DA:583,0
DA:585,0
DA:586,0
DA:588,0
DA:595,0
DA:596,0
DA:603,0
DA:610,0
DA:611,0
DA:612,0
DA:614,0
DA:621,0
DA:628,0
DA:635,0
DA:636,0
LF:147
LH:0
BRDA:207,1,0,0
BRDA:207,1,1,0
BRDA:245,2,0,0
BRDA:245,2,1,0
BRDA:246,3,0,0
BRDA:246,3,1,0
BRDA:247,4,0,0
BRDA:247,4,1,0
BRDA:250,5,0,0
BRDA:250,5,1,0
BRDA:251,6,0,0
BRDA:251,6,1,0
BRDA:273,7,0,0
BRDA:273,7,1,0
BRDA:274,8,0,0
BRDA:274,8,1,0
BRDA:277,9,0,0
BRDA:277,9,1,0
BRDA:281,10,0,0
BRDA:281,10,1,0
BRDA:303,11,0,0
BRDA:303,11,1,0
BRDA:304,12,0,0
BRDA:304,12,1,0
BRDA:313,13,0,0
BRDA:313,13,1,0
BRDA:334,14,0,0
BRDA:334,14,1,0
BRDA:340,15,0,0
BRDA:340,15,1,0
BRDA:348,16,0,0
BRDA:348,16,1,0
BRDA:389,17,0,0
BRDA:389,17,1,0
BRDA:415,18,0,0
BRDA:415,18,1,0
BRDA:423,19,0,0
BRDA:423,19,1,0
BRDA:425,20,0,0
BRDA:425,20,1,0
BRDA:430,21,0,0
BRDA:430,21,1,0
BRDA:434,22,0,0
BRDA:434,22,1,0
BRDA:435,23,0,0
BRDA:435,23,1,0
BRDA:452,24,0,0
BRDA:452,24,1,0
BRDA:457,25,0,0
BRDA:457,25,1,0
BRDA:458,26,0,0
BRDA:458,26,1,0
BRDA:467,27,0,0
BRDA:467,27,1,0
BRDA:474,28,0,0
BRDA:474,28,1,0
BRDA:475,29,0,0
BRDA:475,29,1,0
BRDA:489,30,0,0
BRDA:489,30,1,0
BRDA:493,31,0,0
BRDA:493,31,1,0
BRDA:501,32,0,0
BRDA:501,32,1,0
BRDA:520,33,0,0
BRDA:520,33,1,0
BRDA:524,34,0,0
BRDA:524,34,1,0
BRDA:538,35,0,0
BRDA:538,35,1,0
BRDA:561,36,0,0
BRDA:561,36,1,0
BRDA:565,37,0,0
BRDA:565,37,1,0
BRDA:580,38,0,0
BRDA:580,38,1,0
BRDA:582,39,0,0
BRDA:582,39,1,0
BRDA:582,40,0,0
BRDA:582,40,1,0
BRDA:583,41,0,0
BRDA:583,41,1,0
BRDA:594,42,0,0
BRDA:594,42,1,0
BRDA:595,43,0,0
BRDA:595,43,1,0
BRDA:602,44,0,0
BRDA:602,44,1,0
BRDA:609,45,0,0
BRDA:609,45,1,0
BRDA:620,46,0,0
BRDA:620,46,1,0
BRDA:627,47,0,0
BRDA:627,47,1,0
BRDA:634,48,0,0
BRDA:634,48,1,0
BRDA:635,49,0,0
BRDA:635,49,1,0
BRDA:635,50,0,0
BRDA:635,50,1,0
BRDA:643,51,0,0
BRDA:643,51,1,0
BRF:102
BRH:0
end_of_record
TN:
SF:/Users/luiscuello/Minted-mUSD-Canton/contracts/strategies/PendleStrategyV2.sol
FN:304,constructor
FN:322,initialize
FN:361,deposit
FN:421,withdraw
FN:443,withdrawAll
FN:463,totalValue
FN:476,asset
FN:483,isActive
FN:495,shouldRollover
FN:502,timeToExpiry
FN:511,rollToNewMarket
FN:539,triggerRollover
FN:569,_shouldRollover
FN:577,_selectNewMarket
FN:594,_depositToCurrentMarket
FN:630,_redeemPt
FN:673,_ptToUsdc
FN:699,_usdcToPt
FN:717,_emptyLimitOrder
FN:735,setSlippage
FN:745,setRolloverThreshold
FN:753,setMarketSelector
FN:761,setActive
FN:768,emergencyWithdraw
FN:785,pause
FN:792,unpause
FN:799,recoverToken
FN:810,_authorizeUpgrade
FNF:28
FNH:0
FNDA:0,constructor
FNDA:0,initialize
FNDA:0,deposit
FNDA:0,withdraw
FNDA:0,withdrawAll
FNDA:0,totalValue
FNDA:0,asset
FNDA:0,isActive
FNDA:0,shouldRollover
FNDA:0,timeToExpiry
FNDA:0,rollToNewMarket
FNDA:0,triggerRollover
FNDA:0,_shouldRollover
FNDA:0,_selectNewMarket
FNDA:0,_depositToCurrentMarket
FNDA:0,_redeemPt
FNDA:0,_ptToUsdc
FNDA:0,_usdcToPt
FNDA:0,_emptyLimitOrder
FNDA:0,setSlippage
FNDA:0,setRolloverThreshold
FNDA:0,setMarketSelector
FNDA:0,setActive
FNDA:0,emergencyWithdraw
FNDA:0,pause
FNDA:0,unpause
FNDA:0,recoverToken
FNDA:0,_authorizeUpgrade
DA:305,0
DA:323,0
DA:324,0
DA:327,0
DA:328,0
DA:329,0
DA:330,0
DA:332,0
DA:333,0
DA:334,0
DA:337,0
DA:338,0
DA:339,0
DA:342,0
DA:343,0
DA:344,0
DA:345,0
DA:348,0
DA:362,0
DA:363,0
DA:366,0
DA:367,0
DA:371,0
DA:374,0
DA:376,0
DA:384,0
DA:397,0
DA:399,0
DA:408,0
DA:410,0
DA:411,0
DA:413,0
DA:422,0
DA:423,0
DA:426,0
DA:427,0
DA:428,0
DA:431,0
DA:434,0
DA:436,0
DA:444,0
DA:446,0
DA:447,0
DA:450,0
DA:451,0
DA:452,0
DA:453,0
DA:456,0
DA:464,0
DA:465,0
DA:469,0
DA:470,0
DA:477,0
DA:484,0
DA:496,0
DA:503,0
DA:504,0
DA:512,0
DA:513,0
DA:516,0
DA:517,0
DA:520,0
DA:521,0
DA:525,0
DA:528,0
DA:529,0
DA:532,0
DA:540,0
DA:542,0
DA:543,0
DA:544,0
DA:547,0
DA:549,0
DA:550,0
DA:552,0
DA:553,0
DA:556,0
DA:558,0
DA:559,0
DA:562,0
DA:570,0
DA:571,0
DA:572,0
DA:573,0
DA:574,0
DA:578,0
DA:581,0
DA:582,0
DA:583,0
DA:584,0
DA:587,0
DA:588,0
DA:591,0
DA:595,0
DA:597,0
DA:605,0
DA:618,0
DA:627,0
DA:631,0
DA:633,0
DA:634,0
DA:636,0
DA:638,0
DA:651,0
DA:653,0
DA:661,0
DA:670,0
DA:674,0
DA:676,0
DA:681,0
DA:682,0
DA:688,0
DA:689,0
DA:693,0
DA:694,0
DA:696,0
DA:700,0
DA:701,0
DA:704,0
DA:705,0
DA:706,0
DA:707,0
DA:710,0
DA:711,0
DA:714,0
DA:718,0
DA:736,0
DA:737,0
DA:738,0
DA:746,0
DA:747,0
DA:754,0
DA:755,0
DA:762,0
DA:769,0
DA:771,0
DA:772,0
DA:773,0
DA:776,0
DA:777,0
DA:786,0
DA:793,0
DA:800,0
DA:801,0
DA:802,0
DA:803,0
LF:146
LH:0
BRDA:322,1,0,0
BRDA:322,1,1,0
BRDA:323,2,0,0
BRDA:323,2,1,0
BRDA:323,3,0,0
BRDA:323,3,1,0
BRDA:323,4,0,0
BRDA:323,4,1,0
BRDA:361,5,0,0
BRDA:361,5,1,0
BRDA:361,6,0,0
BRDA:361,6,1,0
BRDA:361,7,0,0
BRDA:361,7,1,0
BRDA:362,8,0,0
BRDA:362,8,1,0
BRDA:363,9,0,0
BRDA:363,9,1,0
BRDA:366,10,0,0
BRDA:366,10,1,0
BRDA:366,11,0,0
BRDA:366,11,1,0
BRDA:408,12,0,0
BRDA:408,12,1,0
BRDA:421,13,0,0
BRDA:421,13,1,0
BRDA:421,14,0,0
BRDA:421,14,1,0
BRDA:422,15,0,0
BRDA:422,15,1,0
BRDA:423,16,0,0
BRDA:423,16,1,0
BRDA:427,17,0,0
BRDA:427,17,1,0
BRDA:443,18,0,0
BRDA:443,18,1,0
BRDA:443,19,0,0
BRDA:443,19,1,0
BRDA:444,20,0,0
BRDA:444,20,1,0
BRDA:451,21,0,0
BRDA:451,21,1,0
BRDA:464,22,0,0
BRDA:464,22,1,0
BRDA:464,23,0,0
BRDA:464,23,1,0
BRDA:503,24,0,0
BRDA:503,24,1,0
BRDA:503,25,0,0
BRDA:503,25,1,0
BRDA:511,26,0,0
BRDA:511,26,1,0
BRDA:511,27,0,0
BRDA:511,27,1,0
BRDA:512,28,0,0
BRDA:512,28,1,0
BRDA:520,29,0,0
BRDA:520,29,1,0
BRDA:528,30,0,0
BRDA:528,30,1,0
BRDA:539,31,0,0
BRDA:539,31,1,0
BRDA:540,32,0,0
BRDA:540,32,1,0
BRDA:543,33,0,0
BRDA:543,33,1,0
BRDA:552,34,0,0
BRDA:552,34,1,0
BRDA:558,35,0,0
BRDA:558,35,1,0
BRDA:570,36,0,0
BRDA:570,36,1,0
BRDA:571,37,0,0
BRDA:571,37,1,0
BRDA:572,38,0,0
BRDA:572,38,1,0
BRDA:573,39,0,0
BRDA:573,39,1,0
BRDA:631,40,0,0
BRDA:631,40,1,0
BRDA:651,41,0,0
BRDA:651,41,1,0
BRDA:674,42,0,0
BRDA:674,42,1,0
BRDA:674,43,0,0
BRDA:674,43,1,0
BRDA:688,44,0,0
BRDA:688,44,1,0
BRDA:700,45,0,0
BRDA:700,45,1,0
BRDA:700,46,0,0
BRDA:700,46,1,0
BRDA:706,47,0,0
BRDA:706,47,1,0
BRDA:735,48,0,0
BRDA:735,48,1,0
BRDA:736,49,0,0
BRDA:736,49,1,0
BRDA:745,50,0,0
BRDA:745,50,1,0
BRDA:753,51,0,0
BRDA:753,51,1,0
BRDA:754,52,0,0
BRDA:754,52,1,0
BRDA:761,53,0,0
BRDA:761,53,1,0
BRDA:768,54,0,0
BRDA:768,54,1,0
BRDA:772,55,0,0
BRDA:772,55,1,0
BRDA:785,56,0,0
BRDA:785,56,1,0
BRDA:792,57,0,0
BRDA:792,57,1,0
BRDA:799,58,0,0
BRDA:799,58,1,0
BRDA:800,59,0,0
BRDA:800,59,1,0
BRDA:801,60,0,0
BRDA:801,60,1,0
BRDA:810,61,0,0
BRDA:810,61,1,0
BRF:122
BRH:0
end_of_record
TN:
SF:/Users/luiscuello/Minted-mUSD-Canton/contracts/Treasury.sol
FN:65,constructor
FN:83,totalBacking
FN:88,availableReserves
FN:93,deployableAmount
FN:113,deposit
FN:126,depositFromBridge
FN:138,withdraw
FN:165,deployToStrategy
FN:189,recordStrategyReturn
FN:205,setMaxDeploymentBps
FN:226,setAutoDeployConfig
FN:244,_tryAutoDeploy
FN:257,_deployToDefaultStrategy
FN:295,_withdrawFromDefaultStrategy
FN:317,keeperTriggerAutoDeploy
FN:331,shouldAutoDeploy
FN:344,pause
FN:350,unpause
FNF:18
FNH:5
FNDA:1,constructor
FNDA:0,totalBacking
FNDA:6,availableReserves
FNDA:0,deployableAmount
FNDA:9,deposit
FNDA:0,depositFromBridge
FNDA:2,withdraw
FNDA:0,deployToStrategy
FNDA:0,recordStrategyReturn
FNDA:0,setMaxDeploymentBps
FNDA:0,setAutoDeployConfig
FNDA:9,_tryAutoDeploy
FNDA:0,_deployToDefaultStrategy
FNDA:0,_withdrawFromDefaultStrategy
FNDA:0,keeperTriggerAutoDeploy
FNDA:0,shouldAutoDeploy
FNDA:0,pause
FNDA:0,unpause
DA:66,1
DA:67,1
DA:69,1
DA:70,1
DA:73,1
DA:74,1
DA:75,1
DA:77,1
DA:78,1
DA:79,1
DA:84,0
DA:89,6
DA:94,0
DA:96,0
DA:98,0
DA:99,0
DA:101,0
DA:102,0
DA:114,9
DA:115,9
DA:116,9
DA:119,9
DA:127,0
DA:128,0
DA:130,0
DA:131,0
DA:139,2
DA:142,2
DA:143,2
DA:144,0
DA:145,0
DA:148,2
DA:149,2
DA:150,2
DA:166,0
DA:167,0
DA:169,0
DA:172,0
DA:173,0
DA:174,0
DA:175,0
DA:180,0
DA:181,0
DA:183,0
DA:184,0
DA:190,0
DA:192,0
DA:193,0
DA:195,0
DA:196,0
DA:200,0
DA:201,0
DA:206,0
DA:207,0
DA:208,0
DA:209,0
DA:227,0
DA:230,0
DA:231,0
DA:234,0
DA:235,0
DA:236,0
DA:237,0
DA:239,0
DA:245,9
DA:246,9
DA:248,0
DA:249,0
DA:252,0
DA:258,0
DA:261,0
DA:264,0
DA:266,0
DA:268,0
DA:269,0
DA:271,0
DA:272,0
DA:273,0
DA:277,0
DA:280,0
DA:283,0
DA:284,0
DA:285,0
DA:286,0
DA:287,0
DA:289,0
DA:290,0
DA:296,0
DA:298,0
DA:300,0
DA:302,0
DA:304,0
DA:305,0
DA:306,0
DA:307,0
DA:308,0
DA:309,0
DA:311,0
DA:318,0
DA:319,0
DA:321,0
DA:322,0
DA:324,0
DA:325,0
DA:327,0
DA:332,0
DA:333,0
DA:335,0
DA:336,0
DA:345,0
DA:351,0
LF:111
LH:23
BRDA:66,1,0,1
BRDA:66,1,1,0
BRDA:67,2,0,1
BRDA:67,2,1,0
BRDA:96,3,0,0
BRDA:96,3,1,0
BRDA:101,4,0,0
BRDA:101,4,1,0
BRDA:113,5,0,9
BRDA:113,5,1,0
BRDA:113,6,0,9
BRDA:113,6,1,0
BRDA:113,7,0,9
BRDA:113,7,1,0
BRDA:114,8,0,9
BRDA:114,8,1,0
BRDA:126,9,0,0
BRDA:126,9,1,0
BRDA:126,10,0,0
BRDA:126,10,1,0
BRDA:126,11,0,0
BRDA:126,11,1,0
BRDA:127,12,0,0
BRDA:127,12,1,0
BRDA:138,13,0,2
BRDA:138,13,1,0
BRDA:138,14,0,2
BRDA:138,14,1,0
BRDA:138,15,0,2
BRDA:138,15,1,0
BRDA:139,16,0,2
BRDA:139,16,1,0
BRDA:143,17,0,0
BRDA:143,17,1,2
BRDA:148,18,0,2
BRDA:148,18,1,0
BRDA:165,19,0,0
BRDA:165,19,1,0
BRDA:165,20,0,0
BRDA:165,20,1,0
BRDA:166,21,0,0
BRDA:166,21,1,0
BRDA:167,22,0,0
BRDA:167,22,1,0
BRDA:169,23,0,0
BRDA:169,23,1,0
BRDA:173,24,0,0
BRDA:173,24,1,0
BRDA:175,25,0,0
BRDA:175,25,1,0
BRDA:189,26,0,0
BRDA:189,26,1,0
BRDA:189,27,0,0
BRDA:189,27,1,0
BRDA:190,28,0,0
BRDA:190,28,1,0
BRDA:193,29,0,0
BRDA:193,29,1,0
BRDA:205,30,0,0
BRDA:205,30,1,0
BRDA:206,31,0,0
BRDA:206,31,1,0
BRDA:226,32,0,0
BRDA:226,32,1,0
BRDA:227,33,0,0
BRDA:227,33,1,0
BRDA:230,34,0,0
BRDA:230,34,1,0
BRDA:231,35,0,0
BRDA:231,35,1,0
BRDA:245,36,0,0
BRDA:245,36,1,9
BRDA:246,37,0,9
BRDA:246,37,1,0
BRDA:249,38,0,0
BRDA:249,38,1,0
BRDA:258,39,0,0
BRDA:258,39,1,0
BRDA:258,40,0,0
BRDA:258,40,1,0
BRDA:261,41,0,0
BRDA:261,41,1,0
BRDA:266,42,0,0
BRDA:266,42,1,0
BRDA:269,43,0,0
BRDA:269,43,1,0
BRDA:272,44,0,0
BRDA:272,44,1,0
BRDA:277,45,0,0
BRDA:277,45,1,0
BRDA:296,46,0,0
BRDA:296,46,1,0
BRDA:300,47,0,0
BRDA:300,47,1,0
BRDA:302,48,0,0
BRDA:302,48,1,0
BRDA:306,49,0,0
BRDA:306,49,1,0
BRDA:317,50,0,0
BRDA:317,50,1,0
BRDA:317,51,0,0
BRDA:317,51,1,0
BRDA:318,52,0,0
BRDA:318,52,1,0
BRDA:319,53,0,0
BRDA:319,53,1,0
BRDA:322,54,0,0
BRDA:322,54,1,0
BRDA:324,55,0,0
BRDA:324,55,1,0
BRDA:332,56,0,0
BRDA:332,56,1,0
BRDA:333,57,0,0
BRDA:333,57,1,0
BRDA:344,58,0,0
BRDA:344,58,1,0
BRDA:350,59,0,0
BRDA:350,59,1,0
BRF:118
BRH:14
end_of_record
TN:
SF:/Users/luiscuello/Minted-mUSD-Canton/contracts/TreasuryReceiver.sol
FN:123,constructor
FN:155,receiveAndMint
FN:204,isVAAProcessed
FN:216,authorizeRouter
FN:226,revokeRouter
FN:236,setDirectMint
FN:248,setTreasury
FN:262,emergencyWithdraw
FN:270,pause
FN:276,unpause
FNF:10
FNH:0
FNDA:0,constructor
FNDA:0,receiveAndMint
FNDA:0,isVAAProcessed
FNDA:0,authorizeRouter
FNDA:0,revokeRouter
FNDA:0,setDirectMint
FNDA:0,setTreasury
FNDA:0,emergencyWithdraw
FNDA:0,pause
FNDA:0,unpause
DA:130,0
DA:131,0
DA:132,0
DA:133,0
DA:134,0
DA:136,0
DA:137,0
DA:138,0
DA:139,0
DA:140,0
DA:143,0
DA:144,0
DA:145,0
DA:157,0
DA:158,0
DA:161,0
DA:162,0
DA:165,0
DA:166,0
DA:167,0
DA:171,0
DA:172,0
DA:173,0
DA:176,0
DA:180,0
DA:181,0
DA:182,0
DA:185,0
DA:186,0
DA:187,0
DA:190,0
DA:205,0
DA:217,0
DA:218,0
DA:227,0
DA:228,0
DA:237,0
DA:238,0
DA:239,0
DA:240,0
DA:249,0
DA:250,0
DA:251,0
DA:252,0
DA:263,0
DA:264,0
DA:271,0
DA:277,0
LF:48
LH:0
BRDA:130,1,0,0
BRDA:130,1,1,0
BRDA:131,2,0,0
BRDA:131,2,1,0
BRDA:132,3,0,0
BRDA:132,3,1,0
BRDA:133,4,0,0
BRDA:133,4,1,0
BRDA:134,5,0,0
BRDA:134,5,1,0
BRDA:155,6,0,0
BRDA:155,6,1,0
BRDA:155,7,0,0
BRDA:155,7,1,0
BRDA:158,8,0,0
BRDA:158,8,1,0
BRDA:161,9,0,0
BRDA:161,9,1,0
BRDA:166,10,0,0
BRDA:166,10,1,0
BRDA:166,11,0,0
BRDA:166,11,1,0
BRDA:216,12,0,0
BRDA:216,12,1,0
BRDA:226,13,0,0
BRDA:226,13,1,0
BRDA:236,14,0,0
BRDA:236,14,1,0
BRDA:237,15,0,0
BRDA:237,15,1,0
BRDA:248,16,0,0
BRDA:248,16,1,0
BRDA:249,17,0,0
BRDA:249,17,1,0
BRDA:262,18,0,0
BRDA:262,18,1,0
BRDA:263,19,0,0
BRDA:263,19,1,0
BRDA:270,20,0,0
BRDA:270,20,1,0
BRDA:276,21,0,0
BRDA:276,21,1,0
BRF:42
BRH:0
end_of_record
TN:
SF:/Users/luiscuello/Minted-mUSD-Canton/contracts/TreasuryV2.sol
FN:149,constructor
FN:165,initialize
FN:209,totalValue
FN:225,totalValueNet
FN:234,reserveBalance
FN:241,targetReserve
FN:248,strategyCount
FN:255,getAllStrategies
FN:262,getCurrentAllocations
FN:289,_calculatePendingFees
FN:302,pendingFees
FN:319,depositFromVault
FN:354,withdrawToVault
FN:398,totalBacking
FN:406,availableReserves
FN:415,deposit
FN:440,withdraw
FN:468,_autoAllocate
FN:537,_withdrawFromStrategies
FN:598,_accrueFees
FN:622,accrueFees
FN:629,claimFees
FN:672,addStrategy
FN:709,removeStrategy
FN:746,updateStrategy
FN:775,rebalance
FN:836,emergencyWithdrawAll
FN:852,pause
FN:856,unpause
FN:870,setFeeConfig
FN:883,setReserveBps
FN:891,setMinAutoAllocate
FN:898,setVault
FN:909,recoverToken
FN:917,_authorizeUpgrade
FNF:35
FNH:30
FNDA:1,constructor
FNDA:56,initialize
FNDA:36,totalValue
FNDA:1,totalValueNet
FNDA:51,reserveBalance
FNDA:0,targetReserve
FNDA:2,strategyCount
FNDA:1,getAllStrategies
FNDA:1,getCurrentAllocations
FNDA:2,_calculatePendingFees
FNDA:1,pendingFees
FNDA:2,depositFromVault
FNDA:1,withdrawToVault
FNDA:0,totalBacking
FNDA:0,availableReserves
FNDA:21,deposit
FNDA:5,withdraw
FNDA:21,_autoAllocate
FNDA:3,_withdrawFromStrategies
FNDA:33,_accrueFees
FNDA:1,accrueFees
FNDA:1,claimFees
FNDA:53,addStrategy
FNDA:1,removeStrategy
FNDA:1,updateStrategy
FNDA:1,rebalance
FNDA:1,emergencyWithdrawAll
FNDA:1,pause
FNDA:1,unpause
FNDA:2,setFeeConfig
FNDA:2,setReserveBps
FNDA:1,setMinAutoAllocate
FNDA:1,setVault
FNDA:0,recoverToken
FNDA:0,_authorizeUpgrade
DA:150,1
DA:166,56
DA:167,1
DA:170,55
DA:171,55
DA:172,55
DA:173,55
DA:175,55
DA:176,55
DA:179,55
DA:186,55
DA:189,55
DA:192,55
DA:193,55
DA:194,55
DA:195,55
DA:196,55
DA:198,55
DA:210,36
DA:212,36
DA:213,49
DA:215,49
DA:219,36
DA:226,1
DA:227,1
DA:228,1
DA:235,51
DA:242,0
DA:249,2
DA:256,1
DA:267,1
DA:268,1
DA:270,1
DA:271,1
DA:272,1
DA:274,1
DA:275,2
DA:276,2
DA:278,2
DA:280,2
DA:281,2
DA:290,2
DA:291,2
DA:293,2
DA:294,2
DA:296,2
DA:303,1
DA:322,2
DA:325,2
DA:328,2
DA:331,2
DA:332,2
DA:335,0
DA:339,2
DA:341,2
DA:342,2
DA:357,1
DA:360,1
DA:363,1
DA:365,1
DA:367,0
DA:368,0
DA:371,1
DA:372,1
DA:374,1
DA:375,1
DA:379,1
DA:380,0
DA:383,1
DA:386,1
DA:387,1
DA:399,0
DA:407,0
DA:416,21
DA:418,21
DA:420,21
DA:423,21
DA:424,19
DA:429,21
DA:431,21
DA:432,21
DA:441,5
DA:443,5
DA:445,5
DA:446,5
DA:447,2
DA:448,2
DA:451,5
DA:452,5
DA:454,4
DA:456,4
DA:469,21
DA:472,21
DA:473,21
DA:476,21
DA:477,21
DA:478,26
DA:479,26
DA:483,21
DA:488,14
DA:489,14
DA:492,14
DA:493,26
DA:494,26
DA:498,14
DA:499,26
DA:502,26
DA:503,26
DA:505,14
DA:507,12
DA:510,26
DA:511,26
DA:514,26
DA:515,26
DA:518,26
DA:519,25
DA:521,25
DA:524,1
DA:525,1
DA:526,1
DA:531,14
DA:538,3
DA:541,3
DA:542,3
DA:543,3
DA:544,6
DA:546,6
DA:547,6
DA:551,3
DA:555,3
DA:556,6
DA:558,6
DA:560,6
DA:562,6
DA:565,6
DA:566,6
DA:567,3
DA:569,3
DA:571,6
DA:572,6
DA:574,6
DA:576,6
DA:577,6
DA:578,6
DA:581,0
DA:586,3
DA:600,33
DA:601,32
DA:604,1
DA:606,1
DA:607,1
DA:608,1
DA:610,1
DA:612,1
DA:615,1
DA:616,1
DA:623,1
DA:630,1
DA:632,1
DA:634,1
DA:640,1
DA:641,1
DA:642,0
DA:645,1
DA:646,1
DA:649,1
DA:651,1
DA:654,1
DA:656,1
DA:673,53
DA:674,53
DA:675,52
DA:676,51
DA:679,51
DA:680,51
DA:681,67
DA:682,67
DA:685,51
DA:687,50
DA:696,50
DA:697,50
DA:702,50
DA:710,1
DA:712,1
DA:715,1
DA:716,1
DA:717,1
DA:718,1
DA:719,1
DA:720,1
DA:725,1
DA:726,1
DA:727,1
DA:729,1
DA:732,1
DA:734,1
DA:747,1
DA:749,1
DA:752,1
DA:753,1
DA:754,1
DA:755,0
DA:758,1
DA:760,1
DA:761,1
DA:762,1
DA:763,1
DA:765,1
DA:776,1
DA:778,1
DA:780,1
DA:783,1
DA:784,2
DA:786,2
DA:788,2
DA:789,2
DA:791,2
DA:792,1
DA:794,1
DA:799,1
DA:800,1
DA:801,1
DA:803,1
DA:804,2
DA:806,2
DA:808,2
DA:809,2
DA:811,2
DA:812,1
DA:813,1
DA:815,1
DA:817,1
DA:818,1
DA:823,1
DA:824,1
DA:837,1
DA:838,2
DA:839,2
DA:841,2
DA:844,0
DA:849,1
DA:853,1
DA:857,1
DA:871,2
DA:872,1
DA:874,1
DA:876,1
DA:877,1
DA:884,2
DA:885,1
DA:892,1
DA:899,1
DA:901,1
DA:902,1
DA:903,1
DA:910,0
DA:911,0
LF:257
LH:244
BRDA:165,1,0,56
BRDA:165,1,1,0
BRDA:166,2,0,1
BRDA:166,2,1,55
BRDA:166,3,0,1
BRDA:166,3,1,0
BRDA:166,4,0,0
BRDA:166,4,1,0
BRDA:213,5,0,49
BRDA:213,5,1,0
BRDA:228,6,0,1
BRDA:228,6,1,0
BRDA:278,7,0,2
BRDA:278,7,1,0
BRDA:291,8,0,0
BRDA:291,8,1,2
BRDA:317,9,0,3
BRDA:317,9,1,0
BRDA:318,10,0,3
BRDA:318,10,1,0
BRDA:319,11,0,2
BRDA:319,11,1,1
BRDA:322,12,0,0
BRDA:322,12,1,2
BRDA:331,13,0,2
BRDA:331,13,1,0
BRDA:352,14,0,1
BRDA:352,14,1,0
BRDA:353,15,0,1
BRDA:353,15,1,0
BRDA:354,16,0,1
BRDA:354,16,1,0
BRDA:357,17,0,0
BRDA:357,17,1,1
BRDA:365,18,0,0
BRDA:365,18,1,1
BRDA:375,19,0,0
BRDA:375,19,1,1
BRDA:379,20,0,0
BRDA:379,20,1,1
BRDA:415,21,0,22
BRDA:415,21,1,0
BRDA:415,22,0,21
BRDA:415,22,1,1
BRDA:415,23,0,21
BRDA:415,23,1,0
BRDA:416,24,0,0
BRDA:416,24,1,21
BRDA:423,25,0,19
BRDA:423,25,1,2
BRDA:440,26,0,5
BRDA:440,26,1,0
BRDA:440,27,0,5
BRDA:440,27,1,0
BRDA:440,28,0,5
BRDA:440,28,1,0
BRDA:441,29,0,0
BRDA:441,29,1,5
BRDA:446,30,0,2
BRDA:446,30,1,3
BRDA:452,31,0,4
BRDA:452,31,1,1
BRDA:478,32,0,26
BRDA:478,32,1,0
BRDA:483,33,0,7
BRDA:483,33,1,14
BRDA:493,34,0,26
BRDA:493,34,1,0
BRDA:499,35,0,0
BRDA:499,35,1,26
BRDA:499,36,0,0
BRDA:499,36,1,0
BRDA:503,37,0,14
BRDA:503,37,1,12
BRDA:510,38,0,26
BRDA:510,38,1,0
BRDA:544,39,0,6
BRDA:544,39,1,0
BRDA:551,40,0,0
BRDA:551,40,1,3
BRDA:556,41,0,0
BRDA:556,41,1,6
BRDA:562,42,0,0
BRDA:562,42,1,6
BRDA:566,43,0,3
BRDA:566,43,1,3
BRDA:571,44,0,0
BRDA:571,44,1,6
BRDA:572,45,0,2
BRDA:572,45,1,4
BRDA:574,46,0,6
BRDA:574,46,1,0
BRDA:578,47,0,4
BRDA:578,47,1,2
BRDA:600,48,0,32
BRDA:600,48,1,1
BRDA:606,49,0,1
BRDA:606,49,1,0
BRDA:622,50,0,1
BRDA:622,50,1,0
BRDA:629,51,0,1
BRDA:629,51,1,0
BRDA:629,52,0,1
BRDA:629,52,1,0
BRDA:634,53,0,0
BRDA:634,53,1,1
BRDA:641,54,0,0
BRDA:641,54,1,1
BRDA:646,55,0,0
BRDA:646,55,1,1
BRDA:672,56,0,53
BRDA:672,56,1,0
BRDA:673,57,0,0
BRDA:673,57,1,53
BRDA:674,58,0,1
BRDA:674,58,1,52
BRDA:675,59,0,1
BRDA:675,59,1,51
BRDA:676,60,0,0
BRDA:676,60,1,51
BRDA:676,61,0,0
BRDA:676,61,1,0
BRDA:681,62,0,67
BRDA:681,62,1,0
BRDA:685,63,0,1
BRDA:685,63,1,50
BRDA:709,64,0,1
BRDA:709,64,1,0
BRDA:710,65,0,0
BRDA:710,65,1,1
BRDA:715,66,0,1
BRDA:715,66,1,0
BRDA:717,67,0,1
BRDA:717,67,1,0
BRDA:719,68,0,1
BRDA:719,68,1,0
BRDA:746,69,0,1
BRDA:746,69,1,0
BRDA:747,70,0,0
BRDA:747,70,1,1
BRDA:754,71,0,0
BRDA:754,71,1,1
BRDA:758,72,0,0
BRDA:758,72,1,1
BRDA:775,73,0,1
BRDA:775,73,1,0
BRDA:775,74,0,1
BRDA:775,74,1,0
BRDA:780,75,0,0
BRDA:780,75,1,1
BRDA:784,76,0,0
BRDA:784,76,1,2
BRDA:791,77,0,1
BRDA:791,77,1,1
BRDA:801,78,0,1
BRDA:801,78,1,0
BRDA:804,79,0,0
BRDA:804,79,1,2
BRDA:811,80,0,1
BRDA:811,80,1,1
BRDA:813,81,0,0
BRDA:813,81,1,1
BRDA:836,82,0,1
BRDA:836,82,1,0
BRDA:838,83,0,2
BRDA:838,83,1,0
BRDA:852,84,0,1
BRDA:852,84,1,0
BRDA:856,85,0,1
BRDA:856,85,1,0
BRDA:870,86,0,2
BRDA:870,86,1,0
BRDA:871,87,0,1
BRDA:871,87,1,1
BRDA:872,88,0,1
BRDA:872,88,1,0
BRDA:883,89,0,2
BRDA:883,89,1,0
BRDA:884,90,0,1
BRDA:884,90,1,1
BRDA:891,91,0,1
BRDA:891,91,1,0
BRDA:898,92,0,1
BRDA:898,92,1,0
BRDA:899,93,0,0
BRDA:899,93,1,1
BRDA:909,94,0,0
BRDA:909,94,1,0
BRDA:910,95,0,0
BRDA:910,95,1,0
BRDA:917,96,0,0
BRDA:917,96,1,0
BRF:192
BRH:109
end_of_record
