TN:
SF:/Users/luiscuello/Minted-mUSD-Canton/contracts/BLEBridgeV8.sol
FN:85,constructor
FN:89,initialize
FN:116,setMUSDToken
FN:123,setMinSignatures
FN:128,setDailyMintLimit
FN:141,setNavOracle
FN:158,pause
FN:164,unpause
FN:175,forceUpdateNonce
FN:190,invalidateAttestationId
FN:206,executeAttestation
FN:273,_verifyNavOracle
FN:307,_handleRateLimitMint
FN:317,_handleRateLimitBurn
FN:323,_resetDailyLimitsIfNeeded
FN:336,getNetDailyMinted
FN:343,getRemainingDailyLimit
FN:352,checkNavDeviation
FN:388,_authorizeUpgrade
FNF:19
FNH:12
FNDA:1,constructor
FNDA:27,initialize
FNDA:0,setMUSDToken
FNDA:0,setMinSignatures
FNDA:0,setDailyMintLimit
FNDA:4,setNavOracle
FNDA:1,pause
FNDA:1,unpause
FNDA:6,forceUpdateNonce
FNDA:1,invalidateAttestationId
FNDA:23,executeAttestation
FNDA:3,_verifyNavOracle
FNDA:15,_handleRateLimitMint
FNDA:2,_handleRateLimitBurn
FNDA:17,_resetDailyLimitsIfNeeded
FNDA:0,getNetDailyMinted
FNDA:0,getRemainingDailyLimit
FNDA:0,checkNavDeviation
FNDA:0,_authorizeUpgrade
DA:86,1
DA:90,27
DA:91,27
DA:92,27
DA:93,27
DA:95,27
DA:96,27
DA:97,27
DA:99,27
DA:100,27
DA:102,27
DA:103,27
DA:104,27
DA:105,27
DA:108,27
DA:109,27
DA:117,0
DA:118,0
DA:119,0
DA:120,0
DA:124,0
DA:125,0
DA:129,0
DA:130,0
DA:143,4
DA:144,4
DA:145,4
DA:147,4
DA:148,4
DA:149,4
DA:150,4
DA:159,1
DA:165,1
DA:176,6
DA:177,5
DA:179,3
DA:180,3
DA:182,3
DA:191,1
DA:192,1
DA:194,1
DA:196,1
DA:207,23
DA:208,22
DA:209,21
DA:210,21
DA:213,21
DA:215,20
DA:216,18
DA:219,17
DA:220,3
DA:223,15
DA:225,2
DA:229,16
DA:240,16
DA:243,16
DA:244,16
DA:245,48
DA:246,48
DA:247,48
DA:248,48
DA:253,16
DA:254,16
DA:255,16
DA:258,16
DA:259,14
DA:261,2
DA:264,14
DA:274,3
DA:282,3
DA:283,2
DA:285,2
DA:286,2
DA:287,2
DA:290,2
DA:293,2
DA:294,2
DA:295,0
DA:297,2
DA:300,2
DA:308,15
DA:311,15
DA:312,15
DA:314,14
DA:318,2
DA:319,2
DA:324,17
DA:325,0
DA:326,0
DA:327,0
DA:328,0
DA:337,0
DA:338,0
DA:340,0
DA:344,0
DA:345,0
DA:347,0
DA:348,0
DA:353,0
DA:354,0
DA:357,0
DA:364,0
DA:365,0
DA:368,0
DA:369,0
DA:370,0
DA:371,0
DA:373,0
DA:375,0
DA:376,0
DA:378,0
DA:381,0
LF:112
LH:78
BRDA:89,1,0,27
BRDA:89,1,1,0
BRDA:95,2,0,27
BRDA:95,2,1,0
BRDA:96,3,0,27
BRDA:96,3,1,0
BRDA:97,4,0,27
BRDA:97,4,1,0
BRDA:116,5,0,0
BRDA:116,5,1,0
BRDA:117,6,0,0
BRDA:117,6,1,0
BRDA:123,7,0,0
BRDA:123,7,1,0
BRDA:124,8,0,0
BRDA:124,8,1,0
BRDA:128,9,0,0
BRDA:128,9,1,0
BRDA:129,10,0,0
BRDA:129,10,1,0
BRDA:141,11,0,4
BRDA:141,11,1,0
BRDA:143,12,0,4
BRDA:143,12,1,0
BRDA:144,13,0,4
BRDA:144,13,1,0
BRDA:145,14,0,4
BRDA:145,14,1,0
BRDA:158,15,0,1
BRDA:158,15,1,1
BRDA:164,16,0,1
BRDA:164,16,1,0
BRDA:175,17,0,6
BRDA:175,17,1,1
BRDA:176,18,0,5
BRDA:176,18,1,1
BRDA:177,19,0,3
BRDA:177,19,1,2
BRDA:190,20,0,1
BRDA:190,20,1,0
BRDA:191,21,0,1
BRDA:191,21,1,0
BRDA:192,22,0,1
BRDA:192,22,1,0
BRDA:206,23,0,24
BRDA:206,23,1,0
BRDA:206,24,0,23
BRDA:206,24,1,1
BRDA:207,25,0,22
BRDA:207,25,1,1
BRDA:208,26,0,21
BRDA:208,26,1,1
BRDA:209,27,0,21
BRDA:209,27,1,0
BRDA:210,28,0,21
BRDA:210,28,1,0
BRDA:213,29,0,20
BRDA:213,29,1,1
BRDA:215,30,0,18
BRDA:215,30,1,2
BRDA:216,31,0,17
BRDA:216,31,1,1
BRDA:219,32,0,3
BRDA:219,32,1,14
BRDA:246,33,0,48
BRDA:246,33,1,0
BRDA:247,34,0,48
BRDA:247,34,1,0
BRDA:258,35,0,14
BRDA:258,35,1,2
BRDA:282,36,0,2
BRDA:282,36,1,1
BRDA:283,37,0,2
BRDA:283,37,1,0
BRDA:287,38,0,2
BRDA:287,38,1,0
BRDA:294,39,0,0
BRDA:294,39,1,2
BRDA:300,40,0,1
BRDA:300,40,1,1
BRDA:311,41,0,2
BRDA:311,41,1,13
BRDA:312,42,0,14
BRDA:312,42,1,1
BRDA:324,43,0,0
BRDA:324,43,1,17
BRDA:337,44,0,0
BRDA:337,44,1,0
BRDA:340,45,0,0
BRDA:340,45,1,0
BRDA:344,46,0,0
BRDA:344,46,1,0
BRDA:347,47,0,0
BRDA:347,47,1,0
BRDA:348,48,0,0
BRDA:348,48,1,0
BRDA:353,49,0,0
BRDA:353,49,1,0
BRDA:364,50,0,0
BRDA:364,50,1,0
BRDA:364,51,0,0
BRDA:364,51,1,0
BRDA:370,52,0,0
BRDA:370,52,1,0
BRDA:375,53,0,0
BRDA:375,53,1,0
BRDA:388,54,0,0
BRDA:388,54,1,0
BRF:108
BRH:53
end_of_record
TN:
SF:/Users/luiscuello/Minted-mUSD-Canton/contracts/BLEBridgeV9.sol
FN:97,constructor
FN:106,initialize
FN:131,setMUSDToken
FN:138,setMinSignatures
FN:144,setDailyCapIncreaseLimit
FN:152,setCollateralRatio
FN:176,pause
FN:181,unpause
FN:186,emergencyReduceCap
FN:197,forceUpdateNonce
FN:206,invalidateAttestationId
FN:223,processAttestation
FN:272,_updateSupplyCap
FN:305,_handleRateLimitCapIncrease
FN:327,_handleRateLimitCapDecrease
FN:334,_resetDailyLimitsIfNeeded
FN:348,getCurrentSupplyCap
FN:353,getRemainingMintable
FN:360,calculateSupplyCap
FN:365,getNetDailyCapIncrease
FN:375,getRemainingDailyCapLimit
FN:386,getHealthRatio
FN:396,_authorizeUpgrade
FNF:23
FNH:14
FNDA:1,constructor
FNDA:26,initialize
FNDA:0,setMUSDToken
FNDA:1,setMinSignatures
FNDA:1,setDailyCapIncreaseLimit
FNDA:4,setCollateralRatio
FNDA:3,pause
FNDA:1,unpause
FNDA:2,emergencyReduceCap
FNDA:0,forceUpdateNonce
FNDA:1,invalidateAttestationId
FNDA:16,processAttestation
FNDA:9,_updateSupplyCap
FNDA:2,_handleRateLimitCapIncrease
FNDA:7,_handleRateLimitCapDecrease
FNDA:9,_resetDailyLimitsIfNeeded
FNDA:0,getCurrentSupplyCap
FNDA:0,getRemainingMintable
FNDA:0,calculateSupplyCap
FNDA:0,getNetDailyCapIncrease
FNDA:0,getRemainingDailyCapLimit
FNDA:0,getHealthRatio
FNDA:0,_authorizeUpgrade
DA:98,1
DA:107,26
DA:108,26
DA:109,26
DA:110,26
DA:112,26
DA:113,25
DA:114,24
DA:115,23
DA:117,23
DA:118,23
DA:120,23
DA:121,23
DA:122,23
DA:123,23
DA:124,23
DA:132,0
DA:133,0
DA:134,0
DA:139,1
DA:140,1
DA:141,1
DA:145,1
DA:146,1
DA:147,1
DA:154,4
DA:155,3
DA:157,3
DA:158,3
DA:159,3
DA:161,2
DA:162,2
DA:165,2
DA:166,0
DA:169,2
DA:177,3
DA:182,1
DA:187,2
DA:188,2
DA:189,2
DA:190,1
DA:192,1
DA:193,1
DA:198,0
DA:199,0
DA:200,0
DA:201,0
DA:207,1
DA:208,1
DA:209,1
DA:210,1
DA:224,16
DA:225,15
DA:226,14
DA:227,12
DA:228,12
DA:229,11
DA:231,10
DA:234,10
DA:243,10
DA:245,10
DA:246,10
DA:247,29
DA:248,29
DA:249,29
DA:250,28
DA:254,9
DA:255,9
DA:256,9
DA:257,9
DA:260,9
DA:262,9
DA:275,9
DA:277,9
DA:280,9
DA:281,9
DA:283,2
DA:284,2
DA:287,7
DA:293,9
DA:294,9
DA:306,2
DA:309,2
DA:313,2
DA:315,2
DA:316,2
DA:318,2
DA:320,2
DA:321,2
DA:328,7
DA:329,7
DA:335,9
DA:336,1
DA:337,1
DA:338,1
DA:339,1
DA:349,0
DA:354,0
DA:355,0
DA:356,0
DA:361,0
DA:366,0
DA:367,0
DA:369,0
DA:376,0
DA:377,0
DA:379,0
DA:382,0
DA:387,0
DA:388,0
DA:389,0
LF:111
LH:88
BRDA:106,1,0,26
BRDA:106,1,1,0
BRDA:112,2,0,25
BRDA:112,2,1,1
BRDA:113,3,0,24
BRDA:113,3,1,1
BRDA:114,4,0,23
BRDA:114,4,1,1
BRDA:115,5,0,23
BRDA:115,5,1,0
BRDA:131,6,0,0
BRDA:131,6,1,0
BRDA:132,7,0,0
BRDA:132,7,1,0
BRDA:138,8,0,1
BRDA:138,8,1,0
BRDA:139,9,0,1
BRDA:139,9,1,0
BRDA:144,10,0,1
BRDA:144,10,1,0
BRDA:145,11,0,1
BRDA:145,11,1,0
BRDA:152,12,0,4
BRDA:152,12,1,0
BRDA:154,13,0,3
BRDA:154,13,1,1
BRDA:155,14,0,3
BRDA:155,14,1,0
BRDA:158,15,0,3
BRDA:158,15,1,0
BRDA:159,16,0,2
BRDA:159,16,1,1
BRDA:165,17,0,0
BRDA:165,17,1,2
BRDA:176,18,0,3
BRDA:176,18,1,0
BRDA:181,19,0,1
BRDA:181,19,1,1
BRDA:186,20,0,2
BRDA:186,20,1,0
BRDA:187,21,0,2
BRDA:187,21,1,0
BRDA:189,22,0,1
BRDA:189,22,1,1
BRDA:190,23,0,1
BRDA:190,23,1,0
BRDA:197,24,0,0
BRDA:197,24,1,0
BRDA:198,25,0,0
BRDA:198,25,1,0
BRDA:199,26,0,0
BRDA:199,26,1,0
BRDA:206,27,0,1
BRDA:206,27,1,0
BRDA:207,28,0,1
BRDA:207,28,1,0
BRDA:208,29,0,1
BRDA:208,29,1,0
BRDA:223,30,0,17
BRDA:223,30,1,0
BRDA:223,31,0,16
BRDA:223,31,1,1
BRDA:224,32,0,15
BRDA:224,32,1,1
BRDA:225,33,0,14
BRDA:225,33,1,1
BRDA:226,34,0,12
BRDA:226,34,1,2
BRDA:227,35,0,12
BRDA:227,35,1,0
BRDA:228,36,0,11
BRDA:228,36,1,1
BRDA:229,37,0,10
BRDA:229,37,1,1
BRDA:231,38,0,10
BRDA:231,38,1,0
BRDA:248,39,0,29
BRDA:248,39,1,0
BRDA:249,40,0,28
BRDA:249,40,1,1
BRDA:280,41,0,9
BRDA:280,41,1,0
BRDA:281,42,0,2
BRDA:281,42,1,7
BRDA:310,43,0,0
BRDA:310,43,1,2
BRDA:313,44,0,2
BRDA:313,44,1,0
BRDA:316,45,0,2
BRDA:316,45,1,0
BRDA:320,46,0,2
BRDA:320,46,1,0
BRDA:335,47,0,1
BRDA:335,47,1,8
BRDA:356,48,0,0
BRDA:356,48,1,0
BRDA:366,49,0,0
BRDA:366,49,1,0
BRDA:370,50,0,0
BRDA:370,50,1,0
BRDA:376,51,0,0
BRDA:376,51,1,0
BRDA:380,52,0,0
BRDA:380,52,1,0
BRDA:382,53,0,0
BRDA:382,53,1,0
BRDA:388,54,0,0
BRDA:388,54,1,0
BRDA:396,55,0,0
BRDA:396,55,1,0
BRF:110
BRH:58
end_of_record
TN:
SF:/Users/luiscuello/Minted-mUSD-Canton/contracts/BorrowModule.sol
FN:73,constructor
FN:100,borrow
FN:127,borrowFor
FN:152,repay
FN:190,withdrawCollateral
FN:234,_accrueInterest
FN:262,_healthFactor
FN:273,_weightedCollateralValue
FN:292,_borrowCapacity
FN:315,reduceDebt
FN:338,totalDebt
FN:347,healthFactor
FN:358,maxBorrow
FN:365,borrowCapacity
FN:377,setInterestRate
FN:384,setMinDebt
FN:395,pause
FN:400,unpause
FNF:18
FNH:14
FNDA:17,constructor
FNDA:20,borrow
FNDA:3,borrowFor
FNDA:2,repay
FNDA:2,withdrawCollateral
FNDA:31,_accrueInterest
FNDA:0,_healthFactor
FNDA:11,_weightedCollateralValue
FNDA:29,_borrowCapacity
FNDA:4,reduceDebt
FNDA:86,totalDebt
FNDA:10,healthFactor
FNDA:7,maxBorrow
FNDA:0,borrowCapacity
FNDA:2,setInterestRate
FNDA:1,setMinDebt
FNDA:0,pause
FNDA:0,unpause
DA:80,17
DA:81,17
DA:82,17
DA:84,17
DA:85,17
DA:86,17
DA:87,17
DA:88,17
DA:90,17
DA:91,17
DA:101,20
DA:104,20
DA:106,20
DA:107,20
DA:108,20
DA:110,19
DA:114,19
DA:115,19
DA:116,19
DA:119,18
DA:121,18
DA:128,3
DA:129,3
DA:132,3
DA:134,3
DA:135,3
DA:136,3
DA:138,3
DA:140,3
DA:141,3
DA:142,3
DA:145,3
DA:147,3
DA:153,2
DA:155,2
DA:157,2
DA:158,2
DA:159,2
DA:162,2
DA:165,2
DA:166,2
DA:167,0
DA:171,2
DA:172,0
DA:175,2
DA:176,2
DA:177,2
DA:181,2
DA:183,2
DA:191,2
DA:193,2
DA:197,2
DA:199,2
DA:200,2
DA:203,2
DA:204,2
DA:205,2
DA:206,2
DA:208,2
DA:209,2
DA:213,2
DA:214,2
DA:215,2
DA:219,1
DA:221,1
DA:235,31
DA:236,31
DA:237,23
DA:238,23
DA:241,8
DA:242,8
DA:245,8
DA:247,8
DA:248,8
DA:250,8
DA:251,8
DA:263,0
DA:264,0
DA:266,0
DA:267,0
DA:269,0
DA:274,11
DA:275,11
DA:277,11
DA:278,11
DA:279,11
DA:281,11
DA:282,11
DA:284,11
DA:285,11
DA:288,11
DA:293,29
DA:294,29
DA:296,29
DA:297,29
DA:298,29
DA:300,29
DA:301,29
DA:303,29
DA:304,29
DA:307,29
DA:316,4
DA:318,4
DA:319,4
DA:320,4
DA:322,4
DA:323,0
DA:325,4
DA:326,4
DA:327,4
DA:330,4
DA:339,86
DA:340,86
DA:341,86
DA:342,86
DA:348,10
DA:349,10
DA:351,9
DA:352,9
DA:354,9
DA:359,7
DA:360,7
DA:361,7
DA:366,0
DA:378,2
DA:379,1
DA:380,1
DA:381,1
DA:385,1
DA:386,1
DA:387,1
DA:396,0
DA:401,0
LF:133
LH:122
BRDA:80,1,0,17
BRDA:80,1,1,0
BRDA:81,2,0,17
BRDA:81,2,1,0
BRDA:82,3,0,17
BRDA:82,3,1,0
BRDA:100,4,0,20
BRDA:100,4,1,0
BRDA:100,5,0,20
BRDA:100,5,1,0
BRDA:101,6,0,20
BRDA:101,6,1,0
BRDA:108,7,0,19
BRDA:108,7,1,1
BRDA:116,8,0,18
BRDA:116,8,1,1
BRDA:127,9,0,3
BRDA:127,9,1,0
BRDA:127,10,0,3
BRDA:127,10,1,0
BRDA:127,11,0,3
BRDA:127,11,1,0
BRDA:128,12,0,3
BRDA:128,12,1,0
BRDA:129,13,0,3
BRDA:129,13,1,0
BRDA:136,14,0,3
BRDA:136,14,1,0
BRDA:142,15,0,3
BRDA:142,15,1,0
BRDA:152,16,0,2
BRDA:152,16,1,0
BRDA:152,17,0,2
BRDA:152,17,1,0
BRDA:153,18,0,2
BRDA:153,18,1,0
BRDA:159,19,0,2
BRDA:159,19,1,0
BRDA:162,20,0,2
BRDA:162,20,1,0
BRDA:166,21,0,0
BRDA:166,21,1,2
BRDA:167,22,0,0
BRDA:167,22,1,0
BRDA:171,23,0,0
BRDA:171,23,1,2
BRDA:190,24,0,2
BRDA:190,24,1,0
BRDA:190,25,0,2
BRDA:190,25,1,0
BRDA:191,26,0,2
BRDA:191,26,1,0
BRDA:197,27,0,2
BRDA:197,27,1,0
BRDA:200,28,0,2
BRDA:200,28,1,0
BRDA:204,29,0,2
BRDA:204,29,1,0
BRDA:210,30,0,2
BRDA:210,30,1,0
BRDA:214,31,0,2
BRDA:214,31,1,0
BRDA:215,32,0,1
BRDA:215,32,1,1
BRDA:236,33,0,23
BRDA:236,33,1,8
BRDA:242,34,0,0
BRDA:242,34,1,8
BRDA:250,35,0,8
BRDA:250,35,1,0
BRDA:264,36,0,0
BRDA:264,36,1,0
BRDA:267,37,0,0
BRDA:267,37,1,0
BRDA:279,38,0,0
BRDA:279,38,1,11
BRDA:282,39,0,0
BRDA:282,39,1,11
BRDA:298,40,0,0
BRDA:298,40,1,29
BRDA:301,41,0,0
BRDA:301,41,1,29
BRDA:315,42,0,4
BRDA:315,42,1,0
BRDA:320,43,0,0
BRDA:320,43,1,4
BRDA:322,44,0,0
BRDA:322,44,1,4
BRDA:349,45,0,1
BRDA:349,45,1,9
BRDA:352,46,0,0
BRDA:352,46,1,9
BRDA:361,47,0,7
BRDA:361,47,1,0
BRDA:377,48,0,2
BRDA:377,48,1,1
BRDA:378,49,0,1
BRDA:378,49,1,1
BRDA:384,50,0,1
BRDA:384,50,1,0
BRDA:385,51,0,1
BRDA:385,51,1,0
BRDA:395,52,0,0
BRDA:395,52,1,0
BRDA:400,53,0,0
BRDA:400,53,1,0
BRF:106
BRH:55
end_of_record
TN:
SF:/Users/luiscuello/Minted-mUSD-Canton/contracts/CollateralVault.sol
FN:48,constructor
FN:63,addCollateral
FN:89,updateCollateral
FN:103,disableCollateral
FN:111,enableCollateral
FN:126,deposit
FN:140,depositFor
FN:159,withdraw
FN:178,seize
FN:198,withdrawFor
FN:213,getDeposit
FN:218,getSupportedTokens
FN:223,getConfig
FN:238,pause
FN:243,unpause
FNF:15
FNH:12
FNDA:43,constructor
FNDA:98,addCollateral
FNDA:0,updateCollateral
FNDA:2,disableCollateral
FNDA:1,enableCollateral
FNDA:37,deposit
FNDA:7,depositFor
FNDA:3,withdraw
FNDA:6,seize
FNDA:2,withdrawFor
FNDA:1,getDeposit
FNDA:41,getSupportedTokens
FNDA:56,getConfig
FNDA:0,pause
FNDA:0,unpause
DA:49,43
DA:50,43
DA:64,98
DA:65,97
DA:67,96
DA:68,95
DA:69,94
DA:70,93
DA:72,92
DA:79,92
DA:80,92
DA:90,0
DA:91,0
DA:92,0
DA:93,0
DA:95,0
DA:96,0
DA:97,0
DA:99,0
DA:104,2
DA:105,2
DA:107,2
DA:112,1
DA:113,1
DA:114,1
DA:116,1
DA:127,37
DA:128,35
DA:130,34
DA:131,34
DA:133,34
DA:141,7
DA:142,7
DA:143,7
DA:145,7
DA:146,7
DA:148,7
DA:160,3
DA:162,2
DA:163,2
DA:165,2
DA:179,6
DA:181,5
DA:182,5
DA:184,5
DA:199,2
DA:200,2
DA:202,1
DA:203,1
DA:205,1
DA:214,1
DA:219,41
DA:229,56
DA:230,56
DA:239,0
DA:244,0
LF:56
LH:46
BRDA:63,1,0,98
BRDA:63,1,1,1
BRDA:64,2,0,97
BRDA:64,2,1,1
BRDA:65,3,0,96
BRDA:65,3,1,1
BRDA:67,4,0,95
BRDA:67,4,1,1
BRDA:68,5,0,94
BRDA:68,5,1,1
BRDA:69,6,0,93
BRDA:69,6,1,1
BRDA:70,7,0,92
BRDA:70,7,1,1
BRDA:89,8,0,0
BRDA:89,8,1,0
BRDA:90,9,0,0
BRDA:90,9,1,0
BRDA:91,10,0,0
BRDA:91,10,1,0
BRDA:92,11,0,0
BRDA:92,11,1,0
BRDA:93,12,0,0
BRDA:93,12,1,0
BRDA:103,13,0,2
BRDA:103,13,1,0
BRDA:104,14,0,2
BRDA:104,14,1,0
BRDA:111,15,0,1
BRDA:111,15,1,0
BRDA:112,16,0,1
BRDA:112,16,1,0
BRDA:113,17,0,1
BRDA:113,17,1,0
BRDA:126,18,0,37
BRDA:126,18,1,0
BRDA:126,19,0,37
BRDA:126,19,1,0
BRDA:127,20,0,35
BRDA:127,20,1,2
BRDA:128,21,0,34
BRDA:128,21,1,1
BRDA:140,22,0,7
BRDA:140,22,1,1
BRDA:140,23,0,7
BRDA:140,23,1,0
BRDA:140,24,0,7
BRDA:140,24,1,0
BRDA:141,25,0,7
BRDA:141,25,1,0
BRDA:142,26,0,7
BRDA:142,26,1,0
BRDA:143,27,0,7
BRDA:143,27,1,0
BRDA:159,28,0,3
BRDA:159,28,1,1
BRDA:159,29,0,3
BRDA:159,29,1,0
BRDA:160,30,0,2
BRDA:160,30,1,1
BRDA:178,31,0,6
BRDA:178,31,1,1
BRDA:178,32,0,6
BRDA:178,32,1,0
BRDA:179,33,0,5
BRDA:179,33,1,1
BRDA:198,34,0,2
BRDA:198,34,1,0
BRDA:198,35,0,2
BRDA:198,35,1,0
BRDA:199,36,0,2
BRDA:199,36,1,0
BRDA:200,37,0,1
BRDA:200,37,1,1
BRDA:238,38,0,0
BRDA:238,38,1,0
BRDA:243,39,0,0
BRDA:243,39,1,0
BRF:78
BRH:47
end_of_record
TN:
SF:/Users/luiscuello/Minted-mUSD-Canton/contracts/DepositRouter.sol
FN:141,constructor
FN:164,deposit
FN:174,depositFor
FN:185,previewDeposit
FN:194,quoteBridgeCost
FN:207,isDepositComplete
FN:216,getDeposit
FN:226,setTreasury
FN:237,setDirectMint
FN:248,setFee
FN:259,withdrawFees
FN:270,pause
FN:277,unpause
FN:287,emergencyWithdraw
FN:299,_deposit
FNF:15
FNH:0
FNDA:0,constructor
FNDA:0,deposit
FNDA:0,depositFor
FNDA:0,previewDeposit
FNDA:0,quoteBridgeCost
FNDA:0,isDepositComplete
FNDA:0,getDeposit
FNDA:0,setTreasury
FNDA:0,setDirectMint
FNDA:0,setFee
FNDA:0,withdrawFees
FNDA:0,pause
FNDA:0,unpause
FNDA:0,emergencyWithdraw
FNDA:0,_deposit
DA:142,0
DA:143,0
DA:144,0
DA:145,0
DA:146,0
DA:147,0
DA:149,0
DA:150,0
DA:151,0
DA:152,0
DA:153,0
DA:154,0
DA:165,0
DA:175,0
DA:176,0
DA:186,0
DA:187,0
DA:195,0
DA:208,0
DA:217,0
DA:227,0
DA:228,0
DA:229,0
DA:230,0
DA:238,0
DA:239,0
DA:240,0
DA:241,0
DA:249,0
DA:250,0
DA:251,0
DA:252,0
DA:260,0
DA:261,0
DA:262,0
DA:263,0
DA:264,0
DA:271,0
DA:278,0
DA:288,0
DA:289,0
DA:290,0
DA:291,0
DA:293,0
DA:301,0
DA:302,0
DA:303,0
DA:306,0
DA:307,0
DA:310,0
DA:311,0
DA:314,0
DA:317,0
DA:320,0
DA:323,0
DA:326,0
DA:329,0
DA:339,0
DA:347,0
DA:350,0
DA:351,0
DA:352,0
LF:62
LH:0
BRDA:142,1,0,0
BRDA:142,1,1,0
BRDA:143,2,0,0
BRDA:143,2,1,0
BRDA:144,3,0,0
BRDA:144,3,1,0
BRDA:145,4,0,0
BRDA:145,4,1,0
BRDA:146,5,0,0
BRDA:146,5,1,0
BRDA:147,6,0,0
BRDA:147,6,1,0
BRDA:164,7,0,0
BRDA:164,7,1,0
BRDA:164,8,0,0
BRDA:164,8,1,0
BRDA:174,9,0,0
BRDA:174,9,1,0
BRDA:174,10,0,0
BRDA:174,10,1,0
BRDA:175,11,0,0
BRDA:175,11,1,0
BRDA:226,12,0,0
BRDA:226,12,1,0
BRDA:227,13,0,0
BRDA:227,13,1,0
BRDA:237,14,0,0
BRDA:237,14,1,0
BRDA:238,15,0,0
BRDA:238,15,1,0
BRDA:248,16,0,0
BRDA:248,16,1,0
BRDA:249,17,0,0
BRDA:249,17,1,0
BRDA:259,18,0,0
BRDA:259,18,1,0
BRDA:260,19,0,0
BRDA:260,19,1,0
BRDA:270,20,0,0
BRDA:270,20,1,0
BRDA:277,21,0,0
BRDA:277,21,1,0
BRDA:287,22,0,0
BRDA:287,22,1,0
BRDA:288,23,0,0
BRDA:288,23,1,0
BRDA:289,24,0,0
BRDA:289,24,1,0
BRDA:291,25,0,0
BRDA:291,25,1,0
BRDA:301,26,0,0
BRDA:301,26,1,0
BRDA:302,27,0,0
BRDA:302,27,1,0
BRDA:303,28,0,0
BRDA:303,28,1,0
BRDA:311,29,0,0
BRDA:311,29,1,0
BRDA:350,30,0,0
BRDA:350,30,1,0
BRDA:352,31,0,0
BRDA:352,31,1,0
BRF:62
BRH:0
end_of_record
TN:
SF:/Users/luiscuello/Minted-mUSD-Canton/contracts/DirectMint.sol
FN:63,constructor
FN:97,mint
FN:133,redeem
FN:170,previewMint
FN:177,previewRedeem
FN:185,remainingMintable
FN:192,availableForRedemption
FN:200,setFees
FN:213,setLimits
FN:223,setFeeRecipient
FN:230,withdrawFees
FN:240,withdrawRedeemFees
FN:249,totalAccumulatedFees
FN:253,pause
FN:259,unpause
FN:265,recoverToken
FNF:16
FNH:11
FNDA:1,constructor
FNDA:11,mint
FNDA:2,redeem
FNDA:1,previewMint
FNDA:1,previewRedeem
FNDA:0,remainingMintable
FNDA:0,availableForRedemption
FNDA:4,setFees
FNDA:1,setLimits
FNDA:2,setFeeRecipient
FNDA:1,withdrawFees
FNDA:0,withdrawRedeemFees
FNDA:0,totalAccumulatedFees
FNDA:4,pause
FNDA:1,unpause
FNDA:0,recoverToken
DA:69,1
DA:70,1
DA:71,1
DA:72,1
DA:74,1
DA:75,1
DA:76,1
DA:77,1
DA:79,1
DA:80,1
DA:81,1
DA:84,1
DA:85,1
DA:86,1
DA:87,1
DA:98,11
DA:99,10
DA:102,10
DA:103,10
DA:106,10
DA:109,10
DA:112,9
DA:116,9
DA:117,9
DA:120,9
DA:121,2
DA:125,9
DA:127,9
DA:134,2
DA:137,2
DA:138,2
DA:139,2
DA:143,2
DA:144,2
DA:146,2
DA:149,2
DA:152,2
DA:155,2
DA:158,2
DA:159,0
DA:162,2
DA:171,1
DA:172,1
DA:173,1
DA:178,1
DA:180,1
DA:181,1
DA:186,0
DA:187,0
DA:188,0
DA:193,0
DA:201,4
DA:202,3
DA:203,3
DA:204,3
DA:205,3
DA:214,1
DA:215,1
DA:216,1
DA:217,1
DA:218,1
DA:219,1
DA:220,1
DA:224,2
DA:225,1
DA:226,1
DA:227,1
DA:231,1
DA:232,1
DA:233,1
DA:234,1
DA:235,1
DA:241,0
DA:242,0
DA:243,0
DA:244,0
DA:245,0
DA:250,0
DA:254,4
DA:260,1
DA:266,0
DA:267,0
DA:268,0
LF:83
LH:69
BRDA:69,1,0,1
BRDA:69,1,1,0
BRDA:70,2,0,1
BRDA:70,2,1,0
BRDA:71,3,0,1
BRDA:71,3,1,0
BRDA:72,4,0,1
BRDA:72,4,1,0
BRDA:97,5,0,12
BRDA:97,5,1,0
BRDA:97,6,0,11
BRDA:97,6,1,1
BRDA:98,7,0,10
BRDA:98,7,1,1
BRDA:99,8,0,10
BRDA:99,8,1,0
BRDA:109,9,0,9
BRDA:109,9,1,1
BRDA:120,10,0,2
BRDA:120,10,1,7
BRDA:133,11,0,3
BRDA:133,11,1,0
BRDA:133,12,0,2
BRDA:133,12,1,1
BRDA:134,13,0,2
BRDA:134,13,1,0
BRDA:138,14,0,2
BRDA:138,14,1,0
BRDA:139,15,0,2
BRDA:139,15,1,0
BRDA:146,16,0,2
BRDA:146,16,1,0
BRDA:149,17,0,2
BRDA:149,17,1,0
BRDA:158,18,0,0
BRDA:158,18,1,2
BRDA:188,19,0,0
BRDA:188,19,1,0
BRDA:200,20,0,4
BRDA:200,20,1,0
BRDA:201,21,0,3
BRDA:201,21,1,1
BRDA:202,22,0,3
BRDA:202,22,1,0
BRDA:213,23,0,1
BRDA:213,23,1,0
BRDA:214,24,0,1
BRDA:214,24,1,0
BRDA:215,25,0,1
BRDA:215,25,1,0
BRDA:223,26,0,2
BRDA:223,26,1,0
BRDA:224,27,0,1
BRDA:224,27,1,1
BRDA:230,28,0,1
BRDA:230,28,1,0
BRDA:232,29,0,1
BRDA:232,29,1,0
BRDA:240,30,0,0
BRDA:240,30,1,0
BRDA:242,31,0,0
BRDA:242,31,1,0
BRDA:253,32,0,4
BRDA:253,32,1,1
BRDA:259,33,0,1
BRDA:259,33,1,0
BRDA:265,34,0,0
BRDA:265,34,1,0
BRDA:266,35,0,0
BRDA:266,35,1,0
BRDA:267,36,0,0
BRDA:267,36,1,0
BRF:72
BRH:38
end_of_record
TN:
SF:/Users/luiscuello/Minted-mUSD-Canton/contracts/DirectMintV2.sol
FN:65,constructor
FN:100,mint
FN:136,redeem
FN:173,mintFor
FN:212,previewMint
FN:219,previewRedeem
FN:227,remainingMintable
FN:234,totalTreasuryValue
FN:239,availableForRedemption
FN:247,setFees
FN:260,setLimits
FN:270,setFeeRecipient
FN:278,withdrawFees
FN:288,withdrawRedeemFees
FN:297,totalAccumulatedFees
FN:301,pause
FN:306,unpause
FN:311,recoverToken
FNF:18
FNH:9
FNDA:24,constructor
FNDA:10,mint
FNDA:4,redeem
FNDA:0,mintFor
FNDA:0,previewMint
FNDA:0,previewRedeem
FNDA:0,remainingMintable
FNDA:0,totalTreasuryValue
FNDA:0,availableForRedemption
FNDA:5,setFees
FNDA:2,setLimits
FNDA:1,setFeeRecipient
FNDA:1,withdrawFees
FNDA:0,withdrawRedeemFees
FNDA:0,totalAccumulatedFees
FNDA:2,pause
FNDA:1,unpause
FNDA:0,recoverToken
DA:71,24
DA:72,23
DA:73,22
DA:74,22
DA:76,22
DA:77,22
DA:78,22
DA:79,22
DA:81,22
DA:82,22
DA:83,22
DA:86,22
DA:87,22
DA:88,22
DA:89,22
DA:101,10
DA:102,9
DA:105,8
DA:106,8
DA:109,8
DA:112,8
DA:115,7
DA:118,7
DA:119,7
DA:122,7
DA:123,2
DA:127,7
DA:129,7
DA:137,4
DA:140,3
DA:141,3
DA:142,2
DA:145,2
DA:146,2
DA:148,2
DA:151,2
DA:154,2
DA:157,2
DA:158,1
DA:161,2
DA:174,0
DA:175,0
DA:176,0
DA:179,0
DA:180,0
DA:183,0
DA:186,0
DA:189,0
DA:192,0
DA:193,0
DA:196,0
DA:197,0
DA:201,0
DA:203,0
DA:204,0
DA:213,0
DA:214,0
DA:215,0
DA:220,0
DA:222,0
DA:223,0
DA:228,0
DA:229,0
DA:230,0
DA:235,0
DA:240,0
DA:248,5
DA:249,4
DA:250,4
DA:251,4
DA:252,4
DA:261,2
DA:262,1
DA:263,1
DA:264,1
DA:265,1
DA:266,1
DA:267,1
DA:271,1
DA:272,1
DA:273,1
DA:274,1
DA:279,1
DA:280,1
DA:281,1
DA:282,1
DA:283,1
DA:289,0
DA:290,0
DA:291,0
DA:292,0
DA:293,0
DA:298,0
DA:302,2
DA:307,1
DA:312,0
DA:314,0
DA:315,0
LF:98
LH:63
BRDA:71,1,0,23
BRDA:71,1,1,1
BRDA:72,2,0,22
BRDA:72,2,1,1
BRDA:73,3,0,22
BRDA:73,3,1,0
BRDA:74,4,0,22
BRDA:74,4,1,0
BRDA:100,5,0,11
BRDA:100,5,1,0
BRDA:100,6,0,10
BRDA:100,6,1,1
BRDA:101,7,0,9
BRDA:101,7,1,1
BRDA:102,8,0,8
BRDA:102,8,1,1
BRDA:112,9,0,7
BRDA:112,9,1,1
BRDA:122,10,0,2
BRDA:122,10,1,5
BRDA:136,11,0,4
BRDA:136,11,1,0
BRDA:136,12,0,4
BRDA:136,12,1,0
BRDA:137,13,0,3
BRDA:137,13,1,1
BRDA:141,14,0,2
BRDA:141,14,1,1
BRDA:142,15,0,2
BRDA:142,15,1,0
BRDA:148,16,0,2
BRDA:148,16,1,0
BRDA:157,17,0,1
BRDA:157,17,1,1
BRDA:173,18,0,0
BRDA:173,18,1,0
BRDA:173,19,0,0
BRDA:173,19,1,0
BRDA:173,20,0,0
BRDA:173,20,1,0
BRDA:174,21,0,0
BRDA:174,21,1,0
BRDA:175,22,0,0
BRDA:175,22,1,0
BRDA:176,23,0,0
BRDA:176,23,1,0
BRDA:186,24,0,0
BRDA:186,24,1,0
BRDA:196,25,0,0
BRDA:196,25,1,0
BRDA:230,26,0,0
BRDA:230,26,1,0
BRDA:247,27,0,5
BRDA:247,27,1,1
BRDA:248,28,0,4
BRDA:248,28,1,1
BRDA:249,29,0,4
BRDA:249,29,1,0
BRDA:260,30,0,2
BRDA:260,30,1,0
BRDA:261,31,0,1
BRDA:261,31,1,1
BRDA:262,32,0,1
BRDA:262,32,1,0
BRDA:270,33,0,1
BRDA:270,33,1,0
BRDA:271,34,0,1
BRDA:271,34,1,0
BRDA:278,35,0,1
BRDA:278,35,1,0
BRDA:280,36,0,1
BRDA:280,36,1,0
BRDA:288,37,0,0
BRDA:288,37,1,0
BRDA:290,38,0,0
BRDA:290,38,1,0
BRDA:301,39,0,2
BRDA:301,39,1,1
BRDA:306,40,0,1
BRDA:306,40,1,0
BRDA:311,41,0,0
BRDA:311,41,1,0
BRDA:312,42,0,0
BRDA:312,42,1,0
BRDA:314,43,0,0
BRDA:314,43,1,0
BRF:86
BRH:43
end_of_record
TN:
SF:/Users/luiscuello/Minted-mUSD-Canton/contracts/interfaces/IStrategy.sol
FNF:0
FNH:0
LF:0
LH:0
BRF:0
BRH:0
end_of_record
TN:
SF:/Users/luiscuello/Minted-mUSD-Canton/contracts/LeverageVault.sol
FN:160,constructor
FN:207,openLeveragedPosition
FN:275,closeLeveragedPosition
FN:355,_executeLeverageLoops
FN:401,_calculateTargetDebt
FN:423,_swapMusdToCollateral
FN:461,_swapCollateralToMusd
FN:497,_getCollateralForMusd
FN:514,getPosition
FN:519,getEffectiveLeverage
FN:526,estimateLoops
FN:567,setConfig
FN:581,setMaxLeverage
FN:589,enableToken
FN:600,disableToken
FN:606,emergencyWithdraw
FN:614,emergencyClosePosition
FNF:17
FNH:13
FNDA:15,constructor
FNDA:7,openLeveragedPosition
FNDA:0,closeLeveragedPosition
FNDA:3,_executeLeverageLoops
FNDA:6,_calculateTargetDebt
FNDA:3,_swapMusdToCollateral
FNDA:0,_swapCollateralToMusd
FNDA:7,_getCollateralForMusd
FNDA:1,getPosition
FNDA:1,getEffectiveLeverage
FNDA:1,estimateLoops
FNDA:3,setConfig
FNDA:6,setMaxLeverage
FNDA:16,enableToken
FNDA:1,disableToken
FNDA:0,emergencyWithdraw
FNDA:0,emergencyClosePosition
DA:167,15
DA:168,15
DA:169,15
DA:170,15
DA:171,15
DA:173,15
DA:174,15
DA:175,15
DA:176,15
DA:177,15
DA:180,15
DA:181,15
DA:182,15
DA:183,15
DA:184,15
DA:186,15
DA:187,15
DA:212,7
DA:213,6
DA:214,6
DA:215,6
DA:218,5
DA:219,5
DA:222,5
DA:224,5
DA:225,5
DA:228,3
DA:231,3
DA:232,3
DA:235,3
DA:236,3
DA:238,3
DA:247,3
DA:257,3
DA:259,3
DA:269,3
DA:276,0
DA:277,0
DA:279,0
DA:280,0
DA:283,0
DA:285,0
DA:287,0
DA:290,0
DA:293,0
DA:294,0
DA:298,0
DA:301,0
DA:302,0
DA:305,0
DA:306,0
DA:309,0
DA:310,0
DA:312,0
DA:317,0
DA:318,0
DA:319,0
DA:323,0
DA:324,0
DA:325,0
DA:326,0
DA:329,0
DA:331,0
DA:334,0
DA:336,0
DA:345,0
DA:347,0
DA:362,3
DA:363,3
DA:364,3
DA:366,3
DA:368,6
DA:369,6
DA:372,6
DA:373,6
DA:376,6
DA:377,6
DA:378,6
DA:379,6
DA:382,3
DA:383,3
DA:386,3
DA:387,3
DA:390,3
DA:391,3
DA:392,3
DA:394,3
DA:397,3
DA:408,6
DA:409,6
DA:411,6
DA:414,6
DA:415,6
DA:424,3
DA:427,3
DA:428,3
DA:431,3
DA:434,3
DA:435,3
DA:438,3
DA:450,3
DA:453,0
DA:456,3
DA:462,0
DA:465,0
DA:466,0
DA:469,0
DA:472,0
DA:473,0
DA:476,0
DA:490,0
DA:492,0
DA:501,7
DA:502,7
DA:503,7
DA:504,7
DA:506,7
DA:515,1
DA:520,1
DA:521,1
DA:522,1
DA:531,1
DA:532,1
DA:534,1
DA:535,1
DA:536,1
DA:538,1
DA:539,5
DA:540,5
DA:542,4
DA:543,4
DA:544,4
DA:547,4
DA:548,4
DA:549,4
DA:550,4
DA:553,1
DA:554,1
DA:568,3
DA:569,2
DA:571,1
DA:572,1
DA:573,1
DA:574,1
DA:576,1
DA:582,6
DA:583,4
DA:584,4
DA:585,4
DA:590,16
DA:591,16
DA:593,16
DA:594,16
DA:596,16
DA:601,1
DA:602,1
DA:607,0
DA:615,0
DA:616,0
DA:618,0
DA:621,0
DA:622,0
DA:623,0
DA:627,0
DA:628,0
DA:629,0
DA:630,0
DA:631,0
DA:632,0
DA:633,0
DA:638,0
DA:639,0
DA:640,0
DA:642,0
DA:643,0
DA:644,0
DA:647,0
DA:648,0
LF:178
LH:115
BRDA:167,1,0,15
BRDA:167,1,1,0
BRDA:168,2,0,15
BRDA:168,2,1,0
BRDA:169,3,0,15
BRDA:169,3,1,0
BRDA:170,4,0,15
BRDA:170,4,1,0
BRDA:171,5,0,15
BRDA:171,5,1,0
BRDA:207,6,0,7
BRDA:207,6,1,0
BRDA:212,7,0,6
BRDA:212,7,1,1
BRDA:213,8,0,6
BRDA:213,8,1,0
BRDA:214,9,0,6
BRDA:214,9,1,0
BRDA:215,10,0,5
BRDA:215,10,1,1
BRDA:219,11,0,5
BRDA:219,11,1,0
BRDA:224,12,0,0
BRDA:224,12,1,5
BRDA:225,13,0,3
BRDA:225,13,1,2
BRDA:235,14,0,3
BRDA:235,14,1,0
BRDA:236,15,0,0
BRDA:236,15,1,3
BRDA:275,16,0,0
BRDA:275,16,1,0
BRDA:277,17,0,0
BRDA:277,17,1,0
BRDA:285,18,0,0
BRDA:285,18,1,0
BRDA:293,19,0,0
BRDA:293,19,1,0
BRDA:302,20,0,0
BRDA:302,20,1,0
BRDA:310,21,0,0
BRDA:310,21,1,0
BRDA:318,22,0,0
BRDA:318,22,1,0
BRDA:324,23,0,0
BRDA:324,23,1,0
BRDA:329,24,0,0
BRDA:329,24,1,0
BRDA:369,25,0,0
BRDA:369,25,1,6
BRDA:373,26,0,0
BRDA:373,26,1,6
BRDA:377,27,0,3
BRDA:377,27,1,3
BRDA:378,28,0,3
BRDA:378,28,1,3
BRDA:379,29,0,3
BRDA:379,29,1,3
BRDA:387,30,0,3
BRDA:387,30,1,0
BRDA:409,31,0,0
BRDA:409,31,1,6
BRDA:424,32,0,0
BRDA:424,32,1,3
BRDA:435,33,0,0
BRDA:435,33,1,3
BRDA:462,34,0,0
BRDA:462,34,1,0
BRDA:473,35,0,0
BRDA:473,35,1,0
BRDA:490,36,0,0
BRDA:490,36,1,0
BRDA:504,37,0,0
BRDA:504,37,1,7
BRDA:521,38,0,0
BRDA:521,38,1,1
BRDA:532,39,0,0
BRDA:532,39,1,1
BRDA:540,40,0,1
BRDA:540,40,1,4
BRDA:544,41,0,0
BRDA:544,41,1,4
BRDA:567,42,0,3
BRDA:567,42,1,0
BRDA:568,43,0,2
BRDA:568,43,1,1
BRDA:569,44,0,1
BRDA:569,44,1,1
BRDA:581,45,0,6
BRDA:581,45,1,0
BRDA:582,46,0,4
BRDA:582,46,1,2
BRDA:589,47,0,16
BRDA:589,47,1,0
BRDA:590,48,0,16
BRDA:590,48,1,0
BRDA:591,49,0,16
BRDA:591,49,1,0
BRDA:591,50,0,0
BRDA:591,50,1,1
BRDA:591,51,0,1
BRDA:591,51,1,15
BRDA:591,52,0,15
BRDA:591,52,1,0
BRDA:600,53,0,1
BRDA:600,53,1,0
BRDA:606,54,0,0
BRDA:606,54,1,0
BRDA:614,55,0,0
BRDA:614,55,1,0
BRDA:614,56,0,0
BRDA:614,56,1,0
BRDA:616,57,0,0
BRDA:616,57,1,0
BRDA:622,58,0,0
BRDA:622,58,1,0
BRDA:628,59,0,0
BRDA:628,59,1,0
BRDA:630,60,0,0
BRDA:630,60,1,0
BRDA:631,61,0,0
BRDA:631,61,1,0
BRDA:639,62,0,0
BRDA:639,62,1,0
BRDA:643,63,0,0
BRDA:643,63,1,0
BRF:126
BRH:52
end_of_record
TN:
SF:/Users/luiscuello/Minted-mUSD-Canton/contracts/LiquidationEngine.sol
FN:83,constructor
FN:115,liquidate
FN:191,isLiquidatable
FN:199,estimateSeize
FN:224,setCloseFactor
FN:231,setFullLiquidationThreshold
FN:242,pause
FN:247,unpause
FNF:8
FNH:6
FNDA:1,constructor
FNDA:6,liquidate
FNDA:4,isLiquidatable
FNDA:1,estimateSeize
FNDA:3,setCloseFactor
FNDA:1,setFullLiquidationThreshold
FNDA:0,pause
FNDA:0,unpause
DA:90,1
DA:91,1
DA:92,1
DA:93,1
DA:94,1
DA:96,1
DA:97,1
DA:98,1
DA:99,1
DA:100,1
DA:101,1
DA:103,1
DA:104,1
DA:116,6
DA:117,5
DA:119,5
DA:122,5
DA:123,5
DA:126,4
DA:127,4
DA:129,4
DA:131,0
DA:134,4
DA:137,4
DA:143,4
DA:145,4
DA:146,4
DA:155,4
DA:156,4
DA:159,4
DA:160,4
DA:161,0
DA:163,0
DA:164,0
DA:167,4
DA:175,4
DA:178,4
DA:181,4
DA:183,4
DA:192,4
DA:193,4
DA:194,3
DA:204,1
DA:206,1
DA:207,1
DA:211,1
DA:212,1
DA:214,1
DA:215,1
DA:216,0
DA:225,3
DA:226,1
DA:227,1
DA:228,1
DA:232,1
DA:233,1
DA:234,1
DA:243,0
DA:248,0
LF:59
LH:52
BRDA:90,1,0,1
BRDA:90,1,1,0
BRDA:91,2,0,1
BRDA:91,2,1,0
BRDA:92,3,0,1
BRDA:92,3,1,0
BRDA:93,4,0,1
BRDA:93,4,1,0
BRDA:94,5,0,1
BRDA:94,5,1,0
BRDA:115,6,0,6
BRDA:115,6,1,0
BRDA:115,7,0,6
BRDA:115,7,1,0
BRDA:116,8,0,5
BRDA:116,8,1,1
BRDA:117,9,0,5
BRDA:117,9,1,0
BRDA:119,10,0,5
BRDA:119,10,1,0
BRDA:123,11,0,4
BRDA:123,11,1,1
BRDA:129,12,0,0
BRDA:129,12,1,4
BRDA:137,13,0,1
BRDA:137,13,1,3
BRDA:146,14,0,4
BRDA:146,14,1,0
BRDA:160,15,0,0
BRDA:160,15,1,4
BRDA:167,16,0,4
BRDA:167,16,1,0
BRDA:193,17,0,1
BRDA:193,17,1,3
BRDA:207,18,0,0
BRDA:207,18,1,1
BRDA:215,19,0,0
BRDA:215,19,1,1
BRDA:224,20,0,3
BRDA:224,20,1,1
BRDA:225,21,0,1
BRDA:225,21,1,2
BRDA:231,22,0,1
BRDA:231,22,1,0
BRDA:232,23,0,1
BRDA:232,23,1,0
BRDA:242,24,0,0
BRDA:242,24,1,0
BRDA:247,25,0,0
BRDA:247,25,1,0
BRF:50
BRH:29
end_of_record
TN:
SF:/Users/luiscuello/Minted-mUSD-Canton/contracts/mocks/MockAggregatorV3.sol
FN:12,constructor
FN:19,decimals
FN:23,latestRoundData
FN:38,setAnswer
FN:44,setUpdatedAt
FN:48,setDecimals
FNF:6
FNH:5
FNDA:66,constructor
FNDA:75,decimals
FNDA:82,latestRoundData
FNDA:13,setAnswer
FNDA:1,setUpdatedAt
FNDA:0,setDecimals
DA:13,66
DA:14,66
DA:15,66
DA:16,66
DA:20,75
DA:34,82
DA:39,13
DA:40,13
DA:41,13
DA:45,1
DA:49,0
LF:11
LH:10
BRF:0
BRH:0
end_of_record
TN:
SF:/Users/luiscuello/Minted-mUSD-Canton/contracts/mocks/MockDirectMint.sol
FN:18,constructor
FN:23,mintFor
FN:35,setShouldFail
FNF:3
FNH:0
FNDA:0,constructor
FNDA:0,mintFor
FNDA:0,setShouldFail
DA:19,0
DA:20,0
DA:24,0
DA:27,0
DA:30,0
DA:32,0
DA:36,0
LF:7
LH:0
BRDA:24,1,0,0
BRDA:24,1,1,0
BRF:2
BRH:0
end_of_record
TN:
SF:/Users/luiscuello/Minted-mUSD-Canton/contracts/mocks/MockERC20.sol
FN:11,constructor
FN:15,decimals
FN:19,mint
FN:23,burn
FNF:4
FNH:3
FNDA:192,constructor
FNDA:12,decimals
FNDA:165,mint
FNDA:0,burn
DA:12,192
DA:16,12
DA:20,165
DA:24,0
LF:4
LH:3
BRF:0
BRH:0
end_of_record
TN:
SF:/Users/luiscuello/Minted-mUSD-Canton/contracts/mocks/MockPendleMarket.sol
FN:19,constructor
FN:37,readTokens
FN:41,isExpired
FN:45,_storage
FN:57,setExpired
FN:61,setStorage
FN:67,setExpiry
FNF:7
FNH:0
FNDA:0,constructor
FNDA:0,readTokens
FNDA:0,isExpired
FNDA:0,_storage
FNDA:0,setExpired
FNDA:0,setStorage
FNDA:0,setExpiry
DA:25,0
DA:26,0
DA:27,0
DA:28,0
DA:29,0
DA:32,0
DA:33,0
DA:34,0
DA:38,0
DA:42,0
DA:53,0
DA:58,0
DA:62,0
DA:63,0
DA:64,0
DA:68,0
LF:16
LH:0
BRDA:42,1,0,0
BRDA:42,1,1,0
BRF:2
BRH:0
end_of_record
TN:
SF:/Users/luiscuello/Minted-mUSD-Canton/contracts/mocks/MockPendleOracle.sol
FN:12,constructor
FN:16,getPtToSyRate
FN:22,getYtToSyRate
FN:27,setPtToSyRate
FN:31,setSyToAssetRate
FNF:5
FNH:0
FNDA:0,constructor
FNDA:0,getPtToSyRate
FNDA:0,getYtToSyRate
FNDA:0,setPtToSyRate
FNDA:0,setSyToAssetRate
DA:17,0
DA:19,0
DA:23,0
DA:28,0
DA:32,0
LF:5
LH:0
BRDA:19,1,0,0
BRDA:19,1,1,0
BRF:2
BRH:0
end_of_record
TN:
SF:/Users/luiscuello/Minted-mUSD-Canton/contracts/mocks/MockStrategy.sol
FN:21,constructor
FN:27,deposit
FN:34,withdraw
FN:45,withdrawAll
FN:55,totalValue
FN:59,asset
FN:63,isActive
FN:73,simulateYield
FN:80,simulateLoss
FN:85,setActive
FN:89,setDepositShouldFail
FN:93,setWithdrawShouldFail
FNF:12
FNH:6
FNDA:110,constructor
FNDA:27,deposit
FNDA:7,withdraw
FNDA:3,withdrawAll
FNDA:68,totalValue
FNDA:0,asset
FNDA:0,isActive
FNDA:0,simulateYield
FNDA:0,simulateLoss
FNDA:0,setActive
FNDA:1,setDepositShouldFail
FNDA:0,setWithdrawShouldFail
DA:22,110
DA:23,110
DA:24,110
DA:28,27
DA:29,26
DA:30,26
DA:31,26
DA:35,7
DA:36,7
DA:37,7
DA:40,7
DA:41,7
DA:42,7
DA:46,3
DA:47,3
DA:48,3
DA:49,3
DA:50,3
DA:52,3
DA:56,68
DA:60,0
DA:64,0
DA:76,0
DA:81,0
DA:86,0
DA:90,1
DA:94,0
LF:27
LH:21
BRDA:28,1,0,26
BRDA:28,1,1,1
BRDA:35,2,0,7
BRDA:35,2,1,0
BRDA:36,3,0,0
BRDA:36,3,1,7
BRDA:38,4,0,0
BRDA:38,4,1,7
BRDA:40,5,0,5
BRDA:40,5,1,2
BRDA:46,6,0,3
BRDA:46,6,1,0
BRDA:49,7,0,3
BRDA:49,7,1,0
BRDA:81,8,0,0
BRDA:81,8,1,0
BRF:16
BRH:9
end_of_record
TN:
SF:/Users/luiscuello/Minted-mUSD-Canton/contracts/mocks/MockSwapRouter.sol
FN:37,constructor
FN:44,exactInputSingle
FNF:2
FNH:2
FNDA:15,constructor
FNDA:3,exactInputSingle
DA:38,15
DA:39,15
DA:40,15
DA:45,3
DA:48,3
DA:51,3
DA:53,3
DA:54,3
DA:55,3
DA:58,0
DA:61,3
DA:64,3
DA:66,0
DA:68,3
DA:71,3
LF:15
LH:13
BRDA:45,1,0,3
BRDA:45,1,1,0
BRDA:51,2,0,3
BRDA:51,2,1,0
BRDA:61,3,0,3
BRDA:61,3,1,0
BRDA:64,4,0,0
BRDA:64,4,1,3
BRF:8
BRH:4
end_of_record
TN:
SF:/Users/luiscuello/Minted-mUSD-Canton/contracts/mocks/MockSY.sol
FN:14,constructor
FN:21,getTokensIn
FN:25,getTokensOut
FN:29,setExchangeRate
FN:33,addTokenIn
FN:37,addTokenOut
FNF:6
FNH:0
FNDA:0,constructor
FNDA:0,getTokensIn
FNDA:0,getTokensOut
FNDA:0,setExchangeRate
FNDA:0,addTokenIn
FNDA:0,addTokenOut
DA:15,0
DA:16,0
DA:17,0
DA:18,0
DA:22,0
DA:26,0
DA:30,0
DA:34,0
DA:38,0
LF:9
LH:0
BRF:0
BRH:0
end_of_record
TN:
SF:/Users/luiscuello/Minted-mUSD-Canton/contracts/mocks/MockTokenBridge.sol
FN:11,transferTokens
FN:23,wrappedAsset
FNF:2
FNH:0
FNDA:0,transferTokens
FNDA:0,wrappedAsset
DA:19,0
DA:20,0
DA:24,0
LF:3
LH:0
BRF:0
BRH:0
end_of_record
TN:
SF:/Users/luiscuello/Minted-mUSD-Canton/contracts/mocks/MockWormhole.sol
FN:28,setMockVM
FN:49,parseAndVerifyVM
FN:57,setShouldValidate
FN:61,setInvalidReason
FNF:4
FNH:0
FNDA:0,setMockVM
FNDA:0,parseAndVerifyVM
FNDA:0,setShouldValidate
FNDA:0,setInvalidReason
DA:34,0
DA:54,0
DA:58,0
DA:62,0
DA:63,0
LF:5
LH:0
BRF:0
BRH:0
end_of_record
TN:
SF:/Users/luiscuello/Minted-mUSD-Canton/contracts/mocks/MockWormholeRelayer.sol
FN:11,sendPayloadToEvm
FN:22,quoteEVMDeliveryPrice
FNF:2
FNH:0
FNDA:0,sendPayloadToEvm
FNDA:0,quoteEVMDeliveryPrice
DA:18,0
DA:19,0
DA:27,0
LF:3
LH:0
BRF:0
BRH:0
end_of_record
TN:
SF:/Users/luiscuello/Minted-mUSD-Canton/contracts/mocks/MockWormholeTokenBridge.sol
FN:18,constructor
FN:22,setTransferAmount
FN:26,setTransferRecipient
FN:30,completeTransfer
FN:37,completeTransferAndUnwrapETH
FNF:5
FNH:0
FNDA:0,constructor
FNDA:0,setTransferAmount
FNDA:0,setTransferRecipient
FNDA:0,completeTransfer
FNDA:0,completeTransferAndUnwrapETH
DA:19,0
DA:23,0
DA:27,0
DA:32,0
DA:33,0
LF:5
LH:0
BRDA:32,1,0,0
BRDA:32,1,1,0
BRF:2
BRH:0
end_of_record
TN:
SF:/Users/luiscuello/Minted-mUSD-Canton/contracts/MUSD.sol
FN:26,constructor
FN:35,setSupplyCap
FN:47,setBlacklist
FN:54,mint
FN:61,burn
FN:69,_update
FN:75,pause
FN:80,unpause
FNF:8
FNH:8
FNDA:143,constructor
FNDA:19,setSupplyCap
FNDA:9,setBlacklist
FNDA:132,mint
FNDA:16,burn
FNDA:176,_update
FNDA:5,pause
FNDA:2,unpause
DA:27,143
DA:28,143
DA:29,142
DA:30,142
DA:36,19
DA:40,18
DA:41,17
DA:42,16
DA:43,16
DA:44,16
DA:48,9
DA:49,8
DA:50,8
DA:55,132
DA:56,130
DA:57,127
DA:62,16
DA:63,15
DA:65,15
DA:66,14
DA:70,176
DA:71,171
DA:76,5
DA:81,2
LF:24
LH:24
BRDA:28,1,0,142
BRDA:28,1,1,1
BRDA:36,2,0,18
BRDA:36,2,1,1
BRDA:37,3,0,7
BRDA:37,3,1,11
BRDA:40,4,0,17
BRDA:40,4,1,1
BRDA:41,5,0,16
BRDA:41,5,1,1
BRDA:47,6,0,9
BRDA:47,6,1,1
BRDA:48,7,0,8
BRDA:48,7,1,1
BRDA:54,8,0,132
BRDA:54,8,1,1
BRDA:55,9,0,130
BRDA:55,9,1,2
BRDA:61,10,0,16
BRDA:61,10,1,0
BRDA:62,11,0,15
BRDA:62,11,1,1
BRDA:69,12,0,176
BRDA:69,12,1,2
BRDA:70,13,0,171
BRDA:70,13,1,5
BRDA:75,14,0,5
BRDA:75,14,1,1
BRDA:80,15,0,2
BRDA:80,15,1,1
BRF:30
BRH:29
end_of_record
TN:
SF:/Users/luiscuello/Minted-mUSD-Canton/contracts/PendleMarketSelector.sol
FN:54,constructor
FN:141,initialize
FN:165,selectBestMarket
FN:193,getValidMarkets
FN:250,getMarketInfo
FN:261,_isValidMarket
FN:293,_getMarketInfo
FN:346,_lnRateToAPY
FN:367,_calculateScores
FN:403,whitelistMarket
FN:423,whitelistMarkets
FN:441,removeMarket
FN:468,setParams
FN:483,getWhitelistedMarkets
FN:490,whitelistedCount
FN:499,_authorizeUpgrade
FNF:16
FNH:0
FNDA:0,constructor
FNDA:0,initialize
FNDA:0,selectBestMarket
FNDA:0,getValidMarkets
FNDA:0,getMarketInfo
FNDA:0,_isValidMarket
FNDA:0,_getMarketInfo
FNDA:0,_lnRateToAPY
FNDA:0,_calculateScores
FNDA:0,whitelistMarket
FNDA:0,whitelistMarkets
FNDA:0,removeMarket
FNDA:0,setParams
FNDA:0,getWhitelistedMarkets
FNDA:0,whitelistedCount
FNDA:0,_authorizeUpgrade
DA:55,0
DA:142,0
DA:143,0
DA:148,0
DA:149,0
DA:150,0
DA:151,0
DA:152,0
DA:170,0
DA:172,0
DA:175,0
DA:176,0
DA:178,0
DA:179,0
DA:180,0
DA:181,0
DA:185,0
DA:200,0
DA:201,0
DA:202,0
DA:203,0
DA:205,0
DA:206,0
DA:207,0
DA:208,0
DA:210,0
DA:211,0
DA:213,0
DA:214,0
DA:217,0
DA:219,0
DA:220,0
DA:222,0
DA:223,0
DA:224,0
DA:228,0
DA:229,0
DA:230,0
DA:231,0
DA:232,0
DA:233,0
DA:238,0
DA:239,0
DA:242,0
DA:251,0
DA:263,0
DA:266,0
DA:267,0
DA:271,0
DA:272,0
DA:275,0
DA:276,0
DA:279,0
DA:282,0
DA:285,0
DA:287,0
DA:294,0
DA:297,0
DA:300,0
DA:308,0
DA:309,0
DA:313,0
DA:314,0
DA:315,0
DA:321,0
DA:323,0
DA:337,0
DA:347,0
DA:351,0
DA:360,0
DA:368,0
DA:371,0
DA:372,0
DA:374,0
DA:375,0
DA:376,0
DA:380,0
DA:381,0
DA:385,0
DA:390,0
DA:405,0
DA:406,0
DA:407,0
DA:408,0
DA:410,0
DA:412,0
DA:424,0
DA:426,0
DA:427,0
DA:428,0
DA:429,0
DA:431,0
DA:433,0
DA:442,0
DA:444,0
DA:445,0
DA:448,0
DA:449,0
DA:450,0
DA:451,0
DA:452,0
DA:456,0
DA:469,0
DA:471,0
DA:472,0
DA:473,0
DA:474,0
DA:475,0
DA:477,0
DA:484,0
DA:491,0
LF:111
LH:0
BRDA:141,1,0,0
BRDA:141,1,1,0
BRDA:172,2,0,0
BRDA:172,2,1,0
BRDA:179,3,0,0
BRDA:179,3,1,0
BRDA:207,4,0,0
BRDA:207,4,1,0
BRDA:208,5,0,0
BRDA:208,5,1,0
BRDA:211,6,0,0
BRDA:211,6,1,0
BRDA:214,7,0,0
BRDA:214,7,1,0
BRDA:219,8,0,0
BRDA:219,8,1,0
BRDA:220,9,0,0
BRDA:220,9,1,0
BRDA:231,10,0,0
BRDA:231,10,1,0
BRDA:238,11,0,0
BRDA:238,11,1,0
BRDA:263,12,0,0
BRDA:263,12,1,0
BRDA:266,13,0,0
BRDA:266,13,1,0
BRDA:272,14,0,0
BRDA:272,14,1,0
BRDA:276,15,0,0
BRDA:276,15,1,0
BRDA:282,16,0,0
BRDA:282,16,1,0
BRDA:285,17,0,0
BRDA:285,17,1,0
BRDA:309,18,0,0
BRDA:309,18,1,0
BRDA:347,19,0,0
BRDA:347,19,1,0
BRDA:368,20,0,0
BRDA:368,20,1,0
BRDA:375,21,0,0
BRDA:375,21,1,0
BRDA:376,22,0,0
BRDA:376,22,1,0
BRDA:382,23,0,0
BRDA:382,23,1,0
BRDA:386,24,0,0
BRDA:386,24,1,0
BRDA:403,25,0,0
BRDA:403,25,1,0
BRDA:405,26,0,0
BRDA:405,26,1,0
BRDA:406,27,0,0
BRDA:406,27,1,0
BRDA:423,28,0,0
BRDA:423,28,1,0
BRDA:424,29,0,0
BRDA:424,29,1,0
BRDA:427,30,0,0
BRDA:427,30,1,0
BRDA:441,31,0,0
BRDA:441,31,1,0
BRDA:442,32,0,0
BRDA:442,32,1,0
BRDA:449,33,0,0
BRDA:449,33,1,0
BRDA:468,34,0,0
BRDA:468,34,1,0
BRDA:469,35,0,0
BRDA:469,35,1,0
BRDA:499,36,0,0
BRDA:499,36,1,0
BRF:72
BRH:0
end_of_record
TN:
SF:/Users/luiscuello/Minted-mUSD-Canton/contracts/PriceOracle.sol
FN:42,constructor
FN:57,setFeed
FN:75,removeFeed
FN:84,getPrice
FN:114,getValueUsd
FN:143,isFeedHealthy
FNF:6
FNH:6
FNDA:39,constructor
FNDA:65,setFeed
FNDA:4,removeFeed
FNDA:11,getPrice
FNDA:66,getValueUsd
FNDA:4,isFeedHealthy
DA:43,39
DA:44,39
DA:58,65
DA:59,64
DA:60,63
DA:62,62
DA:64,61
DA:71,61
DA:76,4
DA:77,3
DA:78,3
DA:85,11
DA:86,11
DA:89,10
DA:97,10
DA:98,8
DA:100,7
DA:102,7
DA:103,7
DA:107,7
DA:115,66
DA:116,66
DA:119,66
DA:127,66
DA:128,66
DA:130,66
DA:132,66
DA:133,66
DA:136,66
DA:139,66
DA:144,4
DA:145,4
DA:147,3
DA:150,3
DA:152,0
LF:35
LH:34
BRDA:57,1,0,65
BRDA:57,1,1,1
BRDA:58,2,0,64
BRDA:58,2,1,1
BRDA:59,3,0,63
BRDA:59,3,1,1
BRDA:60,4,0,62
BRDA:60,4,1,1
BRDA:62,5,0,61
BRDA:62,5,1,1
BRDA:75,6,0,4
BRDA:75,6,1,0
BRDA:76,7,0,3
BRDA:76,7,1,1
BRDA:86,8,0,10
BRDA:86,8,1,1
BRDA:97,9,0,8
BRDA:97,9,1,2
BRDA:98,10,0,7
BRDA:98,10,1,1
BRDA:100,11,0,7
BRDA:100,11,1,0
BRDA:103,12,0,7
BRDA:103,12,1,0
BRDA:116,13,0,66
BRDA:116,13,1,0
BRDA:127,14,0,66
BRDA:127,14,1,0
BRDA:128,15,0,66
BRDA:128,15,1,0
BRDA:130,16,0,66
BRDA:130,16,1,0
BRDA:133,17,0,66
BRDA:133,17,1,0
BRDA:145,18,0,1
BRDA:145,18,1,3
BRF:36
BRH:28
end_of_record
TN:
SF:/Users/luiscuello/Minted-mUSD-Canton/contracts/SMUSD.sol
FN:30,constructor
FN:39,deposit
FN:48,mint
FN:55,withdraw
FN:62,redeem
FN:68,_update
FN:87,distributeYield
FN:104,_decimalsOffset
FN:109,getRemainingCooldown
FN:118,canWithdraw
FN:127,pause
FN:132,unpause
FNF:12
FNH:9
FNDA:44,constructor
FNDA:19,deposit
FNDA:0,mint
FNDA:5,withdraw
FNDA:3,redeem
FNDA:25,_update
FNDA:3,distributeYield
FNDA:28,_decimalsOffset
FNDA:3,getRemainingCooldown
FNDA:3,canWithdraw
FNDA:0,pause
FNDA:0,unpause
DA:31,44
DA:32,44
DA:40,19
DA:41,19
DA:42,19
DA:49,0
DA:50,0
DA:51,0
DA:56,5
DA:57,2
DA:63,3
DA:64,1
DA:70,25
DA:72,3
DA:73,3
DA:76,3
DA:77,2
DA:78,2
DA:82,25
DA:88,3
DA:89,2
DA:92,1
DA:93,1
DA:94,1
DA:97,1
DA:99,1
DA:105,28
DA:110,3
DA:111,3
DA:112,0
DA:114,3
DA:119,3
DA:128,0
DA:133,0
LF:34
LH:28
BRDA:39,1,0,19
BRDA:39,1,1,0
BRDA:39,2,0,19
BRDA:39,2,1,0
BRDA:48,3,0,0
BRDA:48,3,1,0
BRDA:48,4,0,0
BRDA:48,4,1,0
BRDA:55,5,0,5
BRDA:55,5,1,0
BRDA:55,6,0,5
BRDA:55,6,1,0
BRDA:56,7,0,2
BRDA:56,7,1,3
BRDA:62,8,0,3
BRDA:62,8,1,0
BRDA:62,9,0,3
BRDA:62,9,1,0
BRDA:63,10,0,1
BRDA:63,10,1,2
BRDA:70,11,0,3
BRDA:70,11,1,22
BRDA:76,12,0,2
BRDA:76,12,1,1
BRDA:87,13,0,3
BRDA:87,13,1,1
BRDA:88,14,0,2
BRDA:88,14,1,1
BRDA:89,15,0,1
BRDA:89,15,1,1
BRDA:94,16,0,1
BRDA:94,16,1,0
BRDA:111,17,0,0
BRDA:111,17,1,3
BRDA:127,18,0,0
BRDA:127,18,1,0
BRDA:132,19,0,0
BRDA:132,19,1,0
BRF:38
BRH:22
end_of_record
TN:
SF:/Users/luiscuello/Minted-mUSD-Canton/contracts/Treasury.sol
FN:62,constructor
FN:80,totalBacking
FN:85,availableReserves
FN:90,deployableAmount
FN:108,deposit
FN:120,depositFromBridge
FN:131,withdraw
FN:158,deployToStrategy
FN:182,recordStrategyReturn
FN:198,setMaxDeploymentBps
FN:219,setAutoDeployConfig
FN:237,_tryAutoDeploy
FN:249,_deployToDefaultStrategy
FN:284,_withdrawFromDefaultStrategy
FN:305,keeperTriggerAutoDeploy
FN:319,shouldAutoDeploy
FNF:16
FNH:5
FNDA:1,constructor
FNDA:0,totalBacking
FNDA:6,availableReserves
FNDA:0,deployableAmount
FNDA:9,deposit
FNDA:0,depositFromBridge
FNDA:2,withdraw
FNDA:0,deployToStrategy
FNDA:0,recordStrategyReturn
FNDA:0,setMaxDeploymentBps
FNDA:0,setAutoDeployConfig
FNDA:9,_tryAutoDeploy
FNDA:0,_deployToDefaultStrategy
FNDA:0,_withdrawFromDefaultStrategy
FNDA:0,keeperTriggerAutoDeploy
FNDA:0,shouldAutoDeploy
DA:63,1
DA:64,1
DA:66,1
DA:67,1
DA:70,1
DA:71,1
DA:72,1
DA:74,1
DA:75,1
DA:76,1
DA:81,0
DA:86,6
DA:91,0
DA:92,0
DA:94,0
DA:95,0
DA:97,0
DA:98,0
DA:109,9
DA:110,9
DA:111,9
DA:114,9
DA:121,0
DA:122,0
DA:124,0
DA:125,0
DA:132,2
DA:135,2
DA:136,2
DA:137,0
DA:138,0
DA:141,2
DA:142,2
DA:143,2
DA:159,0
DA:160,0
DA:162,0
DA:165,0
DA:166,0
DA:167,0
DA:168,0
DA:173,0
DA:174,0
DA:176,0
DA:177,0
DA:183,0
DA:185,0
DA:186,0
DA:188,0
DA:189,0
DA:193,0
DA:194,0
DA:199,0
DA:200,0
DA:201,0
DA:202,0
DA:220,0
DA:223,0
DA:224,0
DA:227,0
DA:228,0
DA:229,0
DA:230,0
DA:232,0
DA:238,9
DA:239,9
DA:241,0
DA:242,0
DA:245,0
DA:250,0
DA:253,0
DA:256,0
DA:257,0
DA:259,0
DA:260,0
DA:262,0
DA:263,0
DA:264,0
DA:267,0
DA:270,0
DA:272,0
DA:273,0
DA:274,0
DA:275,0
DA:276,0
DA:278,0
DA:279,0
DA:285,0
DA:287,0
DA:288,0
DA:290,0
DA:292,0
DA:293,0
DA:294,0
DA:295,0
DA:296,0
DA:297,0
DA:299,0
DA:306,0
DA:307,0
DA:309,0
DA:310,0
DA:312,0
DA:313,0
DA:315,0
DA:320,0
DA:321,0
DA:323,0
DA:324,0
LF:109
LH:23
BRDA:63,1,0,1
BRDA:63,1,1,0
BRDA:64,2,0,1
BRDA:64,2,1,0
BRDA:92,3,0,0
BRDA:92,3,1,0
BRDA:97,4,0,0
BRDA:97,4,1,0
BRDA:108,5,0,9
BRDA:108,5,1,0
BRDA:108,6,0,9
BRDA:108,6,1,0
BRDA:109,7,0,9
BRDA:109,7,1,0
BRDA:120,8,0,0
BRDA:120,8,1,0
BRDA:120,9,0,0
BRDA:120,9,1,0
BRDA:121,10,0,0
BRDA:121,10,1,0
BRDA:131,11,0,2
BRDA:131,11,1,0
BRDA:131,12,0,2
BRDA:131,12,1,0
BRDA:132,13,0,2
BRDA:132,13,1,0
BRDA:136,14,0,0
BRDA:136,14,1,2
BRDA:141,15,0,2
BRDA:141,15,1,0
BRDA:158,16,0,0
BRDA:158,16,1,0
BRDA:158,17,0,0
BRDA:158,17,1,0
BRDA:159,18,0,0
BRDA:159,18,1,0
BRDA:160,19,0,0
BRDA:160,19,1,0
BRDA:162,20,0,0
BRDA:162,20,1,0
BRDA:166,21,0,0
BRDA:166,21,1,0
BRDA:168,22,0,0
BRDA:168,22,1,0
BRDA:182,23,0,0
BRDA:182,23,1,0
BRDA:182,24,0,0
BRDA:182,24,1,0
BRDA:183,25,0,0
BRDA:183,25,1,0
BRDA:186,26,0,0
BRDA:186,26,1,0
BRDA:198,27,0,0
BRDA:198,27,1,0
BRDA:199,28,0,0
BRDA:199,28,1,0
BRDA:219,29,0,0
BRDA:219,29,1,0
BRDA:220,30,0,0
BRDA:220,30,1,0
BRDA:223,31,0,0
BRDA:223,31,1,0
BRDA:224,32,0,0
BRDA:224,32,1,0
BRDA:238,33,0,0
BRDA:238,33,1,9
BRDA:239,34,0,9
BRDA:239,34,1,0
BRDA:242,35,0,0
BRDA:242,35,1,0
BRDA:250,36,0,0
BRDA:250,36,1,0
BRDA:250,37,0,0
BRDA:250,37,1,0
BRDA:253,38,0,0
BRDA:253,38,1,0
BRDA:257,39,0,0
BRDA:257,39,1,0
BRDA:260,40,0,0
BRDA:260,40,1,0
BRDA:263,41,0,0
BRDA:263,41,1,0
BRDA:267,42,0,0
BRDA:267,42,1,0
BRDA:285,43,0,0
BRDA:285,43,1,0
BRDA:288,44,0,0
BRDA:288,44,1,0
BRDA:290,45,0,0
BRDA:290,45,1,0
BRDA:294,46,0,0
BRDA:294,46,1,0
BRDA:305,47,0,0
BRDA:305,47,1,0
BRDA:305,48,0,0
BRDA:305,48,1,0
BRDA:306,49,0,0
BRDA:306,49,1,0
BRDA:307,50,0,0
BRDA:307,50,1,0
BRDA:310,51,0,0
BRDA:310,51,1,0
BRDA:312,52,0,0
BRDA:312,52,1,0
BRDA:320,53,0,0
BRDA:320,53,1,0
BRDA:321,54,0,0
BRDA:321,54,1,0
BRF:108
BRH:12
end_of_record
TN:
SF:/Users/luiscuello/Minted-mUSD-Canton/contracts/TreasuryReceiver.sol
FN:122,constructor
FN:142,receiveAndMint
FN:191,isVAAProcessed
FN:202,authorizeRouter
FN:211,revokeRouter
FN:220,setDirectMint
FN:231,setTreasury
FN:244,emergencyWithdraw
FNF:8
FNH:0
FNDA:0,constructor
FNDA:0,receiveAndMint
FNDA:0,isVAAProcessed
FNDA:0,authorizeRouter
FNDA:0,revokeRouter
FNDA:0,setDirectMint
FNDA:0,setTreasury
FNDA:0,emergencyWithdraw
DA:123,0
DA:124,0
DA:125,0
DA:126,0
DA:127,0
DA:129,0
DA:130,0
DA:131,0
DA:132,0
DA:133,0
DA:144,0
DA:145,0
DA:148,0
DA:149,0
DA:152,0
DA:153,0
DA:154,0
DA:158,0
DA:159,0
DA:160,0
DA:163,0
DA:167,0
DA:168,0
DA:169,0
DA:172,0
DA:173,0
DA:174,0
DA:177,0
DA:192,0
DA:203,0
DA:204,0
DA:212,0
DA:213,0
DA:221,0
DA:222,0
DA:223,0
DA:224,0
DA:232,0
DA:233,0
DA:234,0
DA:235,0
DA:245,0
DA:246,0
LF:43
LH:0
BRDA:123,1,0,0
BRDA:123,1,1,0
BRDA:124,2,0,0
BRDA:124,2,1,0
BRDA:125,3,0,0
BRDA:125,3,1,0
BRDA:126,4,0,0
BRDA:126,4,1,0
BRDA:127,5,0,0
BRDA:127,5,1,0
BRDA:142,6,0,0
BRDA:142,6,1,0
BRDA:145,7,0,0
BRDA:145,7,1,0
BRDA:148,8,0,0
BRDA:148,8,1,0
BRDA:153,9,0,0
BRDA:153,9,1,0
BRDA:153,10,0,0
BRDA:153,10,1,0
BRDA:202,11,0,0
BRDA:202,11,1,0
BRDA:211,12,0,0
BRDA:211,12,1,0
BRDA:220,13,0,0
BRDA:220,13,1,0
BRDA:221,14,0,0
BRDA:221,14,1,0
BRDA:231,15,0,0
BRDA:231,15,1,0
BRDA:232,16,0,0
BRDA:232,16,1,0
BRDA:244,17,0,0
BRDA:244,17,1,0
BRDA:245,18,0,0
BRDA:245,18,1,0
BRF:36
BRH:0
end_of_record
TN:
SF:/Users/luiscuello/Minted-mUSD-Canton/contracts/TreasuryV2.sol
FN:149,constructor
FN:165,initialize
FN:208,totalValue
FN:223,totalValueNet
FN:232,reserveBalance
FN:239,targetReserve
FN:246,strategyCount
FN:253,getAllStrategies
FN:260,getCurrentAllocations
FN:286,_calculatePendingFees
FN:299,pendingFees
FN:316,depositFromVault
FN:351,withdrawToVault
FN:395,totalBacking
FN:403,availableReserves
FN:412,deposit
FN:437,withdraw
FN:465,_autoAllocate
FN:533,_withdrawFromStrategies
FN:591,_accrueFees
FN:615,accrueFees
FN:622,claimFees
FN:664,addStrategy
FN:701,removeStrategy
FN:738,updateStrategy
FN:767,rebalance
FN:821,emergencyWithdrawAll
FN:831,pause
FN:835,unpause
FN:849,setFeeConfig
FN:862,setReserveBps
FN:870,setMinAutoAllocate
FN:877,setVault
FN:888,recoverToken
FN:896,_authorizeUpgrade
FNF:35
FNH:30
FNDA:1,constructor
FNDA:56,initialize
FNDA:36,totalValue
FNDA:1,totalValueNet
FNDA:51,reserveBalance
FNDA:0,targetReserve
FNDA:2,strategyCount
FNDA:1,getAllStrategies
FNDA:1,getCurrentAllocations
FNDA:2,_calculatePendingFees
FNDA:1,pendingFees
FNDA:2,depositFromVault
FNDA:1,withdrawToVault
FNDA:0,totalBacking
FNDA:0,availableReserves
FNDA:21,deposit
FNDA:5,withdraw
FNDA:21,_autoAllocate
FNDA:3,_withdrawFromStrategies
FNDA:33,_accrueFees
FNDA:1,accrueFees
FNDA:1,claimFees
FNDA:53,addStrategy
FNDA:1,removeStrategy
FNDA:1,updateStrategy
FNDA:1,rebalance
FNDA:1,emergencyWithdrawAll
FNDA:1,pause
FNDA:1,unpause
FNDA:2,setFeeConfig
FNDA:2,setReserveBps
FNDA:1,setMinAutoAllocate
FNDA:1,setVault
FNDA:0,recoverToken
FNDA:0,_authorizeUpgrade
DA:150,1
DA:166,56
DA:167,1
DA:170,55
DA:171,55
DA:172,55
DA:173,55
DA:175,55
DA:176,55
DA:179,55
DA:186,55
DA:189,55
DA:192,55
DA:193,55
DA:194,55
DA:195,55
DA:196,55
DA:198,55
DA:209,36
DA:211,36
DA:212,49
DA:213,49
DA:217,36
DA:224,1
DA:225,1
DA:226,1
DA:233,51
DA:240,0
DA:247,2
DA:254,1
DA:265,1
DA:266,1
DA:268,1
DA:269,1
DA:270,1
DA:272,1
DA:273,2
DA:274,2
DA:276,2
DA:277,2
DA:278,2
DA:287,2
DA:288,2
DA:290,2
DA:291,2
DA:293,2
DA:300,1
DA:319,2
DA:322,2
DA:325,2
DA:328,2
DA:329,2
DA:332,0
DA:336,2
DA:338,2
DA:339,2
DA:354,1
DA:357,1
DA:360,1
DA:362,1
DA:364,0
DA:365,0
DA:368,1
DA:369,1
DA:371,1
DA:372,1
DA:376,1
DA:377,0
DA:380,1
DA:383,1
DA:384,1
DA:396,0
DA:404,0
DA:413,21
DA:415,21
DA:417,21
DA:420,21
DA:421,19
DA:426,21
DA:428,21
DA:429,21
DA:438,5
DA:440,5
DA:442,5
DA:443,5
DA:444,2
DA:445,2
DA:448,5
DA:449,5
DA:451,4
DA:453,4
DA:466,21
DA:469,21
DA:470,21
DA:473,21
DA:474,21
DA:475,26
DA:476,26
DA:480,21
DA:485,14
DA:486,14
DA:489,14
DA:490,26
DA:491,26
DA:495,14
DA:496,26
DA:499,26
DA:500,26
DA:502,14
DA:504,12
DA:507,26
DA:508,26
DA:511,26
DA:512,26
DA:514,26
DA:515,25
DA:517,25
DA:520,1
DA:521,1
DA:522,1
DA:527,14
DA:534,3
DA:537,3
DA:538,3
DA:539,3
DA:540,6
DA:541,6
DA:542,6
DA:546,3
DA:550,3
DA:551,6
DA:553,6
DA:554,6
DA:556,6
DA:559,6
DA:560,6
DA:561,3
DA:563,3
DA:565,6
DA:566,6
DA:568,6
DA:569,6
DA:570,6
DA:571,6
DA:574,0
DA:579,3
DA:593,33
DA:594,32
DA:597,1
DA:599,1
DA:600,1
DA:601,1
DA:603,1
DA:605,1
DA:608,1
DA:609,1
DA:616,1
DA:623,1
DA:625,1
DA:626,1
DA:632,1
DA:633,1
DA:634,0
DA:637,1
DA:638,1
DA:641,1
DA:643,1
DA:646,1
DA:648,1
DA:665,53
DA:666,53
DA:667,52
DA:668,51
DA:671,51
DA:672,51
DA:673,67
DA:674,67
DA:677,51
DA:679,50
DA:688,50
DA:689,50
DA:694,50
DA:702,1
DA:704,1
DA:707,1
DA:708,1
DA:709,1
DA:710,1
DA:711,1
DA:712,1
DA:717,1
DA:718,1
DA:719,1
DA:721,1
DA:724,1
DA:726,1
DA:739,1
DA:741,1
DA:744,1
DA:745,1
DA:746,1
DA:747,0
DA:750,1
DA:752,1
DA:753,1
DA:754,1
DA:755,1
DA:757,1
DA:768,1
DA:770,1
DA:771,1
DA:774,1
DA:775,2
DA:777,2
DA:778,2
DA:779,2
DA:781,2
DA:782,1
DA:783,1
DA:788,1
DA:789,1
DA:790,1
DA:792,1
DA:793,2
DA:795,2
DA:796,2
DA:797,2
DA:799,2
DA:800,1
DA:801,1
DA:803,1
DA:804,1
DA:805,1
DA:810,1
DA:811,1
DA:822,1
DA:823,2
DA:824,2
DA:828,1
DA:832,1
DA:836,1
DA:850,2
DA:851,1
DA:853,1
DA:855,1
DA:856,1
DA:863,2
DA:864,1
DA:871,1
DA:878,1
DA:880,1
DA:881,1
DA:882,1
DA:889,0
DA:890,0
LF:255
LH:243
BRDA:165,1,0,56
BRDA:165,1,1,0
BRDA:166,2,0,1
BRDA:166,2,1,55
BRDA:166,3,0,1
BRDA:166,3,1,0
BRDA:166,4,0,0
BRDA:166,4,1,0
BRDA:212,5,0,49
BRDA:212,5,1,0
BRDA:226,6,0,1
BRDA:226,6,1,0
BRDA:276,7,0,2
BRDA:276,7,1,0
BRDA:288,8,0,0
BRDA:288,8,1,2
BRDA:314,9,0,3
BRDA:314,9,1,0
BRDA:315,10,0,3
BRDA:315,10,1,0
BRDA:316,11,0,2
BRDA:316,11,1,1
BRDA:319,12,0,0
BRDA:319,12,1,2
BRDA:328,13,0,2
BRDA:328,13,1,0
BRDA:349,14,0,1
BRDA:349,14,1,0
BRDA:350,15,0,1
BRDA:350,15,1,0
BRDA:351,16,0,1
BRDA:351,16,1,0
BRDA:354,17,0,0
BRDA:354,17,1,1
BRDA:362,18,0,0
BRDA:362,18,1,1
BRDA:372,19,0,0
BRDA:372,19,1,1
BRDA:376,20,0,0
BRDA:376,20,1,1
BRDA:412,21,0,22
BRDA:412,21,1,0
BRDA:412,22,0,21
BRDA:412,22,1,1
BRDA:412,23,0,21
BRDA:412,23,1,0
BRDA:413,24,0,0
BRDA:413,24,1,21
BRDA:420,25,0,19
BRDA:420,25,1,2
BRDA:437,26,0,5
BRDA:437,26,1,0
BRDA:437,27,0,5
BRDA:437,27,1,0
BRDA:437,28,0,5
BRDA:437,28,1,0
BRDA:438,29,0,0
BRDA:438,29,1,5
BRDA:443,30,0,2
BRDA:443,30,1,3
BRDA:449,31,0,4
BRDA:449,31,1,1
BRDA:475,32,0,26
BRDA:475,32,1,0
BRDA:480,33,0,7
BRDA:480,33,1,14
BRDA:490,34,0,26
BRDA:490,34,1,0
BRDA:496,35,0,0
BRDA:496,35,1,26
BRDA:496,36,0,0
BRDA:496,36,1,0
BRDA:500,37,0,14
BRDA:500,37,1,12
BRDA:507,38,0,26
BRDA:507,38,1,0
BRDA:540,39,0,6
BRDA:540,39,1,0
BRDA:546,40,0,0
BRDA:546,40,1,3
BRDA:551,41,0,0
BRDA:551,41,1,6
BRDA:556,42,0,0
BRDA:556,42,1,6
BRDA:560,43,0,3
BRDA:560,43,1,3
BRDA:565,44,0,0
BRDA:565,44,1,6
BRDA:566,45,0,2
BRDA:566,45,1,4
BRDA:568,46,0,6
BRDA:568,46,1,0
BRDA:571,47,0,4
BRDA:571,47,1,2
BRDA:593,48,0,32
BRDA:593,48,1,1
BRDA:599,49,0,1
BRDA:599,49,1,0
BRDA:615,50,0,1
BRDA:615,50,1,0
BRDA:622,51,0,1
BRDA:622,51,1,0
BRDA:622,52,0,1
BRDA:622,52,1,0
BRDA:626,53,0,0
BRDA:626,53,1,1
BRDA:633,54,0,0
BRDA:633,54,1,1
BRDA:638,55,0,0
BRDA:638,55,1,1
BRDA:664,56,0,53
BRDA:664,56,1,0
BRDA:665,57,0,0
BRDA:665,57,1,53
BRDA:666,58,0,1
BRDA:666,58,1,52
BRDA:667,59,0,1
BRDA:667,59,1,51
BRDA:668,60,0,0
BRDA:668,60,1,51
BRDA:668,61,0,0
BRDA:668,61,1,0
BRDA:673,62,0,67
BRDA:673,62,1,0
BRDA:677,63,0,1
BRDA:677,63,1,50
BRDA:701,64,0,1
BRDA:701,64,1,0
BRDA:702,65,0,0
BRDA:702,65,1,1
BRDA:707,66,0,1
BRDA:707,66,1,0
BRDA:709,67,0,1
BRDA:709,67,1,0
BRDA:711,68,0,1
BRDA:711,68,1,0
BRDA:738,69,0,1
BRDA:738,69,1,0
BRDA:739,70,0,0
BRDA:739,70,1,1
BRDA:746,71,0,0
BRDA:746,71,1,1
BRDA:750,72,0,0
BRDA:750,72,1,1
BRDA:767,73,0,1
BRDA:767,73,1,0
BRDA:767,74,0,1
BRDA:767,74,1,0
BRDA:771,75,0,0
BRDA:771,75,1,1
BRDA:775,76,0,0
BRDA:775,76,1,2
BRDA:781,77,0,1
BRDA:781,77,1,1
BRDA:790,78,0,1
BRDA:790,78,1,0
BRDA:793,79,0,0
BRDA:793,79,1,2
BRDA:799,80,0,1
BRDA:799,80,1,1
BRDA:801,81,0,0
BRDA:801,81,1,1
BRDA:821,82,0,1
BRDA:821,82,1,0
BRDA:823,83,0,2
BRDA:823,83,1,0
BRDA:831,84,0,1
BRDA:831,84,1,0
BRDA:835,85,0,1
BRDA:835,85,1,0
BRDA:849,86,0,2
BRDA:849,86,1,0
BRDA:850,87,0,1
BRDA:850,87,1,1
BRDA:851,88,0,1
BRDA:851,88,1,0
BRDA:862,89,0,2
BRDA:862,89,1,0
BRDA:863,90,0,1
BRDA:863,90,1,1
BRDA:870,91,0,1
BRDA:870,91,1,0
BRDA:877,92,0,1
BRDA:877,92,1,0
BRDA:878,93,0,0
BRDA:878,93,1,1
BRDA:888,94,0,0
BRDA:888,94,1,0
BRDA:889,95,0,0
BRDA:889,95,1,0
BRDA:896,96,0,0
BRDA:896,96,1,0
BRF:192
BRH:109
end_of_record
